
RAxML-NG v. 1.1.0-master released on 22.06.2022 by The Exelixis Lab.
Developed by: Alexey M. Kozlov and Alexandros Stamatakis.
Contributors: Diego Darriba, Tomas Flouri, Benoit Morel, Sarah Lutteropp, Ben Bettisworth.
Latest version: https://github.com/amkozlov/raxml-ng
Questions/problems/suggestions? Please visit: https://groups.google.com/forum/#!forum/raxml

System: Intel(R) Xeon(R) CPU E5-2680 v4 @ 2.40GHz, 28 cores, 251 GB RAM

RAxML-NG was called at 31-Aug-2022 08:51:53 as follows:

raxml-ng-mpi --bsconverge --bs-trees T3.raxml.bootstraps.TMP --prefix T4 --seed 2 --threads 1

Analysis options:
  run mode: A posteriori bootstrap convergence test
  start tree(s): 
  random seed: 2
  SIMD kernels: AVX2
  parallelization: coarse-grained (auto), NONE/sequential

Reading bootstrap trees from file: T3.raxml.bootstraps.TMP
Loaded 954 trees with 125 taxa.

Performing bootstrap convergence assessment using autoMRE criterion

 # trees        avg WRF       avg WRF in %       # perms: wrf <= 3.00 %     converged?  
      50        535.272              9.052                            0        NO
     100        771.969              6.452                            0        NO
     150        981.619              5.445                            0        NO
     200       1226.878              5.080                            0        NO
     250       1472.981              4.871                            0        NO
     300       1674.220              4.607                            1        NO
     350       1686.956              3.979                           37        NO
     400       1877.025              3.880                           52        NO
     450       2026.338              3.725                           88        NO
     500       2209.441              3.655                          118        NO
     550       2183.484              3.287                          347        NO
     600       2344.836              3.233                          342        NO
     650       2524.971              3.209                          372        NO
     700       2552.382              3.013                          525        NO
     750       2796.980              3.080                          464        NO
     800       2896.427              2.987                          542        NO
     850       2917.267              2.831                          667        NO
     900       2826.471              2.592                          825        NO
     950       2784.253              2.419                          903        NO
     954       2818.643              2.438                          912        NO
Bootstopping test did not converge after 954 trees


Execution log saved to: /home/shorigan/raxml-ng-ML-RdRp-SWIO/T4.raxml.log

Analysis started: 31-Aug-2022 08:51:53 / finished: 31-Aug-2022 08:55:54

Elapsed time: 240.392 seconds

Consumed energy: 7.226 Wh

