
RAxML-NG v. 1.1.0-master released on 22.06.2022 by The Exelixis Lab.
Developed by: Alexey M. Kozlov and Alexandros Stamatakis.
Contributors: Diego Darriba, Tomas Flouri, Benoit Morel, Sarah Lutteropp, Ben Bettisworth.
Latest version: https://github.com/amkozlov/raxml-ng
Questions/problems/suggestions? Please visit: https://groups.google.com/forum/#!forum/raxml

System: Intel(R) Xeon(R) CPU E5-2680 v4 @ 2.40GHz, 28 cores, 62 GB RAM

RAxML-NG was called at 31-Aug-2022 09:33:15 as follows:

raxml-ng-mpi --msa alignment.phy --model TVM+I+G4 --prefix T5 --seed 2 --threads 1

Analysis options:
  run mode: ML tree search
  start tree(s): random (10) + parsimony (10)
  random seed: 2
  tip-inner: OFF
  pattern compression: ON
  per-rate scalers: OFF
  site repeats: ON
  fast spr radius: AUTO
  spr subtree cutoff: 1.000000
  branch lengths: proportional (ML estimate, algorithm: NR-FAST)
  SIMD kernels: AVX2
  parallelization: coarse-grained (auto), NONE/sequential

[00:00:00] Reading alignment from file: alignment.phy
[00:00:00] Loaded alignment with 125 taxa and 410 sites

WARNING: Sequences KY575646 and KY575674 are exactly identical!
WARNING: Sequences KY575647 and KY575651 are exactly identical!
WARNING: Sequences MH013985 and MH013992 are exactly identical!
WARNING: Sequences MH013966 and MH013967 are exactly identical!
WARNING: Sequences MH013966 and MH013972 are exactly identical!
WARNING: Sequences MK966915 and MK966916 are exactly identical!
WARNING: Sequences MK966915 and MK966917 are exactly identical!
WARNING: Sequences MZ274082 and MZ274083 are exactly identical!
WARNING: Sequences MZ274076 and MZ274077 are exactly identical!
WARNING: Sequences MZ274076 and MZ274078 are exactly identical!
WARNING: Sequences MK966905 and MK966906 are exactly identical!
WARNING: Duplicate sequences found: 11

NOTE: Reduced alignment (with duplicates and gap-only sites/taxa removed) 
NOTE: was saved to: /home/shorigan/raxml-ng-ML-RdRp-SWIO/T5.raxml.reduced.phy

Alignment comprises 1 partitions and 343 patterns

Partition 0: noname
Model: TVM+FO+I+G4m
Alignment sites / patterns: 410 / 343
Gaps: 4.48 %
Invariant sites: 20.73 %


NOTE: Binary MSA file created: T5.raxml.rba

Parallelization scheme autoconfig: 1 worker(s) x 1 thread(s)

Parallel reduction/worker buffer size: 1 KB  / 0 KB

[00:00:00] Generating 10 random starting tree(s) with 125 taxa
[00:00:00] Generating 10 parsimony starting tree(s) with 125 taxa
[00:00:00] Data distribution: max. partitions/sites/weight per thread: 1 / 343 / 5488
[00:00:00] Data distribution: max. searches per worker: 20

Starting ML tree search with 20 distinct starting trees

[00:00:00 -40136.882059] Initial branch length optimization
[00:00:00 -35289.416484] Model parameter optimization (eps = 10.000000)
[00:00:01 -34762.475953] AUTODETECT spr round 1 (radius: 5)
[00:00:02 -28291.560406] AUTODETECT spr round 2 (radius: 10)
[00:00:04 -25088.139386] AUTODETECT spr round 3 (radius: 15)
[00:00:05 -24044.245675] AUTODETECT spr round 4 (radius: 20)
[00:00:07 -24031.611694] AUTODETECT spr round 5 (radius: 25)
[00:00:07 -24031.600351] SPR radius for FAST iterations: 20 (autodetect)
[00:00:07 -24031.600351] Model parameter optimization (eps = 3.000000)
[00:00:08 -23992.141697] FAST spr round 1 (radius: 20)
[00:00:11 -22571.761774] FAST spr round 2 (radius: 20)
[00:00:12 -22539.377380] FAST spr round 3 (radius: 20)
[00:00:17 -22535.058269] FAST spr round 4 (radius: 20)
[00:00:17 -22532.006468] FAST spr round 5 (radius: 20)
[00:00:20 -22532.006158] Model parameter optimization (eps = 1.000000)
[00:00:20 -22521.871407] SLOW spr round 1 (radius: 5)
[00:00:24 -22517.371235] SLOW spr round 2 (radius: 5)
[00:00:27 -22511.417520] SLOW spr round 3 (radius: 5)
[00:00:31 -22511.119294] SLOW spr round 4 (radius: 5)
[00:00:33 -22511.118297] SLOW spr round 5 (radius: 10)
[00:00:36 -22510.761799] SLOW spr round 6 (radius: 5)
[00:00:41 -22507.858635] SLOW spr round 7 (radius: 5)
[00:00:45 -22507.857862] SLOW spr round 8 (radius: 10)
[00:00:48 -22507.857828] SLOW spr round 9 (radius: 15)
[00:00:53 -22507.857827] SLOW spr round 10 (radius: 20)
[00:00:57 -22507.857827] SLOW spr round 11 (radius: 25)
[00:01:00 -22507.857827] Model parameter optimization (eps = 0.100000)

[00:01:00] ML tree search #1, logLikelihood: -22507.306747

[00:01:00 -40159.087729] Initial branch length optimization
[00:01:00 -34928.781463] Model parameter optimization (eps = 10.000000)
[00:01:01 -34413.036481] AUTODETECT spr round 1 (radius: 5)
[00:01:02 -28752.548071] AUTODETECT spr round 2 (radius: 10)
[00:01:03 -23824.756675] AUTODETECT spr round 3 (radius: 15)
[00:01:05 -23690.238032] AUTODETECT spr round 4 (radius: 20)
[00:01:07 -23470.274361] AUTODETECT spr round 5 (radius: 25)
[00:01:08 -23470.249970] SPR radius for FAST iterations: 20 (autodetect)
[00:01:08 -23470.249970] Model parameter optimization (eps = 3.000000)
[00:01:08 -23355.560839] FAST spr round 1 (radius: 20)
[00:01:10 -22527.414491] FAST spr round 2 (radius: 20)
[00:01:11 -22513.061512] FAST spr round 3 (radius: 20)
[00:01:12 -22507.949443] FAST spr round 4 (radius: 20)
[00:01:13 -22507.947161] Model parameter optimization (eps = 1.000000)
[00:01:13 -22506.432798] SLOW spr round 1 (radius: 5)
[00:01:17 -22499.733242] SLOW spr round 2 (radius: 5)
[00:01:20 -22497.359917] SLOW spr round 3 (radius: 5)
[00:01:23 -22496.103023] SLOW spr round 4 (radius: 5)
[00:01:26 -22496.102164] SLOW spr round 5 (radius: 10)
[00:01:29 -22493.136338] SLOW spr round 6 (radius: 5)
[00:01:34 -22491.263154] SLOW spr round 7 (radius: 5)
[00:01:37 -22491.263095] SLOW spr round 8 (radius: 10)
[00:01:40 -22491.050031] SLOW spr round 9 (radius: 5)
[00:01:45 -22491.049418] SLOW spr round 10 (radius: 10)
[00:01:48 -22491.049381] SLOW spr round 11 (radius: 15)
[00:01:53 -22491.049375] SLOW spr round 12 (radius: 20)
[00:01:57 -22491.049374] SLOW spr round 13 (radius: 25)
[00:02:00 -22491.049373] Model parameter optimization (eps = 0.100000)

[00:02:00] ML tree search #2, logLikelihood: -22490.733606

[00:02:00 -40317.938718] Initial branch length optimization
[00:02:00 -35046.096932] Model parameter optimization (eps = 10.000000)
[00:02:01 -34497.839679] AUTODETECT spr round 1 (radius: 5)
[00:02:02 -27360.131274] AUTODETECT spr round 2 (radius: 10)
[00:02:04 -24408.834586] AUTODETECT spr round 3 (radius: 15)
[00:02:05 -24220.235156] AUTODETECT spr round 4 (radius: 20)
[00:02:07 -24220.229647] SPR radius for FAST iterations: 15 (autodetect)
[00:02:07 -24220.229647] Model parameter optimization (eps = 3.000000)
[00:02:07 -24150.495148] FAST spr round 1 (radius: 15)
[00:02:09 -22538.795849] FAST spr round 2 (radius: 15)
[00:02:10 -22513.360511] FAST spr round 3 (radius: 15)
[00:02:11 -22501.529547] FAST spr round 4 (radius: 15)
[00:02:12 -22501.529182] Model parameter optimization (eps = 1.000000)
[00:02:12 -22498.484971] SLOW spr round 1 (radius: 5)
[00:02:16 -22495.653846] SLOW spr round 2 (radius: 5)
[00:02:19 -22495.653444] SLOW spr round 3 (radius: 10)
[00:02:22 -22495.653424] SLOW spr round 4 (radius: 15)
[00:02:28 -22495.653423] SLOW spr round 5 (radius: 20)
[00:02:32 -22495.653423] SLOW spr round 6 (radius: 25)
[00:02:35 -22495.653423] Model parameter optimization (eps = 0.100000)

[00:02:35] ML tree search #3, logLikelihood: -22495.621964

[00:02:35 -40120.520177] Initial branch length optimization
[00:02:35 -35058.906862] Model parameter optimization (eps = 10.000000)
[00:02:35 -34481.892461] AUTODETECT spr round 1 (radius: 5)
[00:02:36 -28610.210749] AUTODETECT spr round 2 (radius: 10)
[00:02:38 -24766.811820] AUTODETECT spr round 3 (radius: 15)
[00:02:40 -23544.954254] AUTODETECT spr round 4 (radius: 20)
[00:02:42 -23407.698691] AUTODETECT spr round 5 (radius: 25)
[00:02:43 -23407.695827] SPR radius for FAST iterations: 20 (autodetect)
[00:02:43 -23407.695827] Model parameter optimization (eps = 3.000000)
[00:02:44 -23274.401388] FAST spr round 1 (radius: 20)
[00:02:46 -22555.018245] FAST spr round 2 (radius: 20)
[00:02:47 -22517.883652] FAST spr round 3 (radius: 20)
[00:02:48 -22512.149760] FAST spr round 4 (radius: 20)
[00:02:49 -22511.055614] FAST spr round 5 (radius: 20)
[00:02:49 -22511.054344] Model parameter optimization (eps = 1.000000)
[00:02:50 -22508.409075] SLOW spr round 1 (radius: 5)
[00:02:53 -22500.036080] SLOW spr round 2 (radius: 5)
[00:02:57 -22494.538253] SLOW spr round 3 (radius: 5)
[00:02:59 -22494.537481] SLOW spr round 4 (radius: 10)
[00:03:02 -22491.675779] SLOW spr round 5 (radius: 5)
[00:03:07 -22491.039255] SLOW spr round 6 (radius: 5)
[00:03:11 -22491.038923] SLOW spr round 7 (radius: 10)
[00:03:13 -22491.038906] SLOW spr round 8 (radius: 15)
[00:03:19 -22491.038905] SLOW spr round 9 (radius: 20)
[00:03:23 -22491.038904] SLOW spr round 10 (radius: 25)
[00:03:25 -22491.038904] Model parameter optimization (eps = 0.100000)

[00:03:26] ML tree search #4, logLikelihood: -22490.911017

[00:03:26 -40616.593625] Initial branch length optimization
[00:03:26 -35461.577788] Model parameter optimization (eps = 10.000000)
[00:03:27 -34938.731098] AUTODETECT spr round 1 (radius: 5)
[00:03:28 -29180.530878] AUTODETECT spr round 2 (radius: 10)
[00:03:30 -25273.363337] AUTODETECT spr round 3 (radius: 15)
[00:03:31 -23874.197776] AUTODETECT spr round 4 (radius: 20)
[00:03:33 -23829.753749] AUTODETECT spr round 5 (radius: 25)
[00:03:34 -23829.690589] SPR radius for FAST iterations: 20 (autodetect)
[00:03:34 -23829.690589] Model parameter optimization (eps = 3.000000)
[00:03:34 -23717.929895] FAST spr round 1 (radius: 20)
[00:03:36 -22529.194541] FAST spr round 2 (radius: 20)
[00:03:37 -22514.946396] FAST spr round 3 (radius: 20)
[00:03:38 -22513.932641] FAST spr round 4 (radius: 20)
[00:03:39 -22513.931938] Model parameter optimization (eps = 1.000000)
[00:03:39 -22509.211462] SLOW spr round 1 (radius: 5)
[00:03:43 -22503.677706] SLOW spr round 2 (radius: 5)
[00:03:46 -22503.677029] SLOW spr round 3 (radius: 10)
[00:03:49 -22503.380541] SLOW spr round 4 (radius: 5)
[00:03:54 -22501.558769] SLOW spr round 5 (radius: 5)
[00:03:57 -22501.261577] SLOW spr round 6 (radius: 5)
[00:04:01 -22501.261360] SLOW spr round 7 (radius: 10)
[00:04:03 -22501.261353] SLOW spr round 8 (radius: 15)
[00:04:09 -22501.261353] SLOW spr round 9 (radius: 20)
[00:04:13 -22501.261353] SLOW spr round 10 (radius: 25)
[00:04:16 -22501.261353] Model parameter optimization (eps = 0.100000)

[00:04:16] ML tree search #5, logLikelihood: -22500.881637

[00:04:16 -40140.984516] Initial branch length optimization
[00:04:16 -34840.101663] Model parameter optimization (eps = 10.000000)
[00:04:17 -34305.590574] AUTODETECT spr round 1 (radius: 5)
[00:04:18 -28256.641577] AUTODETECT spr round 2 (radius: 10)
[00:04:19 -24438.283534] AUTODETECT spr round 3 (radius: 15)
[00:04:21 -23947.930393] AUTODETECT spr round 4 (radius: 20)
[00:04:22 -23528.437564] AUTODETECT spr round 5 (radius: 25)
[00:04:24 -23528.402042] SPR radius for FAST iterations: 20 (autodetect)
[00:04:24 -23528.402042] Model parameter optimization (eps = 3.000000)
[00:04:24 -23444.412478] FAST spr round 1 (radius: 20)
[00:04:26 -22551.179282] FAST spr round 2 (radius: 20)
[00:04:28 -22504.811846] FAST spr round 3 (radius: 20)
[00:04:28 -22504.811307] Model parameter optimization (eps = 1.000000)
[00:04:29 -22502.735619] SLOW spr round 1 (radius: 5)
[00:04:32 -22497.340877] SLOW spr round 2 (radius: 5)
[00:04:35 -22497.338673] SLOW spr round 3 (radius: 10)
[00:04:38 -22497.338494] SLOW spr round 4 (radius: 15)
[00:04:43 -22496.659802] SLOW spr round 5 (radius: 5)
[00:04:48 -22493.239616] SLOW spr round 6 (radius: 5)
[00:04:52 -22489.568337] SLOW spr round 7 (radius: 5)
[00:04:55 -22485.722339] SLOW spr round 8 (radius: 5)
[00:04:59 -22485.721801] SLOW spr round 9 (radius: 10)
[00:05:01 -22485.444677] SLOW spr round 10 (radius: 5)
[00:05:06 -22485.444073] SLOW spr round 11 (radius: 10)
[00:05:09 -22485.444026] SLOW spr round 12 (radius: 15)
[00:05:14 -22485.444021] SLOW spr round 13 (radius: 20)
[00:05:19 -22485.444020] SLOW spr round 14 (radius: 25)
[00:05:21 -22485.444020] Model parameter optimization (eps = 0.100000)

[00:05:22] ML tree search #6, logLikelihood: -22485.126422

[00:05:22 -39759.094791] Initial branch length optimization
[00:05:22 -35358.916030] Model parameter optimization (eps = 10.000000)
[00:05:23 -34870.313069] AUTODETECT spr round 1 (radius: 5)
[00:05:24 -27706.819372] AUTODETECT spr round 2 (radius: 10)
[00:05:26 -23966.334602] AUTODETECT spr round 3 (radius: 15)
[00:05:28 -23412.025940] AUTODETECT spr round 4 (radius: 20)
[00:05:29 -23372.842738] AUTODETECT spr round 5 (radius: 25)
[00:05:30 -23372.817570] SPR radius for FAST iterations: 20 (autodetect)
[00:05:30 -23372.817570] Model parameter optimization (eps = 3.000000)
[00:05:31 -23270.608162] FAST spr round 1 (radius: 20)
[00:05:32 -22551.642204] FAST spr round 2 (radius: 20)
[00:05:34 -22501.349928] FAST spr round 3 (radius: 20)
[00:05:35 -22490.932044] FAST spr round 4 (radius: 20)
[00:05:36 -22490.931898] Model parameter optimization (eps = 1.000000)
[00:05:36 -22489.654767] SLOW spr round 1 (radius: 5)
[00:05:40 -22486.756011] SLOW spr round 2 (radius: 5)
[00:05:43 -22485.555764] SLOW spr round 3 (radius: 5)
[00:05:46 -22485.555696] SLOW spr round 4 (radius: 10)
[00:05:49 -22482.507434] SLOW spr round 5 (radius: 5)
[00:05:53 -22481.215079] SLOW spr round 6 (radius: 5)
[00:05:57 -22481.215036] SLOW spr round 7 (radius: 10)
[00:06:00 -22481.215035] SLOW spr round 8 (radius: 15)
[00:06:05 -22481.215035] SLOW spr round 9 (radius: 20)
[00:06:09 -22481.215035] SLOW spr round 10 (radius: 25)
[00:06:11 -22481.215035] Model parameter optimization (eps = 0.100000)

[00:06:11] ML tree search #7, logLikelihood: -22481.156601

[00:06:12 -40316.853094] Initial branch length optimization
[00:06:12 -35175.372374] Model parameter optimization (eps = 10.000000)
[00:06:12 -34647.755689] AUTODETECT spr round 1 (radius: 5)
[00:06:13 -26669.395026] AUTODETECT spr round 2 (radius: 10)
[00:06:15 -24474.887214] AUTODETECT spr round 3 (radius: 15)
[00:06:17 -23799.014839] AUTODETECT spr round 4 (radius: 20)
[00:06:18 -23790.785662] AUTODETECT spr round 5 (radius: 25)
[00:06:18 -23790.736324] SPR radius for FAST iterations: 20 (autodetect)
[00:06:19 -23790.736324] Model parameter optimization (eps = 3.000000)
[00:06:19 -23680.879316] FAST spr round 1 (radius: 20)
[00:06:21 -22607.254843] FAST spr round 2 (radius: 20)
[00:06:22 -22533.214913] FAST spr round 3 (radius: 20)
[00:06:23 -22532.801206] FAST spr round 4 (radius: 20)
[00:06:24 -22532.798569] Model parameter optimization (eps = 1.000000)
[00:06:24 -22529.973423] SLOW spr round 1 (radius: 5)
[00:06:28 -22519.665719] SLOW spr round 2 (radius: 5)
[00:06:32 -22513.768350] SLOW spr round 3 (radius: 5)
[00:06:35 -22513.767664] SLOW spr round 4 (radius: 10)
[00:06:38 -22513.767590] SLOW spr round 5 (radius: 15)
[00:06:43 -22513.767582] SLOW spr round 6 (radius: 20)
[00:06:47 -22513.767581] SLOW spr round 7 (radius: 25)
[00:06:50 -22513.767581] Model parameter optimization (eps = 0.100000)

[00:06:50] ML tree search #8, logLikelihood: -22513.322915

[00:06:50 -39876.599413] Initial branch length optimization
[00:06:50 -35070.304058] Model parameter optimization (eps = 10.000000)
[00:06:51 -34514.060346] AUTODETECT spr round 1 (radius: 5)
[00:06:52 -27934.891259] AUTODETECT spr round 2 (radius: 10)
[00:06:53 -24600.066701] AUTODETECT spr round 3 (radius: 15)
[00:06:55 -23567.846051] AUTODETECT spr round 4 (radius: 20)
[00:06:56 -23555.506464] AUTODETECT spr round 5 (radius: 25)
[00:06:58 -23555.500680] SPR radius for FAST iterations: 20 (autodetect)
[00:06:58 -23555.500680] Model parameter optimization (eps = 3.000000)
[00:06:58 -23387.487631] FAST spr round 1 (radius: 20)
[00:07:00 -22552.766039] FAST spr round 2 (radius: 20)
[00:07:01 -22531.410048] FAST spr round 3 (radius: 20)
[00:07:03 -22500.137222] FAST spr round 4 (radius: 20)
[00:07:04 -22492.023228] FAST spr round 5 (radius: 20)
[00:07:05 -22490.000846] FAST spr round 6 (radius: 20)
[00:07:06 -22485.862480] FAST spr round 7 (radius: 20)
[00:07:07 -22485.862451] Model parameter optimization (eps = 1.000000)
[00:07:07 -22484.257091] SLOW spr round 1 (radius: 5)
[00:07:10 -22482.223605] SLOW spr round 2 (radius: 5)
[00:07:14 -22482.223046] SLOW spr round 3 (radius: 10)
[00:07:16 -22482.223040] SLOW spr round 4 (radius: 15)
[00:07:21 -22482.223040] SLOW spr round 5 (radius: 20)
[00:07:25 -22482.223040] SLOW spr round 6 (radius: 25)
[00:07:27 -22482.223040] Model parameter optimization (eps = 0.100000)

[00:07:28] ML tree search #9, logLikelihood: -22482.193402

[00:07:28 -40383.473013] Initial branch length optimization
[00:07:28 -35264.685212] Model parameter optimization (eps = 10.000000)
[00:07:29 -34753.585489] AUTODETECT spr round 1 (radius: 5)
[00:07:30 -28892.185026] AUTODETECT spr round 2 (radius: 10)
[00:07:32 -23985.725683] AUTODETECT spr round 3 (radius: 15)
[00:07:34 -23499.084246] AUTODETECT spr round 4 (radius: 20)
[00:07:35 -23497.425944] AUTODETECT spr round 5 (radius: 25)
[00:07:36 -23497.423975] SPR radius for FAST iterations: 20 (autodetect)
[00:07:36 -23497.423975] Model parameter optimization (eps = 3.000000)
[00:07:37 -23402.199317] FAST spr round 1 (radius: 20)
[00:07:39 -22596.684271] FAST spr round 2 (radius: 20)
[00:07:40 -22532.029671] FAST spr round 3 (radius: 20)
[00:07:41 -22531.077344] FAST spr round 4 (radius: 20)
[00:07:42 -22531.077121] Model parameter optimization (eps = 1.000000)
[00:07:42 -22528.619593] SLOW spr round 1 (radius: 5)
[00:07:46 -22512.367156] SLOW spr round 2 (radius: 5)
[00:07:49 -22511.172573] SLOW spr round 3 (radius: 5)
[00:07:52 -22511.172431] SLOW spr round 4 (radius: 10)
[00:07:55 -22509.322658] SLOW spr round 5 (radius: 5)
[00:08:00 -22509.320984] SLOW spr round 6 (radius: 10)
[00:08:03 -22509.320929] SLOW spr round 7 (radius: 15)
[00:08:08 -22509.320927] SLOW spr round 8 (radius: 20)
[00:08:12 -22509.320927] SLOW spr round 9 (radius: 25)
[00:08:15 -22509.320927] Model parameter optimization (eps = 0.100000)

[00:08:15] ML tree search #10, logLikelihood: -22509.106957

[00:08:15 -26114.069907] Initial branch length optimization
[00:08:15 -23177.931849] Model parameter optimization (eps = 10.000000)
[00:08:15 -22662.147207] AUTODETECT spr round 1 (radius: 5)
[00:08:16 -22563.751427] AUTODETECT spr round 2 (radius: 10)
[00:08:18 -22545.889460] AUTODETECT spr round 3 (radius: 15)
[00:08:20 -22545.880654] SPR radius for FAST iterations: 10 (autodetect)
[00:08:20 -22545.880654] Model parameter optimization (eps = 3.000000)
[00:08:20 -22543.157249] FAST spr round 1 (radius: 10)
[00:08:21 -22532.037573] FAST spr round 2 (radius: 10)
[00:08:22 -22523.206820] FAST spr round 3 (radius: 10)
[00:08:23 -22523.205844] Model parameter optimization (eps = 1.000000)
[00:08:23 -22522.797637] SLOW spr round 1 (radius: 5)
[00:08:27 -22516.319048] SLOW spr round 2 (radius: 5)
[00:08:30 -22516.313864] SLOW spr round 3 (radius: 10)
[00:08:33 -22516.313068] SLOW spr round 4 (radius: 15)
[00:08:39 -22516.313034] SLOW spr round 5 (radius: 20)
[00:08:43 -22516.313031] SLOW spr round 6 (radius: 25)
[00:08:45 -22516.313030] Model parameter optimization (eps = 0.100000)

[00:08:46] ML tree search #11, logLikelihood: -22516.014215

[00:08:46 -26208.573106] Initial branch length optimization
[00:08:46 -23250.176562] Model parameter optimization (eps = 10.000000)
[00:08:46 -22736.565055] AUTODETECT spr round 1 (radius: 5)
[00:08:47 -22544.682779] AUTODETECT spr round 2 (radius: 10)
[00:08:48 -22541.672700] AUTODETECT spr round 3 (radius: 15)
[00:08:50 -22541.671469] SPR radius for FAST iterations: 10 (autodetect)
[00:08:50 -22541.671469] Model parameter optimization (eps = 3.000000)
[00:08:50 -22540.969918] FAST spr round 1 (radius: 10)
[00:08:51 -22512.567866] FAST spr round 2 (radius: 10)
[00:08:52 -22506.685541] FAST spr round 3 (radius: 10)
[00:08:53 -22505.880465] FAST spr round 4 (radius: 10)
[00:08:54 -22505.880390] Model parameter optimization (eps = 1.000000)
[00:08:54 -22505.616282] SLOW spr round 1 (radius: 5)
[00:08:57 -22502.042100] SLOW spr round 2 (radius: 5)
[00:09:00 -22502.041953] SLOW spr round 3 (radius: 10)
[00:09:03 -22501.081402] SLOW spr round 4 (radius: 5)
[00:09:08 -22501.080954] SLOW spr round 5 (radius: 10)
[00:09:11 -22501.080941] SLOW spr round 6 (radius: 15)
[00:09:16 -22501.080940] SLOW spr round 7 (radius: 20)
[00:09:20 -22501.080940] SLOW spr round 8 (radius: 25)
[00:09:23 -22501.080940] Model parameter optimization (eps = 0.100000)

[00:09:23] ML tree search #12, logLikelihood: -22501.034905

[00:09:23 -26121.346278] Initial branch length optimization
[00:09:23 -23180.088693] Model parameter optimization (eps = 10.000000)
[00:09:24 -22664.268811] AUTODETECT spr round 1 (radius: 5)
[00:09:25 -22538.932172] AUTODETECT spr round 2 (radius: 10)
[00:09:26 -22535.028843] AUTODETECT spr round 3 (radius: 15)
[00:09:28 -22535.028032] SPR radius for FAST iterations: 10 (autodetect)
[00:09:28 -22535.028032] Model parameter optimization (eps = 3.000000)
[00:09:28 -22532.586774] FAST spr round 1 (radius: 10)
[00:09:29 -22519.913350] FAST spr round 2 (radius: 10)
[00:09:30 -22510.701053] FAST spr round 3 (radius: 10)
[00:09:31 -22509.693682] FAST spr round 4 (radius: 10)
[00:09:32 -22509.693495] Model parameter optimization (eps = 1.000000)
[00:09:32 -22508.816852] SLOW spr round 1 (radius: 5)
[00:09:35 -22504.152394] SLOW spr round 2 (radius: 5)
[00:09:39 -22503.224547] SLOW spr round 3 (radius: 5)
[00:09:42 -22503.223059] SLOW spr round 4 (radius: 10)
[00:09:44 -22503.222924] SLOW spr round 5 (radius: 15)
[00:09:50 -22503.222910] SLOW spr round 6 (radius: 20)
[00:09:54 -22503.222909] SLOW spr round 7 (radius: 25)
[00:09:57 -22503.222909] Model parameter optimization (eps = 0.100000)

[00:09:57] ML tree search #13, logLikelihood: -22502.868720

[00:09:57 -26256.129562] Initial branch length optimization
[00:09:57 -23286.891639] Model parameter optimization (eps = 10.000000)
[00:09:58 -22775.362092] AUTODETECT spr round 1 (radius: 5)
[00:09:58 -22548.167711] AUTODETECT spr round 2 (radius: 10)
[00:10:00 -22548.153854] SPR radius for FAST iterations: 5 (autodetect)
[00:10:00 -22548.153854] Model parameter optimization (eps = 3.000000)
[00:10:00 -22546.443184] FAST spr round 1 (radius: 5)
[00:10:01 -22516.023982] FAST spr round 2 (radius: 5)
[00:10:02 -22504.072453] FAST spr round 3 (radius: 5)
[00:10:03 -22504.072376] Model parameter optimization (eps = 1.000000)
[00:10:03 -22503.698823] SLOW spr round 1 (radius: 5)
[00:10:06 -22500.042520] SLOW spr round 2 (radius: 5)
[00:10:10 -22499.102817] SLOW spr round 3 (radius: 5)
[00:10:13 -22497.825510] SLOW spr round 4 (radius: 5)
[00:10:16 -22496.470005] SLOW spr round 5 (radius: 5)
[00:10:19 -22493.859085] SLOW spr round 6 (radius: 5)
[00:10:22 -22493.858487] SLOW spr round 7 (radius: 10)
[00:10:24 -22491.405844] SLOW spr round 8 (radius: 5)
[00:10:29 -22490.711949] SLOW spr round 9 (radius: 5)
[00:10:33 -22490.711601] SLOW spr round 10 (radius: 10)
[00:10:36 -22490.711580] SLOW spr round 11 (radius: 15)
[00:10:41 -22490.711578] SLOW spr round 12 (radius: 20)
[00:10:45 -22490.711578] SLOW spr round 13 (radius: 25)
[00:10:48 -22490.711578] Model parameter optimization (eps = 0.100000)

[00:10:48] ML tree search #14, logLikelihood: -22490.411491

[00:10:48 -26148.850881] Initial branch length optimization
[00:10:48 -23210.032036] Model parameter optimization (eps = 10.000000)
[00:10:49 -22694.374394] AUTODETECT spr round 1 (radius: 5)
[00:10:49 -22547.481156] AUTODETECT spr round 2 (radius: 10)
[00:10:51 -22547.475919] SPR radius for FAST iterations: 5 (autodetect)
[00:10:51 -22547.475919] Model parameter optimization (eps = 3.000000)
[00:10:51 -22546.574555] FAST spr round 1 (radius: 5)
[00:10:52 -22525.125976] FAST spr round 2 (radius: 5)
[00:10:53 -22520.775290] FAST spr round 3 (radius: 5)
[00:10:54 -22520.774022] Model parameter optimization (eps = 1.000000)
[00:10:54 -22520.602667] SLOW spr round 1 (radius: 5)
[00:10:58 -22503.158771] SLOW spr round 2 (radius: 5)
[00:11:01 -22499.218118] SLOW spr round 3 (radius: 5)
[00:11:04 -22495.122860] SLOW spr round 4 (radius: 5)
[00:11:07 -22495.122569] SLOW spr round 5 (radius: 10)
[00:11:10 -22495.122565] SLOW spr round 6 (radius: 15)
[00:11:15 -22495.122564] SLOW spr round 7 (radius: 20)
[00:11:19 -22495.122564] SLOW spr round 8 (radius: 25)
[00:11:22 -22495.122564] Model parameter optimization (eps = 0.100000)

[00:11:22] ML tree search #15, logLikelihood: -22494.811171

[00:11:22 -26170.651856] Initial branch length optimization
[00:11:22 -23231.051562] Model parameter optimization (eps = 10.000000)
[00:11:23 -22726.097185] AUTODETECT spr round 1 (radius: 5)
[00:11:23 -22547.387990] AUTODETECT spr round 2 (radius: 10)
[00:11:25 -22547.380599] SPR radius for FAST iterations: 5 (autodetect)
[00:11:25 -22547.380599] Model parameter optimization (eps = 3.000000)
[00:11:25 -22546.068095] FAST spr round 1 (radius: 5)
[00:11:27 -22526.333819] FAST spr round 2 (radius: 5)
[00:11:28 -22526.333625] Model parameter optimization (eps = 1.000000)
[00:11:29 -22526.119551] SLOW spr round 1 (radius: 5)
[00:11:32 -22522.797703] SLOW spr round 2 (radius: 5)
[00:11:36 -22518.331404] SLOW spr round 3 (radius: 5)
[00:11:39 -22518.079680] SLOW spr round 4 (radius: 5)
[00:11:42 -22518.078510] SLOW spr round 5 (radius: 10)
[00:11:44 -22518.078429] SLOW spr round 6 (radius: 15)
[00:11:50 -22518.078422] SLOW spr round 7 (radius: 20)
[00:11:54 -22518.078421] SLOW spr round 8 (radius: 25)
[00:11:57 -22518.078421] Model parameter optimization (eps = 0.100000)

[00:11:58] ML tree search #16, logLikelihood: -22517.861053

[00:11:58 -26141.781499] Initial branch length optimization
[00:11:58 -23201.505561] Model parameter optimization (eps = 10.000000)
[00:11:58 -22681.797669] AUTODETECT spr round 1 (radius: 5)
[00:11:59 -22538.847089] AUTODETECT spr round 2 (radius: 10)
[00:12:00 -22520.269420] AUTODETECT spr round 3 (radius: 15)
[00:12:02 -22520.267091] SPR radius for FAST iterations: 10 (autodetect)
[00:12:02 -22520.267091] Model parameter optimization (eps = 3.000000)
[00:12:02 -22519.290665] FAST spr round 1 (radius: 10)
[00:12:03 -22516.900732] FAST spr round 2 (radius: 10)
[00:12:04 -22516.899397] Model parameter optimization (eps = 1.000000)
[00:12:04 -22516.791694] SLOW spr round 1 (radius: 5)
[00:12:08 -22499.433759] SLOW spr round 2 (radius: 5)
[00:12:11 -22494.526533] SLOW spr round 3 (radius: 5)
[00:12:14 -22493.428536] SLOW spr round 4 (radius: 5)
[00:12:17 -22489.926854] SLOW spr round 5 (radius: 5)
[00:12:20 -22489.925100] SLOW spr round 6 (radius: 10)
[00:12:23 -22488.965561] SLOW spr round 7 (radius: 5)
[00:12:27 -22488.964225] SLOW spr round 8 (radius: 10)
[00:12:30 -22488.964129] SLOW spr round 9 (radius: 15)
[00:12:35 -22488.964122] SLOW spr round 10 (radius: 20)
[00:12:39 -22488.964121] SLOW spr round 11 (radius: 25)
[00:12:42 -22488.964121] Model parameter optimization (eps = 0.100000)

[00:12:42] ML tree search #17, logLikelihood: -22488.259372

[00:12:43 -26119.869806] Initial branch length optimization
[00:12:43 -23242.781331] Model parameter optimization (eps = 10.000000)
[00:12:43 -22731.588296] AUTODETECT spr round 1 (radius: 5)
[00:12:44 -22522.065234] AUTODETECT spr round 2 (radius: 10)
[00:12:45 -22522.055742] SPR radius for FAST iterations: 5 (autodetect)
[00:12:45 -22522.055742] Model parameter optimization (eps = 3.000000)
[00:12:46 -22520.332179] FAST spr round 1 (radius: 5)
[00:12:47 -22504.732208] FAST spr round 2 (radius: 5)
[00:12:48 -22500.442412] FAST spr round 3 (radius: 5)
[00:12:48 -22499.052887] FAST spr round 4 (radius: 5)
[00:12:49 -22499.052173] Model parameter optimization (eps = 1.000000)
[00:12:49 -22498.767816] SLOW spr round 1 (radius: 5)
[00:12:53 -22494.330074] SLOW spr round 2 (radius: 5)
[00:12:56 -22494.328888] SLOW spr round 3 (radius: 10)
[00:12:59 -22494.328842] SLOW spr round 4 (radius: 15)
[00:13:04 -22494.328840] SLOW spr round 5 (radius: 20)
[00:13:08 -22494.328840] SLOW spr round 6 (radius: 25)
[00:13:11 -22494.328840] Model parameter optimization (eps = 0.100000)

[00:13:11] ML tree search #18, logLikelihood: -22494.264771

[00:13:11 -26273.293258] Initial branch length optimization
[00:13:11 -23313.498371] Model parameter optimization (eps = 10.000000)
[00:13:11 -22813.384825] AUTODETECT spr round 1 (radius: 5)
[00:13:12 -22553.068030] AUTODETECT spr round 2 (radius: 10)
[00:13:14 -22536.051836] AUTODETECT spr round 3 (radius: 15)
[00:13:15 -22536.046423] SPR radius for FAST iterations: 10 (autodetect)
[00:13:15 -22536.046423] Model parameter optimization (eps = 3.000000)
[00:13:15 -22534.391458] FAST spr round 1 (radius: 10)
[00:13:17 -22513.820601] FAST spr round 2 (radius: 10)
[00:13:18 -22509.546994] FAST spr round 3 (radius: 10)
[00:13:18 -22508.579072] FAST spr round 4 (radius: 10)
[00:13:19 -22508.578415] Model parameter optimization (eps = 1.000000)
[00:13:19 -22508.440642] SLOW spr round 1 (radius: 5)
[00:13:23 -22506.222267] SLOW spr round 2 (radius: 5)
[00:13:26 -22503.869139] SLOW spr round 3 (radius: 5)
[00:13:29 -22501.656055] SLOW spr round 4 (radius: 5)
[00:13:32 -22501.654939] SLOW spr round 5 (radius: 10)
[00:13:35 -22501.654834] SLOW spr round 6 (radius: 15)
[00:13:40 -22501.654825] SLOW spr round 7 (radius: 20)
[00:13:44 -22501.654824] SLOW spr round 8 (radius: 25)
[00:13:47 -22501.654824] Model parameter optimization (eps = 0.100000)

[00:13:47] ML tree search #19, logLikelihood: -22501.562446

[00:13:47 -26141.412316] Initial branch length optimization
[00:13:47 -23213.586502] Model parameter optimization (eps = 10.000000)
[00:13:48 -22716.773620] AUTODETECT spr round 1 (radius: 5)
[00:13:49 -22566.998182] AUTODETECT spr round 2 (radius: 10)
[00:13:50 -22558.464266] AUTODETECT spr round 3 (radius: 15)
[00:13:51 -22558.461172] SPR radius for FAST iterations: 10 (autodetect)
[00:13:51 -22558.461172] Model parameter optimization (eps = 3.000000)
[00:13:51 -22556.688094] FAST spr round 1 (radius: 10)
[00:13:53 -22527.723838] FAST spr round 2 (radius: 10)
[00:13:54 -22517.408577] FAST spr round 3 (radius: 10)
[00:13:54 -22517.407569] Model parameter optimization (eps = 1.000000)
[00:13:55 -22517.001613] SLOW spr round 1 (radius: 5)
[00:13:58 -22511.347766] SLOW spr round 2 (radius: 5)
[00:14:01 -22510.408533] SLOW spr round 3 (radius: 5)
[00:14:04 -22510.407914] SLOW spr round 4 (radius: 10)
[00:14:07 -22510.274307] SLOW spr round 5 (radius: 5)
[00:14:12 -22507.031241] SLOW spr round 6 (radius: 5)
[00:14:16 -22507.029050] SLOW spr round 7 (radius: 10)
[00:14:19 -22507.028905] SLOW spr round 8 (radius: 15)
[00:14:24 -22507.028895] SLOW spr round 9 (radius: 20)
[00:14:28 -22507.028894] SLOW spr round 10 (radius: 25)
[00:14:31 -22507.028894] Model parameter optimization (eps = 0.100000)

[00:14:31] ML tree search #20, logLikelihood: -22506.713471


Optimized model parameters:

   Partition 0: noname
   Rate heterogeneity: GAMMA (4 cats, mean),  alpha: 0.838978 (ML),  weights&rates: (0.250000,0.103822) (0.250000,0.422366) (0.250000,0.967196) (0.250000,2.506616) 
   P-inv (ML): 0.184615
   Base frequencies (ML): 0.270454 0.211938 0.216501 0.301107 
   Substitution rates (ML): 2.017047 3.948514 1.513422 1.006199 3.948514 1.000000 


Final LogLikelihood: -22481.156601

AIC score: 45474.313203 / AICc score: 46334.339346 / BIC score: 46502.449435
Free parameters (model + branch lengths): 256

WARNING: Best ML tree contains 8 near-zero branches!

Best ML tree with collapsed near-zero branches saved to: /home/shorigan/raxml-ng-ML-RdRp-SWIO/T5.raxml.bestTreeCollapsed
Best ML tree saved to: /home/shorigan/raxml-ng-ML-RdRp-SWIO/T5.raxml.bestTree
All ML trees saved to: /home/shorigan/raxml-ng-ML-RdRp-SWIO/T5.raxml.mlTrees
Optimized model saved to: /home/shorigan/raxml-ng-ML-RdRp-SWIO/T5.raxml.bestModel

Execution log saved to: /home/shorigan/raxml-ng-ML-RdRp-SWIO/T5.raxml.log

Analysis started: 31-Aug-2022 09:33:15 / finished: 31-Aug-2022 09:47:47

Elapsed time: 871.970 seconds

Consumed energy: 50.514 Wh

