
RAxML-NG v. 1.1.0-master released on 22.06.2022 by The Exelixis Lab.
Developed by: Alexey M. Kozlov and Alexandros Stamatakis.
Contributors: Diego Darriba, Tomas Flouri, Benoit Morel, Sarah Lutteropp, Ben Bettisworth.
Latest version: https://github.com/amkozlov/raxml-ng
Questions/problems/suggestions? Please visit: https://groups.google.com/forum/#!forum/raxml

System: Intel(R) Xeon(R) CPU E5-2680 v4 @ 2.40GHz, 28 cores, 251 GB RAM

RAxML-NG was called at 31-Aug-2022 16:36:55 as follows:

raxml-ng-mpi --support --tree T5.raxml.bestTree --bs-trees allbootstraps --prefix T8 --threads 1

Analysis options:
  run mode: Compute bipartition support (Felsenstein Bootstrap)
  start tree(s): user
  random seed: 1661981816
  SIMD kernels: AVX2
  parallelization: coarse-grained (auto), NONE/sequential

Reading reference tree from file: T5.raxml.bestTree
Reference tree size: 125

Reading bootstrap trees from file: allbootstraps
Loaded 1454 trees with 125 taxa.

Best ML tree with Felsenstein bootstrap (FBP) support values saved to: /home/shorigan/raxml-ng-ML-RdRp-SWIO/T8.raxml.support

Execution log saved to: /home/shorigan/raxml-ng-ML-RdRp-SWIO/T8.raxml.log

Analysis started: 31-Aug-2022 16:36:55 / finished: 31-Aug-2022 16:36:57

Elapsed time: 1.472 seconds

