
RAxML-NG v. 1.1.0-master released on 22.06.2022 by The Exelixis Lab.
Developed by: Alexey M. Kozlov and Alexandros Stamatakis.
Contributors: Diego Darriba, Tomas Flouri, Benoit Morel, Sarah Lutteropp, Ben Bettisworth.
Latest version: https://github.com/amkozlov/raxml-ng
Questions/problems/suggestions? Please visit: https://groups.google.com/forum/#!forum/raxml

System: Intel(R) Xeon(R) CPU E5-2680 v4 @ 2.40GHz, 28 cores, 62 GB RAM

RAxML-NG was called at 25-Aug-2022 09:35:47 as follows:

raxml-ng-mpi --bootstrap --msa alignment.phy --model TPM2uf+I+G4 --prefix T8 --seed 6 --threads 1 --bs-trees 100 --bs-metric fbp,tbe

Analysis options:
  run mode: Bootstrapping
  start tree(s): 
  bootstrap replicates: 100
  random seed: 6
  tip-inner: OFF
  pattern compression: ON
  per-rate scalers: OFF
  site repeats: ON
  branch lengths: proportional (ML estimate, algorithm: NR-FAST)
  SIMD kernels: AVX2
  parallelization: coarse-grained (auto), NONE/sequential

[00:00:00] Reading alignment from file: alignment.phy
[00:00:00] Loaded alignment with 67 taxa and 433 sites

WARNING: Sequences KY575646 and KY575674 are exactly identical!
WARNING: Sequences KY575647 and KY575651 are exactly identical!
WARNING: Duplicate sequences found: 2

NOTE: Reduced alignment (with duplicates and gap-only sites/taxa removed) 
NOTE: was saved to: /home/shorigan/raxml-ng/T8.raxml.reduced.phy

Alignment comprises 1 partitions and 326 patterns

Partition 0: noname
Model: TPM2uf+FO+I+G4m
Alignment sites / patterns: 433 / 326
Gaps: 7.79 %
Invariant sites: 27.94 %


NOTE: Binary MSA file created: T8.raxml.rba

Parallelization scheme autoconfig: 1 worker(s) x 1 thread(s)

Parallel reduction/worker buffer size: 1 KB  / 0 KB

[00:00:00] Data distribution: max. partitions/sites/weight per thread: 1 / 326 / 5216
[00:00:00] Data distribution: max. searches per worker: 100
[00:00:00] Starting bootstrapping analysis with 100 replicates.

[00:00:11] Bootstrap tree #1, logLikelihood: -13367.264296
[00:00:20] Bootstrap tree #2, logLikelihood: -12905.107505
[00:00:33] Bootstrap tree #3, logLikelihood: -12738.006598
[00:00:41] Bootstrap tree #4, logLikelihood: -12886.241617
[00:00:49] Bootstrap tree #5, logLikelihood: -13213.978832
[00:00:58] Bootstrap tree #6, logLikelihood: -13887.770782
[00:01:09] Bootstrap tree #7, logLikelihood: -13824.480856
[00:01:17] Bootstrap tree #8, logLikelihood: -13483.033794
[00:01:43] Bootstrap tree #9, logLikelihood: -13505.867098
[00:01:55] Bootstrap tree #10, logLikelihood: -13141.049652
[00:02:03] Bootstrap tree #11, logLikelihood: -12875.404929
[00:02:09] Bootstrap tree #12, logLikelihood: -13998.905420
[00:02:17] Bootstrap tree #13, logLikelihood: -13954.841590
[00:02:27] Bootstrap tree #14, logLikelihood: -13003.571040
[00:02:38] Bootstrap tree #15, logLikelihood: -13264.743213
[00:02:45] Bootstrap tree #16, logLikelihood: -13077.417209
[00:02:54] Bootstrap tree #17, logLikelihood: -13486.372585
[00:03:06] Bootstrap tree #18, logLikelihood: -13621.031595
[00:03:13] Bootstrap tree #19, logLikelihood: -12554.460414
[00:03:24] Bootstrap tree #20, logLikelihood: -13328.577171
[00:03:32] Bootstrap tree #21, logLikelihood: -13053.938967
[00:03:45] Bootstrap tree #22, logLikelihood: -12966.549453
[00:03:53] Bootstrap tree #23, logLikelihood: -12935.994714
[00:04:00] Bootstrap tree #24, logLikelihood: -12369.816333
[00:04:09] Bootstrap tree #25, logLikelihood: -12917.587575
[00:04:18] Bootstrap tree #26, logLikelihood: -12895.739960
[00:04:26] Bootstrap tree #27, logLikelihood: -12702.576228
[00:04:37] Bootstrap tree #28, logLikelihood: -13096.904804
[00:04:48] Bootstrap tree #29, logLikelihood: -13792.323376
[00:04:56] Bootstrap tree #30, logLikelihood: -12905.353961
[00:05:03] Bootstrap tree #31, logLikelihood: -13024.524321
[00:05:12] Bootstrap tree #32, logLikelihood: -13513.062709
[00:05:20] Bootstrap tree #33, logLikelihood: -13760.591596
[00:05:27] Bootstrap tree #34, logLikelihood: -13243.425080
[00:05:37] Bootstrap tree #35, logLikelihood: -13944.006474
[00:05:44] Bootstrap tree #36, logLikelihood: -13474.243989
[00:05:52] Bootstrap tree #37, logLikelihood: -13005.949778
[00:06:01] Bootstrap tree #38, logLikelihood: -12534.745023
[00:06:14] Bootstrap tree #39, logLikelihood: -14034.885531
[00:06:26] Bootstrap tree #40, logLikelihood: -13706.160306
[00:06:34] Bootstrap tree #41, logLikelihood: -13462.979523
[00:06:43] Bootstrap tree #42, logLikelihood: -13816.640333
[00:06:50] Bootstrap tree #43, logLikelihood: -12595.518029
[00:06:58] Bootstrap tree #44, logLikelihood: -12848.919809
[00:07:09] Bootstrap tree #45, logLikelihood: -13366.515566
[00:07:23] Bootstrap tree #46, logLikelihood: -13574.175503
[00:07:39] Bootstrap tree #47, logLikelihood: -14221.076593
[00:07:48] Bootstrap tree #48, logLikelihood: -14743.678374
[00:07:58] Bootstrap tree #49, logLikelihood: -13616.815116
[00:08:09] Bootstrap tree #50, logLikelihood: -13986.029306
[00:08:18] Bootstrap tree #51, logLikelihood: -13969.827097
[00:08:26] Bootstrap tree #52, logLikelihood: -12792.646777
[00:08:34] Bootstrap tree #53, logLikelihood: -13188.423284
[00:08:41] Bootstrap tree #54, logLikelihood: -12110.145404
[00:08:50] Bootstrap tree #55, logLikelihood: -14176.279878
[00:08:57] Bootstrap tree #56, logLikelihood: -13389.228778
[00:09:04] Bootstrap tree #57, logLikelihood: -14492.294048
[00:09:13] Bootstrap tree #58, logLikelihood: -12226.499022
[00:09:21] Bootstrap tree #59, logLikelihood: -13638.769320
[00:09:30] Bootstrap tree #60, logLikelihood: -13418.734960
[00:09:38] Bootstrap tree #61, logLikelihood: -12873.975205
[00:09:45] Bootstrap tree #62, logLikelihood: -13807.187234
[00:09:52] Bootstrap tree #63, logLikelihood: -13216.280216
[00:10:00] Bootstrap tree #64, logLikelihood: -13829.517912
[00:10:11] Bootstrap tree #65, logLikelihood: -13545.959321
[00:10:20] Bootstrap tree #66, logLikelihood: -12848.008804
[00:10:29] Bootstrap tree #67, logLikelihood: -14243.304444
[00:10:37] Bootstrap tree #68, logLikelihood: -13891.354668
[00:10:48] Bootstrap tree #69, logLikelihood: -13912.740631
[00:10:59] Bootstrap tree #70, logLikelihood: -14275.573212
[00:11:08] Bootstrap tree #71, logLikelihood: -12392.226161
[00:11:16] Bootstrap tree #72, logLikelihood: -13024.238330
[00:11:25] Bootstrap tree #73, logLikelihood: -13958.326880
[00:11:33] Bootstrap tree #74, logLikelihood: -13638.279645
[00:11:41] Bootstrap tree #75, logLikelihood: -13818.911785
[00:11:49] Bootstrap tree #76, logLikelihood: -13484.393108
[00:11:57] Bootstrap tree #77, logLikelihood: -13772.912451
[00:12:05] Bootstrap tree #78, logLikelihood: -12939.086026
[00:12:15] Bootstrap tree #79, logLikelihood: -13227.225815
[00:12:22] Bootstrap tree #80, logLikelihood: -13789.434479
[00:12:29] Bootstrap tree #81, logLikelihood: -13151.751272
[00:12:38] Bootstrap tree #82, logLikelihood: -12449.941778
[00:12:46] Bootstrap tree #83, logLikelihood: -14066.021186
[00:13:02] Bootstrap tree #84, logLikelihood: -13716.775508
[00:13:08] Bootstrap tree #85, logLikelihood: -13284.542258
[00:13:17] Bootstrap tree #86, logLikelihood: -14051.453234
[00:13:35] Bootstrap tree #87, logLikelihood: -13645.371437
[00:13:44] Bootstrap tree #88, logLikelihood: -13786.964708
[00:13:53] Bootstrap tree #89, logLikelihood: -13497.779013
[00:14:01] Bootstrap tree #90, logLikelihood: -13269.280918
[00:14:08] Bootstrap tree #91, logLikelihood: -11504.182942
[00:14:17] Bootstrap tree #92, logLikelihood: -13273.776915
[00:14:28] Bootstrap tree #93, logLikelihood: -12432.140193
[00:14:40] Bootstrap tree #94, logLikelihood: -13182.649868
[00:14:47] Bootstrap tree #95, logLikelihood: -13334.046602
[00:14:54] Bootstrap tree #96, logLikelihood: -13024.920433
[00:15:02] Bootstrap tree #97, logLikelihood: -13232.078318
[00:15:10] Bootstrap tree #98, logLikelihood: -14066.245832
[00:15:19] Bootstrap tree #99, logLikelihood: -14186.984803
[00:15:28] Bootstrap tree #100, logLikelihood: -13003.388370

Bootstrap trees saved to: /home/shorigan/raxml-ng/T8.raxml.bootstraps

Execution log saved to: /home/shorigan/raxml-ng/T8.raxml.log

Analysis started: 25-Aug-2022 09:35:47 / finished: 25-Aug-2022 09:51:15

Elapsed time: 928.439 seconds

Consumed energy: 37.929 Wh

