
RAxML-NG v. 1.1.0-master released on 22.06.2022 by The Exelixis Lab.
Developed by: Alexey M. Kozlov and Alexandros Stamatakis.
Contributors: Diego Darriba, Tomas Flouri, Benoit Morel, Sarah Lutteropp, Ben Bettisworth.
Latest version: https://github.com/amkozlov/raxml-ng
Questions/problems/suggestions? Please visit: https://groups.google.com/forum/#!forum/raxml

System: Intel(R) Xeon(R) CPU E5-2680 v4 @ 2.40GHz, 28 cores, 251 GB RAM

RAxML-NG was called at 24-Aug-2022 15:56:01 as follows:

raxml-ng-mpi --bsconverge --bs-trees T3.raxml.bootstraps --prefix T4 --seed 4 --threads 1

Analysis options:
  run mode: A posteriori bootstrap convergence test
  start tree(s): 
  random seed: 4
  SIMD kernels: AVX2
  parallelization: coarse-grained (auto), NONE/sequential

Reading bootstrap trees from file: T3.raxml.bootstraps
Loaded 1000 trees with 67 taxa.

Performing bootstrap convergence assessment using autoMRE criterion

 # trees        avg WRF       avg WRF in %       # perms: wrf <= 3.00 %     converged?  
      50        347.377             11.004                            0        NO
     100        573.769              9.088                            0        NO
     150        705.708              7.431                            0        NO
     200        874.165              6.881                            0        NO
     250        937.159              5.892                            2        NO
     300       1078.103              5.649                            0        NO
     350       1262.258              5.674                            0        NO
     400       1350.514              5.314                            1        NO
     450       1327.998              4.644                           26        NO
     500       1453.485              4.574                            7        NO
     550       1539.569              4.409                           45        NO
     600       1597.510              4.196                           58        NO
     650       1431.793              3.469                          310        NO
     700       1551.863              3.489                          294        NO
     750       1518.828              3.187                          434        NO
     800       1631.105              3.199                          419        NO
     850       1841.343              3.399                          329        NO
     900       1741.854              3.037                          481        NO
     950       1935.196              3.196                          405        NO
    1000       2028.458              3.183                          405        NO
Bootstopping test did not converge after 1000 trees


Execution log saved to: /home/shorigan/raxml-ng/T4.raxml.log

Analysis started: 24-Aug-2022 15:56:01 / finished: 24-Aug-2022 15:57:42

Elapsed time: 101.511 seconds

Consumed energy: 3.701 Wh

