
RAxML-NG v. 1.1.0-master released on 22.06.2022 by The Exelixis Lab.
Developed by: Alexey M. Kozlov and Alexandros Stamatakis.
Contributors: Diego Darriba, Tomas Flouri, Benoit Morel, Sarah Lutteropp, Ben Bettisworth.
Latest version: https://github.com/amkozlov/raxml-ng
Questions/problems/suggestions? Please visit: https://groups.google.com/forum/#!forum/raxml

System: Intel(R) Xeon(R) CPU E5-2680 v4 @ 2.40GHz, 28 cores, 62 GB RAM

RAxML-NG was called at 17-Jun-2024 15:12:31 as follows:

raxml-ng-mpi --all --msa SWIO_RdRp_aligned_trimmed.phy --model TVM+I+G4 --prefix T3 --seed 2 --threads 1 --bs-trees 800 --bs-metric fbp,tbe

Analysis options:
  run mode: ML tree search + bootstrapping (Felsenstein Bootstrap + Transfer Bootstrap)
  start tree(s): random (10) + parsimony (10)
  bootstrap replicates: 800
  random seed: 2
  tip-inner: OFF
  pattern compression: ON
  per-rate scalers: OFF
  site repeats: ON
  branch lengths: proportional (ML estimate, algorithm: NR-FAST)
  SIMD kernels: AVX2
  parallelization: coarse-grained (auto), NONE/sequential

[00:00:00] Reading alignment from file: SWIO_RdRp_aligned_trimmed.phy
[00:00:00] Loaded alignment with 125 taxa and 371 sites

WARNING: Sequences KY575646 and KY575674 are exactly identical!
WARNING: Sequences KY575647 and KY575651 are exactly identical!
WARNING: Sequences MH013985 and MH013992 are exactly identical!
WARNING: Sequences MH013966 and MH013967 are exactly identical!
WARNING: Sequences MH013966 and MH013972 are exactly identical!
WARNING: Sequences MK966915 and MK966916 are exactly identical!
WARNING: Sequences MK966915 and MK966917 are exactly identical!
WARNING: Sequences MZ274082 and MZ274083 are exactly identical!
WARNING: Sequences MZ274082 and MZ274084 are exactly identical!
WARNING: Sequences MZ274076 and MZ274077 are exactly identical!
WARNING: Sequences MZ274076 and MZ274078 are exactly identical!
WARNING: Sequences MK966905 and MK966906 are exactly identical!
WARNING: Duplicate sequences found: 12

NOTE: Reduced alignment (with duplicates and gap-only sites/taxa removed) 
NOTE: was saved to: /home/shorigan/raxml-ng-swio-rdrp/T3.raxml.reduced.phy

Alignment comprises 1 partitions and 318 patterns

Partition 0: noname
Model: TVM+FO+I+G4m
Alignment sites / patterns: 371 / 318
Gaps: 3.61 %
Invariant sites: 16.98 %


NOTE: Binary MSA file created: T3.raxml.rba

Parallelization scheme autoconfig: 1 worker(s) x 1 thread(s)

Parallel reduction/worker buffer size: 1 KB  / 0 KB

[00:00:00] Generating 10 random starting tree(s) with 125 taxa
[00:00:00] Generating 10 parsimony starting tree(s) with 125 taxa
[00:00:00] Data distribution: max. partitions/sites/weight per thread: 1 / 318 / 5088
[00:00:00] Data distribution: max. searches per worker: 820

Starting ML tree search with 20 distinct starting trees

[00:00:46] ML tree search #1, logLikelihood: -20963.070851
[00:01:28] ML tree search #2, logLikelihood: -20959.694299
[00:01:57] ML tree search #3, logLikelihood: -20967.007423
[00:02:55] ML tree search #4, logLikelihood: -20968.843254
[00:03:26] ML tree search #5, logLikelihood: -20964.189313
[00:03:55] ML tree search #6, logLikelihood: -20973.428527
[00:04:33] ML tree search #7, logLikelihood: -20974.573318
[00:05:13] ML tree search #8, logLikelihood: -20966.287796
[00:05:53] ML tree search #9, logLikelihood: -20959.989302
[00:06:43] ML tree search #10, logLikelihood: -20965.773610
[00:07:16] ML tree search #11, logLikelihood: -20977.736954
[00:08:14] ML tree search #12, logLikelihood: -20968.242126
[00:08:40] ML tree search #13, logLikelihood: -20970.276399
[00:09:06] ML tree search #14, logLikelihood: -20966.096818
[00:09:38] ML tree search #15, logLikelihood: -20959.058811
[00:10:12] ML tree search #16, logLikelihood: -20972.978952
[00:10:39] ML tree search #17, logLikelihood: -20964.262610
[00:11:10] ML tree search #18, logLikelihood: -20970.133044
[00:11:46] ML tree search #19, logLikelihood: -20975.185823
[00:12:26] ML tree search #20, logLikelihood: -20971.929362

[00:12:26] ML tree search completed, best tree logLH: -20959.058811

[00:12:26] Starting bootstrapping analysis with 800 replicates.

[00:12:53] Bootstrap tree #1, logLikelihood: -20097.813851
[00:13:24] Bootstrap tree #2, logLikelihood: -19714.053525
[00:14:27] Bootstrap tree #3, logLikelihood: -21825.443453
[00:14:52] Bootstrap tree #4, logLikelihood: -20120.243546
[00:15:17] Bootstrap tree #5, logLikelihood: -19221.895648
[00:15:56] Bootstrap tree #6, logLikelihood: -20559.295332
[00:16:40] Bootstrap tree #7, logLikelihood: -20659.004346
[00:17:28] Bootstrap tree #8, logLikelihood: -20129.350572
[00:18:08] Bootstrap tree #9, logLikelihood: -21290.023747
[00:18:28] Bootstrap tree #10, logLikelihood: -20589.394926
[00:18:57] Bootstrap tree #11, logLikelihood: -19804.563665
[00:19:26] Bootstrap tree #12, logLikelihood: -19794.759023
[00:19:49] Bootstrap tree #13, logLikelihood: -20159.207702
[00:20:09] Bootstrap tree #14, logLikelihood: -20124.774122
[00:20:46] Bootstrap tree #15, logLikelihood: -21204.577457
[00:21:16] Bootstrap tree #16, logLikelihood: -18722.633700
[00:21:43] Bootstrap tree #17, logLikelihood: -22358.030370
[00:22:10] Bootstrap tree #18, logLikelihood: -20216.696963
[00:22:37] Bootstrap tree #19, logLikelihood: -19910.668889
[00:23:10] Bootstrap tree #20, logLikelihood: -21576.059896
[00:23:53] Bootstrap tree #21, logLikelihood: -21528.640655
[00:24:21] Bootstrap tree #22, logLikelihood: -20238.396009
[00:24:40] Bootstrap tree #23, logLikelihood: -19639.580321
[00:25:09] Bootstrap tree #24, logLikelihood: -19869.521323
[00:25:35] Bootstrap tree #25, logLikelihood: -20455.167806
[00:26:12] Bootstrap tree #26, logLikelihood: -17816.789322
[00:26:45] Bootstrap tree #27, logLikelihood: -21352.430229
[00:27:16] Bootstrap tree #28, logLikelihood: -18863.914877
[00:27:45] Bootstrap tree #29, logLikelihood: -19630.831781
[00:28:16] Bootstrap tree #30, logLikelihood: -21156.271739
[00:29:02] Bootstrap tree #31, logLikelihood: -21041.022802
[00:29:24] Bootstrap tree #32, logLikelihood: -21407.297473
[00:29:44] Bootstrap tree #33, logLikelihood: -20112.217501
[00:30:14] Bootstrap tree #34, logLikelihood: -20749.421930
[00:30:33] Bootstrap tree #35, logLikelihood: -20093.428673
[00:31:03] Bootstrap tree #36, logLikelihood: -19559.112089
[00:31:37] Bootstrap tree #37, logLikelihood: -20429.482701
[00:32:06] Bootstrap tree #38, logLikelihood: -20716.232713
[00:32:32] Bootstrap tree #39, logLikelihood: -19943.015888
[00:33:03] Bootstrap tree #40, logLikelihood: -21116.179083
[00:33:28] Bootstrap tree #41, logLikelihood: -20713.517827
[00:33:49] Bootstrap tree #42, logLikelihood: -20562.082935
[00:34:32] Bootstrap tree #43, logLikelihood: -20875.213836
[00:35:09] Bootstrap tree #44, logLikelihood: -19820.222209
[00:35:35] Bootstrap tree #45, logLikelihood: -20300.282267
[00:36:05] Bootstrap tree #46, logLikelihood: -21427.552074
[00:36:33] Bootstrap tree #47, logLikelihood: -22132.154771
[00:36:57] Bootstrap tree #48, logLikelihood: -19731.246657
[00:37:47] Bootstrap tree #49, logLikelihood: -20718.555821
[00:38:32] Bootstrap tree #50, logLikelihood: -20676.015204
[00:38:55] Bootstrap tree #51, logLikelihood: -21587.611686
[00:39:37] Bootstrap tree #52, logLikelihood: -20242.331813
[00:39:59] Bootstrap tree #53, logLikelihood: -21368.784363
[00:40:22] Bootstrap tree #54, logLikelihood: -21127.411908
[00:40:55] Bootstrap tree #55, logLikelihood: -20918.278603
[00:41:31] Bootstrap tree #56, logLikelihood: -22316.536773
[00:41:52] Bootstrap tree #57, logLikelihood: -20629.133904
[00:42:12] Bootstrap tree #58, logLikelihood: -20159.489679
[00:42:33] Bootstrap tree #59, logLikelihood: -20566.900904
[00:43:13] Bootstrap tree #60, logLikelihood: -21308.576548
[00:43:33] Bootstrap tree #61, logLikelihood: -20342.741433
[00:44:11] Bootstrap tree #62, logLikelihood: -20327.894902
[00:44:32] Bootstrap tree #63, logLikelihood: -19964.483313
[00:45:22] Bootstrap tree #64, logLikelihood: -20930.657140
[00:46:11] Bootstrap tree #65, logLikelihood: -18973.867539
[00:46:30] Bootstrap tree #66, logLikelihood: -19743.070265
[00:46:58] Bootstrap tree #67, logLikelihood: -20397.341866
[00:47:29] Bootstrap tree #68, logLikelihood: -23149.367552
[00:48:03] Bootstrap tree #69, logLikelihood: -20204.123119
[00:49:00] Bootstrap tree #70, logLikelihood: -20659.268573
[00:49:23] Bootstrap tree #71, logLikelihood: -20362.697695
[00:50:05] Bootstrap tree #72, logLikelihood: -19090.490886
[00:50:24] Bootstrap tree #73, logLikelihood: -19657.546371
[00:50:47] Bootstrap tree #74, logLikelihood: -20092.855295
[00:51:05] Bootstrap tree #75, logLikelihood: -20929.805342
[00:51:55] Bootstrap tree #76, logLikelihood: -20449.953118
[00:52:20] Bootstrap tree #77, logLikelihood: -19848.755091
[00:52:52] Bootstrap tree #78, logLikelihood: -20369.957983
[00:53:32] Bootstrap tree #79, logLikelihood: -18869.376838
[00:54:14] Bootstrap tree #80, logLikelihood: -20160.543438
[00:54:32] Bootstrap tree #81, logLikelihood: -20341.937762
[00:54:55] Bootstrap tree #82, logLikelihood: -21647.885910
[00:55:32] Bootstrap tree #83, logLikelihood: -20694.735938
[00:56:06] Bootstrap tree #84, logLikelihood: -21360.553911
[00:56:39] Bootstrap tree #85, logLikelihood: -20980.625620
[00:57:01] Bootstrap tree #86, logLikelihood: -21186.308117
[00:57:31] Bootstrap tree #87, logLikelihood: -20561.531618
[00:58:12] Bootstrap tree #88, logLikelihood: -19859.829026
[00:58:45] Bootstrap tree #89, logLikelihood: -20559.297863
[00:59:20] Bootstrap tree #90, logLikelihood: -20912.193815
[00:59:46] Bootstrap tree #91, logLikelihood: -20761.321776
[01:00:10] Bootstrap tree #92, logLikelihood: -21164.522332
[01:00:40] Bootstrap tree #93, logLikelihood: -22072.054341
[01:01:51] Bootstrap tree #94, logLikelihood: -21927.213869
[01:02:47] Bootstrap tree #95, logLikelihood: -19876.236433
[01:03:15] Bootstrap tree #96, logLikelihood: -20492.337190
[01:03:45] Bootstrap tree #97, logLikelihood: -21247.850618
[01:04:24] Bootstrap tree #98, logLikelihood: -21736.991839
[01:04:53] Bootstrap tree #99, logLikelihood: -20358.933977
[01:05:24] Bootstrap tree #100, logLikelihood: -19029.207762
[01:05:43] Bootstrap tree #101, logLikelihood: -22274.549993
[01:06:11] Bootstrap tree #102, logLikelihood: -19934.624500
[01:06:41] Bootstrap tree #103, logLikelihood: -20352.796107
[01:07:05] Bootstrap tree #104, logLikelihood: -20590.626415
[01:07:45] Bootstrap tree #105, logLikelihood: -20558.156476
[01:08:27] Bootstrap tree #106, logLikelihood: -21617.658514
[01:08:50] Bootstrap tree #107, logLikelihood: -21807.113782
[01:09:10] Bootstrap tree #108, logLikelihood: -20419.637707
[01:09:43] Bootstrap tree #109, logLikelihood: -20853.776266
[01:10:18] Bootstrap tree #110, logLikelihood: -21400.272759
[01:10:49] Bootstrap tree #111, logLikelihood: -20399.970358
[01:11:09] Bootstrap tree #112, logLikelihood: -19747.986052
[01:11:36] Bootstrap tree #113, logLikelihood: -20753.962630
[01:12:05] Bootstrap tree #114, logLikelihood: -20863.022226
[01:12:35] Bootstrap tree #115, logLikelihood: -20881.409350
[01:13:00] Bootstrap tree #116, logLikelihood: -20865.209715
[01:13:20] Bootstrap tree #117, logLikelihood: -20446.130779
[01:14:03] Bootstrap tree #118, logLikelihood: -21672.536270
[01:14:27] Bootstrap tree #119, logLikelihood: -19497.106283
[01:14:55] Bootstrap tree #120, logLikelihood: -20569.779938
[01:15:32] Bootstrap tree #121, logLikelihood: -19879.211386
[01:15:56] Bootstrap tree #122, logLikelihood: -20123.185147
[01:16:39] Bootstrap tree #123, logLikelihood: -20251.104612
[01:17:07] Bootstrap tree #124, logLikelihood: -21531.942342
[01:17:39] Bootstrap tree #125, logLikelihood: -19764.156877
[01:18:30] Bootstrap tree #126, logLikelihood: -21694.028160
[01:19:04] Bootstrap tree #127, logLikelihood: -19866.679275
[01:19:31] Bootstrap tree #128, logLikelihood: -21393.044196
[01:19:51] Bootstrap tree #129, logLikelihood: -20067.249007
[01:20:14] Bootstrap tree #130, logLikelihood: -21544.053459
[01:20:34] Bootstrap tree #131, logLikelihood: -19818.565630
[01:20:56] Bootstrap tree #132, logLikelihood: -21010.680306
[01:21:16] Bootstrap tree #133, logLikelihood: -20177.669992
[01:21:37] Bootstrap tree #134, logLikelihood: -19955.552489
[01:22:06] Bootstrap tree #135, logLikelihood: -19431.417785
[01:22:32] Bootstrap tree #136, logLikelihood: -22861.317840
[01:23:12] Bootstrap tree #137, logLikelihood: -20383.663998
[01:23:37] Bootstrap tree #138, logLikelihood: -19521.504072
[01:24:06] Bootstrap tree #139, logLikelihood: -20335.511019
[01:24:29] Bootstrap tree #140, logLikelihood: -20961.180312
[01:25:09] Bootstrap tree #141, logLikelihood: -20254.978365
[01:25:42] Bootstrap tree #142, logLikelihood: -20511.289479
[01:26:13] Bootstrap tree #143, logLikelihood: -20637.049117
[01:26:43] Bootstrap tree #144, logLikelihood: -20837.156591
[01:27:14] Bootstrap tree #145, logLikelihood: -20260.070875
[01:27:34] Bootstrap tree #146, logLikelihood: -20226.730951
[01:28:09] Bootstrap tree #147, logLikelihood: -21471.216821
[01:28:29] Bootstrap tree #148, logLikelihood: -18267.802167
[01:28:57] Bootstrap tree #149, logLikelihood: -20364.155102
[01:29:20] Bootstrap tree #150, logLikelihood: -20873.178204
[01:30:20] Bootstrap tree #151, logLikelihood: -21502.046230
[01:30:41] Bootstrap tree #152, logLikelihood: -20015.614044
[01:31:12] Bootstrap tree #153, logLikelihood: -22036.668379
[01:31:32] Bootstrap tree #154, logLikelihood: -21295.738351
[01:31:53] Bootstrap tree #155, logLikelihood: -20788.191520
[01:32:24] Bootstrap tree #156, logLikelihood: -19796.694849
[01:32:46] Bootstrap tree #157, logLikelihood: -21647.857413
[01:33:05] Bootstrap tree #158, logLikelihood: -20955.009298
[01:33:27] Bootstrap tree #159, logLikelihood: -21118.267696
[01:33:53] Bootstrap tree #160, logLikelihood: -19173.649645
[01:34:17] Bootstrap tree #161, logLikelihood: -22293.000181
[01:34:47] Bootstrap tree #162, logLikelihood: -21365.075649
[01:35:53] Bootstrap tree #163, logLikelihood: -22557.149883
[01:36:25] Bootstrap tree #164, logLikelihood: -19083.056611
[01:37:15] Bootstrap tree #165, logLikelihood: -20974.357738
[01:38:01] Bootstrap tree #166, logLikelihood: -22634.998804
[01:39:07] Bootstrap tree #167, logLikelihood: -20724.240166
[01:39:28] Bootstrap tree #168, logLikelihood: -20333.331015
[01:39:49] Bootstrap tree #169, logLikelihood: -20847.492810
[01:40:24] Bootstrap tree #170, logLikelihood: -20395.479365
[01:41:12] Bootstrap tree #171, logLikelihood: -21064.645858
[01:41:55] Bootstrap tree #172, logLikelihood: -20297.242855
[01:42:33] Bootstrap tree #173, logLikelihood: -20638.852212
[01:43:10] Bootstrap tree #174, logLikelihood: -21590.454142
[01:43:38] Bootstrap tree #175, logLikelihood: -21847.454466
[01:43:59] Bootstrap tree #176, logLikelihood: -21694.259031
[01:44:23] Bootstrap tree #177, logLikelihood: -21301.047818
[01:45:05] Bootstrap tree #178, logLikelihood: -20524.204501
[01:45:44] Bootstrap tree #179, logLikelihood: -18474.354843
[01:46:04] Bootstrap tree #180, logLikelihood: -18841.039331
[01:46:37] Bootstrap tree #181, logLikelihood: -20290.409454
[01:47:00] Bootstrap tree #182, logLikelihood: -21529.593356
[01:47:21] Bootstrap tree #183, logLikelihood: -21978.227986
[01:47:46] Bootstrap tree #184, logLikelihood: -20837.386385
[01:48:27] Bootstrap tree #185, logLikelihood: -20845.720115
[01:48:59] Bootstrap tree #186, logLikelihood: -20165.013758
[01:49:37] Bootstrap tree #187, logLikelihood: -20948.864786
[01:50:14] Bootstrap tree #188, logLikelihood: -19649.940825
[01:50:34] Bootstrap tree #189, logLikelihood: -22512.719741
[01:51:03] Bootstrap tree #190, logLikelihood: -21766.078016
[01:51:40] Bootstrap tree #191, logLikelihood: -19940.411842
[01:52:19] Bootstrap tree #192, logLikelihood: -21172.501178
[01:52:44] Bootstrap tree #193, logLikelihood: -20033.258485
[01:53:21] Bootstrap tree #194, logLikelihood: -21299.344147
[01:54:15] Bootstrap tree #195, logLikelihood: -20795.628568
[01:54:45] Bootstrap tree #196, logLikelihood: -22024.689923
[01:55:06] Bootstrap tree #197, logLikelihood: -20623.343795
[01:56:08] Bootstrap tree #198, logLikelihood: -19623.748139
[01:56:45] Bootstrap tree #199, logLikelihood: -20918.112223
[01:57:16] Bootstrap tree #200, logLikelihood: -20056.210803
[01:57:48] Bootstrap tree #201, logLikelihood: -20610.448714
[01:58:17] Bootstrap tree #202, logLikelihood: -21220.647773
[01:58:39] Bootstrap tree #203, logLikelihood: -20130.406020
[01:59:00] Bootstrap tree #204, logLikelihood: -19749.269329
[01:59:27] Bootstrap tree #205, logLikelihood: -19370.754447
[02:00:07] Bootstrap tree #206, logLikelihood: -20642.451897
[02:00:30] Bootstrap tree #207, logLikelihood: -21339.080519
[02:01:08] Bootstrap tree #208, logLikelihood: -22746.122205
[02:01:32] Bootstrap tree #209, logLikelihood: -20873.866043
[02:02:29] Bootstrap tree #210, logLikelihood: -20675.202051
[02:02:58] Bootstrap tree #211, logLikelihood: -20698.229341
[02:03:17] Bootstrap tree #212, logLikelihood: -20246.918653
[02:03:44] Bootstrap tree #213, logLikelihood: -21327.568812
[02:04:11] Bootstrap tree #214, logLikelihood: -20422.027892
[02:04:39] Bootstrap tree #215, logLikelihood: -20611.292223
[02:05:13] Bootstrap tree #216, logLikelihood: -20268.956930
[02:05:52] Bootstrap tree #217, logLikelihood: -19406.712398
[02:06:43] Bootstrap tree #218, logLikelihood: -21921.541334
[02:07:30] Bootstrap tree #219, logLikelihood: -19591.230645
[02:08:00] Bootstrap tree #220, logLikelihood: -20697.331875
[02:08:26] Bootstrap tree #221, logLikelihood: -21857.229585
[02:08:52] Bootstrap tree #222, logLikelihood: -21779.332815
[02:09:12] Bootstrap tree #223, logLikelihood: -19241.435863
[02:09:34] Bootstrap tree #224, logLikelihood: -20697.182923
[02:10:08] Bootstrap tree #225, logLikelihood: -22818.181028
[02:10:31] Bootstrap tree #226, logLikelihood: -20418.537055
[02:11:01] Bootstrap tree #227, logLikelihood: -20591.049762
[02:11:26] Bootstrap tree #228, logLikelihood: -19180.756191
[02:11:46] Bootstrap tree #229, logLikelihood: -21848.343384
[02:12:10] Bootstrap tree #230, logLikelihood: -19958.401706
[02:12:43] Bootstrap tree #231, logLikelihood: -20747.786975
[02:13:04] Bootstrap tree #232, logLikelihood: -20883.363454
[02:13:41] Bootstrap tree #233, logLikelihood: -20831.902495
[02:14:08] Bootstrap tree #234, logLikelihood: -20552.742488
[02:14:30] Bootstrap tree #235, logLikelihood: -21939.268350
[02:14:53] Bootstrap tree #236, logLikelihood: -21405.313936
[02:15:12] Bootstrap tree #237, logLikelihood: -22945.575985
[02:15:35] Bootstrap tree #238, logLikelihood: -21047.351735
[02:16:00] Bootstrap tree #239, logLikelihood: -19890.089415
[02:16:23] Bootstrap tree #240, logLikelihood: -20227.804652
[02:17:25] Bootstrap tree #241, logLikelihood: -22318.160644
[02:18:08] Bootstrap tree #242, logLikelihood: -19029.221455
[02:18:28] Bootstrap tree #243, logLikelihood: -19435.852627
[02:18:55] Bootstrap tree #244, logLikelihood: -20006.412643
[02:19:21] Bootstrap tree #245, logLikelihood: -20661.110695
[02:19:47] Bootstrap tree #246, logLikelihood: -19407.796605
[02:20:25] Bootstrap tree #247, logLikelihood: -19854.826194
[02:20:51] Bootstrap tree #248, logLikelihood: -19835.782362
[02:21:32] Bootstrap tree #249, logLikelihood: -20039.262988
[02:21:54] Bootstrap tree #250, logLikelihood: -20323.157147
[02:22:27] Bootstrap tree #251, logLikelihood: -20918.871554
[02:23:00] Bootstrap tree #252, logLikelihood: -20846.047006
[02:23:38] Bootstrap tree #253, logLikelihood: -19584.422107
[02:24:02] Bootstrap tree #254, logLikelihood: -20830.654972
[02:24:44] Bootstrap tree #255, logLikelihood: -19695.962458
[02:25:10] Bootstrap tree #256, logLikelihood: -19910.007271
[02:25:49] Bootstrap tree #257, logLikelihood: -22125.575715
[02:26:22] Bootstrap tree #258, logLikelihood: -20701.295113
[02:26:49] Bootstrap tree #259, logLikelihood: -21720.775175
[02:27:29] Bootstrap tree #260, logLikelihood: -21176.444595
[02:28:10] Bootstrap tree #261, logLikelihood: -20183.636868
[02:29:03] Bootstrap tree #262, logLikelihood: -19682.887372
[02:29:34] Bootstrap tree #263, logLikelihood: -20328.893391
[02:30:03] Bootstrap tree #264, logLikelihood: -20607.201459
[02:30:34] Bootstrap tree #265, logLikelihood: -22343.793504
[02:31:03] Bootstrap tree #266, logLikelihood: -21536.955100
[02:31:35] Bootstrap tree #267, logLikelihood: -20391.267298
[02:32:06] Bootstrap tree #268, logLikelihood: -19466.755704
[02:33:05] Bootstrap tree #269, logLikelihood: -21599.504065
[02:33:44] Bootstrap tree #270, logLikelihood: -20189.086848
[02:34:33] Bootstrap tree #271, logLikelihood: -21297.823387
[02:34:55] Bootstrap tree #272, logLikelihood: -21601.447693
[02:36:03] Bootstrap tree #273, logLikelihood: -20546.441359
[02:36:29] Bootstrap tree #274, logLikelihood: -19390.156584
[02:37:01] Bootstrap tree #275, logLikelihood: -19596.083793
[02:37:22] Bootstrap tree #276, logLikelihood: -20621.480916
[02:37:52] Bootstrap tree #277, logLikelihood: -20480.099993
[02:38:23] Bootstrap tree #278, logLikelihood: -21722.029905
[02:38:51] Bootstrap tree #279, logLikelihood: -19504.972775
[02:39:28] Bootstrap tree #280, logLikelihood: -20880.611046
[02:39:56] Bootstrap tree #281, logLikelihood: -19535.387597
[02:40:38] Bootstrap tree #282, logLikelihood: -21641.478673
[02:41:15] Bootstrap tree #283, logLikelihood: -19489.509004
[02:41:37] Bootstrap tree #284, logLikelihood: -20526.711191
[02:42:01] Bootstrap tree #285, logLikelihood: -18993.570780
[02:42:33] Bootstrap tree #286, logLikelihood: -20949.785106
[02:43:09] Bootstrap tree #287, logLikelihood: -19842.180132
[02:43:43] Bootstrap tree #288, logLikelihood: -19369.499321
[02:44:13] Bootstrap tree #289, logLikelihood: -21816.038036
[02:44:36] Bootstrap tree #290, logLikelihood: -19675.502378
[02:45:35] Bootstrap tree #291, logLikelihood: -20809.063359
[02:46:00] Bootstrap tree #292, logLikelihood: -20311.038424
[02:46:47] Bootstrap tree #293, logLikelihood: -21599.002854
[02:47:09] Bootstrap tree #294, logLikelihood: -21047.925775
[02:47:31] Bootstrap tree #295, logLikelihood: -20532.837260
[02:47:55] Bootstrap tree #296, logLikelihood: -20385.282427
[02:48:25] Bootstrap tree #297, logLikelihood: -20224.179962
[02:48:56] Bootstrap tree #298, logLikelihood: -19996.794768
[02:49:37] Bootstrap tree #299, logLikelihood: -21019.611433
[02:49:59] Bootstrap tree #300, logLikelihood: -21787.990405
[02:50:31] Bootstrap tree #301, logLikelihood: -21891.805303
[02:50:56] Bootstrap tree #302, logLikelihood: -20527.891952
[02:51:17] Bootstrap tree #303, logLikelihood: -19540.904485
[02:51:47] Bootstrap tree #304, logLikelihood: -22440.432146
[02:52:13] Bootstrap tree #305, logLikelihood: -21796.265840
[02:52:48] Bootstrap tree #306, logLikelihood: -20005.573798
[02:53:11] Bootstrap tree #307, logLikelihood: -19599.203108
[02:53:47] Bootstrap tree #308, logLikelihood: -21647.797617
[02:54:08] Bootstrap tree #309, logLikelihood: -19847.115547
[02:54:54] Bootstrap tree #310, logLikelihood: -21240.149327
[02:55:48] Bootstrap tree #311, logLikelihood: -21097.773804
[02:56:10] Bootstrap tree #312, logLikelihood: -21504.708133
[02:56:50] Bootstrap tree #313, logLikelihood: -21907.454606
[02:57:13] Bootstrap tree #314, logLikelihood: -20357.610646
[02:57:43] Bootstrap tree #315, logLikelihood: -21345.980175
[02:58:44] Bootstrap tree #316, logLikelihood: -21438.434292
[02:59:51] Bootstrap tree #317, logLikelihood: -20298.608453
[03:00:28] Bootstrap tree #318, logLikelihood: -19097.675159
[03:01:04] Bootstrap tree #319, logLikelihood: -20912.017560
[03:02:22] Bootstrap tree #320, logLikelihood: -21344.490948
[03:02:48] Bootstrap tree #321, logLikelihood: -20805.478491
[03:03:12] Bootstrap tree #322, logLikelihood: -19931.453458
[03:04:12] Bootstrap tree #323, logLikelihood: -21196.775529
[03:04:54] Bootstrap tree #324, logLikelihood: -20728.076198
[03:05:23] Bootstrap tree #325, logLikelihood: -19723.466856
[03:05:52] Bootstrap tree #326, logLikelihood: -19299.648166
[03:06:12] Bootstrap tree #327, logLikelihood: -20847.170300
[03:06:35] Bootstrap tree #328, logLikelihood: -21177.221357
[03:07:26] Bootstrap tree #329, logLikelihood: -20572.527635
[03:07:54] Bootstrap tree #330, logLikelihood: -21863.506776
[03:08:14] Bootstrap tree #331, logLikelihood: -20832.335633
[03:08:50] Bootstrap tree #332, logLikelihood: -20137.119884
[03:09:17] Bootstrap tree #333, logLikelihood: -20048.252794
[03:10:10] Bootstrap tree #334, logLikelihood: -20775.820314
[03:10:29] Bootstrap tree #335, logLikelihood: -19401.636483
[03:10:51] Bootstrap tree #336, logLikelihood: -20326.275851
[03:11:12] Bootstrap tree #337, logLikelihood: -21607.722536
[03:11:40] Bootstrap tree #338, logLikelihood: -20159.142194
[03:12:55] Bootstrap tree #339, logLikelihood: -19481.048590
[03:13:18] Bootstrap tree #340, logLikelihood: -21659.612931
[03:13:52] Bootstrap tree #341, logLikelihood: -21068.590717
[03:14:21] Bootstrap tree #342, logLikelihood: -20663.512005
[03:15:03] Bootstrap tree #343, logLikelihood: -21368.400898
[03:15:48] Bootstrap tree #344, logLikelihood: -20201.907284
[03:16:11] Bootstrap tree #345, logLikelihood: -21037.842844
[03:16:35] Bootstrap tree #346, logLikelihood: -19341.372065
[03:16:58] Bootstrap tree #347, logLikelihood: -20345.953995
[03:17:18] Bootstrap tree #348, logLikelihood: -20445.511623
[03:17:58] Bootstrap tree #349, logLikelihood: -19905.511795
[03:18:42] Bootstrap tree #350, logLikelihood: -22253.703542
[03:19:18] Bootstrap tree #351, logLikelihood: -19692.954803
[03:20:25] Bootstrap tree #352, logLikelihood: -21981.376218
[03:20:51] Bootstrap tree #353, logLikelihood: -20974.500802
[03:21:28] Bootstrap tree #354, logLikelihood: -20266.986634
[03:21:47] Bootstrap tree #355, logLikelihood: -19769.343647
[03:22:07] Bootstrap tree #356, logLikelihood: -19804.739218
[03:22:45] Bootstrap tree #357, logLikelihood: -20238.000808
[03:23:10] Bootstrap tree #358, logLikelihood: -19986.192785
[03:23:47] Bootstrap tree #359, logLikelihood: -19918.175352
[03:24:19] Bootstrap tree #360, logLikelihood: -20139.916731
[03:24:45] Bootstrap tree #361, logLikelihood: -21150.360202
[03:25:11] Bootstrap tree #362, logLikelihood: -20850.035201
[03:25:54] Bootstrap tree #363, logLikelihood: -19422.743171
[03:26:16] Bootstrap tree #364, logLikelihood: -20380.561750
[03:26:53] Bootstrap tree #365, logLikelihood: -20324.571013
[03:27:51] Bootstrap tree #366, logLikelihood: -20179.702988
[03:28:24] Bootstrap tree #367, logLikelihood: -20214.099956
[03:29:00] Bootstrap tree #368, logLikelihood: -20938.349654
[03:29:29] Bootstrap tree #369, logLikelihood: -20859.325002
[03:30:01] Bootstrap tree #370, logLikelihood: -20188.003117
[03:30:25] Bootstrap tree #371, logLikelihood: -20975.212893
[03:30:49] Bootstrap tree #372, logLikelihood: -19112.188204
[03:31:38] Bootstrap tree #373, logLikelihood: -20883.525484
[03:32:00] Bootstrap tree #374, logLikelihood: -21015.860553
[03:32:29] Bootstrap tree #375, logLikelihood: -20861.390453
[03:33:13] Bootstrap tree #376, logLikelihood: -20373.599969
[03:33:51] Bootstrap tree #377, logLikelihood: -19695.256660
[03:34:18] Bootstrap tree #378, logLikelihood: -21184.479306
[03:35:06] Bootstrap tree #379, logLikelihood: -21163.020908
[03:35:36] Bootstrap tree #380, logLikelihood: -20387.484232
[03:36:16] Bootstrap tree #381, logLikelihood: -21090.794455
[03:36:52] Bootstrap tree #382, logLikelihood: -20515.463464
[03:37:18] Bootstrap tree #383, logLikelihood: -19889.960302
[03:37:56] Bootstrap tree #384, logLikelihood: -20555.189691
[03:38:25] Bootstrap tree #385, logLikelihood: -20204.888774
[03:39:05] Bootstrap tree #386, logLikelihood: -20083.607042
[03:40:05] Bootstrap tree #387, logLikelihood: -20234.457593
[03:40:27] Bootstrap tree #388, logLikelihood: -21409.037384
[03:41:09] Bootstrap tree #389, logLikelihood: -20650.093527
[03:41:36] Bootstrap tree #390, logLikelihood: -20803.824812
[03:41:57] Bootstrap tree #391, logLikelihood: -20253.146823
[03:42:25] Bootstrap tree #392, logLikelihood: -19745.010558
[03:42:50] Bootstrap tree #393, logLikelihood: -20440.391530
[03:43:31] Bootstrap tree #394, logLikelihood: -20503.895231
[03:44:05] Bootstrap tree #395, logLikelihood: -20427.902988
[03:44:28] Bootstrap tree #396, logLikelihood: -19665.170010
[03:44:52] Bootstrap tree #397, logLikelihood: -21453.117601
[03:45:42] Bootstrap tree #398, logLikelihood: -21349.470576
[03:46:32] Bootstrap tree #399, logLikelihood: -19874.030131
[03:47:12] Bootstrap tree #400, logLikelihood: -20911.920944
[03:47:35] Bootstrap tree #401, logLikelihood: -20041.115159
[03:48:18] Bootstrap tree #402, logLikelihood: -21344.286595
[03:48:39] Bootstrap tree #403, logLikelihood: -21302.219704
[03:49:13] Bootstrap tree #404, logLikelihood: -21198.623177
[03:49:46] Bootstrap tree #405, logLikelihood: -20091.752343
[03:50:23] Bootstrap tree #406, logLikelihood: -20013.575373
[03:50:50] Bootstrap tree #407, logLikelihood: -20975.826153
[03:51:23] Bootstrap tree #408, logLikelihood: -20995.911483
[03:51:47] Bootstrap tree #409, logLikelihood: -21783.674817
[03:52:57] Bootstrap tree #410, logLikelihood: -21489.385802
[03:53:35] Bootstrap tree #411, logLikelihood: -20881.655280
[03:54:05] Bootstrap tree #412, logLikelihood: -20986.472800
[03:54:40] Bootstrap tree #413, logLikelihood: -20580.836658
[03:55:28] Bootstrap tree #414, logLikelihood: -20632.796555
[03:55:49] Bootstrap tree #415, logLikelihood: -20099.428174
[03:56:30] Bootstrap tree #416, logLikelihood: -20127.832828
[03:57:01] Bootstrap tree #417, logLikelihood: -21703.193026
[03:57:30] Bootstrap tree #418, logLikelihood: -20955.188119
[03:58:24] Bootstrap tree #419, logLikelihood: -21191.248627
[03:58:46] Bootstrap tree #420, logLikelihood: -22080.588092
[03:59:06] Bootstrap tree #421, logLikelihood: -20701.412292
[03:59:34] Bootstrap tree #422, logLikelihood: -19698.313373
[04:00:06] Bootstrap tree #423, logLikelihood: -22357.767736
[04:00:29] Bootstrap tree #424, logLikelihood: -20713.835971
[04:01:18] Bootstrap tree #425, logLikelihood: -19718.761211
[04:01:43] Bootstrap tree #426, logLikelihood: -20096.352942
[04:02:28] Bootstrap tree #427, logLikelihood: -20936.851820
[04:02:51] Bootstrap tree #428, logLikelihood: -18855.802349
[04:03:19] Bootstrap tree #429, logLikelihood: -20881.423756
[04:03:47] Bootstrap tree #430, logLikelihood: -20501.679660
[04:04:14] Bootstrap tree #431, logLikelihood: -22187.256282
[04:04:45] Bootstrap tree #432, logLikelihood: -19827.395556
[04:05:15] Bootstrap tree #433, logLikelihood: -19955.634066
[04:05:52] Bootstrap tree #434, logLikelihood: -20783.260410
[04:07:25] Bootstrap tree #435, logLikelihood: -22149.485099
[04:07:59] Bootstrap tree #436, logLikelihood: -20825.360016
[04:08:33] Bootstrap tree #437, logLikelihood: -21564.873440
[04:08:53] Bootstrap tree #438, logLikelihood: -20996.947644
[04:09:26] Bootstrap tree #439, logLikelihood: -18467.893419
[04:10:01] Bootstrap tree #440, logLikelihood: -20932.048997
[04:10:32] Bootstrap tree #441, logLikelihood: -21275.906682
[04:10:58] Bootstrap tree #442, logLikelihood: -20586.391002
[04:11:37] Bootstrap tree #443, logLikelihood: -20761.711552
[04:12:28] Bootstrap tree #444, logLikelihood: -21745.874961
[04:12:55] Bootstrap tree #445, logLikelihood: -17965.877556
[04:13:22] Bootstrap tree #446, logLikelihood: -20425.602193
[04:14:21] Bootstrap tree #447, logLikelihood: -21440.416022
[04:15:05] Bootstrap tree #448, logLikelihood: -19837.061612
[04:15:28] Bootstrap tree #449, logLikelihood: -20011.644751
[04:16:13] Bootstrap tree #450, logLikelihood: -20337.714481
[04:16:44] Bootstrap tree #451, logLikelihood: -18792.451225
[04:17:24] Bootstrap tree #452, logLikelihood: -20729.976169
[04:17:46] Bootstrap tree #453, logLikelihood: -19609.867309
[04:18:08] Bootstrap tree #454, logLikelihood: -20343.852302
[04:18:29] Bootstrap tree #455, logLikelihood: -21363.783869
[04:18:50] Bootstrap tree #456, logLikelihood: -21578.143527
[04:19:19] Bootstrap tree #457, logLikelihood: -20849.663592
[04:19:53] Bootstrap tree #458, logLikelihood: -20747.131153
[04:20:20] Bootstrap tree #459, logLikelihood: -20651.858863
[04:21:02] Bootstrap tree #460, logLikelihood: -19314.507947
[04:21:38] Bootstrap tree #461, logLikelihood: -20823.493534
[04:22:05] Bootstrap tree #462, logLikelihood: -20455.704932
[04:23:02] Bootstrap tree #463, logLikelihood: -20466.965384
[04:23:36] Bootstrap tree #464, logLikelihood: -18381.062246
[04:23:58] Bootstrap tree #465, logLikelihood: -21408.421743
[04:24:18] Bootstrap tree #466, logLikelihood: -20898.946765
[04:24:59] Bootstrap tree #467, logLikelihood: -19787.550008
[04:25:23] Bootstrap tree #468, logLikelihood: -19651.867780
[04:26:40] Bootstrap tree #469, logLikelihood: -18355.467648
[04:27:12] Bootstrap tree #470, logLikelihood: -20189.493322
[04:28:13] Bootstrap tree #471, logLikelihood: -22240.797819
[04:28:43] Bootstrap tree #472, logLikelihood: -20006.332596
[04:29:19] Bootstrap tree #473, logLikelihood: -20667.073784
[04:30:16] Bootstrap tree #474, logLikelihood: -18851.634002
[04:30:41] Bootstrap tree #475, logLikelihood: -21638.802333
[04:31:02] Bootstrap tree #476, logLikelihood: -20188.421420
[04:31:38] Bootstrap tree #477, logLikelihood: -20679.959078
[04:32:07] Bootstrap tree #478, logLikelihood: -18870.115065
[04:32:51] Bootstrap tree #479, logLikelihood: -20242.085669
[04:33:27] Bootstrap tree #480, logLikelihood: -21691.716520
[04:34:08] Bootstrap tree #481, logLikelihood: -21622.133482
[04:34:43] Bootstrap tree #482, logLikelihood: -20434.376147
[04:35:04] Bootstrap tree #483, logLikelihood: -19931.005907
[04:35:25] Bootstrap tree #484, logLikelihood: -20208.635868
[04:35:49] Bootstrap tree #485, logLikelihood: -20090.323412
[04:36:21] Bootstrap tree #486, logLikelihood: -20393.393021
[04:36:55] Bootstrap tree #487, logLikelihood: -19613.458411
[04:37:25] Bootstrap tree #488, logLikelihood: -21434.587735
[04:37:52] Bootstrap tree #489, logLikelihood: -20212.440849
[04:38:36] Bootstrap tree #490, logLikelihood: -20955.561088
[04:39:13] Bootstrap tree #491, logLikelihood: -20067.787918
[04:39:57] Bootstrap tree #492, logLikelihood: -21523.812613
[04:40:18] Bootstrap tree #493, logLikelihood: -20670.751230
[04:40:39] Bootstrap tree #494, logLikelihood: -19948.165104
[04:41:06] Bootstrap tree #495, logLikelihood: -20570.954861
[04:41:36] Bootstrap tree #496, logLikelihood: -21213.752632
[04:42:11] Bootstrap tree #497, logLikelihood: -20925.407295
[04:42:37] Bootstrap tree #498, logLikelihood: -20418.863667
[04:43:01] Bootstrap tree #499, logLikelihood: -21195.652921
[04:43:50] Bootstrap tree #500, logLikelihood: -21542.359028
[04:44:22] Bootstrap tree #501, logLikelihood: -21551.799104
[04:44:55] Bootstrap tree #502, logLikelihood: -20810.145557
[04:45:28] Bootstrap tree #503, logLikelihood: -20501.953422
[04:46:14] Bootstrap tree #504, logLikelihood: -19893.509709
[04:46:58] Bootstrap tree #505, logLikelihood: -20436.986188
[04:47:34] Bootstrap tree #506, logLikelihood: -19822.922906
[04:47:57] Bootstrap tree #507, logLikelihood: -20345.556666
[04:48:53] Bootstrap tree #508, logLikelihood: -18807.327226
[04:49:39] Bootstrap tree #509, logLikelihood: -20458.143471
[04:50:15] Bootstrap tree #510, logLikelihood: -20476.541575
[04:50:44] Bootstrap tree #511, logLikelihood: -20411.277779
[04:51:16] Bootstrap tree #512, logLikelihood: -20424.293269
[04:53:11] Bootstrap tree #513, logLikelihood: -20218.179594
[04:53:33] Bootstrap tree #514, logLikelihood: -20036.879963
[04:54:01] Bootstrap tree #515, logLikelihood: -19817.062334
[04:54:48] Bootstrap tree #516, logLikelihood: -22025.632711
[04:55:18] Bootstrap tree #517, logLikelihood: -21410.092007
[04:55:46] Bootstrap tree #518, logLikelihood: -18976.499331
[04:56:10] Bootstrap tree #519, logLikelihood: -20484.336073
[04:56:39] Bootstrap tree #520, logLikelihood: -21166.377039
[04:57:00] Bootstrap tree #521, logLikelihood: -20930.151070
[04:57:22] Bootstrap tree #522, logLikelihood: -21387.605971
[04:57:58] Bootstrap tree #523, logLikelihood: -21465.750644
[04:58:24] Bootstrap tree #524, logLikelihood: -20715.234998
[04:58:46] Bootstrap tree #525, logLikelihood: -20533.252914
[04:59:14] Bootstrap tree #526, logLikelihood: -19851.788654
[04:59:37] Bootstrap tree #527, logLikelihood: -20671.904407
[05:00:04] Bootstrap tree #528, logLikelihood: -19422.131872
[05:00:31] Bootstrap tree #529, logLikelihood: -21250.040580
[05:01:04] Bootstrap tree #530, logLikelihood: -19680.878753
[05:01:32] Bootstrap tree #531, logLikelihood: -21909.223037
[05:01:56] Bootstrap tree #532, logLikelihood: -20554.169144
[05:02:35] Bootstrap tree #533, logLikelihood: -19917.514619
[05:03:27] Bootstrap tree #534, logLikelihood: -20430.844546
[05:04:09] Bootstrap tree #535, logLikelihood: -19914.867923
[05:04:56] Bootstrap tree #536, logLikelihood: -19716.846184
[05:05:35] Bootstrap tree #537, logLikelihood: -20928.198533
[05:05:56] Bootstrap tree #538, logLikelihood: -21312.489306
[05:06:40] Bootstrap tree #539, logLikelihood: -20574.367824
[05:07:31] Bootstrap tree #540, logLikelihood: -19804.390329
[05:07:52] Bootstrap tree #541, logLikelihood: -21721.958504
[05:08:30] Bootstrap tree #542, logLikelihood: -20935.266750
[05:08:57] Bootstrap tree #543, logLikelihood: -21256.748223
[05:09:35] Bootstrap tree #544, logLikelihood: -20655.241425
[05:10:13] Bootstrap tree #545, logLikelihood: -19473.599880
[05:10:43] Bootstrap tree #546, logLikelihood: -20202.303184
[05:11:49] Bootstrap tree #547, logLikelihood: -20245.883822
[05:12:10] Bootstrap tree #548, logLikelihood: -20177.213267
[05:13:24] Bootstrap tree #549, logLikelihood: -20964.669744
[05:14:08] Bootstrap tree #550, logLikelihood: -20735.129497
[05:14:45] Bootstrap tree #551, logLikelihood: -21587.010603
[05:15:12] Bootstrap tree #552, logLikelihood: -19862.479818
[05:15:46] Bootstrap tree #553, logLikelihood: -21402.163915
[05:16:14] Bootstrap tree #554, logLikelihood: -21433.010996
[05:16:35] Bootstrap tree #555, logLikelihood: -18765.721564
[05:17:06] Bootstrap tree #556, logLikelihood: -21973.233044
[05:17:28] Bootstrap tree #557, logLikelihood: -20627.723971
[05:18:09] Bootstrap tree #558, logLikelihood: -20555.570487
[05:18:33] Bootstrap tree #559, logLikelihood: -20763.154453
[05:18:52] Bootstrap tree #560, logLikelihood: -20479.413799
[05:19:26] Bootstrap tree #561, logLikelihood: -20153.537643
[05:19:48] Bootstrap tree #562, logLikelihood: -20050.694529
[05:20:17] Bootstrap tree #563, logLikelihood: -20746.403849
[05:20:53] Bootstrap tree #564, logLikelihood: -19064.242593
[05:21:17] Bootstrap tree #565, logLikelihood: -20322.489093
[05:21:45] Bootstrap tree #566, logLikelihood: -21748.627932
[05:22:15] Bootstrap tree #567, logLikelihood: -20538.940746
[05:22:54] Bootstrap tree #568, logLikelihood: -20761.541127
[05:23:14] Bootstrap tree #569, logLikelihood: -18797.932629
[05:23:41] Bootstrap tree #570, logLikelihood: -21145.272972
[05:24:17] Bootstrap tree #571, logLikelihood: -18997.189732
[05:24:47] Bootstrap tree #572, logLikelihood: -19877.663241
[05:25:30] Bootstrap tree #573, logLikelihood: -20565.503847
[05:26:13] Bootstrap tree #574, logLikelihood: -19048.530920
[05:26:47] Bootstrap tree #575, logLikelihood: -19308.109050
[05:27:15] Bootstrap tree #576, logLikelihood: -21264.321762
[05:28:07] Bootstrap tree #577, logLikelihood: -22337.431325
[05:28:48] Bootstrap tree #578, logLikelihood: -20529.296177
[05:29:09] Bootstrap tree #579, logLikelihood: -19428.502597
[05:29:37] Bootstrap tree #580, logLikelihood: -17646.227075
[05:30:13] Bootstrap tree #581, logLikelihood: -20526.193463
[05:30:42] Bootstrap tree #582, logLikelihood: -18278.371659
[05:31:07] Bootstrap tree #583, logLikelihood: -19724.261774
[05:31:37] Bootstrap tree #584, logLikelihood: -20835.463829
[05:31:59] Bootstrap tree #585, logLikelihood: -22265.537254
[05:32:33] Bootstrap tree #586, logLikelihood: -19954.271105
[05:33:01] Bootstrap tree #587, logLikelihood: -21193.134525
[05:33:26] Bootstrap tree #588, logLikelihood: -20417.804813
[05:33:47] Bootstrap tree #589, logLikelihood: -21580.756869
[05:34:11] Bootstrap tree #590, logLikelihood: -20233.703467
[05:34:57] Bootstrap tree #591, logLikelihood: -20095.718307
[05:35:30] Bootstrap tree #592, logLikelihood: -20943.539601
[05:35:51] Bootstrap tree #593, logLikelihood: -20792.943572
[05:36:20] Bootstrap tree #594, logLikelihood: -21302.579754
[05:37:11] Bootstrap tree #595, logLikelihood: -21123.270744
[05:38:07] Bootstrap tree #596, logLikelihood: -21008.816472
[05:38:36] Bootstrap tree #597, logLikelihood: -19854.300890
[05:39:21] Bootstrap tree #598, logLikelihood: -20030.647227
[05:39:42] Bootstrap tree #599, logLikelihood: -21291.082765
[05:40:02] Bootstrap tree #600, logLikelihood: -19847.803607
[05:40:27] Bootstrap tree #601, logLikelihood: -21328.004174
[05:40:47] Bootstrap tree #602, logLikelihood: -20843.544395
[05:41:10] Bootstrap tree #603, logLikelihood: -21537.773040
[05:41:44] Bootstrap tree #604, logLikelihood: -21858.956111
[05:42:13] Bootstrap tree #605, logLikelihood: -21007.378034
[05:42:40] Bootstrap tree #606, logLikelihood: -19288.915680
[05:43:43] Bootstrap tree #607, logLikelihood: -21583.010607
[05:44:06] Bootstrap tree #608, logLikelihood: -19707.368344
[05:44:36] Bootstrap tree #609, logLikelihood: -21130.558440
[05:45:11] Bootstrap tree #610, logLikelihood: -19245.835479
[05:45:31] Bootstrap tree #611, logLikelihood: -19561.022849
[05:45:59] Bootstrap tree #612, logLikelihood: -20850.471327
[05:46:38] Bootstrap tree #613, logLikelihood: -20423.594619
[05:47:05] Bootstrap tree #614, logLikelihood: -20798.616834
[05:47:47] Bootstrap tree #615, logLikelihood: -19906.881377
[05:48:07] Bootstrap tree #616, logLikelihood: -20439.884510
[05:48:56] Bootstrap tree #617, logLikelihood: -21711.382682
[05:49:19] Bootstrap tree #618, logLikelihood: -20836.489362
[05:49:56] Bootstrap tree #619, logLikelihood: -19914.737527
[05:50:21] Bootstrap tree #620, logLikelihood: -21478.042510
[05:50:44] Bootstrap tree #621, logLikelihood: -20661.526920
[05:51:26] Bootstrap tree #622, logLikelihood: -20824.089787
[05:51:47] Bootstrap tree #623, logLikelihood: -19785.430346
[05:52:08] Bootstrap tree #624, logLikelihood: -20326.011846
[05:52:34] Bootstrap tree #625, logLikelihood: -19865.462527
[05:52:55] Bootstrap tree #626, logLikelihood: -20723.964522
[05:53:21] Bootstrap tree #627, logLikelihood: -19460.496040
[05:53:43] Bootstrap tree #628, logLikelihood: -21608.740899
[05:54:25] Bootstrap tree #629, logLikelihood: -20362.177262
[05:55:02] Bootstrap tree #630, logLikelihood: -19787.729631
[05:55:32] Bootstrap tree #631, logLikelihood: -20160.198740
[05:56:15] Bootstrap tree #632, logLikelihood: -20889.745745
[05:56:55] Bootstrap tree #633, logLikelihood: -19895.324496
[05:57:23] Bootstrap tree #634, logLikelihood: -19203.316286
[05:58:00] Bootstrap tree #635, logLikelihood: -20589.491839
[05:58:24] Bootstrap tree #636, logLikelihood: -20291.547671
[05:58:58] Bootstrap tree #637, logLikelihood: -19914.333897
[06:00:09] Bootstrap tree #638, logLikelihood: -21835.887893
[06:00:53] Bootstrap tree #639, logLikelihood: -21450.483151
[06:01:39] Bootstrap tree #640, logLikelihood: -19787.255896
[06:02:01] Bootstrap tree #641, logLikelihood: -20872.112034
[06:02:35] Bootstrap tree #642, logLikelihood: -20745.842743
[06:03:00] Bootstrap tree #643, logLikelihood: -22042.408318
[06:03:39] Bootstrap tree #644, logLikelihood: -20967.646573
[06:04:20] Bootstrap tree #645, logLikelihood: -21280.818267
[06:04:53] Bootstrap tree #646, logLikelihood: -21443.983328
[06:05:28] Bootstrap tree #647, logLikelihood: -20606.699740
[06:05:51] Bootstrap tree #648, logLikelihood: -20458.528369
[06:06:16] Bootstrap tree #649, logLikelihood: -18759.104580
[06:06:45] Bootstrap tree #650, logLikelihood: -22097.135172
[06:07:09] Bootstrap tree #651, logLikelihood: -18521.289401
[06:07:31] Bootstrap tree #652, logLikelihood: -22604.570291
[06:08:25] Bootstrap tree #653, logLikelihood: -21614.324657
[06:08:47] Bootstrap tree #654, logLikelihood: -19752.852578
[06:09:22] Bootstrap tree #655, logLikelihood: -18395.146811
[06:09:44] Bootstrap tree #656, logLikelihood: -21552.955551
[06:10:20] Bootstrap tree #657, logLikelihood: -21543.610376
[06:11:13] Bootstrap tree #658, logLikelihood: -20578.526253
[06:11:43] Bootstrap tree #659, logLikelihood: -21808.817753
[06:12:05] Bootstrap tree #660, logLikelihood: -19704.015997
[06:12:29] Bootstrap tree #661, logLikelihood: -20221.734955
[06:13:02] Bootstrap tree #662, logLikelihood: -20977.544483
[06:13:34] Bootstrap tree #663, logLikelihood: -19789.728677
[06:13:58] Bootstrap tree #664, logLikelihood: -20069.155514
[06:14:22] Bootstrap tree #665, logLikelihood: -19750.505429
[06:14:42] Bootstrap tree #666, logLikelihood: -19572.182291
[06:15:12] Bootstrap tree #667, logLikelihood: -20910.909527
[06:15:41] Bootstrap tree #668, logLikelihood: -21016.953719
[06:16:03] Bootstrap tree #669, logLikelihood: -20071.078174
[06:16:29] Bootstrap tree #670, logLikelihood: -19084.646661
[06:16:56] Bootstrap tree #671, logLikelihood: -19511.507804
[06:17:37] Bootstrap tree #672, logLikelihood: -21135.184723
[06:18:02] Bootstrap tree #673, logLikelihood: -20524.188550
[06:18:28] Bootstrap tree #674, logLikelihood: -20527.732295
[06:19:02] Bootstrap tree #675, logLikelihood: -21128.201090
[06:19:26] Bootstrap tree #676, logLikelihood: -19430.185011
[06:20:05] Bootstrap tree #677, logLikelihood: -20191.720616
[06:20:36] Bootstrap tree #678, logLikelihood: -21498.053368
[06:21:17] Bootstrap tree #679, logLikelihood: -20442.515060
[06:21:54] Bootstrap tree #680, logLikelihood: -20605.228027
[06:22:40] Bootstrap tree #681, logLikelihood: -19899.388012
[06:23:08] Bootstrap tree #682, logLikelihood: -20574.836827
[06:23:32] Bootstrap tree #683, logLikelihood: -21236.981780
[06:24:17] Bootstrap tree #684, logLikelihood: -19424.912542
[06:24:36] Bootstrap tree #685, logLikelihood: -20566.132913
[06:24:58] Bootstrap tree #686, logLikelihood: -20317.876477
[06:25:22] Bootstrap tree #687, logLikelihood: -21367.376524
[06:25:46] Bootstrap tree #688, logLikelihood: -19054.356421
[06:26:07] Bootstrap tree #689, logLikelihood: -21596.887212
[06:26:32] Bootstrap tree #690, logLikelihood: -19079.643934
[06:26:58] Bootstrap tree #691, logLikelihood: -20372.814596
[06:27:26] Bootstrap tree #692, logLikelihood: -20695.395240
[06:27:49] Bootstrap tree #693, logLikelihood: -21018.429199
[06:28:15] Bootstrap tree #694, logLikelihood: -19088.583925
[06:28:52] Bootstrap tree #695, logLikelihood: -21812.636601
[06:29:15] Bootstrap tree #696, logLikelihood: -20815.424783
[06:29:46] Bootstrap tree #697, logLikelihood: -20253.226128
[06:30:14] Bootstrap tree #698, logLikelihood: -20516.893654
[06:30:37] Bootstrap tree #699, logLikelihood: -20326.252681
[06:31:03] Bootstrap tree #700, logLikelihood: -21365.900727
[06:31:42] Bootstrap tree #701, logLikelihood: -21842.156285
[06:32:07] Bootstrap tree #702, logLikelihood: -20306.923204
[06:32:35] Bootstrap tree #703, logLikelihood: -19777.993202
[06:33:15] Bootstrap tree #704, logLikelihood: -21399.818110
[06:33:46] Bootstrap tree #705, logLikelihood: -21955.186566
[06:34:11] Bootstrap tree #706, logLikelihood: -20208.106787
[06:34:48] Bootstrap tree #707, logLikelihood: -20965.908213
[06:35:31] Bootstrap tree #708, logLikelihood: -20125.526663
[06:36:32] Bootstrap tree #709, logLikelihood: -19644.241356
[06:36:51] Bootstrap tree #710, logLikelihood: -19386.895046
[06:37:24] Bootstrap tree #711, logLikelihood: -20163.741919
[06:37:46] Bootstrap tree #712, logLikelihood: -20076.713759
[06:38:19] Bootstrap tree #713, logLikelihood: -18710.485783
[06:38:46] Bootstrap tree #714, logLikelihood: -21555.560710
[06:39:06] Bootstrap tree #715, logLikelihood: -19669.487882
[06:39:33] Bootstrap tree #716, logLikelihood: -20457.039335
[06:40:15] Bootstrap tree #717, logLikelihood: -21070.861523
[06:41:23] Bootstrap tree #718, logLikelihood: -20487.999432
[06:41:59] Bootstrap tree #719, logLikelihood: -21563.072074
[06:42:28] Bootstrap tree #720, logLikelihood: -20974.834461
[06:43:06] Bootstrap tree #721, logLikelihood: -20640.820440
[06:43:38] Bootstrap tree #722, logLikelihood: -20042.824374
[06:44:36] Bootstrap tree #723, logLikelihood: -21025.422429
[06:45:23] Bootstrap tree #724, logLikelihood: -21749.810205
[06:45:56] Bootstrap tree #725, logLikelihood: -19326.485141
[06:46:24] Bootstrap tree #726, logLikelihood: -21871.504261
[06:47:04] Bootstrap tree #727, logLikelihood: -22354.039623
[06:47:28] Bootstrap tree #728, logLikelihood: -20865.765601
[06:48:08] Bootstrap tree #729, logLikelihood: -21545.818725
[06:48:34] Bootstrap tree #730, logLikelihood: -21538.684635
[06:49:11] Bootstrap tree #731, logLikelihood: -19129.223163
[06:49:39] Bootstrap tree #732, logLikelihood: -20308.931847
[06:50:09] Bootstrap tree #733, logLikelihood: -21496.480779
[06:50:42] Bootstrap tree #734, logLikelihood: -18921.838002
[06:51:44] Bootstrap tree #735, logLikelihood: -21401.502641
[06:52:06] Bootstrap tree #736, logLikelihood: -21351.787192
[06:52:35] Bootstrap tree #737, logLikelihood: -20216.039376
[06:53:03] Bootstrap tree #738, logLikelihood: -21141.847618
[06:53:38] Bootstrap tree #739, logLikelihood: -20832.548117
[06:54:00] Bootstrap tree #740, logLikelihood: -20664.912420
[06:54:32] Bootstrap tree #741, logLikelihood: -21392.473538
[06:54:58] Bootstrap tree #742, logLikelihood: -20343.203714
[06:55:27] Bootstrap tree #743, logLikelihood: -21173.434942
[06:55:58] Bootstrap tree #744, logLikelihood: -21461.770964
[06:56:33] Bootstrap tree #745, logLikelihood: -20509.442665
[06:56:59] Bootstrap tree #746, logLikelihood: -21757.949605
[06:57:34] Bootstrap tree #747, logLikelihood: -19958.981885
[06:58:30] Bootstrap tree #748, logLikelihood: -21498.041648
[06:59:03] Bootstrap tree #749, logLikelihood: -20818.283950
[06:59:41] Bootstrap tree #750, logLikelihood: -20928.633309
[07:00:08] Bootstrap tree #751, logLikelihood: -20067.377808
[07:01:12] Bootstrap tree #752, logLikelihood: -19652.092677
[07:02:04] Bootstrap tree #753, logLikelihood: -18857.569117
[07:02:35] Bootstrap tree #754, logLikelihood: -22090.867673
[07:02:54] Bootstrap tree #755, logLikelihood: -19977.193321
[07:03:23] Bootstrap tree #756, logLikelihood: -19453.352312
[07:03:44] Bootstrap tree #757, logLikelihood: -20334.181860
[07:04:15] Bootstrap tree #758, logLikelihood: -21609.866893
[07:05:08] Bootstrap tree #759, logLikelihood: -20305.805271
[07:05:38] Bootstrap tree #760, logLikelihood: -19989.189271
[07:06:23] Bootstrap tree #761, logLikelihood: -20443.500307
[07:06:56] Bootstrap tree #762, logLikelihood: -21084.365179
[07:07:16] Bootstrap tree #763, logLikelihood: -20225.927694
[07:07:42] Bootstrap tree #764, logLikelihood: -21217.121183
[07:08:04] Bootstrap tree #765, logLikelihood: -21145.439268
[07:08:27] Bootstrap tree #766, logLikelihood: -20620.146489
[07:09:21] Bootstrap tree #767, logLikelihood: -20561.989071
[07:10:06] Bootstrap tree #768, logLikelihood: -20918.360611
[07:10:41] Bootstrap tree #769, logLikelihood: -20630.482409
[07:11:31] Bootstrap tree #770, logLikelihood: -20745.060220
[07:11:51] Bootstrap tree #771, logLikelihood: -18889.377188
[07:12:20] Bootstrap tree #772, logLikelihood: -20668.547255
[07:13:20] Bootstrap tree #773, logLikelihood: -20521.484626
[07:13:41] Bootstrap tree #774, logLikelihood: -20386.283033
[07:14:27] Bootstrap tree #775, logLikelihood: -19535.157851
[07:15:06] Bootstrap tree #776, logLikelihood: -20287.553189
[07:15:41] Bootstrap tree #777, logLikelihood: -20178.404071
[07:16:54] Bootstrap tree #778, logLikelihood: -21360.939452
[07:17:23] Bootstrap tree #779, logLikelihood: -20829.555004
[07:17:46] Bootstrap tree #780, logLikelihood: -22044.869444
[07:18:05] Bootstrap tree #781, logLikelihood: -21338.442226
[07:19:01] Bootstrap tree #782, logLikelihood: -20216.230829
[07:19:39] Bootstrap tree #783, logLikelihood: -19818.265962
[07:20:13] Bootstrap tree #784, logLikelihood: -20377.088309
[07:20:56] Bootstrap tree #785, logLikelihood: -21264.773961
[07:21:52] Bootstrap tree #786, logLikelihood: -20925.281105
[07:22:14] Bootstrap tree #787, logLikelihood: -18713.161903
[07:22:47] Bootstrap tree #788, logLikelihood: -21599.964004
[07:23:32] Bootstrap tree #789, logLikelihood: -20548.037586
[07:23:50] Bootstrap tree #790, logLikelihood: -19667.190146
[07:24:27] Bootstrap tree #791, logLikelihood: -21260.554650
[07:24:51] Bootstrap tree #792, logLikelihood: -19189.542078
[07:25:12] Bootstrap tree #793, logLikelihood: -21008.615251
[07:25:33] Bootstrap tree #794, logLikelihood: -19471.077662
[07:26:08] Bootstrap tree #795, logLikelihood: -21003.547202
[07:26:41] Bootstrap tree #796, logLikelihood: -20063.147955
[07:27:06] Bootstrap tree #797, logLikelihood: -21336.755183
[07:27:29] Bootstrap tree #798, logLikelihood: -19959.022438
[07:27:57] Bootstrap tree #799, logLikelihood: -20540.375095
[07:28:35] Bootstrap tree #800, logLikelihood: -19700.768938

Optimized model parameters:

   Partition 0: noname
   Rate heterogeneity: GAMMA (4 cats, mean),  alpha: 0.816479 (ML),  weights&rates: (0.250000,0.099060) (0.250000,0.413685) (0.250000,0.961418) (0.250000,2.525837) 
   P-inv (ML): 0.155216
   Base frequencies (ML): 0.273479 0.207803 0.214931 0.303787 
   Substitution rates (ML): 2.075167 4.022586 1.473662 0.986027 4.022586 1.000000 


Final LogLikelihood: -20959.058811

AIC score: 42430.117622 / AICc score: 43584.363236 / BIC score: 43432.665350
Free parameters (model + branch lengths): 256

WARNING: Best ML tree contains 9 near-zero branches!

Best ML tree with collapsed near-zero branches saved to: /home/shorigan/raxml-ng-swio-rdrp/T3.raxml.bestTreeCollapsed
Best ML tree saved to: /home/shorigan/raxml-ng-swio-rdrp/T3.raxml.bestTree
All ML trees saved to: /home/shorigan/raxml-ng-swio-rdrp/T3.raxml.mlTrees
Best ML tree with Felsenstein bootstrap (FBP) support values saved to: /home/shorigan/raxml-ng-swio-rdrp/T3.raxml.supportFBP
Best ML tree with Transfer bootstrap (TBE) support values saved to: /home/shorigan/raxml-ng-swio-rdrp/T3.raxml.supportTBE
Optimized model saved to: /home/shorigan/raxml-ng-swio-rdrp/T3.raxml.bestModel
Bootstrap trees saved to: /home/shorigan/raxml-ng-swio-rdrp/T3.raxml.bootstraps

Execution log saved to: /home/shorigan/raxml-ng-swio-rdrp/T3.raxml.log

Analysis started: 17-Jun-2024 15:12:31 / finished: 17-Jun-2024 22:41:07

Elapsed time: 26915.764 seconds

Consumed energy: 1386.949 Wh (= 7 km in an electric car, or 35 km with an e-scooter!)

