
RAxML-NG v. 1.1.0-master released on 22.06.2022 by The Exelixis Lab.
Developed by: Alexey M. Kozlov and Alexandros Stamatakis.
Contributors: Diego Darriba, Tomas Flouri, Benoit Morel, Sarah Lutteropp, Ben Bettisworth.
Latest version: https://github.com/amkozlov/raxml-ng
Questions/problems/suggestions? Please visit: https://groups.google.com/forum/#!forum/raxml

System: Intel(R) Xeon(R) CPU E5-2680 v4 @ 2.40GHz, 28 cores, 251 GB RAM

RAxML-NG was called at 15-Jul-2024 13:45:08 as follows:

raxml-ng-mpi --bsconverge --bs-trees allbootstraps --prefix T5 --seed 4 --threads 1

Analysis options:
  run mode: A posteriori bootstrap convergence test
  start tree(s): 
  random seed: 4
  SIMD kernels: AVX2
  parallelization: coarse-grained (auto), NONE/sequential

Reading bootstrap trees from file: allbootstraps
Loaded 1200 trees with 125 taxa.

Performing bootstrap convergence assessment using autoMRE criterion

 # trees        avg WRF       avg WRF in %       # perms: wrf <= 3.00 %     converged?  
      50        513.325              8.629                            0        NO
     100        719.956              6.048                            0        NO
     150        919.256              5.155                            1        NO
     200       1162.762              4.851                            0        NO
     250       1197.868              3.981                            6        NO
     300       1314.657              3.629                           83        NO
     350       1453.872              3.429                          140        NO
     400       1572.732              3.241                          287        NO
     450       1629.655              2.986                          533        NO
     500       1722.784              2.841                          640        NO
     550       1867.315              2.800                          682        NO
     600       1920.573              2.637                          813        NO
     650       2022.695              2.563                          849        NO
     700       2216.418              2.607                          850        NO
     750       2424.078              2.659                          813        NO
     800       2454.774              2.526                          904        NO
     850       2593.275              2.510                          925        NO
     900       2595.663              2.373                          975        NO
     950       2591.477              2.244                          992        YES
Bootstopping test converged after 950 trees


Execution log saved to: /home/shorigan/raxml-ng-swio-rdrp/T5.raxml.log

Analysis started: 15-Jul-2024 13:45:08 / finished: 15-Jul-2024 13:49:04

Elapsed time: 235.723 seconds

Consumed energy: 8.433 Wh

