
RAxML-NG v. 1.1.0-master released on 22.06.2022 by The Exelixis Lab.
Developed by: Alexey M. Kozlov and Alexandros Stamatakis.
Contributors: Diego Darriba, Tomas Flouri, Benoit Morel, Sarah Lutteropp, Ben Bettisworth.
Latest version: https://github.com/amkozlov/raxml-ng
Questions/problems/suggestions? Please visit: https://groups.google.com/forum/#!forum/raxml

System: Intel(R) Xeon(R) CPU E5-2680 v4 @ 2.40GHz, 28 cores, 251 GB RAM

RAxML-NG was called at 15-Jul-2024 13:53:21 as follows:

raxml-ng-mpi --support --tree T3.raxml.bestTree --bs-trees allbootstraps --prefix T6 --threads 2

Analysis options:
  run mode: Compute bipartition support (Felsenstein Bootstrap)
  start tree(s): user
  random seed: 1721069602
  SIMD kernels: AVX2
  parallelization: coarse-grained (auto), PTHREADS (2 threads), thread pinning: ON

Reading reference tree from file: T3.raxml.bestTree
Reference tree size: 125

Reading bootstrap trees from file: allbootstraps
Loaded 1200 trees with 125 taxa.

Best ML tree with Felsenstein bootstrap (FBP) support values saved to: /home/shorigan/raxml-ng-swio-rdrp/T6.raxml.support

Execution log saved to: /home/shorigan/raxml-ng-swio-rdrp/T6.raxml.log

Analysis started: 15-Jul-2024 13:53:21 / finished: 15-Jul-2024 13:53:22

Elapsed time: 0.703 seconds

