
RAxML-NG v. 1.1.0-master released on 22.06.2022 by The Exelixis Lab.
Developed by: Alexey M. Kozlov and Alexandros Stamatakis.
Contributors: Diego Darriba, Tomas Flouri, Benoit Morel, Sarah Lutteropp, Ben Bettisworth.
Latest version: https://github.com/amkozlov/raxml-ng
Questions/problems/suggestions? Please visit: https://groups.google.com/forum/#!forum/raxml

System: Intel(R) Xeon(R) CPU E5-2680 v4 @ 2.40GHz, 28 cores, 62 GB RAM

RAxML-NG was called at 23-Aug-2022 12:27:00 as follows:

raxml-ng-mpi --all --msa alignment.phy --model TPM2uf+I+G4 --prefix T3 --seed 2 --threads 1 --bs-trees 1000 --bs-metric fbp,tbe

Analysis options:
  run mode: ML tree search + bootstrapping (Felsenstein Bootstrap + Transfer Bootstrap)
  start tree(s): random (10) + parsimony (10)
  bootstrap replicates: 1000
  random seed: 2
  tip-inner: OFF
  pattern compression: ON
  per-rate scalers: OFF
  site repeats: ON
  branch lengths: proportional (ML estimate, algorithm: NR-FAST)
  SIMD kernels: AVX2
  parallelization: coarse-grained (auto), NONE/sequential

[00:00:00] Reading alignment from file: alignment.phy
[00:00:00] Loaded alignment with 67 taxa and 433 sites

WARNING: Sequences KY575646 and KY575674 are exactly identical!
WARNING: Sequences KY575647 and KY575651 are exactly identical!
WARNING: Duplicate sequences found: 2

NOTE: Reduced alignment (with duplicates and gap-only sites/taxa removed) 
NOTE: was saved to: /home/shorigan/raxml-ng/T3.raxml.reduced.phy

Alignment comprises 1 partitions and 326 patterns

Partition 0: noname
Model: TPM2uf+FO+I+G4m
Alignment sites / patterns: 433 / 326
Gaps: 7.79 %
Invariant sites: 27.94 %


NOTE: Binary MSA file created: T3.raxml.rba

Parallelization scheme autoconfig: 1 worker(s) x 1 thread(s)

Parallel reduction/worker buffer size: 1 KB  / 0 KB

[00:00:00] Generating 10 random starting tree(s) with 67 taxa
[00:00:00] Generating 10 parsimony starting tree(s) with 67 taxa
[00:00:00] Data distribution: max. partitions/sites/weight per thread: 1 / 326 / 5216
[00:00:00] Data distribution: max. searches per worker: 1020

Starting ML tree search with 20 distinct starting trees

[00:00:10] ML tree search #1, logLikelihood: -13606.317319
[00:00:23] ML tree search #2, logLikelihood: -13606.649366
[00:00:37] ML tree search #3, logLikelihood: -13610.966667
[00:00:47] ML tree search #4, logLikelihood: -13608.775089
[00:00:57] ML tree search #5, logLikelihood: -13618.078063
[00:01:09] ML tree search #6, logLikelihood: -13610.691979
[00:01:22] ML tree search #7, logLikelihood: -13605.164702
[00:01:40] ML tree search #8, logLikelihood: -13605.960906
[00:01:51] ML tree search #9, logLikelihood: -13607.481375
[00:02:04] ML tree search #10, logLikelihood: -13609.515445
[00:02:18] ML tree search #11, logLikelihood: -13606.920684
[00:02:31] ML tree search #12, logLikelihood: -13612.919475
[00:02:49] ML tree search #13, logLikelihood: -13606.501910
[00:02:59] ML tree search #14, logLikelihood: -13609.194466
[00:03:15] ML tree search #15, logLikelihood: -13606.719792
[00:03:25] ML tree search #16, logLikelihood: -13612.527212
[00:03:35] ML tree search #17, logLikelihood: -13611.153378
[00:03:47] ML tree search #18, logLikelihood: -13606.320073
[00:04:09] ML tree search #19, logLikelihood: -13607.280859
[00:04:23] ML tree search #20, logLikelihood: -13606.504468

[00:04:23] ML tree search completed, best tree logLH: -13605.164702

[00:04:23] Starting bootstrapping analysis with 1000 replicates.

[00:04:31] Bootstrap tree #1, logLikelihood: -13465.377702
[00:04:41] Bootstrap tree #2, logLikelihood: -13599.206039
[00:04:47] Bootstrap tree #3, logLikelihood: -14252.673910
[00:04:57] Bootstrap tree #4, logLikelihood: -12811.039616
[00:05:06] Bootstrap tree #5, logLikelihood: -13056.211432
[00:05:15] Bootstrap tree #6, logLikelihood: -13266.869964
[00:05:31] Bootstrap tree #7, logLikelihood: -13050.339255
[00:05:38] Bootstrap tree #8, logLikelihood: -12881.299791
[00:05:46] Bootstrap tree #9, logLikelihood: -13295.144697
[00:05:56] Bootstrap tree #10, logLikelihood: -13738.481675
[00:06:11] Bootstrap tree #11, logLikelihood: -12636.803478
[00:06:23] Bootstrap tree #12, logLikelihood: -13224.516314
[00:06:32] Bootstrap tree #13, logLikelihood: -13540.436491
[00:06:39] Bootstrap tree #14, logLikelihood: -13785.954420
[00:06:51] Bootstrap tree #15, logLikelihood: -14213.941342
[00:07:01] Bootstrap tree #16, logLikelihood: -12490.042250
[00:07:15] Bootstrap tree #17, logLikelihood: -14822.508212
[00:07:23] Bootstrap tree #18, logLikelihood: -14509.608429
[00:07:38] Bootstrap tree #19, logLikelihood: -13793.637762
[00:07:46] Bootstrap tree #20, logLikelihood: -13960.253987
[00:07:54] Bootstrap tree #21, logLikelihood: -14187.045425
[00:08:08] Bootstrap tree #22, logLikelihood: -12486.848718
[00:08:18] Bootstrap tree #23, logLikelihood: -13845.941886
[00:08:25] Bootstrap tree #24, logLikelihood: -12901.193432
[00:08:36] Bootstrap tree #25, logLikelihood: -13789.428615
[00:08:45] Bootstrap tree #26, logLikelihood: -12231.094057
[00:08:53] Bootstrap tree #27, logLikelihood: -12062.931551
[00:09:05] Bootstrap tree #28, logLikelihood: -13095.311876
[00:09:18] Bootstrap tree #29, logLikelihood: -12608.618947
[00:09:32] Bootstrap tree #30, logLikelihood: -13784.521708
[00:09:39] Bootstrap tree #31, logLikelihood: -12908.678749
[00:09:48] Bootstrap tree #32, logLikelihood: -14131.217250
[00:09:55] Bootstrap tree #33, logLikelihood: -13386.264183
[00:10:04] Bootstrap tree #34, logLikelihood: -13777.427840
[00:10:10] Bootstrap tree #35, logLikelihood: -12413.731256
[00:10:19] Bootstrap tree #36, logLikelihood: -12561.572485
[00:10:26] Bootstrap tree #37, logLikelihood: -13662.668554
[00:10:38] Bootstrap tree #38, logLikelihood: -13563.825285
[00:10:46] Bootstrap tree #39, logLikelihood: -12768.163177
[00:10:53] Bootstrap tree #40, logLikelihood: -13671.820086
[00:11:05] Bootstrap tree #41, logLikelihood: -12549.051121
[00:11:15] Bootstrap tree #42, logLikelihood: -11943.294822
[00:11:30] Bootstrap tree #43, logLikelihood: -13483.437905
[00:11:40] Bootstrap tree #44, logLikelihood: -12801.103202
[00:11:49] Bootstrap tree #45, logLikelihood: -13017.413900
[00:12:00] Bootstrap tree #46, logLikelihood: -13928.060316
[00:12:17] Bootstrap tree #47, logLikelihood: -14040.319920
[00:12:25] Bootstrap tree #48, logLikelihood: -13018.385643
[00:12:33] Bootstrap tree #49, logLikelihood: -12636.766439
[00:12:41] Bootstrap tree #50, logLikelihood: -13755.557435
[00:12:50] Bootstrap tree #51, logLikelihood: -14638.287472
[00:13:03] Bootstrap tree #52, logLikelihood: -13493.678305
[00:13:15] Bootstrap tree #53, logLikelihood: -13766.846360
[00:13:31] Bootstrap tree #54, logLikelihood: -13435.135719
[00:13:40] Bootstrap tree #55, logLikelihood: -13022.321605
[00:13:46] Bootstrap tree #56, logLikelihood: -13936.773539
[00:13:53] Bootstrap tree #57, logLikelihood: -13548.489029
[00:14:05] Bootstrap tree #58, logLikelihood: -12969.224218
[00:14:13] Bootstrap tree #59, logLikelihood: -13301.284094
[00:14:22] Bootstrap tree #60, logLikelihood: -12984.105308
[00:14:31] Bootstrap tree #61, logLikelihood: -13190.910167
[00:14:38] Bootstrap tree #62, logLikelihood: -13550.379789
[00:14:46] Bootstrap tree #63, logLikelihood: -12856.635778
[00:14:56] Bootstrap tree #64, logLikelihood: -13531.598765
[00:15:08] Bootstrap tree #65, logLikelihood: -12731.216995
[00:15:17] Bootstrap tree #66, logLikelihood: -13244.828780
[00:15:28] Bootstrap tree #67, logLikelihood: -12037.113475
[00:15:36] Bootstrap tree #68, logLikelihood: -13954.241148
[00:15:45] Bootstrap tree #69, logLikelihood: -12770.552937
[00:15:59] Bootstrap tree #70, logLikelihood: -13359.051561
[00:16:11] Bootstrap tree #71, logLikelihood: -12999.353100
[00:16:18] Bootstrap tree #72, logLikelihood: -12160.233629
[00:16:30] Bootstrap tree #73, logLikelihood: -13675.449797
[00:16:41] Bootstrap tree #74, logLikelihood: -13525.129969
[00:16:53] Bootstrap tree #75, logLikelihood: -14019.083497
[00:17:01] Bootstrap tree #76, logLikelihood: -13496.669940
[00:17:13] Bootstrap tree #77, logLikelihood: -12267.904831
[00:17:24] Bootstrap tree #78, logLikelihood: -14359.047460
[00:17:31] Bootstrap tree #79, logLikelihood: -13237.722055
[00:17:41] Bootstrap tree #80, logLikelihood: -13816.582860
[00:17:49] Bootstrap tree #81, logLikelihood: -13464.281811
[00:18:06] Bootstrap tree #82, logLikelihood: -13080.657982
[00:18:14] Bootstrap tree #83, logLikelihood: -12836.876604
[00:18:22] Bootstrap tree #84, logLikelihood: -13728.535784
[00:18:29] Bootstrap tree #85, logLikelihood: -13413.765539
[00:18:37] Bootstrap tree #86, logLikelihood: -13401.666697
[00:18:45] Bootstrap tree #87, logLikelihood: -13636.916648
[00:18:51] Bootstrap tree #88, logLikelihood: -13015.169919
[00:19:06] Bootstrap tree #89, logLikelihood: -12602.134712
[00:19:13] Bootstrap tree #90, logLikelihood: -13082.433037
[00:19:21] Bootstrap tree #91, logLikelihood: -12777.975630
[00:19:29] Bootstrap tree #92, logLikelihood: -12971.605278
[00:19:37] Bootstrap tree #93, logLikelihood: -14117.929253
[00:19:45] Bootstrap tree #94, logLikelihood: -14201.209522
[00:19:52] Bootstrap tree #95, logLikelihood: -13174.733733
[00:19:58] Bootstrap tree #96, logLikelihood: -13858.279964
[00:20:06] Bootstrap tree #97, logLikelihood: -12880.557613
[00:20:21] Bootstrap tree #98, logLikelihood: -13959.092830
[00:20:28] Bootstrap tree #99, logLikelihood: -14085.410372
[00:20:42] Bootstrap tree #100, logLikelihood: -13389.057584
[00:20:51] Bootstrap tree #101, logLikelihood: -14300.221836
[00:20:58] Bootstrap tree #102, logLikelihood: -12755.107031
[00:21:11] Bootstrap tree #103, logLikelihood: -12493.438109
[00:21:18] Bootstrap tree #104, logLikelihood: -13269.268921
[00:21:28] Bootstrap tree #105, logLikelihood: -13681.462937
[00:21:38] Bootstrap tree #106, logLikelihood: -12839.770438
[00:21:46] Bootstrap tree #107, logLikelihood: -14302.243393
[00:22:00] Bootstrap tree #108, logLikelihood: -13143.863230
[00:22:09] Bootstrap tree #109, logLikelihood: -14164.587453
[00:22:16] Bootstrap tree #110, logLikelihood: -13764.017170
[00:22:26] Bootstrap tree #111, logLikelihood: -13223.950093
[00:22:34] Bootstrap tree #112, logLikelihood: -12487.269812
[00:22:41] Bootstrap tree #113, logLikelihood: -13704.987267
[00:22:51] Bootstrap tree #114, logLikelihood: -13605.240954
[00:22:58] Bootstrap tree #115, logLikelihood: -13086.734873
[00:23:06] Bootstrap tree #116, logLikelihood: -13802.165767
[00:23:16] Bootstrap tree #117, logLikelihood: -12945.391945
[00:23:30] Bootstrap tree #118, logLikelihood: -13768.352668
[00:23:39] Bootstrap tree #119, logLikelihood: -13243.268568
[00:23:48] Bootstrap tree #120, logLikelihood: -13780.795445
[00:23:57] Bootstrap tree #121, logLikelihood: -13576.831661
[00:24:07] Bootstrap tree #122, logLikelihood: -13504.034411
[00:24:16] Bootstrap tree #123, logLikelihood: -13757.142898
[00:24:32] Bootstrap tree #124, logLikelihood: -13923.911388
[00:24:40] Bootstrap tree #125, logLikelihood: -13759.108877
[00:24:53] Bootstrap tree #126, logLikelihood: -15550.548721
[00:25:01] Bootstrap tree #127, logLikelihood: -13247.232485
[00:25:11] Bootstrap tree #128, logLikelihood: -14403.631092
[00:25:19] Bootstrap tree #129, logLikelihood: -13147.183686
[00:25:31] Bootstrap tree #130, logLikelihood: -12671.229900
[00:25:39] Bootstrap tree #131, logLikelihood: -13572.717203
[00:25:48] Bootstrap tree #132, logLikelihood: -14204.409375
[00:26:01] Bootstrap tree #133, logLikelihood: -13590.508013
[00:26:08] Bootstrap tree #134, logLikelihood: -13598.329709
[00:26:15] Bootstrap tree #135, logLikelihood: -13694.493796
[00:26:21] Bootstrap tree #136, logLikelihood: -15504.361590
[00:26:36] Bootstrap tree #137, logLikelihood: -12681.643503
[00:26:45] Bootstrap tree #138, logLikelihood: -12897.121602
[00:26:55] Bootstrap tree #139, logLikelihood: -13736.631756
[00:27:03] Bootstrap tree #140, logLikelihood: -13684.905355
[00:27:13] Bootstrap tree #141, logLikelihood: -12344.848003
[00:27:21] Bootstrap tree #142, logLikelihood: -12524.459436
[00:27:28] Bootstrap tree #143, logLikelihood: -13488.200752
[00:27:41] Bootstrap tree #144, logLikelihood: -14317.864477
[00:27:50] Bootstrap tree #145, logLikelihood: -12873.188671
[00:27:58] Bootstrap tree #146, logLikelihood: -13167.778492
[00:28:12] Bootstrap tree #147, logLikelihood: -12925.600882
[00:28:18] Bootstrap tree #148, logLikelihood: -12770.768412
[00:28:27] Bootstrap tree #149, logLikelihood: -13196.935219
[00:28:36] Bootstrap tree #150, logLikelihood: -13029.916444
[00:28:45] Bootstrap tree #151, logLikelihood: -14805.459621
[00:28:52] Bootstrap tree #152, logLikelihood: -13256.258722
[00:28:59] Bootstrap tree #153, logLikelihood: -13791.433218
[00:29:09] Bootstrap tree #154, logLikelihood: -14030.719439
[00:29:18] Bootstrap tree #155, logLikelihood: -12433.502841
[00:29:27] Bootstrap tree #156, logLikelihood: -13829.701451
[00:29:37] Bootstrap tree #157, logLikelihood: -13439.964551
[00:29:45] Bootstrap tree #158, logLikelihood: -14056.792037
[00:29:53] Bootstrap tree #159, logLikelihood: -13818.334538
[00:30:11] Bootstrap tree #160, logLikelihood: -12891.484065
[00:30:19] Bootstrap tree #161, logLikelihood: -13686.349870
[00:30:28] Bootstrap tree #162, logLikelihood: -13806.544629
[00:30:40] Bootstrap tree #163, logLikelihood: -14095.211985
[00:30:49] Bootstrap tree #164, logLikelihood: -12631.602416
[00:30:59] Bootstrap tree #165, logLikelihood: -13176.584848
[00:31:08] Bootstrap tree #166, logLikelihood: -13774.839599
[00:31:14] Bootstrap tree #167, logLikelihood: -13896.820826
[00:31:23] Bootstrap tree #168, logLikelihood: -14323.809602
[00:31:34] Bootstrap tree #169, logLikelihood: -13501.354996
[00:31:52] Bootstrap tree #170, logLikelihood: -13504.507623
[00:31:59] Bootstrap tree #171, logLikelihood: -14102.836684
[00:32:06] Bootstrap tree #172, logLikelihood: -13132.224875
[00:32:16] Bootstrap tree #173, logLikelihood: -12947.542069
[00:32:27] Bootstrap tree #174, logLikelihood: -14341.293920
[00:32:36] Bootstrap tree #175, logLikelihood: -13796.874229
[00:32:44] Bootstrap tree #176, logLikelihood: -14548.832894
[00:32:54] Bootstrap tree #177, logLikelihood: -14364.914802
[00:33:02] Bootstrap tree #178, logLikelihood: -12780.814856
[00:33:09] Bootstrap tree #179, logLikelihood: -12506.932458
[00:33:17] Bootstrap tree #180, logLikelihood: -12525.777552
[00:33:25] Bootstrap tree #181, logLikelihood: -12429.934208
[00:33:33] Bootstrap tree #182, logLikelihood: -12752.003994
[00:33:41] Bootstrap tree #183, logLikelihood: -13825.330169
[00:33:49] Bootstrap tree #184, logLikelihood: -14177.632887
[00:33:57] Bootstrap tree #185, logLikelihood: -13438.849126
[00:34:04] Bootstrap tree #186, logLikelihood: -13038.444236
[00:34:15] Bootstrap tree #187, logLikelihood: -14029.248090
[00:34:27] Bootstrap tree #188, logLikelihood: -12915.898439
[00:34:38] Bootstrap tree #189, logLikelihood: -14370.496804
[00:34:46] Bootstrap tree #190, logLikelihood: -13051.082667
[00:34:53] Bootstrap tree #191, logLikelihood: -12698.020752
[00:35:03] Bootstrap tree #192, logLikelihood: -13943.858579
[00:35:15] Bootstrap tree #193, logLikelihood: -13436.951909
[00:35:23] Bootstrap tree #194, logLikelihood: -14921.352591
[00:35:29] Bootstrap tree #195, logLikelihood: -12856.705851
[00:35:37] Bootstrap tree #196, logLikelihood: -13974.272127
[00:35:46] Bootstrap tree #197, logLikelihood: -12817.829863
[00:35:55] Bootstrap tree #198, logLikelihood: -13061.236403
[00:36:04] Bootstrap tree #199, logLikelihood: -11972.583705
[00:36:13] Bootstrap tree #200, logLikelihood: -12973.033748
[00:36:22] Bootstrap tree #201, logLikelihood: -12729.010392
[00:36:30] Bootstrap tree #202, logLikelihood: -13435.894372
[00:36:41] Bootstrap tree #203, logLikelihood: -13191.941492
[00:36:47] Bootstrap tree #204, logLikelihood: -12121.075260
[00:36:56] Bootstrap tree #205, logLikelihood: -13125.592236
[00:37:05] Bootstrap tree #206, logLikelihood: -13163.383542
[00:37:14] Bootstrap tree #207, logLikelihood: -14541.359956
[00:37:21] Bootstrap tree #208, logLikelihood: -14324.430577
[00:37:28] Bootstrap tree #209, logLikelihood: -13786.853134
[00:37:40] Bootstrap tree #210, logLikelihood: -13469.552969
[00:37:50] Bootstrap tree #211, logLikelihood: -13741.421853
[00:38:06] Bootstrap tree #212, logLikelihood: -13211.913663
[00:38:15] Bootstrap tree #213, logLikelihood: -13113.772654
[00:38:21] Bootstrap tree #214, logLikelihood: -13806.471100
[00:38:29] Bootstrap tree #215, logLikelihood: -13996.853476
[00:38:37] Bootstrap tree #216, logLikelihood: -13476.732514
[00:38:52] Bootstrap tree #217, logLikelihood: -13205.296149
[00:39:04] Bootstrap tree #218, logLikelihood: -13838.530262
[00:39:12] Bootstrap tree #219, logLikelihood: -12965.529410
[00:39:20] Bootstrap tree #220, logLikelihood: -13574.693843
[00:39:29] Bootstrap tree #221, logLikelihood: -13734.663445
[00:39:39] Bootstrap tree #222, logLikelihood: -14831.185886
[00:39:53] Bootstrap tree #223, logLikelihood: -12892.329834
[00:40:09] Bootstrap tree #224, logLikelihood: -13256.377684
[00:40:17] Bootstrap tree #225, logLikelihood: -15304.289278
[00:40:25] Bootstrap tree #226, logLikelihood: -12544.501078
[00:40:34] Bootstrap tree #227, logLikelihood: -13646.687923
[00:40:45] Bootstrap tree #228, logLikelihood: -13146.991773
[00:41:01] Bootstrap tree #229, logLikelihood: -13754.635881
[00:41:13] Bootstrap tree #230, logLikelihood: -12431.139055
[00:41:30] Bootstrap tree #231, logLikelihood: -14421.643278
[00:41:40] Bootstrap tree #232, logLikelihood: -14127.205052
[00:41:50] Bootstrap tree #233, logLikelihood: -13230.855562
[00:42:08] Bootstrap tree #234, logLikelihood: -13376.625403
[00:42:21] Bootstrap tree #235, logLikelihood: -13171.627470
[00:42:29] Bootstrap tree #236, logLikelihood: -12994.865693
[00:42:37] Bootstrap tree #237, logLikelihood: -14316.054491
[00:42:50] Bootstrap tree #238, logLikelihood: -13282.998437
[00:42:58] Bootstrap tree #239, logLikelihood: -12817.565553
[00:43:06] Bootstrap tree #240, logLikelihood: -12876.205571
[00:43:15] Bootstrap tree #241, logLikelihood: -14357.403104
[00:43:22] Bootstrap tree #242, logLikelihood: -14366.651322
[00:43:36] Bootstrap tree #243, logLikelihood: -13797.588481
[00:43:47] Bootstrap tree #244, logLikelihood: -13383.724087
[00:43:56] Bootstrap tree #245, logLikelihood: -12631.237117
[00:44:13] Bootstrap tree #246, logLikelihood: -12154.712834
[00:44:23] Bootstrap tree #247, logLikelihood: -13897.052112
[00:44:30] Bootstrap tree #248, logLikelihood: -13274.257011
[00:44:39] Bootstrap tree #249, logLikelihood: -12391.182023
[00:44:52] Bootstrap tree #250, logLikelihood: -13816.056170
[00:45:02] Bootstrap tree #251, logLikelihood: -13382.220232
[00:45:16] Bootstrap tree #252, logLikelihood: -12935.076197
[00:45:29] Bootstrap tree #253, logLikelihood: -13281.928194
[00:45:36] Bootstrap tree #254, logLikelihood: -12337.804742
[00:45:48] Bootstrap tree #255, logLikelihood: -11995.953943
[00:45:58] Bootstrap tree #256, logLikelihood: -12808.413480
[00:46:08] Bootstrap tree #257, logLikelihood: -13775.236365
[00:46:17] Bootstrap tree #258, logLikelihood: -13365.735447
[00:46:25] Bootstrap tree #259, logLikelihood: -14081.883684
[00:46:34] Bootstrap tree #260, logLikelihood: -12733.297816
[00:46:42] Bootstrap tree #261, logLikelihood: -13164.336643
[00:46:58] Bootstrap tree #262, logLikelihood: -12966.894843
[00:47:10] Bootstrap tree #263, logLikelihood: -13001.687886
[00:47:22] Bootstrap tree #264, logLikelihood: -13959.443119
[00:47:37] Bootstrap tree #265, logLikelihood: -14569.712126
[00:47:44] Bootstrap tree #266, logLikelihood: -13353.035193
[00:47:54] Bootstrap tree #267, logLikelihood: -13699.015413
[00:48:10] Bootstrap tree #268, logLikelihood: -13388.510020
[00:48:20] Bootstrap tree #269, logLikelihood: -13482.566289
[00:48:27] Bootstrap tree #270, logLikelihood: -12974.125711
[00:48:40] Bootstrap tree #271, logLikelihood: -13734.972279
[00:48:51] Bootstrap tree #272, logLikelihood: -13646.938844
[00:49:00] Bootstrap tree #273, logLikelihood: -13289.227745
[00:49:09] Bootstrap tree #274, logLikelihood: -12812.751333
[00:49:18] Bootstrap tree #275, logLikelihood: -12826.455932
[00:49:27] Bootstrap tree #276, logLikelihood: -13221.876445
[00:49:34] Bootstrap tree #277, logLikelihood: -13026.206666
[00:49:42] Bootstrap tree #278, logLikelihood: -13606.212135
[00:49:53] Bootstrap tree #279, logLikelihood: -13287.464157
[00:50:05] Bootstrap tree #280, logLikelihood: -13414.509300
[00:50:13] Bootstrap tree #281, logLikelihood: -13688.916501
[00:50:23] Bootstrap tree #282, logLikelihood: -13142.636007
[00:50:32] Bootstrap tree #283, logLikelihood: -13280.842655
[00:50:41] Bootstrap tree #284, logLikelihood: -13335.379084
[00:50:50] Bootstrap tree #285, logLikelihood: -11998.021134
[00:50:59] Bootstrap tree #286, logLikelihood: -12775.889746
[00:51:07] Bootstrap tree #287, logLikelihood: -13341.366371
[00:51:16] Bootstrap tree #288, logLikelihood: -13468.207569
[00:51:25] Bootstrap tree #289, logLikelihood: -14064.104862
[00:51:33] Bootstrap tree #290, logLikelihood: -13417.315331
[00:51:40] Bootstrap tree #291, logLikelihood: -12823.791964
[00:51:50] Bootstrap tree #292, logLikelihood: -13884.082746
[00:52:00] Bootstrap tree #293, logLikelihood: -13601.085373
[00:52:12] Bootstrap tree #294, logLikelihood: -13704.613253
[00:52:20] Bootstrap tree #295, logLikelihood: -12802.311011
[00:52:29] Bootstrap tree #296, logLikelihood: -14651.419438
[00:52:38] Bootstrap tree #297, logLikelihood: -13014.868158
[00:52:48] Bootstrap tree #298, logLikelihood: -13592.080316
[00:52:56] Bootstrap tree #299, logLikelihood: -13670.605844
[00:53:05] Bootstrap tree #300, logLikelihood: -14251.311180
[00:53:17] Bootstrap tree #301, logLikelihood: -13323.202057
[00:53:25] Bootstrap tree #302, logLikelihood: -13885.456500
[00:53:35] Bootstrap tree #303, logLikelihood: -12826.866177
[00:53:43] Bootstrap tree #304, logLikelihood: -14063.894208
[00:53:53] Bootstrap tree #305, logLikelihood: -13861.537057
[00:54:00] Bootstrap tree #306, logLikelihood: -12388.649475
[00:54:12] Bootstrap tree #307, logLikelihood: -12616.363290
[00:54:26] Bootstrap tree #308, logLikelihood: -13227.129933
[00:54:33] Bootstrap tree #309, logLikelihood: -12575.440932
[00:54:46] Bootstrap tree #310, logLikelihood: -13619.990734
[00:54:54] Bootstrap tree #311, logLikelihood: -13318.046781
[00:55:03] Bootstrap tree #312, logLikelihood: -13435.322301
[00:55:14] Bootstrap tree #313, logLikelihood: -12921.543637
[00:55:23] Bootstrap tree #314, logLikelihood: -13126.566390
[00:55:29] Bootstrap tree #315, logLikelihood: -12970.562125
[00:55:38] Bootstrap tree #316, logLikelihood: -13274.806838
[00:55:50] Bootstrap tree #317, logLikelihood: -13342.251588
[00:56:01] Bootstrap tree #318, logLikelihood: -12548.819190
[00:56:13] Bootstrap tree #319, logLikelihood: -14164.553700
[00:56:23] Bootstrap tree #320, logLikelihood: -13277.662155
[00:56:34] Bootstrap tree #321, logLikelihood: -13822.581841
[00:56:42] Bootstrap tree #322, logLikelihood: -13217.016749
[00:56:50] Bootstrap tree #323, logLikelihood: -13756.655581
[00:56:58] Bootstrap tree #324, logLikelihood: -13886.833747
[00:57:06] Bootstrap tree #325, logLikelihood: -13429.912526
[00:57:15] Bootstrap tree #326, logLikelihood: -13084.614199
[00:57:23] Bootstrap tree #327, logLikelihood: -12588.011942
[00:57:32] Bootstrap tree #328, logLikelihood: -14190.232804
[00:57:43] Bootstrap tree #329, logLikelihood: -13781.918208
[00:57:54] Bootstrap tree #330, logLikelihood: -13647.081584
[00:58:07] Bootstrap tree #331, logLikelihood: -13794.705791
[00:58:17] Bootstrap tree #332, logLikelihood: -12288.195853
[00:58:28] Bootstrap tree #333, logLikelihood: -12724.911227
[00:58:36] Bootstrap tree #334, logLikelihood: -13554.057864
[00:58:47] Bootstrap tree #335, logLikelihood: -12310.699038
[00:58:56] Bootstrap tree #336, logLikelihood: -13329.752508
[00:59:04] Bootstrap tree #337, logLikelihood: -13203.753955
[00:59:13] Bootstrap tree #338, logLikelihood: -13239.711054
[00:59:22] Bootstrap tree #339, logLikelihood: -12934.658449
[00:59:32] Bootstrap tree #340, logLikelihood: -14192.039273
[00:59:41] Bootstrap tree #341, logLikelihood: -13576.148584
[00:59:51] Bootstrap tree #342, logLikelihood: -13860.806204
[01:00:02] Bootstrap tree #343, logLikelihood: -14403.373657
[01:00:10] Bootstrap tree #344, logLikelihood: -12326.730498
[01:00:20] Bootstrap tree #345, logLikelihood: -13803.960826
[01:00:28] Bootstrap tree #346, logLikelihood: -12818.801245
[01:00:39] Bootstrap tree #347, logLikelihood: -13006.140232
[01:00:53] Bootstrap tree #348, logLikelihood: -12864.048859
[01:01:06] Bootstrap tree #349, logLikelihood: -13592.445448
[01:01:16] Bootstrap tree #350, logLikelihood: -14057.693753
[01:01:25] Bootstrap tree #351, logLikelihood: -12596.048809
[01:01:36] Bootstrap tree #352, logLikelihood: -14224.738289
[01:01:46] Bootstrap tree #353, logLikelihood: -13634.165983
[01:01:59] Bootstrap tree #354, logLikelihood: -13558.108402
[01:02:10] Bootstrap tree #355, logLikelihood: -12885.535411
[01:02:20] Bootstrap tree #356, logLikelihood: -13389.844322
[01:02:30] Bootstrap tree #357, logLikelihood: -13283.456523
[01:02:40] Bootstrap tree #358, logLikelihood: -13782.155685
[01:02:47] Bootstrap tree #359, logLikelihood: -13502.550206
[01:02:58] Bootstrap tree #360, logLikelihood: -13357.402334
[01:03:07] Bootstrap tree #361, logLikelihood: -13149.833864
[01:03:15] Bootstrap tree #362, logLikelihood: -13333.351513
[01:03:25] Bootstrap tree #363, logLikelihood: -13144.369683
[01:03:35] Bootstrap tree #364, logLikelihood: -13258.954770
[01:03:52] Bootstrap tree #365, logLikelihood: -12483.684270
[01:04:08] Bootstrap tree #366, logLikelihood: -13674.524298
[01:04:14] Bootstrap tree #367, logLikelihood: -13484.439130
[01:04:24] Bootstrap tree #368, logLikelihood: -13435.602744
[01:04:32] Bootstrap tree #369, logLikelihood: -13717.882144
[01:04:45] Bootstrap tree #370, logLikelihood: -13330.135317
[01:04:54] Bootstrap tree #371, logLikelihood: -14236.500844
[01:05:02] Bootstrap tree #372, logLikelihood: -12563.486248
[01:05:11] Bootstrap tree #373, logLikelihood: -13855.750978
[01:05:19] Bootstrap tree #374, logLikelihood: -13434.314583
[01:05:29] Bootstrap tree #375, logLikelihood: -13427.662191
[01:05:37] Bootstrap tree #376, logLikelihood: -12964.544777
[01:05:45] Bootstrap tree #377, logLikelihood: -13702.361900
[01:05:58] Bootstrap tree #378, logLikelihood: -13670.789860
[01:06:08] Bootstrap tree #379, logLikelihood: -12512.164390
[01:06:18] Bootstrap tree #380, logLikelihood: -12836.723151
[01:06:34] Bootstrap tree #381, logLikelihood: -12861.991508
[01:06:45] Bootstrap tree #382, logLikelihood: -13563.833060
[01:06:54] Bootstrap tree #383, logLikelihood: -12881.896231
[01:07:04] Bootstrap tree #384, logLikelihood: -13286.747863
[01:07:12] Bootstrap tree #385, logLikelihood: -13394.094915
[01:07:21] Bootstrap tree #386, logLikelihood: -13754.879844
[01:07:34] Bootstrap tree #387, logLikelihood: -12706.409223
[01:07:46] Bootstrap tree #388, logLikelihood: -14194.562414
[01:07:54] Bootstrap tree #389, logLikelihood: -13816.435386
[01:08:04] Bootstrap tree #390, logLikelihood: -13249.634972
[01:08:13] Bootstrap tree #391, logLikelihood: -13116.242916
[01:08:22] Bootstrap tree #392, logLikelihood: -13229.942178
[01:08:33] Bootstrap tree #393, logLikelihood: -13333.957759
[01:08:42] Bootstrap tree #394, logLikelihood: -12722.558490
[01:08:50] Bootstrap tree #395, logLikelihood: -13812.444808
[01:09:02] Bootstrap tree #396, logLikelihood: -12553.970203
[01:09:10] Bootstrap tree #397, logLikelihood: -13811.343302
[01:09:20] Bootstrap tree #398, logLikelihood: -13523.437302
[01:09:30] Bootstrap tree #399, logLikelihood: -13299.671711
[01:09:39] Bootstrap tree #400, logLikelihood: -14289.885689
[01:09:49] Bootstrap tree #401, logLikelihood: -13924.135285
[01:10:00] Bootstrap tree #402, logLikelihood: -13690.965518
[01:10:12] Bootstrap tree #403, logLikelihood: -14056.060347
[01:10:20] Bootstrap tree #404, logLikelihood: -13134.172915
[01:10:37] Bootstrap tree #405, logLikelihood: -12798.146737
[01:10:45] Bootstrap tree #406, logLikelihood: -13174.947202
[01:10:54] Bootstrap tree #407, logLikelihood: -13736.486604
[01:11:02] Bootstrap tree #408, logLikelihood: -13630.865301
[01:11:16] Bootstrap tree #409, logLikelihood: -13997.714368
[01:11:28] Bootstrap tree #410, logLikelihood: -13143.957429
[01:11:37] Bootstrap tree #411, logLikelihood: -13074.653336
[01:11:49] Bootstrap tree #412, logLikelihood: -13236.308716
[01:12:05] Bootstrap tree #413, logLikelihood: -14492.509120
[01:12:15] Bootstrap tree #414, logLikelihood: -12976.587727
[01:12:22] Bootstrap tree #415, logLikelihood: -13355.122195
[01:12:31] Bootstrap tree #416, logLikelihood: -12536.585417
[01:12:43] Bootstrap tree #417, logLikelihood: -13575.600338
[01:12:52] Bootstrap tree #418, logLikelihood: -13912.636195
[01:13:04] Bootstrap tree #419, logLikelihood: -12745.907461
[01:13:15] Bootstrap tree #420, logLikelihood: -13397.465608
[01:13:23] Bootstrap tree #421, logLikelihood: -12810.822053
[01:13:31] Bootstrap tree #422, logLikelihood: -12527.986522
[01:13:38] Bootstrap tree #423, logLikelihood: -13688.019076
[01:13:47] Bootstrap tree #424, logLikelihood: -14237.290123
[01:14:00] Bootstrap tree #425, logLikelihood: -12427.925693
[01:14:08] Bootstrap tree #426, logLikelihood: -13514.325347
[01:14:16] Bootstrap tree #427, logLikelihood: -13642.842231
[01:14:24] Bootstrap tree #428, logLikelihood: -12152.374290
[01:14:34] Bootstrap tree #429, logLikelihood: -13468.926984
[01:14:46] Bootstrap tree #430, logLikelihood: -13874.682666
[01:14:55] Bootstrap tree #431, logLikelihood: -14057.292855
[01:15:12] Bootstrap tree #432, logLikelihood: -13114.880301
[01:15:21] Bootstrap tree #433, logLikelihood: -12833.649536
[01:15:30] Bootstrap tree #434, logLikelihood: -13487.756303
[01:15:40] Bootstrap tree #435, logLikelihood: -14257.957091
[01:15:49] Bootstrap tree #436, logLikelihood: -13160.038792
[01:15:57] Bootstrap tree #437, logLikelihood: -13545.373483
[01:16:05] Bootstrap tree #438, logLikelihood: -13379.161472
[01:16:18] Bootstrap tree #439, logLikelihood: -12919.326550
[01:16:27] Bootstrap tree #440, logLikelihood: -13335.819061
[01:16:34] Bootstrap tree #441, logLikelihood: -13024.594818
[01:16:46] Bootstrap tree #442, logLikelihood: -13701.694402
[01:16:55] Bootstrap tree #443, logLikelihood: -13379.604192
[01:17:06] Bootstrap tree #444, logLikelihood: -14121.109718
[01:17:13] Bootstrap tree #445, logLikelihood: -12567.740579
[01:17:22] Bootstrap tree #446, logLikelihood: -13215.096869
[01:17:30] Bootstrap tree #447, logLikelihood: -14346.220726
[01:17:40] Bootstrap tree #448, logLikelihood: -12433.678121
[01:17:51] Bootstrap tree #449, logLikelihood: -13262.922410
[01:18:09] Bootstrap tree #450, logLikelihood: -13096.615029
[01:18:23] Bootstrap tree #451, logLikelihood: -13003.586095
[01:18:30] Bootstrap tree #452, logLikelihood: -13465.629613
[01:18:45] Bootstrap tree #453, logLikelihood: -13118.672264
[01:18:54] Bootstrap tree #454, logLikelihood: -13059.264445
[01:19:00] Bootstrap tree #455, logLikelihood: -13694.633119
[01:19:07] Bootstrap tree #456, logLikelihood: -13635.218634
[01:19:17] Bootstrap tree #457, logLikelihood: -14727.594162
[01:19:29] Bootstrap tree #458, logLikelihood: -13588.322745
[01:19:39] Bootstrap tree #459, logLikelihood: -13037.975429
[01:19:51] Bootstrap tree #460, logLikelihood: -12640.655421
[01:20:03] Bootstrap tree #461, logLikelihood: -13381.516473
[01:20:19] Bootstrap tree #462, logLikelihood: -12828.489546
[01:20:28] Bootstrap tree #463, logLikelihood: -13041.105345
[01:20:38] Bootstrap tree #464, logLikelihood: -12193.115100
[01:20:46] Bootstrap tree #465, logLikelihood: -13362.842736
[01:20:54] Bootstrap tree #466, logLikelihood: -14143.634498
[01:21:03] Bootstrap tree #467, logLikelihood: -12928.222820
[01:21:18] Bootstrap tree #468, logLikelihood: -13224.118113
[01:21:27] Bootstrap tree #469, logLikelihood: -12403.801477
[01:21:35] Bootstrap tree #470, logLikelihood: -13959.919121
[01:21:43] Bootstrap tree #471, logLikelihood: -13773.455834
[01:21:50] Bootstrap tree #472, logLikelihood: -12136.089118
[01:22:01] Bootstrap tree #473, logLikelihood: -13651.095008
[01:22:15] Bootstrap tree #474, logLikelihood: -12674.998628
[01:22:23] Bootstrap tree #475, logLikelihood: -12385.229291
[01:22:34] Bootstrap tree #476, logLikelihood: -13460.712816
[01:22:46] Bootstrap tree #477, logLikelihood: -13903.309685
[01:22:54] Bootstrap tree #478, logLikelihood: -13760.558867
[01:23:04] Bootstrap tree #479, logLikelihood: -13027.988516
[01:23:13] Bootstrap tree #480, logLikelihood: -13403.858855
[01:23:21] Bootstrap tree #481, logLikelihood: -14151.064133
[01:23:31] Bootstrap tree #482, logLikelihood: -13415.035692
[01:23:44] Bootstrap tree #483, logLikelihood: -13344.671734
[01:23:56] Bootstrap tree #484, logLikelihood: -13229.770403
[01:24:07] Bootstrap tree #485, logLikelihood: -12509.243744
[01:24:15] Bootstrap tree #486, logLikelihood: -13592.264646
[01:24:23] Bootstrap tree #487, logLikelihood: -12392.297648
[01:24:30] Bootstrap tree #488, logLikelihood: -14652.808520
[01:24:38] Bootstrap tree #489, logLikelihood: -13436.734810
[01:24:47] Bootstrap tree #490, logLikelihood: -14283.670104
[01:24:55] Bootstrap tree #491, logLikelihood: -13567.927121
[01:25:05] Bootstrap tree #492, logLikelihood: -13814.514960
[01:25:17] Bootstrap tree #493, logLikelihood: -12765.734101
[01:25:26] Bootstrap tree #494, logLikelihood: -12816.269676
[01:25:34] Bootstrap tree #495, logLikelihood: -12929.950704
[01:25:44] Bootstrap tree #496, logLikelihood: -12952.103907
[01:25:54] Bootstrap tree #497, logLikelihood: -12742.627283
[01:26:06] Bootstrap tree #498, logLikelihood: -12944.353253
[01:26:17] Bootstrap tree #499, logLikelihood: -12917.330194
[01:26:33] Bootstrap tree #500, logLikelihood: -12735.293610
[01:26:43] Bootstrap tree #501, logLikelihood: -14374.791642
[01:26:54] Bootstrap tree #502, logLikelihood: -14094.589282
[01:27:06] Bootstrap tree #503, logLikelihood: -13498.514250
[01:27:13] Bootstrap tree #504, logLikelihood: -13528.285925
[01:27:22] Bootstrap tree #505, logLikelihood: -13171.757598
[01:27:30] Bootstrap tree #506, logLikelihood: -13227.410065
[01:27:38] Bootstrap tree #507, logLikelihood: -12476.456437
[01:27:47] Bootstrap tree #508, logLikelihood: -12396.404703
[01:27:58] Bootstrap tree #509, logLikelihood: -13728.142526
[01:28:07] Bootstrap tree #510, logLikelihood: -13040.093384
[01:28:17] Bootstrap tree #511, logLikelihood: -13457.375786
[01:28:27] Bootstrap tree #512, logLikelihood: -13323.162975
[01:28:34] Bootstrap tree #513, logLikelihood: -12496.623358
[01:28:44] Bootstrap tree #514, logLikelihood: -11980.259684
[01:28:59] Bootstrap tree #515, logLikelihood: -13408.446920
[01:29:12] Bootstrap tree #516, logLikelihood: -13457.972215
[01:29:28] Bootstrap tree #517, logLikelihood: -13894.474671
[01:29:37] Bootstrap tree #518, logLikelihood: -12814.141211
[01:29:50] Bootstrap tree #519, logLikelihood: -12915.875722
[01:29:59] Bootstrap tree #520, logLikelihood: -12911.716415
[01:30:08] Bootstrap tree #521, logLikelihood: -13025.209637
[01:30:15] Bootstrap tree #522, logLikelihood: -13505.247716
[01:30:22] Bootstrap tree #523, logLikelihood: -12457.389697
[01:30:31] Bootstrap tree #524, logLikelihood: -13280.417626
[01:30:39] Bootstrap tree #525, logLikelihood: -12418.640934
[01:30:52] Bootstrap tree #526, logLikelihood: -12946.452127
[01:31:04] Bootstrap tree #527, logLikelihood: -13327.494377
[01:31:12] Bootstrap tree #528, logLikelihood: -13340.988135
[01:31:21] Bootstrap tree #529, logLikelihood: -13133.870591
[01:31:33] Bootstrap tree #530, logLikelihood: -12985.009960
[01:31:42] Bootstrap tree #531, logLikelihood: -14432.972131
[01:31:50] Bootstrap tree #532, logLikelihood: -12596.060911
[01:31:58] Bootstrap tree #533, logLikelihood: -13126.686994
[01:32:09] Bootstrap tree #534, logLikelihood: -13195.966972
[01:32:19] Bootstrap tree #535, logLikelihood: -13349.379854
[01:32:26] Bootstrap tree #536, logLikelihood: -13211.795287
[01:32:35] Bootstrap tree #537, logLikelihood: -13569.156908
[01:32:46] Bootstrap tree #538, logLikelihood: -13448.946846
[01:32:55] Bootstrap tree #539, logLikelihood: -13604.887810
[01:33:05] Bootstrap tree #540, logLikelihood: -14177.997950
[01:33:14] Bootstrap tree #541, logLikelihood: -13149.415228
[01:33:23] Bootstrap tree #542, logLikelihood: -12919.744051
[01:33:35] Bootstrap tree #543, logLikelihood: -13643.165119
[01:33:44] Bootstrap tree #544, logLikelihood: -13394.567291
[01:34:00] Bootstrap tree #545, logLikelihood: -12915.763553
[01:34:12] Bootstrap tree #546, logLikelihood: -12800.444283
[01:34:20] Bootstrap tree #547, logLikelihood: -13869.651217
[01:34:29] Bootstrap tree #548, logLikelihood: -13186.686278
[01:34:45] Bootstrap tree #549, logLikelihood: -13852.614505
[01:34:59] Bootstrap tree #550, logLikelihood: -12976.319852
[01:35:08] Bootstrap tree #551, logLikelihood: -13787.147544
[01:35:27] Bootstrap tree #552, logLikelihood: -14182.745252
[01:35:37] Bootstrap tree #553, logLikelihood: -13816.248066
[01:35:48] Bootstrap tree #554, logLikelihood: -13277.591741
[01:35:55] Bootstrap tree #555, logLikelihood: -12442.968643
[01:36:05] Bootstrap tree #556, logLikelihood: -13689.124159
[01:36:14] Bootstrap tree #557, logLikelihood: -13216.728283
[01:36:23] Bootstrap tree #558, logLikelihood: -14066.002989
[01:36:37] Bootstrap tree #559, logLikelihood: -13716.754984
[01:36:47] Bootstrap tree #560, logLikelihood: -13296.448899
[01:36:57] Bootstrap tree #561, logLikelihood: -13332.898453
[01:37:06] Bootstrap tree #562, logLikelihood: -13637.078740
[01:37:16] Bootstrap tree #563, logLikelihood: -13107.271309
[01:37:30] Bootstrap tree #564, logLikelihood: -12879.464946
[01:37:40] Bootstrap tree #565, logLikelihood: -13059.851316
[01:37:51] Bootstrap tree #566, logLikelihood: -14358.444492
[01:38:01] Bootstrap tree #567, logLikelihood: -12481.157148
[01:38:10] Bootstrap tree #568, logLikelihood: -13631.209225
[01:38:18] Bootstrap tree #569, logLikelihood: -13125.349172
[01:38:25] Bootstrap tree #570, logLikelihood: -13015.259034
[01:38:35] Bootstrap tree #571, logLikelihood: -13080.339882
[01:38:44] Bootstrap tree #572, logLikelihood: -13391.266929
[01:38:52] Bootstrap tree #573, logLikelihood: -13418.764628
[01:39:06] Bootstrap tree #574, logLikelihood: -12682.927539
[01:39:15] Bootstrap tree #575, logLikelihood: -12113.931612
[01:39:23] Bootstrap tree #576, logLikelihood: -13517.013365
[01:39:38] Bootstrap tree #577, logLikelihood: -14200.187515
[01:39:48] Bootstrap tree #578, logLikelihood: -13497.889380
[01:39:56] Bootstrap tree #579, logLikelihood: -12611.052665
[01:40:13] Bootstrap tree #580, logLikelihood: -12844.594359
[01:40:23] Bootstrap tree #581, logLikelihood: -13363.770282
[01:40:35] Bootstrap tree #582, logLikelihood: -12459.560896
[01:40:44] Bootstrap tree #583, logLikelihood: -13265.721672
[01:40:53] Bootstrap tree #584, logLikelihood: -12788.790941
[01:41:03] Bootstrap tree #585, logLikelihood: -13814.312149
[01:41:18] Bootstrap tree #586, logLikelihood: -13059.030227
[01:41:26] Bootstrap tree #587, logLikelihood: -14335.970202
[01:41:36] Bootstrap tree #588, logLikelihood: -13190.216909
[01:41:51] Bootstrap tree #589, logLikelihood: -13656.378250
[01:42:01] Bootstrap tree #590, logLikelihood: -13486.422161
[01:42:10] Bootstrap tree #591, logLikelihood: -14160.536102
[01:42:18] Bootstrap tree #592, logLikelihood: -13591.368549
[01:42:26] Bootstrap tree #593, logLikelihood: -13731.920696
[01:42:39] Bootstrap tree #594, logLikelihood: -12836.782298
[01:42:53] Bootstrap tree #595, logLikelihood: -13383.316414
[01:43:01] Bootstrap tree #596, logLikelihood: -13717.134494
[01:43:12] Bootstrap tree #597, logLikelihood: -12982.612506
[01:43:22] Bootstrap tree #598, logLikelihood: -13017.109030
[01:43:32] Bootstrap tree #599, logLikelihood: -14508.029236
[01:43:40] Bootstrap tree #600, logLikelihood: -13321.288445
[01:43:48] Bootstrap tree #601, logLikelihood: -13980.102523
[01:43:56] Bootstrap tree #602, logLikelihood: -13697.238647
[01:44:12] Bootstrap tree #603, logLikelihood: -13685.930463
[01:44:22] Bootstrap tree #604, logLikelihood: -13605.723937
[01:44:31] Bootstrap tree #605, logLikelihood: -13077.230757
[01:44:39] Bootstrap tree #606, logLikelihood: -13956.879595
[01:44:49] Bootstrap tree #607, logLikelihood: -13105.383300
[01:44:58] Bootstrap tree #608, logLikelihood: -13837.735240
[01:45:12] Bootstrap tree #609, logLikelihood: -14026.298125
[01:45:26] Bootstrap tree #610, logLikelihood: -11707.596494
[01:45:36] Bootstrap tree #611, logLikelihood: -13123.545092
[01:45:45] Bootstrap tree #612, logLikelihood: -13563.930463
[01:45:53] Bootstrap tree #613, logLikelihood: -13729.754984
[01:46:02] Bootstrap tree #614, logLikelihood: -13465.307682
[01:46:11] Bootstrap tree #615, logLikelihood: -13878.187755
[01:46:24] Bootstrap tree #616, logLikelihood: -13676.981485
[01:46:34] Bootstrap tree #617, logLikelihood: -14233.679807
[01:46:44] Bootstrap tree #618, logLikelihood: -13165.660366
[01:46:54] Bootstrap tree #619, logLikelihood: -13375.184462
[01:47:11] Bootstrap tree #620, logLikelihood: -13795.568209
[01:47:21] Bootstrap tree #621, logLikelihood: -13130.599300
[01:47:32] Bootstrap tree #622, logLikelihood: -13064.238340
[01:47:43] Bootstrap tree #623, logLikelihood: -12965.565082
[01:47:54] Bootstrap tree #624, logLikelihood: -13049.790320
[01:48:06] Bootstrap tree #625, logLikelihood: -13709.947865
[01:48:17] Bootstrap tree #626, logLikelihood: -13344.281626
[01:48:26] Bootstrap tree #627, logLikelihood: -12312.612574
[01:48:34] Bootstrap tree #628, logLikelihood: -13760.550480
[01:48:45] Bootstrap tree #629, logLikelihood: -13962.627993
[01:48:54] Bootstrap tree #630, logLikelihood: -12271.958188
[01:49:01] Bootstrap tree #631, logLikelihood: -13492.919468
[01:49:10] Bootstrap tree #632, logLikelihood: -14321.524943
[01:49:18] Bootstrap tree #633, logLikelihood: -13943.714692
[01:49:28] Bootstrap tree #634, logLikelihood: -14122.225453
[01:49:36] Bootstrap tree #635, logLikelihood: -13695.021557
[01:49:45] Bootstrap tree #636, logLikelihood: -13171.992954
[01:49:53] Bootstrap tree #637, logLikelihood: -14328.844133
[01:50:05] Bootstrap tree #638, logLikelihood: -14347.095630
[01:50:14] Bootstrap tree #639, logLikelihood: -13834.302338
[01:50:22] Bootstrap tree #640, logLikelihood: -13152.998322
[01:50:32] Bootstrap tree #641, logLikelihood: -13439.657942
[01:50:44] Bootstrap tree #642, logLikelihood: -13861.608573
[01:50:53] Bootstrap tree #643, logLikelihood: -14538.531402
[01:51:03] Bootstrap tree #644, logLikelihood: -13882.356743
[01:51:11] Bootstrap tree #645, logLikelihood: -12849.013231
[01:51:20] Bootstrap tree #646, logLikelihood: -14368.298630
[01:51:27] Bootstrap tree #647, logLikelihood: -13050.902497
[01:51:35] Bootstrap tree #648, logLikelihood: -13747.467474
[01:51:45] Bootstrap tree #649, logLikelihood: -13569.254348
[01:51:52] Bootstrap tree #650, logLikelihood: -12693.364069
[01:52:01] Bootstrap tree #651, logLikelihood: -12146.541141
[01:52:12] Bootstrap tree #652, logLikelihood: -14992.136408
[01:52:20] Bootstrap tree #653, logLikelihood: -13592.309822
[01:52:30] Bootstrap tree #654, logLikelihood: -12688.026696
[01:52:38] Bootstrap tree #655, logLikelihood: -12847.624700
[01:52:48] Bootstrap tree #656, logLikelihood: -14556.212849
[01:52:58] Bootstrap tree #657, logLikelihood: -14258.738646
[01:53:11] Bootstrap tree #658, logLikelihood: -12787.544685
[01:53:21] Bootstrap tree #659, logLikelihood: -13267.977468
[01:53:31] Bootstrap tree #660, logLikelihood: -12871.094396
[01:53:40] Bootstrap tree #661, logLikelihood: -13201.621981
[01:53:50] Bootstrap tree #662, logLikelihood: -13623.626009
[01:53:59] Bootstrap tree #663, logLikelihood: -13504.440934
[01:54:15] Bootstrap tree #664, logLikelihood: -13404.556008
[01:54:22] Bootstrap tree #665, logLikelihood: -12793.247734
[01:54:32] Bootstrap tree #666, logLikelihood: -13475.836338
[01:54:45] Bootstrap tree #667, logLikelihood: -13068.861486
[01:54:56] Bootstrap tree #668, logLikelihood: -13201.298320
[01:55:07] Bootstrap tree #669, logLikelihood: -13452.574863
[01:55:17] Bootstrap tree #670, logLikelihood: -13328.440682
[01:55:31] Bootstrap tree #671, logLikelihood: -13429.004519
[01:55:40] Bootstrap tree #672, logLikelihood: -12904.215137
[01:55:49] Bootstrap tree #673, logLikelihood: -13508.570160
[01:56:00] Bootstrap tree #674, logLikelihood: -13518.617395
[01:56:11] Bootstrap tree #675, logLikelihood: -13570.177907
[01:56:22] Bootstrap tree #676, logLikelihood: -12747.958530
[01:56:30] Bootstrap tree #677, logLikelihood: -12661.063025
[01:56:41] Bootstrap tree #678, logLikelihood: -13395.456636
[01:56:52] Bootstrap tree #679, logLikelihood: -13624.154535
[01:57:02] Bootstrap tree #680, logLikelihood: -13628.778061
[01:57:13] Bootstrap tree #681, logLikelihood: -13339.981328
[01:57:20] Bootstrap tree #682, logLikelihood: -13102.362172
[01:57:32] Bootstrap tree #683, logLikelihood: -14451.546298
[01:57:42] Bootstrap tree #684, logLikelihood: -12988.763543
[01:58:03] Bootstrap tree #685, logLikelihood: -12726.362650
[01:58:25] Bootstrap tree #686, logLikelihood: -12893.573446
[01:58:37] Bootstrap tree #687, logLikelihood: -13847.840422
[01:58:46] Bootstrap tree #688, logLikelihood: -12168.622042
[01:58:55] Bootstrap tree #689, logLikelihood: -13964.409051
[01:59:05] Bootstrap tree #690, logLikelihood: -12581.818703
[01:59:20] Bootstrap tree #691, logLikelihood: -12887.654131
[01:59:33] Bootstrap tree #692, logLikelihood: -12885.759579
[01:59:42] Bootstrap tree #693, logLikelihood: -13628.597268
[01:59:53] Bootstrap tree #694, logLikelihood: -12774.143525
[02:00:00] Bootstrap tree #695, logLikelihood: -13925.790570
[02:00:09] Bootstrap tree #696, logLikelihood: -13982.086035
[02:00:20] Bootstrap tree #697, logLikelihood: -12841.336777
[02:00:28] Bootstrap tree #698, logLikelihood: -12973.188913
[02:00:42] Bootstrap tree #699, logLikelihood: -14053.293949
[02:00:52] Bootstrap tree #700, logLikelihood: -13699.469295
[02:01:02] Bootstrap tree #701, logLikelihood: -13639.367973
[02:01:14] Bootstrap tree #702, logLikelihood: -13344.646562
[02:01:23] Bootstrap tree #703, logLikelihood: -12837.462646
[02:01:30] Bootstrap tree #704, logLikelihood: -13872.456864
[02:01:45] Bootstrap tree #705, logLikelihood: -13572.647779
[02:01:55] Bootstrap tree #706, logLikelihood: -13409.251986
[02:02:06] Bootstrap tree #707, logLikelihood: -13526.363786
[02:02:16] Bootstrap tree #708, logLikelihood: -13174.538133
[02:02:24] Bootstrap tree #709, logLikelihood: -12338.862146
[02:02:33] Bootstrap tree #710, logLikelihood: -13149.332341
[02:02:41] Bootstrap tree #711, logLikelihood: -13568.488776
[02:02:52] Bootstrap tree #712, logLikelihood: -12158.869631
[02:03:00] Bootstrap tree #713, logLikelihood: -12299.326413
[02:03:11] Bootstrap tree #714, logLikelihood: -13379.619445
[02:03:19] Bootstrap tree #715, logLikelihood: -13250.893614
[02:03:37] Bootstrap tree #716, logLikelihood: -13143.641742
[02:03:49] Bootstrap tree #717, logLikelihood: -13623.400985
[02:03:59] Bootstrap tree #718, logLikelihood: -12487.324376
[02:04:09] Bootstrap tree #719, logLikelihood: -12398.438842
[02:04:21] Bootstrap tree #720, logLikelihood: -14032.791307
[02:04:37] Bootstrap tree #721, logLikelihood: -13808.544244
[02:04:58] Bootstrap tree #722, logLikelihood: -14004.367642
[02:05:12] Bootstrap tree #723, logLikelihood: -13340.152509
[02:05:26] Bootstrap tree #724, logLikelihood: -13392.973861
[02:05:35] Bootstrap tree #725, logLikelihood: -12636.037195
[02:05:45] Bootstrap tree #726, logLikelihood: -14852.574184
[02:05:54] Bootstrap tree #727, logLikelihood: -13799.450088
[02:06:04] Bootstrap tree #728, logLikelihood: -14345.355963
[02:06:16] Bootstrap tree #729, logLikelihood: -14680.984625
[02:06:27] Bootstrap tree #730, logLikelihood: -14159.883883
[02:06:35] Bootstrap tree #731, logLikelihood: -12298.504610
[02:06:44] Bootstrap tree #732, logLikelihood: -12597.456669
[02:06:57] Bootstrap tree #733, logLikelihood: -13542.649649
[02:07:10] Bootstrap tree #734, logLikelihood: -12354.450353
[02:07:24] Bootstrap tree #735, logLikelihood: -13361.148645
[02:07:34] Bootstrap tree #736, logLikelihood: -13426.130891
[02:07:44] Bootstrap tree #737, logLikelihood: -13596.292364
[02:07:57] Bootstrap tree #738, logLikelihood: -13518.503548
[02:08:08] Bootstrap tree #739, logLikelihood: -13951.721563
[02:08:16] Bootstrap tree #740, logLikelihood: -13943.507690
[02:08:26] Bootstrap tree #741, logLikelihood: -13956.821782
[02:08:34] Bootstrap tree #742, logLikelihood: -12892.772477
[02:08:46] Bootstrap tree #743, logLikelihood: -13934.553355
[02:08:55] Bootstrap tree #744, logLikelihood: -13248.874223
[02:09:04] Bootstrap tree #745, logLikelihood: -13413.332309
[02:09:15] Bootstrap tree #746, logLikelihood: -14311.649135
[02:09:23] Bootstrap tree #747, logLikelihood: -13306.887755
[02:09:32] Bootstrap tree #748, logLikelihood: -13572.943427
[02:09:40] Bootstrap tree #749, logLikelihood: -13666.435560
[02:09:56] Bootstrap tree #750, logLikelihood: -13829.248534
[02:10:04] Bootstrap tree #751, logLikelihood: -13408.809311
[02:10:12] Bootstrap tree #752, logLikelihood: -12717.268835
[02:10:21] Bootstrap tree #753, logLikelihood: -13337.213846
[02:10:29] Bootstrap tree #754, logLikelihood: -13234.092427
[02:10:40] Bootstrap tree #755, logLikelihood: -13497.533679
[02:10:49] Bootstrap tree #756, logLikelihood: -13285.384506
[02:11:03] Bootstrap tree #757, logLikelihood: -13466.684120
[02:11:13] Bootstrap tree #758, logLikelihood: -13854.697257
[02:11:21] Bootstrap tree #759, logLikelihood: -12806.858380
[02:11:29] Bootstrap tree #760, logLikelihood: -13039.003525
[02:11:37] Bootstrap tree #761, logLikelihood: -12896.157555
[02:11:46] Bootstrap tree #762, logLikelihood: -12909.995939
[02:11:54] Bootstrap tree #763, logLikelihood: -12392.966600
[02:12:02] Bootstrap tree #764, logLikelihood: -13963.322048
[02:12:11] Bootstrap tree #765, logLikelihood: -13769.151642
[02:12:19] Bootstrap tree #766, logLikelihood: -14389.072743
[02:12:29] Bootstrap tree #767, logLikelihood: -12819.454978
[02:12:39] Bootstrap tree #768, logLikelihood: -13306.725550
[02:12:49] Bootstrap tree #769, logLikelihood: -13020.559203
[02:13:03] Bootstrap tree #770, logLikelihood: -13451.288631
[02:13:13] Bootstrap tree #771, logLikelihood: -13177.343916
[02:13:25] Bootstrap tree #772, logLikelihood: -13554.092047
[02:13:33] Bootstrap tree #773, logLikelihood: -13276.357216
[02:13:43] Bootstrap tree #774, logLikelihood: -13473.833809
[02:13:54] Bootstrap tree #775, logLikelihood: -12252.404478
[02:14:08] Bootstrap tree #776, logLikelihood: -12913.025322
[02:14:17] Bootstrap tree #777, logLikelihood: -13087.885148
[02:14:27] Bootstrap tree #778, logLikelihood: -13672.672479
[02:14:35] Bootstrap tree #779, logLikelihood: -14099.661369
[02:14:43] Bootstrap tree #780, logLikelihood: -13420.729469
[02:14:55] Bootstrap tree #781, logLikelihood: -12774.771357
[02:15:06] Bootstrap tree #782, logLikelihood: -13562.251028
[02:15:18] Bootstrap tree #783, logLikelihood: -12720.060689
[02:15:32] Bootstrap tree #784, logLikelihood: -13103.392423
[02:15:49] Bootstrap tree #785, logLikelihood: -12941.163995
[02:15:56] Bootstrap tree #786, logLikelihood: -13398.826591
[02:16:04] Bootstrap tree #787, logLikelihood: -13415.646621
[02:16:13] Bootstrap tree #788, logLikelihood: -14541.542809
[02:16:27] Bootstrap tree #789, logLikelihood: -13834.681372
[02:16:37] Bootstrap tree #790, logLikelihood: -13582.377325
[02:16:52] Bootstrap tree #791, logLikelihood: -13685.632319
[02:17:05] Bootstrap tree #792, logLikelihood: -13647.623750
[02:17:16] Bootstrap tree #793, logLikelihood: -13907.078995
[02:17:25] Bootstrap tree #794, logLikelihood: -12998.784153
[02:17:36] Bootstrap tree #795, logLikelihood: -14579.425265
[02:17:44] Bootstrap tree #796, logLikelihood: -12984.358138
[02:17:53] Bootstrap tree #797, logLikelihood: -12948.200992
[02:18:11] Bootstrap tree #798, logLikelihood: -12817.926170
[02:18:21] Bootstrap tree #799, logLikelihood: -13076.316517
[02:18:30] Bootstrap tree #800, logLikelihood: -13543.750487
[02:18:44] Bootstrap tree #801, logLikelihood: -13369.962606
[02:18:57] Bootstrap tree #802, logLikelihood: -13999.398599
[02:19:06] Bootstrap tree #803, logLikelihood: -13519.425730
[02:19:15] Bootstrap tree #804, logLikelihood: -13477.356976
[02:19:25] Bootstrap tree #805, logLikelihood: -14419.380003
[02:19:35] Bootstrap tree #806, logLikelihood: -13438.253967
[02:19:45] Bootstrap tree #807, logLikelihood: -14633.808590
[02:19:54] Bootstrap tree #808, logLikelihood: -14189.378706
[02:20:02] Bootstrap tree #809, logLikelihood: -13905.769790
[02:20:13] Bootstrap tree #810, logLikelihood: -13135.460089
[02:20:25] Bootstrap tree #811, logLikelihood: -13741.353024
[02:20:38] Bootstrap tree #812, logLikelihood: -12595.143088
[02:20:55] Bootstrap tree #813, logLikelihood: -13271.083417
[02:21:04] Bootstrap tree #814, logLikelihood: -13285.339300
[02:21:14] Bootstrap tree #815, logLikelihood: -13465.119207
[02:21:24] Bootstrap tree #816, logLikelihood: -14200.800380
[02:21:33] Bootstrap tree #817, logLikelihood: -13306.382585
[02:21:44] Bootstrap tree #818, logLikelihood: -12702.452716
[02:21:53] Bootstrap tree #819, logLikelihood: -13359.190862
[02:22:03] Bootstrap tree #820, logLikelihood: -14164.824257
[02:22:12] Bootstrap tree #821, logLikelihood: -13723.651626
[02:22:31] Bootstrap tree #822, logLikelihood: -13588.380389
[02:22:39] Bootstrap tree #823, logLikelihood: -12875.890389
[02:22:47] Bootstrap tree #824, logLikelihood: -12977.050880
[02:22:58] Bootstrap tree #825, logLikelihood: -13860.658593
[02:23:09] Bootstrap tree #826, logLikelihood: -13606.872897
[02:23:19] Bootstrap tree #827, logLikelihood: -14585.450807
[02:23:34] Bootstrap tree #828, logLikelihood: -14209.467692
[02:23:44] Bootstrap tree #829, logLikelihood: -13132.294204
[02:23:51] Bootstrap tree #830, logLikelihood: -13114.238410
[02:24:00] Bootstrap tree #831, logLikelihood: -14798.434310
[02:24:09] Bootstrap tree #832, logLikelihood: -13312.788720
[02:24:18] Bootstrap tree #833, logLikelihood: -12700.611670
[02:24:27] Bootstrap tree #834, logLikelihood: -13266.978944
[02:24:39] Bootstrap tree #835, logLikelihood: -14347.778350
[02:24:52] Bootstrap tree #836, logLikelihood: -13634.842492
[02:25:02] Bootstrap tree #837, logLikelihood: -13287.642914
[02:25:11] Bootstrap tree #838, logLikelihood: -13958.767402
[02:25:20] Bootstrap tree #839, logLikelihood: -13167.361810
[02:25:31] Bootstrap tree #840, logLikelihood: -13224.494410
[02:25:39] Bootstrap tree #841, logLikelihood: -12964.199780
[02:25:49] Bootstrap tree #842, logLikelihood: -13453.148806
[02:26:04] Bootstrap tree #843, logLikelihood: -13429.506225
[02:26:12] Bootstrap tree #844, logLikelihood: -13818.966795
[02:26:24] Bootstrap tree #845, logLikelihood: -12745.504811
[02:26:38] Bootstrap tree #846, logLikelihood: -13648.016292
[02:26:45] Bootstrap tree #847, logLikelihood: -13876.309334
[02:26:55] Bootstrap tree #848, logLikelihood: -14119.914385
[02:27:08] Bootstrap tree #849, logLikelihood: -13624.367053
[02:27:17] Bootstrap tree #850, logLikelihood: -13552.031850
[02:27:27] Bootstrap tree #851, logLikelihood: -13981.988335
[02:27:34] Bootstrap tree #852, logLikelihood: -12821.747080
[02:27:45] Bootstrap tree #853, logLikelihood: -13657.552981
[02:28:01] Bootstrap tree #854, logLikelihood: -13326.066604
[02:28:12] Bootstrap tree #855, logLikelihood: -14060.454025
[02:28:19] Bootstrap tree #856, logLikelihood: -13061.675995
[02:28:29] Bootstrap tree #857, logLikelihood: -13498.812633
[02:28:41] Bootstrap tree #858, logLikelihood: -13323.623259
[02:28:52] Bootstrap tree #859, logLikelihood: -13791.580968
[02:29:07] Bootstrap tree #860, logLikelihood: -13165.878682
[02:29:18] Bootstrap tree #861, logLikelihood: -13222.304171
[02:29:29] Bootstrap tree #862, logLikelihood: -12643.461766
[02:29:36] Bootstrap tree #863, logLikelihood: -12717.605730
[02:29:46] Bootstrap tree #864, logLikelihood: -12830.613379
[02:30:01] Bootstrap tree #865, logLikelihood: -13489.356478
[02:30:11] Bootstrap tree #866, logLikelihood: -13986.671636
[02:30:20] Bootstrap tree #867, logLikelihood: -12292.062144
[02:30:29] Bootstrap tree #868, logLikelihood: -13707.828590
[02:30:46] Bootstrap tree #869, logLikelihood: -14097.737686
[02:30:55] Bootstrap tree #870, logLikelihood: -13705.408155
[02:31:06] Bootstrap tree #871, logLikelihood: -14228.384962
[02:31:15] Bootstrap tree #872, logLikelihood: -13023.179651
[02:31:24] Bootstrap tree #873, logLikelihood: -13615.408786
[02:31:33] Bootstrap tree #874, logLikelihood: -14492.740119
[02:31:41] Bootstrap tree #875, logLikelihood: -14541.820470
[02:31:56] Bootstrap tree #876, logLikelihood: -14846.477485
[02:32:05] Bootstrap tree #877, logLikelihood: -12631.270409
[02:32:15] Bootstrap tree #878, logLikelihood: -12645.119152
[02:32:28] Bootstrap tree #879, logLikelihood: -13984.267976
[02:32:41] Bootstrap tree #880, logLikelihood: -12753.826027
[02:32:51] Bootstrap tree #881, logLikelihood: -14159.000079
[02:33:03] Bootstrap tree #882, logLikelihood: -13082.180347
[02:33:11] Bootstrap tree #883, logLikelihood: -12380.616485
[02:33:21] Bootstrap tree #884, logLikelihood: -13067.479124
[02:33:31] Bootstrap tree #885, logLikelihood: -12294.953411
[02:33:44] Bootstrap tree #886, logLikelihood: -13667.451089
[02:33:56] Bootstrap tree #887, logLikelihood: -13048.191476
[02:34:03] Bootstrap tree #888, logLikelihood: -13830.528771
[02:34:21] Bootstrap tree #889, logLikelihood: -14182.882728
[02:34:38] Bootstrap tree #890, logLikelihood: -12921.225672
[02:34:47] Bootstrap tree #891, logLikelihood: -13663.642961
[02:34:54] Bootstrap tree #892, logLikelihood: -13175.736908
[02:35:04] Bootstrap tree #893, logLikelihood: -13722.188081
[02:35:15] Bootstrap tree #894, logLikelihood: -13728.715459
[02:35:24] Bootstrap tree #895, logLikelihood: -13906.452230
[02:35:36] Bootstrap tree #896, logLikelihood: -12995.423215
[02:35:46] Bootstrap tree #897, logLikelihood: -13625.099988
[02:35:56] Bootstrap tree #898, logLikelihood: -14136.072909
[02:36:07] Bootstrap tree #899, logLikelihood: -13604.787372
[02:36:16] Bootstrap tree #900, logLikelihood: -13122.381541
[02:36:25] Bootstrap tree #901, logLikelihood: -12773.109971
[02:36:42] Bootstrap tree #902, logLikelihood: -13167.480879
[02:36:53] Bootstrap tree #903, logLikelihood: -14352.932256
[02:37:01] Bootstrap tree #904, logLikelihood: -13105.785503
[02:37:09] Bootstrap tree #905, logLikelihood: -12888.772517
[02:37:19] Bootstrap tree #906, logLikelihood: -13311.654184
[02:37:27] Bootstrap tree #907, logLikelihood: -14817.882580
[02:37:35] Bootstrap tree #908, logLikelihood: -13015.297433
[02:37:47] Bootstrap tree #909, logLikelihood: -14120.551004
[02:37:56] Bootstrap tree #910, logLikelihood: -13320.074216
[02:38:06] Bootstrap tree #911, logLikelihood: -14786.828988
[02:38:18] Bootstrap tree #912, logLikelihood: -12602.934308
[02:38:26] Bootstrap tree #913, logLikelihood: -12955.206905
[02:38:37] Bootstrap tree #914, logLikelihood: -14110.307049
[02:38:45] Bootstrap tree #915, logLikelihood: -13229.722640
[02:38:59] Bootstrap tree #916, logLikelihood: -14062.213496
[02:39:11] Bootstrap tree #917, logLikelihood: -13447.468220
[02:39:19] Bootstrap tree #918, logLikelihood: -13066.351854
[02:39:28] Bootstrap tree #919, logLikelihood: -13529.373373
[02:39:39] Bootstrap tree #920, logLikelihood: -14208.649543
[02:39:48] Bootstrap tree #921, logLikelihood: -13787.483189
[02:39:57] Bootstrap tree #922, logLikelihood: -13556.647437
[02:40:05] Bootstrap tree #923, logLikelihood: -13492.595885
[02:40:16] Bootstrap tree #924, logLikelihood: -12572.186543
[02:40:27] Bootstrap tree #925, logLikelihood: -13978.063137
[02:40:34] Bootstrap tree #926, logLikelihood: -13638.503584
[02:40:45] Bootstrap tree #927, logLikelihood: -13622.653461
[02:40:55] Bootstrap tree #928, logLikelihood: -13757.894825
[02:41:05] Bootstrap tree #929, logLikelihood: -13549.846113
[02:41:17] Bootstrap tree #930, logLikelihood: -13721.460853
[02:41:26] Bootstrap tree #931, logLikelihood: -13192.274343
[02:41:35] Bootstrap tree #932, logLikelihood: -13687.491829
[02:41:46] Bootstrap tree #933, logLikelihood: -13937.376702
[02:41:56] Bootstrap tree #934, logLikelihood: -12878.753074
[02:42:08] Bootstrap tree #935, logLikelihood: -13106.769300
[02:42:15] Bootstrap tree #936, logLikelihood: -12775.317543
[02:42:25] Bootstrap tree #937, logLikelihood: -12505.390961
[02:42:36] Bootstrap tree #938, logLikelihood: -12031.888853
[02:42:44] Bootstrap tree #939, logLikelihood: -12995.680281
[02:43:01] Bootstrap tree #940, logLikelihood: -13802.510743
[02:43:14] Bootstrap tree #941, logLikelihood: -13315.588030
[02:43:23] Bootstrap tree #942, logLikelihood: -13266.837909
[02:43:31] Bootstrap tree #943, logLikelihood: -12552.966142
[02:43:40] Bootstrap tree #944, logLikelihood: -13647.544914
[02:43:48] Bootstrap tree #945, logLikelihood: -13703.278439
[02:43:57] Bootstrap tree #946, logLikelihood: -13026.844285
[02:44:05] Bootstrap tree #947, logLikelihood: -11979.391539
[02:44:13] Bootstrap tree #948, logLikelihood: -13596.310929
[02:44:22] Bootstrap tree #949, logLikelihood: -13929.173643
[02:44:33] Bootstrap tree #950, logLikelihood: -13517.367848
[02:44:46] Bootstrap tree #951, logLikelihood: -13837.490513
[02:44:58] Bootstrap tree #952, logLikelihood: -13074.976579
[02:45:08] Bootstrap tree #953, logLikelihood: -13483.358062
[02:45:15] Bootstrap tree #954, logLikelihood: -13035.249009
[02:45:25] Bootstrap tree #955, logLikelihood: -14087.366069
[02:45:40] Bootstrap tree #956, logLikelihood: -13771.793085
[02:45:48] Bootstrap tree #957, logLikelihood: -12344.995959
[02:46:01] Bootstrap tree #958, logLikelihood: -12233.960945
[02:46:18] Bootstrap tree #959, logLikelihood: -14041.768728
[02:46:27] Bootstrap tree #960, logLikelihood: -13221.993114
[02:46:35] Bootstrap tree #961, logLikelihood: -14571.618322
[02:46:51] Bootstrap tree #962, logLikelihood: -13605.863834
[02:47:00] Bootstrap tree #963, logLikelihood: -12488.540573
[02:47:09] Bootstrap tree #964, logLikelihood: -12665.448959
[02:47:15] Bootstrap tree #965, logLikelihood: -12957.437190
[02:47:30] Bootstrap tree #966, logLikelihood: -13463.919785
[02:47:38] Bootstrap tree #967, logLikelihood: -12857.490602
[02:47:46] Bootstrap tree #968, logLikelihood: -13327.548673
[02:47:54] Bootstrap tree #969, logLikelihood: -12933.441976
[02:48:01] Bootstrap tree #970, logLikelihood: -12793.744758
[02:48:09] Bootstrap tree #971, logLikelihood: -13920.157915
[02:48:19] Bootstrap tree #972, logLikelihood: -13535.233112
[02:48:30] Bootstrap tree #973, logLikelihood: -13699.945650
[02:48:39] Bootstrap tree #974, logLikelihood: -12931.137622
[02:48:51] Bootstrap tree #975, logLikelihood: -14120.508799
[02:49:07] Bootstrap tree #976, logLikelihood: -13643.077412
[02:49:25] Bootstrap tree #977, logLikelihood: -13836.272426
[02:49:41] Bootstrap tree #978, logLikelihood: -14613.476065
[02:49:53] Bootstrap tree #979, logLikelihood: -13253.416040
[02:50:19] Bootstrap tree #980, logLikelihood: -13365.293747
[02:50:34] Bootstrap tree #981, logLikelihood: -13207.467021
[02:50:47] Bootstrap tree #982, logLikelihood: -13977.412022
[02:51:00] Bootstrap tree #983, logLikelihood: -12867.700903
[02:51:13] Bootstrap tree #984, logLikelihood: -12364.054897
[02:51:22] Bootstrap tree #985, logLikelihood: -12519.014610
[02:51:36] Bootstrap tree #986, logLikelihood: -14040.151215
[02:51:45] Bootstrap tree #987, logLikelihood: -13608.475924
[02:52:05] Bootstrap tree #988, logLikelihood: -13590.516594
[02:52:12] Bootstrap tree #989, logLikelihood: -13480.859987
[02:52:28] Bootstrap tree #990, logLikelihood: -13265.684185
[02:52:40] Bootstrap tree #991, logLikelihood: -13055.228329
[02:52:52] Bootstrap tree #992, logLikelihood: -13019.353429
[02:53:01] Bootstrap tree #993, logLikelihood: -13251.107225
[02:53:16] Bootstrap tree #994, logLikelihood: -12260.536253
[02:53:25] Bootstrap tree #995, logLikelihood: -12577.624737
[02:53:34] Bootstrap tree #996, logLikelihood: -14551.799080
[02:53:42] Bootstrap tree #997, logLikelihood: -13508.660467
[02:54:02] Bootstrap tree #998, logLikelihood: -12745.009763
[02:54:12] Bootstrap tree #999, logLikelihood: -14235.787356
[02:54:24] Bootstrap tree #1000, logLikelihood: -13999.068161

Optimized model parameters:

   Partition 0: noname
   Rate heterogeneity: GAMMA (4 cats, mean),  alpha: 0.824860 (ML),  weights&rates: (0.250000,0.100837) (0.250000,0.416954) (0.250000,0.963612) (0.250000,2.518597) 
   P-inv (ML): 0.210402
   Base frequencies (ML): 0.266434 0.205626 0.217265 0.310675 
   Substitution rates (ML): 1.674866 3.643622 1.674866 1.000000 3.643622 1.000000 


Final LogLikelihood: -13605.164702

AIC score: 27486.329405 / AICc score: 27616.819201 / BIC score: 28048.091211
Free parameters (model + branch lengths): 138

WARNING: Best ML tree contains 1 near-zero branches!

Best ML tree with collapsed near-zero branches saved to: /home/shorigan/raxml-ng/T3.raxml.bestTreeCollapsed
Best ML tree saved to: /home/shorigan/raxml-ng/T3.raxml.bestTree
All ML trees saved to: /home/shorigan/raxml-ng/T3.raxml.mlTrees
Best ML tree with Felsenstein bootstrap (FBP) support values saved to: /home/shorigan/raxml-ng/T3.raxml.supportFBP
Best ML tree with Transfer bootstrap (TBE) support values saved to: /home/shorigan/raxml-ng/T3.raxml.supportTBE
Optimized model saved to: /home/shorigan/raxml-ng/T3.raxml.bestModel
Bootstrap trees saved to: /home/shorigan/raxml-ng/T3.raxml.bootstraps

Execution log saved to: /home/shorigan/raxml-ng/T3.raxml.log

Analysis started: 23-Aug-2022 12:27:00 / finished: 23-Aug-2022 15:21:25

Elapsed time: 10464.814 seconds

Consumed energy: 599.957 Wh (= 3 km in an electric car, or 15 km with an e-scooter!)

