
RAxML-NG v. 1.1.0-master released on 22.06.2022 by The Exelixis Lab.
Developed by: Alexey M. Kozlov and Alexandros Stamatakis.
Contributors: Diego Darriba, Tomas Flouri, Benoit Morel, Sarah Lutteropp, Ben Bettisworth.
Latest version: https://github.com/amkozlov/raxml-ng
Questions/problems/suggestions? Please visit: https://groups.google.com/forum/#!forum/raxml

System: Intel(R) Xeon(R) CPU E5-2680 v4 @ 2.40GHz, 28 cores, 62 GB RAM

RAxML-NG was called at 25-Aug-2022 09:36:09 as follows:

raxml-ng-mpi --bootstrap --msa alignment.phy --model TPM2uf+I+G4 --prefix T9 --seed 66 --threads 1 --bs-trees 100 --bs-metric fbp,tbe

Analysis options:
  run mode: Bootstrapping
  start tree(s): 
  bootstrap replicates: 100
  random seed: 66
  tip-inner: OFF
  pattern compression: ON
  per-rate scalers: OFF
  site repeats: ON
  branch lengths: proportional (ML estimate, algorithm: NR-FAST)
  SIMD kernels: AVX2
  parallelization: coarse-grained (auto), NONE/sequential

[00:00:00] Reading alignment from file: alignment.phy
[00:00:00] Loaded alignment with 67 taxa and 433 sites

WARNING: Sequences KY575646 and KY575674 are exactly identical!
WARNING: Sequences KY575647 and KY575651 are exactly identical!
WARNING: Duplicate sequences found: 2

NOTE: Reduced alignment (with duplicates and gap-only sites/taxa removed) 
NOTE: was saved to: /home/shorigan/raxml-ng/T9.raxml.reduced.phy

Alignment comprises 1 partitions and 326 patterns

Partition 0: noname
Model: TPM2uf+FO+I+G4m
Alignment sites / patterns: 433 / 326
Gaps: 7.79 %
Invariant sites: 27.94 %


NOTE: Binary MSA file created: T9.raxml.rba

Parallelization scheme autoconfig: 1 worker(s) x 1 thread(s)

Parallel reduction/worker buffer size: 1 KB  / 0 KB

[00:00:00] Data distribution: max. partitions/sites/weight per thread: 1 / 326 / 5216
[00:00:00] Data distribution: max. searches per worker: 100
[00:00:00] Starting bootstrapping analysis with 100 replicates.

[00:00:11] Bootstrap tree #1, logLikelihood: -13367.522166
[00:00:19] Bootstrap tree #2, logLikelihood: -13653.788184
[00:00:26] Bootstrap tree #3, logLikelihood: -13973.996750
[00:00:32] Bootstrap tree #4, logLikelihood: -12062.369701
[00:00:40] Bootstrap tree #5, logLikelihood: -13006.162007
[00:00:48] Bootstrap tree #6, logLikelihood: -12989.631136
[00:01:00] Bootstrap tree #7, logLikelihood: -13351.635128
[00:01:08] Bootstrap tree #8, logLikelihood: -12693.152829
[00:01:18] Bootstrap tree #9, logLikelihood: -13567.508561
[00:01:29] Bootstrap tree #10, logLikelihood: -13218.757970
[00:01:39] Bootstrap tree #11, logLikelihood: -13570.081018
[00:01:46] Bootstrap tree #12, logLikelihood: -13887.971724
[00:02:01] Bootstrap tree #13, logLikelihood: -13806.600826
[00:02:11] Bootstrap tree #14, logLikelihood: -13999.481350
[00:02:17] Bootstrap tree #15, logLikelihood: -13937.989005
[00:02:28] Bootstrap tree #16, logLikelihood: -13135.305952
[00:02:39] Bootstrap tree #17, logLikelihood: -13304.203084
[00:02:47] Bootstrap tree #18, logLikelihood: -13236.037112
[00:03:02] Bootstrap tree #19, logLikelihood: -13709.836399
[00:03:14] Bootstrap tree #20, logLikelihood: -13445.380718
[00:03:24] Bootstrap tree #21, logLikelihood: -13544.140777
[00:03:33] Bootstrap tree #22, logLikelihood: -13630.172946
[00:03:42] Bootstrap tree #23, logLikelihood: -13619.422076
[00:03:50] Bootstrap tree #24, logLikelihood: -13387.253482
[00:04:01] Bootstrap tree #25, logLikelihood: -13420.158973
[00:04:10] Bootstrap tree #26, logLikelihood: -13632.516512
[00:04:20] Bootstrap tree #27, logLikelihood: -12964.485668
[00:04:29] Bootstrap tree #28, logLikelihood: -14215.873277
[00:04:41] Bootstrap tree #29, logLikelihood: -12793.973768
[00:04:48] Bootstrap tree #30, logLikelihood: -12601.478076
[00:04:57] Bootstrap tree #31, logLikelihood: -14268.402258
[00:05:06] Bootstrap tree #32, logLikelihood: -14356.439716
[00:05:20] Bootstrap tree #33, logLikelihood: -13429.016846
[00:05:29] Bootstrap tree #34, logLikelihood: -14328.532455
[00:05:39] Bootstrap tree #35, logLikelihood: -13875.009156
[00:06:01] Bootstrap tree #36, logLikelihood: -12663.908149
[00:06:16] Bootstrap tree #37, logLikelihood: -13794.247075
[00:06:30] Bootstrap tree #38, logLikelihood: -12755.160506
[00:06:37] Bootstrap tree #39, logLikelihood: -13038.747044
[00:06:44] Bootstrap tree #40, logLikelihood: -12883.979126
[00:06:54] Bootstrap tree #41, logLikelihood: -12908.816813
[00:07:08] Bootstrap tree #42, logLikelihood: -14449.258856
[00:07:16] Bootstrap tree #43, logLikelihood: -13300.048268
[00:07:24] Bootstrap tree #44, logLikelihood: -13771.229912
[00:07:31] Bootstrap tree #45, logLikelihood: -12578.845547
[00:07:45] Bootstrap tree #46, logLikelihood: -13685.024387
[00:07:53] Bootstrap tree #47, logLikelihood: -12937.359158
[00:08:01] Bootstrap tree #48, logLikelihood: -13067.377161
[00:08:11] Bootstrap tree #49, logLikelihood: -14048.159977
[00:08:22] Bootstrap tree #50, logLikelihood: -13432.757565
[00:08:29] Bootstrap tree #51, logLikelihood: -13581.896239
[00:08:37] Bootstrap tree #52, logLikelihood: -12766.995900
[00:08:44] Bootstrap tree #53, logLikelihood: -12142.220369
[00:08:53] Bootstrap tree #54, logLikelihood: -13529.240900
[00:09:06] Bootstrap tree #55, logLikelihood: -14482.625530
[00:09:17] Bootstrap tree #56, logLikelihood: -13319.371161
[00:09:28] Bootstrap tree #57, logLikelihood: -13352.962444
[00:09:35] Bootstrap tree #58, logLikelihood: -13300.802353
[00:09:45] Bootstrap tree #59, logLikelihood: -13918.410006
[00:09:53] Bootstrap tree #60, logLikelihood: -14078.394190
[00:10:01] Bootstrap tree #61, logLikelihood: -13430.788323
[00:10:09] Bootstrap tree #62, logLikelihood: -13785.688760
[00:10:18] Bootstrap tree #63, logLikelihood: -13560.173818
[00:10:25] Bootstrap tree #64, logLikelihood: -14015.574512
[00:10:33] Bootstrap tree #65, logLikelihood: -13446.156097
[00:10:44] Bootstrap tree #66, logLikelihood: -13556.957799
[00:10:58] Bootstrap tree #67, logLikelihood: -13602.212354
[00:11:09] Bootstrap tree #68, logLikelihood: -13664.625529
[00:11:17] Bootstrap tree #69, logLikelihood: -13121.784368
[00:11:29] Bootstrap tree #70, logLikelihood: -13248.759169
[00:11:41] Bootstrap tree #71, logLikelihood: -13869.650337
[00:11:52] Bootstrap tree #72, logLikelihood: -13405.899461
[00:12:01] Bootstrap tree #73, logLikelihood: -14388.187937
[00:12:11] Bootstrap tree #74, logLikelihood: -13138.221565
[00:12:20] Bootstrap tree #75, logLikelihood: -14121.777160
[00:12:28] Bootstrap tree #76, logLikelihood: -13876.444571
[00:12:37] Bootstrap tree #77, logLikelihood: -13957.237230
[00:12:48] Bootstrap tree #78, logLikelihood: -12890.492257
[00:12:57] Bootstrap tree #79, logLikelihood: -13923.861027
[00:13:06] Bootstrap tree #80, logLikelihood: -14139.120074
[00:13:16] Bootstrap tree #81, logLikelihood: -13310.113259
[00:13:24] Bootstrap tree #82, logLikelihood: -13374.401564
[00:13:32] Bootstrap tree #83, logLikelihood: -12469.631750
[00:13:46] Bootstrap tree #84, logLikelihood: -13768.279838
[00:13:54] Bootstrap tree #85, logLikelihood: -12263.133810
[00:14:03] Bootstrap tree #86, logLikelihood: -12755.367715
[00:14:12] Bootstrap tree #87, logLikelihood: -13392.926344
[00:14:24] Bootstrap tree #88, logLikelihood: -12442.793943
[00:14:31] Bootstrap tree #89, logLikelihood: -13605.543890
[00:14:40] Bootstrap tree #90, logLikelihood: -13135.897823
[00:14:47] Bootstrap tree #91, logLikelihood: -13792.148312
[00:15:02] Bootstrap tree #92, logLikelihood: -14275.201746
[00:15:10] Bootstrap tree #93, logLikelihood: -11626.353306
[00:15:21] Bootstrap tree #94, logLikelihood: -13587.158303
[00:15:29] Bootstrap tree #95, logLikelihood: -14217.344464
[00:15:40] Bootstrap tree #96, logLikelihood: -12858.351320
[00:15:48] Bootstrap tree #97, logLikelihood: -13436.170243
[00:15:57] Bootstrap tree #98, logLikelihood: -13448.724308
[00:16:05] Bootstrap tree #99, logLikelihood: -12496.838587
[00:16:11] Bootstrap tree #100, logLikelihood: -12621.168325

Bootstrap trees saved to: /home/shorigan/raxml-ng/T9.raxml.bootstraps

Execution log saved to: /home/shorigan/raxml-ng/T9.raxml.log

Analysis started: 25-Aug-2022 09:36:09 / finished: 25-Aug-2022 09:52:21

Elapsed time: 971.806 seconds

Consumed energy: 39.785 Wh

