
RAxML-NG v. 1.1.0-master released on 22.06.2022 by The Exelixis Lab.
Developed by: Alexey M. Kozlov and Alexandros Stamatakis.
Contributors: Diego Darriba, Tomas Flouri, Benoit Morel, Sarah Lutteropp, Ben Bettisworth.
Latest version: https://github.com/amkozlov/raxml-ng
Questions/problems/suggestions? Please visit: https://groups.google.com/forum/#!forum/raxml

System: Intel(R) Xeon(R) CPU E5-2680 v4 @ 2.40GHz, 28 cores, 62 GB RAM

RAxML-NG was called at 07-Sep-2022 13:43:02 as follows:

raxml-ng-mpi --all --msa alignment.phy --model TVM+I+G4 --prefix T3 --seed 2 --threads 6 --bs-trees 1000 --bs-metric fbp,tbe

Analysis options:
  run mode: ML tree search + bootstrapping (Felsenstein Bootstrap + Transfer Bootstrap)
  start tree(s): random (10) + parsimony (10)
  bootstrap replicates: 1000
  random seed: 2
  tip-inner: OFF
  pattern compression: ON
  per-rate scalers: OFF
  site repeats: ON
  branch lengths: proportional (ML estimate, algorithm: NR-FAST)
  SIMD kernels: AVX2
  parallelization: coarse-grained (auto), PTHREADS (6 threads), thread pinning: ON

[00:00:01] Reading alignment from file: alignment.phy
[00:00:01] Loaded alignment with 44 taxa and 9676 sites

Alignment comprises 1 partitions and 8324 patterns

Partition 0: noname
Model: TVM+FO+I+G4m
Alignment sites / patterns: 9676 / 8324
Gaps: 32.40 %
Invariant sites: 15.69 %


NOTE: Binary MSA file already exists: T3.raxml.rba

Parallelization scheme autoconfig: 1 worker(s) x 6 thread(s)

Error calling pthread_setaffinity_np: 22
Error calling pthread_setaffinity_np: 22
Error calling pthread_setaffinity_np: 22
Error calling pthread_setaffinity_np: 22
Error calling pthread_setaffinity_np: 22
Error calling pthread_setaffinity_np: 22
Parallel reduction/worker buffer size: 1 KB  / 0 KB

[00:00:01] Generating 10 random starting tree(s) with 44 taxa
[00:00:01] Generating 10 parsimony starting tree(s) with 44 taxa
[00:00:01] Data distribution: max. partitions/sites/weight per thread: 1 / 1388 / 22208
[00:00:02] Data distribution: max. searches per worker: 1020

Starting ML tree search with 20 distinct starting trees

[00:00:39] ML tree search #1, logLikelihood: -264569.582772
[00:01:12] ML tree search #2, logLikelihood: -264569.584565
[00:01:50] ML tree search #3, logLikelihood: -264569.587526
[00:02:24] ML tree search #4, logLikelihood: -264569.583627
[00:02:52] ML tree search #5, logLikelihood: -264569.580032
[00:03:25] ML tree search #6, logLikelihood: -264569.581796
[00:03:58] ML tree search #7, logLikelihood: -264569.580257
[00:04:35] ML tree search #8, logLikelihood: -264569.588809
[00:05:03] ML tree search #9, logLikelihood: -264569.581846
[00:05:40] ML tree search #10, logLikelihood: -264569.582339
[00:06:03] ML tree search #11, logLikelihood: -264569.573223
[00:06:27] ML tree search #12, logLikelihood: -264569.573453
[00:06:47] ML tree search #13, logLikelihood: -264569.571980
[00:07:13] ML tree search #14, logLikelihood: -264569.571716
[00:07:37] ML tree search #15, logLikelihood: -264569.574249
[00:07:58] ML tree search #16, logLikelihood: -264569.571685
[00:08:24] ML tree search #17, logLikelihood: -264569.571544
[00:08:46] ML tree search #18, logLikelihood: -264569.573108
[00:09:10] ML tree search #19, logLikelihood: -264569.572758
[00:09:33] ML tree search #20, logLikelihood: -264569.571805

[00:09:33] ML tree search completed, best tree logLH: -264569.571544

[00:09:33] Starting bootstrapping analysis with 1000 replicates.

[00:09:52] Bootstrap tree #1, logLikelihood: -265536.789049
[00:10:18] Bootstrap tree #2, logLikelihood: -268265.513579
[00:10:42] Bootstrap tree #3, logLikelihood: -266823.240878
[00:11:07] Bootstrap tree #4, logLikelihood: -266482.139773
[00:11:30] Bootstrap tree #5, logLikelihood: -264576.929964
[00:11:52] Bootstrap tree #6, logLikelihood: -262655.850120
[00:12:13] Bootstrap tree #7, logLikelihood: -265583.813433
[00:12:35] Bootstrap tree #8, logLikelihood: -264460.280748
[00:12:54] Bootstrap tree #9, logLikelihood: -265028.449054
[00:13:18] Bootstrap tree #10, logLikelihood: -263667.400088
[00:13:40] Bootstrap tree #11, logLikelihood: -264427.548542
[00:14:05] Bootstrap tree #12, logLikelihood: -263651.137192
[00:14:27] Bootstrap tree #13, logLikelihood: -261525.547991
[00:14:54] Bootstrap tree #14, logLikelihood: -261975.581021
[00:15:14] Bootstrap tree #15, logLikelihood: -262066.085912
[00:15:35] Bootstrap tree #16, logLikelihood: -263340.145663
[00:15:54] Bootstrap tree #17, logLikelihood: -264032.847387
[00:16:13] Bootstrap tree #18, logLikelihood: -265166.182399
[00:16:32] Bootstrap tree #19, logLikelihood: -262039.938964
[00:16:53] Bootstrap tree #20, logLikelihood: -263579.933568
[00:17:12] Bootstrap tree #21, logLikelihood: -263995.408350
[00:17:31] Bootstrap tree #22, logLikelihood: -265364.846212
[00:17:51] Bootstrap tree #23, logLikelihood: -264924.100052
[00:18:16] Bootstrap tree #24, logLikelihood: -263940.775714
[00:18:46] Bootstrap tree #25, logLikelihood: -261368.605305
[00:19:05] Bootstrap tree #26, logLikelihood: -262970.725790
[00:19:24] Bootstrap tree #27, logLikelihood: -261864.565667
[00:19:49] Bootstrap tree #28, logLikelihood: -263526.534589
[00:20:10] Bootstrap tree #29, logLikelihood: -261259.467867
[00:20:31] Bootstrap tree #30, logLikelihood: -267307.024431
[00:20:53] Bootstrap tree #31, logLikelihood: -263326.506117
[00:21:16] Bootstrap tree #32, logLikelihood: -260318.961192
[00:21:37] Bootstrap tree #33, logLikelihood: -266876.485727
[00:21:54] Bootstrap tree #34, logLikelihood: -262232.178874
[00:22:20] Bootstrap tree #35, logLikelihood: -263314.166592
[00:22:37] Bootstrap tree #36, logLikelihood: -261781.793705
[00:22:59] Bootstrap tree #37, logLikelihood: -264945.601617
[00:23:19] Bootstrap tree #38, logLikelihood: -264006.566716
[00:23:42] Bootstrap tree #39, logLikelihood: -264513.564202
[00:24:06] Bootstrap tree #40, logLikelihood: -267281.151250
[00:24:27] Bootstrap tree #41, logLikelihood: -260713.188679
[00:24:49] Bootstrap tree #42, logLikelihood: -266297.302899
[00:25:08] Bootstrap tree #43, logLikelihood: -265135.010994
[00:25:34] Bootstrap tree #44, logLikelihood: -268002.897307
[00:25:52] Bootstrap tree #45, logLikelihood: -265071.245747
[00:26:16] Bootstrap tree #46, logLikelihood: -263889.131606
[00:26:38] Bootstrap tree #47, logLikelihood: -265496.940553
[00:27:01] Bootstrap tree #48, logLikelihood: -267331.981005
[00:27:22] Bootstrap tree #49, logLikelihood: -261801.200614
[00:27:41] Bootstrap tree #50, logLikelihood: -264952.714622
[00:28:01] Bootstrap tree #51, logLikelihood: -263794.990777
[00:28:25] Bootstrap tree #52, logLikelihood: -266208.554301
[00:28:49] Bootstrap tree #53, logLikelihood: -264835.653641
[00:29:12] Bootstrap tree #54, logLikelihood: -260861.810040
[00:29:36] Bootstrap tree #55, logLikelihood: -268525.569820
[00:29:56] Bootstrap tree #56, logLikelihood: -264321.708425
[00:30:18] Bootstrap tree #57, logLikelihood: -263276.231119
[00:30:41] Bootstrap tree #58, logLikelihood: -265068.437420
[00:30:58] Bootstrap tree #59, logLikelihood: -265791.938498
[00:31:17] Bootstrap tree #60, logLikelihood: -264919.864562
[00:31:39] Bootstrap tree #61, logLikelihood: -261989.691637
[00:31:58] Bootstrap tree #62, logLikelihood: -263941.841485
[00:32:16] Bootstrap tree #63, logLikelihood: -264650.949865
[00:32:38] Bootstrap tree #64, logLikelihood: -262815.640162
[00:33:01] Bootstrap tree #65, logLikelihood: -264395.613622
[00:33:19] Bootstrap tree #66, logLikelihood: -266003.437846
[00:33:42] Bootstrap tree #67, logLikelihood: -262739.505468
[00:34:04] Bootstrap tree #68, logLikelihood: -266591.839179
[00:34:25] Bootstrap tree #69, logLikelihood: -262892.020598
[00:34:51] Bootstrap tree #70, logLikelihood: -259073.895612
[00:35:14] Bootstrap tree #71, logLikelihood: -265710.684337
[00:35:38] Bootstrap tree #72, logLikelihood: -263028.256996
[00:35:54] Bootstrap tree #73, logLikelihood: -262790.470925
[00:36:18] Bootstrap tree #74, logLikelihood: -263615.444293
[00:36:41] Bootstrap tree #75, logLikelihood: -261490.390535
[00:37:03] Bootstrap tree #76, logLikelihood: -268309.139870
[00:37:28] Bootstrap tree #77, logLikelihood: -264155.560031
[00:37:53] Bootstrap tree #78, logLikelihood: -265880.132081
[00:38:19] Bootstrap tree #79, logLikelihood: -265186.723144
[00:38:37] Bootstrap tree #80, logLikelihood: -266651.243181
[00:38:57] Bootstrap tree #81, logLikelihood: -265147.288026
[00:39:21] Bootstrap tree #82, logLikelihood: -265067.558480
[00:39:49] Bootstrap tree #83, logLikelihood: -263598.353788
[00:40:07] Bootstrap tree #84, logLikelihood: -267316.269793
[00:40:28] Bootstrap tree #85, logLikelihood: -262997.951596
[00:40:50] Bootstrap tree #86, logLikelihood: -265827.814823
[00:41:15] Bootstrap tree #87, logLikelihood: -265662.586278
[00:41:32] Bootstrap tree #88, logLikelihood: -266820.814266
[00:41:50] Bootstrap tree #89, logLikelihood: -264394.258004
[00:42:10] Bootstrap tree #90, logLikelihood: -264153.656648
[00:42:33] Bootstrap tree #91, logLikelihood: -266639.697545
[00:42:56] Bootstrap tree #92, logLikelihood: -266710.359187
[00:43:15] Bootstrap tree #93, logLikelihood: -265451.538733
[00:43:35] Bootstrap tree #94, logLikelihood: -265598.965346
[00:43:55] Bootstrap tree #95, logLikelihood: -263696.542950
[00:44:18] Bootstrap tree #96, logLikelihood: -266015.905252
[00:44:40] Bootstrap tree #97, logLikelihood: -264677.954378
[00:45:04] Bootstrap tree #98, logLikelihood: -264756.727190
[00:45:27] Bootstrap tree #99, logLikelihood: -267798.012568
[00:45:51] Bootstrap tree #100, logLikelihood: -264214.937578
[00:46:12] Bootstrap tree #101, logLikelihood: -266314.653545
[00:46:31] Bootstrap tree #102, logLikelihood: -264382.013085
[00:46:50] Bootstrap tree #103, logLikelihood: -264192.612332
[00:47:11] Bootstrap tree #104, logLikelihood: -263112.138316
[00:47:33] Bootstrap tree #105, logLikelihood: -261780.803591
[00:47:52] Bootstrap tree #106, logLikelihood: -262693.999252
[00:48:15] Bootstrap tree #107, logLikelihood: -267153.032260
[00:48:39] Bootstrap tree #108, logLikelihood: -265026.378366
[00:49:02] Bootstrap tree #109, logLikelihood: -263373.680414
[00:49:27] Bootstrap tree #110, logLikelihood: -267872.243454
[00:49:48] Bootstrap tree #111, logLikelihood: -265489.328780
[00:50:10] Bootstrap tree #112, logLikelihood: -268890.290745
[00:50:37] Bootstrap tree #113, logLikelihood: -265307.262453
[00:50:55] Bootstrap tree #114, logLikelihood: -264939.157957
[00:51:13] Bootstrap tree #115, logLikelihood: -266114.955213
[00:51:39] Bootstrap tree #116, logLikelihood: -264874.610159
[00:52:01] Bootstrap tree #117, logLikelihood: -264013.510491
[00:52:21] Bootstrap tree #118, logLikelihood: -263437.087541
[00:52:45] Bootstrap tree #119, logLikelihood: -266202.020688
[00:53:04] Bootstrap tree #120, logLikelihood: -263113.994909
[00:53:25] Bootstrap tree #121, logLikelihood: -264860.859992
[00:53:51] Bootstrap tree #122, logLikelihood: -268475.243882
[00:54:16] Bootstrap tree #123, logLikelihood: -262855.466833
[00:54:32] Bootstrap tree #124, logLikelihood: -262409.417537
[00:54:51] Bootstrap tree #125, logLikelihood: -265357.565649
[00:55:14] Bootstrap tree #126, logLikelihood: -263237.706598
[00:55:36] Bootstrap tree #127, logLikelihood: -267239.903279
[00:55:55] Bootstrap tree #128, logLikelihood: -265561.750013
[00:56:19] Bootstrap tree #129, logLikelihood: -262123.688494
[00:56:37] Bootstrap tree #130, logLikelihood: -265093.767450
[00:56:55] Bootstrap tree #131, logLikelihood: -267675.157862
[00:57:14] Bootstrap tree #132, logLikelihood: -265359.022140
[00:57:35] Bootstrap tree #133, logLikelihood: -261728.993094
[00:57:58] Bootstrap tree #134, logLikelihood: -263301.748053
[00:58:17] Bootstrap tree #135, logLikelihood: -265497.787028
[00:58:37] Bootstrap tree #136, logLikelihood: -264334.206312
[00:58:59] Bootstrap tree #137, logLikelihood: -261838.637988
[00:59:23] Bootstrap tree #138, logLikelihood: -262514.594286
[00:59:43] Bootstrap tree #139, logLikelihood: -264204.989490
[01:00:03] Bootstrap tree #140, logLikelihood: -262823.103385
[01:00:25] Bootstrap tree #141, logLikelihood: -262906.069927
[01:00:51] Bootstrap tree #142, logLikelihood: -266259.595456
[01:01:14] Bootstrap tree #143, logLikelihood: -264328.872931
[01:01:36] Bootstrap tree #144, logLikelihood: -264275.644082
[01:02:01] Bootstrap tree #145, logLikelihood: -261980.192633
[01:02:25] Bootstrap tree #146, logLikelihood: -267102.462668
[01:02:47] Bootstrap tree #147, logLikelihood: -266436.053501
[01:03:12] Bootstrap tree #148, logLikelihood: -263698.420458
[01:03:33] Bootstrap tree #149, logLikelihood: -263608.691082
[01:03:55] Bootstrap tree #150, logLikelihood: -265342.651522
[01:04:20] Bootstrap tree #151, logLikelihood: -266584.417137
[01:04:44] Bootstrap tree #152, logLikelihood: -262979.080715
[01:05:04] Bootstrap tree #153, logLikelihood: -265436.994276
[01:05:22] Bootstrap tree #154, logLikelihood: -266517.356104
[01:05:51] Bootstrap tree #155, logLikelihood: -268549.412677
[01:06:11] Bootstrap tree #156, logLikelihood: -266284.719452
[01:06:37] Bootstrap tree #157, logLikelihood: -265654.817645
[01:06:59] Bootstrap tree #158, logLikelihood: -266965.003421
[01:07:19] Bootstrap tree #159, logLikelihood: -264273.735524
[01:07:40] Bootstrap tree #160, logLikelihood: -260705.014305
[01:08:02] Bootstrap tree #161, logLikelihood: -264865.121011
[01:08:23] Bootstrap tree #162, logLikelihood: -265632.494816
[01:08:41] Bootstrap tree #163, logLikelihood: -263341.422995
[01:09:05] Bootstrap tree #164, logLikelihood: -265799.597729
[01:09:26] Bootstrap tree #165, logLikelihood: -262578.038824
[01:09:48] Bootstrap tree #166, logLikelihood: -266688.291086
[01:10:12] Bootstrap tree #167, logLikelihood: -264223.057495
[01:10:36] Bootstrap tree #168, logLikelihood: -264840.287783
[01:10:59] Bootstrap tree #169, logLikelihood: -263216.917658
[01:11:22] Bootstrap tree #170, logLikelihood: -267932.762243
[01:11:39] Bootstrap tree #171, logLikelihood: -259732.902995
[01:12:02] Bootstrap tree #172, logLikelihood: -264560.697438
[01:12:27] Bootstrap tree #173, logLikelihood: -265191.498380
[01:12:55] Bootstrap tree #174, logLikelihood: -262598.929030
[01:13:18] Bootstrap tree #175, logLikelihood: -266623.842123
[01:13:43] Bootstrap tree #176, logLikelihood: -269849.932016
[01:14:07] Bootstrap tree #177, logLikelihood: -264610.783436
[01:14:32] Bootstrap tree #178, logLikelihood: -262917.278646
[01:14:48] Bootstrap tree #179, logLikelihood: -267487.476566
[01:15:08] Bootstrap tree #180, logLikelihood: -264083.938781
[01:15:29] Bootstrap tree #181, logLikelihood: -264168.873208
[01:15:53] Bootstrap tree #182, logLikelihood: -265404.485022
[01:16:11] Bootstrap tree #183, logLikelihood: -261512.751089
[01:16:37] Bootstrap tree #184, logLikelihood: -265327.691701
[01:17:00] Bootstrap tree #185, logLikelihood: -264663.137252
[01:17:20] Bootstrap tree #186, logLikelihood: -264651.508109
[01:17:38] Bootstrap tree #187, logLikelihood: -261257.993082
[01:17:59] Bootstrap tree #188, logLikelihood: -264677.220645
[01:18:26] Bootstrap tree #189, logLikelihood: -263862.294381
[01:18:48] Bootstrap tree #190, logLikelihood: -263405.774910
[01:19:07] Bootstrap tree #191, logLikelihood: -262818.516304
[01:19:29] Bootstrap tree #192, logLikelihood: -266537.080478
[01:19:56] Bootstrap tree #193, logLikelihood: -264001.576044
[01:20:13] Bootstrap tree #194, logLikelihood: -264704.339340
[01:20:36] Bootstrap tree #195, logLikelihood: -262572.503402
[01:20:59] Bootstrap tree #196, logLikelihood: -267378.293851
[01:21:22] Bootstrap tree #197, logLikelihood: -260944.987205
[01:21:43] Bootstrap tree #198, logLikelihood: -260856.620075
[01:22:06] Bootstrap tree #199, logLikelihood: -263866.204057
[01:22:28] Bootstrap tree #200, logLikelihood: -264232.669098
[01:22:56] Bootstrap tree #201, logLikelihood: -266110.253423
[01:23:14] Bootstrap tree #202, logLikelihood: -263119.313357
[01:23:39] Bootstrap tree #203, logLikelihood: -263425.260251
[01:24:03] Bootstrap tree #204, logLikelihood: -265798.676760
[01:24:27] Bootstrap tree #205, logLikelihood: -267353.275190
[01:24:50] Bootstrap tree #206, logLikelihood: -265914.477825
[01:25:10] Bootstrap tree #207, logLikelihood: -264003.216220
[01:25:35] Bootstrap tree #208, logLikelihood: -264390.305268
[01:25:54] Bootstrap tree #209, logLikelihood: -266220.213220
[01:26:18] Bootstrap tree #210, logLikelihood: -267742.794916
[01:26:37] Bootstrap tree #211, logLikelihood: -264309.237694
[01:26:58] Bootstrap tree #212, logLikelihood: -266938.124340
[01:27:20] Bootstrap tree #213, logLikelihood: -265396.192367
[01:27:41] Bootstrap tree #214, logLikelihood: -266182.036707
[01:28:03] Bootstrap tree #215, logLikelihood: -262592.200596
[01:28:21] Bootstrap tree #216, logLikelihood: -264864.500043
[01:28:40] Bootstrap tree #217, logLikelihood: -262433.291971
[01:29:04] Bootstrap tree #218, logLikelihood: -263966.232601
[01:29:30] Bootstrap tree #219, logLikelihood: -266961.402348
[01:29:49] Bootstrap tree #220, logLikelihood: -265202.252526
[01:30:13] Bootstrap tree #221, logLikelihood: -266210.093574
[01:30:36] Bootstrap tree #222, logLikelihood: -269221.317654
[01:30:58] Bootstrap tree #223, logLikelihood: -264773.020859
[01:31:21] Bootstrap tree #224, logLikelihood: -261379.686992
[01:31:43] Bootstrap tree #225, logLikelihood: -261464.984042
[01:32:02] Bootstrap tree #226, logLikelihood: -263713.719358
[01:32:20] Bootstrap tree #227, logLikelihood: -263842.231872
[01:32:46] Bootstrap tree #228, logLikelihood: -264925.776590
[01:33:08] Bootstrap tree #229, logLikelihood: -264794.618976
[01:33:27] Bootstrap tree #230, logLikelihood: -261380.406832
[01:33:45] Bootstrap tree #231, logLikelihood: -265233.923152
[01:34:05] Bootstrap tree #232, logLikelihood: -264298.819310
[01:34:27] Bootstrap tree #233, logLikelihood: -263326.148921
[01:34:47] Bootstrap tree #234, logLikelihood: -266165.696518
[01:35:11] Bootstrap tree #235, logLikelihood: -265144.030665
[01:35:29] Bootstrap tree #236, logLikelihood: -264464.093399
[01:35:55] Bootstrap tree #237, logLikelihood: -263781.436330
[01:36:15] Bootstrap tree #238, logLikelihood: -264520.531429
[01:36:38] Bootstrap tree #239, logLikelihood: -265192.015795
[01:37:02] Bootstrap tree #240, logLikelihood: -264095.026047
[01:37:24] Bootstrap tree #241, logLikelihood: -264960.164130
[01:37:47] Bootstrap tree #242, logLikelihood: -263928.305135
[01:38:08] Bootstrap tree #243, logLikelihood: -265174.473060
[01:38:28] Bootstrap tree #244, logLikelihood: -261831.075140
[01:38:47] Bootstrap tree #245, logLikelihood: -265473.033116
[01:39:13] Bootstrap tree #246, logLikelihood: -267208.260350
[01:39:37] Bootstrap tree #247, logLikelihood: -263149.649518
[01:40:00] Bootstrap tree #248, logLikelihood: -266079.360423
[01:40:18] Bootstrap tree #249, logLikelihood: -263517.673742
[01:40:39] Bootstrap tree #250, logLikelihood: -266591.689273
[01:41:03] Bootstrap tree #251, logLikelihood: -264756.156951
[01:41:25] Bootstrap tree #252, logLikelihood: -262785.426442
[01:41:45] Bootstrap tree #253, logLikelihood: -261983.176939
[01:42:05] Bootstrap tree #254, logLikelihood: -263350.007278
[01:42:29] Bootstrap tree #255, logLikelihood: -266587.962051
[01:42:51] Bootstrap tree #256, logLikelihood: -266318.914361
[01:43:15] Bootstrap tree #257, logLikelihood: -265008.735504
[01:43:41] Bootstrap tree #258, logLikelihood: -266821.648581
[01:44:13] Bootstrap tree #259, logLikelihood: -266290.283892
[01:44:32] Bootstrap tree #260, logLikelihood: -269270.394694
[01:44:58] Bootstrap tree #261, logLikelihood: -264991.163335
[01:45:16] Bootstrap tree #262, logLikelihood: -261625.250797
[01:45:43] Bootstrap tree #263, logLikelihood: -262940.522139
[01:46:04] Bootstrap tree #264, logLikelihood: -263810.669641
[01:46:28] Bootstrap tree #265, logLikelihood: -267396.462848
[01:46:50] Bootstrap tree #266, logLikelihood: -268671.464429
[01:47:11] Bootstrap tree #267, logLikelihood: -265678.266298
[01:47:28] Bootstrap tree #268, logLikelihood: -267923.195926
[01:47:49] Bootstrap tree #269, logLikelihood: -265137.116102
[01:48:09] Bootstrap tree #270, logLikelihood: -264097.633774
[01:48:32] Bootstrap tree #271, logLikelihood: -264787.830428
[01:48:51] Bootstrap tree #272, logLikelihood: -265697.897210
[01:49:09] Bootstrap tree #273, logLikelihood: -261645.261879
[01:49:32] Bootstrap tree #274, logLikelihood: -266068.026168
[01:49:54] Bootstrap tree #275, logLikelihood: -262133.816533
[01:50:17] Bootstrap tree #276, logLikelihood: -265141.833376
[01:50:39] Bootstrap tree #277, logLikelihood: -262210.986345
[01:51:02] Bootstrap tree #278, logLikelihood: -262790.172171
[01:51:25] Bootstrap tree #279, logLikelihood: -265985.264408
[01:51:46] Bootstrap tree #280, logLikelihood: -267626.560962
[01:52:10] Bootstrap tree #281, logLikelihood: -263416.174707
[01:52:35] Bootstrap tree #282, logLikelihood: -262212.203196
[01:52:56] Bootstrap tree #283, logLikelihood: -261660.855430
[01:53:18] Bootstrap tree #284, logLikelihood: -264511.184308
[01:53:38] Bootstrap tree #285, logLikelihood: -264365.891742
[01:54:00] Bootstrap tree #286, logLikelihood: -264894.919527
[01:54:23] Bootstrap tree #287, logLikelihood: -263883.235052
[01:54:51] Bootstrap tree #288, logLikelihood: -266039.303887
[01:55:17] Bootstrap tree #289, logLikelihood: -264416.290405
[01:55:35] Bootstrap tree #290, logLikelihood: -263722.185129
[01:55:53] Bootstrap tree #291, logLikelihood: -264170.029793
[01:56:16] Bootstrap tree #292, logLikelihood: -262480.761146
[01:56:42] Bootstrap tree #293, logLikelihood: -266081.497781
[01:57:02] Bootstrap tree #294, logLikelihood: -261420.180861
[01:57:26] Bootstrap tree #295, logLikelihood: -264816.962530
[01:57:49] Bootstrap tree #296, logLikelihood: -266844.510843
[01:58:16] Bootstrap tree #297, logLikelihood: -265657.704925
[01:58:39] Bootstrap tree #298, logLikelihood: -265512.502136
[01:58:56] Bootstrap tree #299, logLikelihood: -262988.678797
[01:59:17] Bootstrap tree #300, logLikelihood: -263852.543599
[01:59:41] Bootstrap tree #301, logLikelihood: -264203.748380
[02:00:04] Bootstrap tree #302, logLikelihood: -269228.131971
[02:00:27] Bootstrap tree #303, logLikelihood: -264844.250352
[02:00:48] Bootstrap tree #304, logLikelihood: -267116.489321
[02:01:06] Bootstrap tree #305, logLikelihood: -265936.387934
[02:01:28] Bootstrap tree #306, logLikelihood: -264012.783535
[02:01:57] Bootstrap tree #307, logLikelihood: -267075.137832
[02:02:16] Bootstrap tree #308, logLikelihood: -266139.551585
[02:02:38] Bootstrap tree #309, logLikelihood: -264011.194433
[02:02:59] Bootstrap tree #310, logLikelihood: -266154.595224
[02:03:17] Bootstrap tree #311, logLikelihood: -265107.314138
[02:03:39] Bootstrap tree #312, logLikelihood: -265234.428959
[02:04:03] Bootstrap tree #313, logLikelihood: -266142.041799
[02:04:21] Bootstrap tree #314, logLikelihood: -268819.543951
[02:04:44] Bootstrap tree #315, logLikelihood: -268414.622688
[02:05:06] Bootstrap tree #316, logLikelihood: -264643.371730
[02:05:31] Bootstrap tree #317, logLikelihood: -265642.171758
[02:05:49] Bootstrap tree #318, logLikelihood: -267269.156399
[02:06:11] Bootstrap tree #319, logLikelihood: -264067.570620
[02:06:37] Bootstrap tree #320, logLikelihood: -261702.622772
[02:06:58] Bootstrap tree #321, logLikelihood: -264350.907549
[02:07:21] Bootstrap tree #322, logLikelihood: -262975.379204
[02:07:47] Bootstrap tree #323, logLikelihood: -261607.851636
[02:08:10] Bootstrap tree #324, logLikelihood: -264764.441120
[02:08:33] Bootstrap tree #325, logLikelihood: -264253.586975
[02:08:50] Bootstrap tree #326, logLikelihood: -266715.788773
[02:09:08] Bootstrap tree #327, logLikelihood: -265858.891545
[02:09:28] Bootstrap tree #328, logLikelihood: -266905.262590
[02:09:49] Bootstrap tree #329, logLikelihood: -263780.541884
[02:10:17] Bootstrap tree #330, logLikelihood: -262891.260264
[02:10:39] Bootstrap tree #331, logLikelihood: -264821.612228
[02:10:58] Bootstrap tree #332, logLikelihood: -264660.083384
[02:11:19] Bootstrap tree #333, logLikelihood: -261940.544672
[02:11:41] Bootstrap tree #334, logLikelihood: -262739.194796
[02:12:04] Bootstrap tree #335, logLikelihood: -262795.184953
[02:12:23] Bootstrap tree #336, logLikelihood: -264632.141767
[02:12:45] Bootstrap tree #337, logLikelihood: -262165.774323
[02:13:04] Bootstrap tree #338, logLikelihood: -264647.875637
[02:13:24] Bootstrap tree #339, logLikelihood: -268277.128569
[02:13:42] Bootstrap tree #340, logLikelihood: -266417.626868
[02:14:09] Bootstrap tree #341, logLikelihood: -262560.664768
[02:14:36] Bootstrap tree #342, logLikelihood: -269203.475389
[02:14:57] Bootstrap tree #343, logLikelihood: -268599.412318
[02:15:20] Bootstrap tree #344, logLikelihood: -265544.619533
[02:15:43] Bootstrap tree #345, logLikelihood: -265396.495163
[02:16:07] Bootstrap tree #346, logLikelihood: -265190.418100
[02:16:27] Bootstrap tree #347, logLikelihood: -264059.777799
[02:16:51] Bootstrap tree #348, logLikelihood: -266397.714395
[02:17:20] Bootstrap tree #349, logLikelihood: -264111.216162
[02:17:43] Bootstrap tree #350, logLikelihood: -266513.198050
[02:18:00] Bootstrap tree #351, logLikelihood: -264493.615367
[02:18:16] Bootstrap tree #352, logLikelihood: -262441.962377
[02:18:39] Bootstrap tree #353, logLikelihood: -266682.524258
[02:19:00] Bootstrap tree #354, logLikelihood: -262258.653428
[02:19:20] Bootstrap tree #355, logLikelihood: -265194.470921
[02:19:42] Bootstrap tree #356, logLikelihood: -262813.507110
[02:20:02] Bootstrap tree #357, logLikelihood: -263862.459220
[02:20:22] Bootstrap tree #358, logLikelihood: -265378.927427
[02:20:40] Bootstrap tree #359, logLikelihood: -260739.665973
[02:20:59] Bootstrap tree #360, logLikelihood: -263098.987358
[02:21:16] Bootstrap tree #361, logLikelihood: -263128.817758
[02:21:35] Bootstrap tree #362, logLikelihood: -264625.556129
[02:21:58] Bootstrap tree #363, logLikelihood: -265554.595856
[02:22:20] Bootstrap tree #364, logLikelihood: -262323.479790
[02:22:44] Bootstrap tree #365, logLikelihood: -266877.605619
[02:23:03] Bootstrap tree #366, logLikelihood: -261985.979443
[02:23:24] Bootstrap tree #367, logLikelihood: -266393.848876
[02:23:45] Bootstrap tree #368, logLikelihood: -265912.247741
[02:24:07] Bootstrap tree #369, logLikelihood: -262673.312019
[02:24:30] Bootstrap tree #370, logLikelihood: -265657.793900
[02:24:53] Bootstrap tree #371, logLikelihood: -262409.218739
[02:25:14] Bootstrap tree #372, logLikelihood: -267675.760571
[02:25:33] Bootstrap tree #373, logLikelihood: -266014.975028
[02:25:55] Bootstrap tree #374, logLikelihood: -265691.388279
[02:26:17] Bootstrap tree #375, logLikelihood: -266382.252350
[02:26:38] Bootstrap tree #376, logLikelihood: -265919.938875
[02:27:01] Bootstrap tree #377, logLikelihood: -265645.356858
[02:27:18] Bootstrap tree #378, logLikelihood: -265384.214731
[02:27:40] Bootstrap tree #379, logLikelihood: -262098.731409
[02:28:11] Bootstrap tree #380, logLikelihood: -261462.370027
[02:28:33] Bootstrap tree #381, logLikelihood: -262805.057837
[02:28:56] Bootstrap tree #382, logLikelihood: -267393.055783
[02:29:15] Bootstrap tree #383, logLikelihood: -266506.105829
[02:29:34] Bootstrap tree #384, logLikelihood: -265794.260321
[02:29:56] Bootstrap tree #385, logLikelihood: -264278.811944
[02:30:18] Bootstrap tree #386, logLikelihood: -263182.330944
[02:30:41] Bootstrap tree #387, logLikelihood: -267240.921188
[02:30:58] Bootstrap tree #388, logLikelihood: -263724.005211
[02:31:16] Bootstrap tree #389, logLikelihood: -265861.586416
[02:31:36] Bootstrap tree #390, logLikelihood: -266457.533580
[02:31:56] Bootstrap tree #391, logLikelihood: -264886.564351
[02:32:26] Bootstrap tree #392, logLikelihood: -267324.065912
[02:32:51] Bootstrap tree #393, logLikelihood: -263268.480243
[02:33:16] Bootstrap tree #394, logLikelihood: -262994.097231
[02:33:37] Bootstrap tree #395, logLikelihood: -262897.324697
[02:34:02] Bootstrap tree #396, logLikelihood: -266674.892254
[02:34:25] Bootstrap tree #397, logLikelihood: -264078.486033
[02:34:49] Bootstrap tree #398, logLikelihood: -262815.274702
[02:35:11] Bootstrap tree #399, logLikelihood: -265233.228050
[02:35:33] Bootstrap tree #400, logLikelihood: -263442.746520
[02:35:54] Bootstrap tree #401, logLikelihood: -264162.762171
[02:36:14] Bootstrap tree #402, logLikelihood: -264308.313746
[02:36:40] Bootstrap tree #403, logLikelihood: -268884.391460
[02:36:57] Bootstrap tree #404, logLikelihood: -263565.606380
[02:37:21] Bootstrap tree #405, logLikelihood: -263100.876709
[02:37:41] Bootstrap tree #406, logLikelihood: -265413.747864
[02:37:59] Bootstrap tree #407, logLikelihood: -268391.522903
[02:38:18] Bootstrap tree #408, logLikelihood: -266798.676354
[02:38:38] Bootstrap tree #409, logLikelihood: -263650.366890
[02:38:59] Bootstrap tree #410, logLikelihood: -263907.998775
[02:39:24] Bootstrap tree #411, logLikelihood: -267595.473785
[02:39:45] Bootstrap tree #412, logLikelihood: -266092.078211
[02:40:07] Bootstrap tree #413, logLikelihood: -266122.412490
[02:40:34] Bootstrap tree #414, logLikelihood: -265730.751758
[02:40:57] Bootstrap tree #415, logLikelihood: -265355.535498
[02:41:17] Bootstrap tree #416, logLikelihood: -262495.796968
[02:41:36] Bootstrap tree #417, logLikelihood: -264988.331919
[02:41:56] Bootstrap tree #418, logLikelihood: -263894.040636
[02:42:18] Bootstrap tree #419, logLikelihood: -264083.043696
[02:42:42] Bootstrap tree #420, logLikelihood: -261951.532046
[02:43:02] Bootstrap tree #421, logLikelihood: -266775.844323
[02:43:25] Bootstrap tree #422, logLikelihood: -265389.250041
[02:43:44] Bootstrap tree #423, logLikelihood: -261480.380114
[02:44:06] Bootstrap tree #424, logLikelihood: -265548.650392
[02:44:31] Bootstrap tree #425, logLikelihood: -262252.375768
[02:44:48] Bootstrap tree #426, logLikelihood: -262757.593682
[02:45:11] Bootstrap tree #427, logLikelihood: -265227.255677
[02:45:33] Bootstrap tree #428, logLikelihood: -261164.094551
[02:46:00] Bootstrap tree #429, logLikelihood: -270124.327025
[02:46:20] Bootstrap tree #430, logLikelihood: -263427.112829
[02:46:45] Bootstrap tree #431, logLikelihood: -267021.338406
[02:47:10] Bootstrap tree #432, logLikelihood: -264561.939976
[02:47:31] Bootstrap tree #433, logLikelihood: -265359.030796
[02:47:50] Bootstrap tree #434, logLikelihood: -267359.074618
[02:48:10] Bootstrap tree #435, logLikelihood: -264867.367984
[02:48:29] Bootstrap tree #436, logLikelihood: -264356.999981
[02:48:49] Bootstrap tree #437, logLikelihood: -260704.300736
[02:49:11] Bootstrap tree #438, logLikelihood: -261365.570944
[02:49:34] Bootstrap tree #439, logLikelihood: -264618.801594
[02:50:02] Bootstrap tree #440, logLikelihood: -267052.569927
[02:50:20] Bootstrap tree #441, logLikelihood: -263571.575360
[02:50:43] Bootstrap tree #442, logLikelihood: -266771.238571
[02:51:01] Bootstrap tree #443, logLikelihood: -266712.942199
[02:51:20] Bootstrap tree #444, logLikelihood: -268448.969255
[02:51:41] Bootstrap tree #445, logLikelihood: -266441.337241
[02:52:08] Bootstrap tree #446, logLikelihood: -261139.940611
[02:52:33] Bootstrap tree #447, logLikelihood: -268040.038496
[02:52:58] Bootstrap tree #448, logLikelihood: -266719.912289
[02:53:23] Bootstrap tree #449, logLikelihood: -265573.847046
[02:53:42] Bootstrap tree #450, logLikelihood: -266329.507673
[02:54:04] Bootstrap tree #451, logLikelihood: -262173.979615
[02:54:25] Bootstrap tree #452, logLikelihood: -261977.231513
[02:54:47] Bootstrap tree #453, logLikelihood: -263079.045544
[02:55:14] Bootstrap tree #454, logLikelihood: -263680.000363
[02:55:37] Bootstrap tree #455, logLikelihood: -266424.891680
[02:56:04] Bootstrap tree #456, logLikelihood: -261584.186292
[02:56:29] Bootstrap tree #457, logLikelihood: -265262.785641
[02:56:49] Bootstrap tree #458, logLikelihood: -266032.382549
[02:57:08] Bootstrap tree #459, logLikelihood: -265591.803489
[02:57:29] Bootstrap tree #460, logLikelihood: -267709.951266
[02:57:50] Bootstrap tree #461, logLikelihood: -264570.783392
[02:58:12] Bootstrap tree #462, logLikelihood: -264411.473197
[02:58:30] Bootstrap tree #463, logLikelihood: -268401.850493
[02:58:52] Bootstrap tree #464, logLikelihood: -266335.957724
[02:59:13] Bootstrap tree #465, logLikelihood: -268838.018988
[02:59:35] Bootstrap tree #466, logLikelihood: -265020.706294
[02:59:57] Bootstrap tree #467, logLikelihood: -264076.528857
[03:00:23] Bootstrap tree #468, logLikelihood: -263224.852049
[03:00:46] Bootstrap tree #469, logLikelihood: -263595.978303
[03:01:09] Bootstrap tree #470, logLikelihood: -266855.712683
[03:01:26] Bootstrap tree #471, logLikelihood: -261565.991314
[03:01:51] Bootstrap tree #472, logLikelihood: -262512.183169
[03:02:15] Bootstrap tree #473, logLikelihood: -263535.288561
[03:02:38] Bootstrap tree #474, logLikelihood: -266091.572881
[03:02:58] Bootstrap tree #475, logLikelihood: -263425.815112
[03:03:22] Bootstrap tree #476, logLikelihood: -261380.910765
[03:03:41] Bootstrap tree #477, logLikelihood: -262931.795907
[03:04:08] Bootstrap tree #478, logLikelihood: -264712.082166
[03:04:28] Bootstrap tree #479, logLikelihood: -265357.515738
[03:04:54] Bootstrap tree #480, logLikelihood: -264454.693266
[03:05:17] Bootstrap tree #481, logLikelihood: -262119.289494
[03:05:34] Bootstrap tree #482, logLikelihood: -262075.554611
[03:05:52] Bootstrap tree #483, logLikelihood: -263373.437300
[03:06:10] Bootstrap tree #484, logLikelihood: -266237.174874
[03:06:33] Bootstrap tree #485, logLikelihood: -262741.318782
[03:06:58] Bootstrap tree #486, logLikelihood: -264610.662013
[03:07:20] Bootstrap tree #487, logLikelihood: -265594.014994
[03:07:45] Bootstrap tree #488, logLikelihood: -264820.364087
[03:08:07] Bootstrap tree #489, logLikelihood: -262576.515501
[03:08:34] Bootstrap tree #490, logLikelihood: -262190.097276
[03:08:59] Bootstrap tree #491, logLikelihood: -262077.226774
[03:09:23] Bootstrap tree #492, logLikelihood: -261079.101114
[03:09:42] Bootstrap tree #493, logLikelihood: -262597.024828
[03:10:03] Bootstrap tree #494, logLikelihood: -265352.992906
[03:10:25] Bootstrap tree #495, logLikelihood: -265764.355208
[03:10:49] Bootstrap tree #496, logLikelihood: -262878.912773
[03:11:08] Bootstrap tree #497, logLikelihood: -263079.465566
[03:11:26] Bootstrap tree #498, logLikelihood: -264892.885349
[03:11:46] Bootstrap tree #499, logLikelihood: -264831.251222
[03:12:13] Bootstrap tree #500, logLikelihood: -262956.989397
[03:12:41] Bootstrap tree #501, logLikelihood: -264744.591016
[03:13:10] Bootstrap tree #502, logLikelihood: -267948.916341
[03:13:36] Bootstrap tree #503, logLikelihood: -264502.314935
[03:13:58] Bootstrap tree #504, logLikelihood: -263219.179471
[03:14:25] Bootstrap tree #505, logLikelihood: -262762.808969
[03:14:43] Bootstrap tree #506, logLikelihood: -264642.081314
[03:15:10] Bootstrap tree #507, logLikelihood: -262807.277734
[03:15:27] Bootstrap tree #508, logLikelihood: -265887.435240
[03:15:51] Bootstrap tree #509, logLikelihood: -266471.777322
[03:16:13] Bootstrap tree #510, logLikelihood: -264252.214666
[03:16:39] Bootstrap tree #511, logLikelihood: -265288.140049
[03:17:00] Bootstrap tree #512, logLikelihood: -265395.999794
[03:17:22] Bootstrap tree #513, logLikelihood: -264949.069370
[03:17:47] Bootstrap tree #514, logLikelihood: -269811.412335
[03:18:08] Bootstrap tree #515, logLikelihood: -265888.938760
[03:18:33] Bootstrap tree #516, logLikelihood: -263764.602935
[03:18:56] Bootstrap tree #517, logLikelihood: -266100.161654
[03:19:22] Bootstrap tree #518, logLikelihood: -261865.342321
[03:19:44] Bootstrap tree #519, logLikelihood: -263733.372780
[03:20:07] Bootstrap tree #520, logLikelihood: -262823.959858
[03:20:30] Bootstrap tree #521, logLikelihood: -268165.660398
[03:20:51] Bootstrap tree #522, logLikelihood: -264962.257284
[03:21:11] Bootstrap tree #523, logLikelihood: -264358.943013
[03:21:32] Bootstrap tree #524, logLikelihood: -263128.329282
[03:21:56] Bootstrap tree #525, logLikelihood: -266375.314127
[03:22:20] Bootstrap tree #526, logLikelihood: -264546.386200
[03:22:39] Bootstrap tree #527, logLikelihood: -267793.282998
[03:23:04] Bootstrap tree #528, logLikelihood: -262862.534629
[03:23:24] Bootstrap tree #529, logLikelihood: -263204.805121
[03:23:43] Bootstrap tree #530, logLikelihood: -267966.523900
[03:24:07] Bootstrap tree #531, logLikelihood: -265405.165025
[03:24:32] Bootstrap tree #532, logLikelihood: -265744.951168
[03:24:55] Bootstrap tree #533, logLikelihood: -261907.062366
[03:25:18] Bootstrap tree #534, logLikelihood: -268060.577118
[03:25:41] Bootstrap tree #535, logLikelihood: -264832.814229
[03:26:00] Bootstrap tree #536, logLikelihood: -265532.334253
[03:26:19] Bootstrap tree #537, logLikelihood: -264588.277752
[03:26:41] Bootstrap tree #538, logLikelihood: -262199.849514
[03:27:05] Bootstrap tree #539, logLikelihood: -263140.547456
[03:27:24] Bootstrap tree #540, logLikelihood: -263100.707515
[03:27:50] Bootstrap tree #541, logLikelihood: -264957.057438
[03:28:17] Bootstrap tree #542, logLikelihood: -261157.217363
[03:28:42] Bootstrap tree #543, logLikelihood: -263283.539116
[03:29:05] Bootstrap tree #544, logLikelihood: -264226.850532
[03:29:25] Bootstrap tree #545, logLikelihood: -262191.998404
[03:29:45] Bootstrap tree #546, logLikelihood: -261927.241904
[03:30:07] Bootstrap tree #547, logLikelihood: -263395.909898
[03:30:29] Bootstrap tree #548, logLikelihood: -262810.536907
[03:30:55] Bootstrap tree #549, logLikelihood: -262053.049823
[03:31:17] Bootstrap tree #550, logLikelihood: -264179.905590
[03:31:38] Bootstrap tree #551, logLikelihood: -263214.616397
[03:31:57] Bootstrap tree #552, logLikelihood: -266929.151683
[03:32:18] Bootstrap tree #553, logLikelihood: -264023.537620
[03:32:43] Bootstrap tree #554, logLikelihood: -264751.998466
[03:33:08] Bootstrap tree #555, logLikelihood: -265600.744760
[03:33:30] Bootstrap tree #556, logLikelihood: -267351.993286
[03:33:54] Bootstrap tree #557, logLikelihood: -266212.746029
[03:34:14] Bootstrap tree #558, logLikelihood: -264809.833700
[03:34:37] Bootstrap tree #559, logLikelihood: -265890.858254
[03:35:03] Bootstrap tree #560, logLikelihood: -265579.292709
[03:35:24] Bootstrap tree #561, logLikelihood: -264145.272449
[03:35:42] Bootstrap tree #562, logLikelihood: -263833.507350
[03:36:06] Bootstrap tree #563, logLikelihood: -266525.237204
[03:36:29] Bootstrap tree #564, logLikelihood: -266458.928039
[03:36:46] Bootstrap tree #565, logLikelihood: -260873.432667
[03:37:10] Bootstrap tree #566, logLikelihood: -264556.679196
[03:37:30] Bootstrap tree #567, logLikelihood: -258616.834106
[03:37:56] Bootstrap tree #568, logLikelihood: -264909.469352
[03:38:16] Bootstrap tree #569, logLikelihood: -267153.526930
[03:38:37] Bootstrap tree #570, logLikelihood: -262379.144690
[03:38:55] Bootstrap tree #571, logLikelihood: -264032.896024
[03:39:14] Bootstrap tree #572, logLikelihood: -263904.318472
[03:39:36] Bootstrap tree #573, logLikelihood: -264421.790203
[03:39:55] Bootstrap tree #574, logLikelihood: -262447.307942
[03:40:15] Bootstrap tree #575, logLikelihood: -263865.983384
[03:40:36] Bootstrap tree #576, logLikelihood: -264984.318116
[03:41:00] Bootstrap tree #577, logLikelihood: -266930.095399
[03:41:22] Bootstrap tree #578, logLikelihood: -264569.045019
[03:41:42] Bootstrap tree #579, logLikelihood: -266525.944471
[03:42:05] Bootstrap tree #580, logLikelihood: -263063.644706
[03:42:33] Bootstrap tree #581, logLikelihood: -266204.173073
[03:42:57] Bootstrap tree #582, logLikelihood: -262596.258361
[03:43:21] Bootstrap tree #583, logLikelihood: -264789.222137
[03:43:50] Bootstrap tree #584, logLikelihood: -263234.897035
[03:44:13] Bootstrap tree #585, logLikelihood: -263897.731387
[03:44:34] Bootstrap tree #586, logLikelihood: -268103.634796
[03:44:58] Bootstrap tree #587, logLikelihood: -267393.328247
[03:45:16] Bootstrap tree #588, logLikelihood: -266518.634662
[03:45:43] Bootstrap tree #589, logLikelihood: -263916.565271
[03:46:06] Bootstrap tree #590, logLikelihood: -262231.942879
[03:46:29] Bootstrap tree #591, logLikelihood: -267310.473921
[03:46:59] Bootstrap tree #592, logLikelihood: -261029.151888
[03:47:22] Bootstrap tree #593, logLikelihood: -265472.407592
[03:47:47] Bootstrap tree #594, logLikelihood: -263936.368474
[03:48:09] Bootstrap tree #595, logLikelihood: -264196.769427
[03:48:30] Bootstrap tree #596, logLikelihood: -263251.989956
[03:48:55] Bootstrap tree #597, logLikelihood: -263141.080075
[03:49:17] Bootstrap tree #598, logLikelihood: -264427.498744
[03:49:36] Bootstrap tree #599, logLikelihood: -262786.968506
[03:50:02] Bootstrap tree #600, logLikelihood: -260763.152708
[03:50:26] Bootstrap tree #601, logLikelihood: -263314.762461
[03:50:49] Bootstrap tree #602, logLikelihood: -265591.645619
[03:51:08] Bootstrap tree #603, logLikelihood: -259340.398864
[03:51:33] Bootstrap tree #604, logLikelihood: -263802.021023
[03:51:56] Bootstrap tree #605, logLikelihood: -266675.356127
[03:52:15] Bootstrap tree #606, logLikelihood: -266884.852399
[03:52:41] Bootstrap tree #607, logLikelihood: -265085.138119
[03:53:06] Bootstrap tree #608, logLikelihood: -264573.667188
[03:53:28] Bootstrap tree #609, logLikelihood: -262725.225714
[03:53:52] Bootstrap tree #610, logLikelihood: -266364.349457
[03:54:19] Bootstrap tree #611, logLikelihood: -262270.941861
[03:54:36] Bootstrap tree #612, logLikelihood: -264225.301841
[03:54:55] Bootstrap tree #613, logLikelihood: -263587.998371
[03:55:19] Bootstrap tree #614, logLikelihood: -265731.195402
[03:55:38] Bootstrap tree #615, logLikelihood: -264946.460961
[03:56:02] Bootstrap tree #616, logLikelihood: -264596.289613
[03:56:23] Bootstrap tree #617, logLikelihood: -264233.956700
[03:56:47] Bootstrap tree #618, logLikelihood: -261365.591936
[03:57:16] Bootstrap tree #619, logLikelihood: -264663.744172
[03:57:35] Bootstrap tree #620, logLikelihood: -265805.794546
[03:57:58] Bootstrap tree #621, logLikelihood: -266948.578608
[03:58:19] Bootstrap tree #622, logLikelihood: -262053.322760
[03:58:41] Bootstrap tree #623, logLikelihood: -261769.982721
[03:59:05] Bootstrap tree #624, logLikelihood: -263730.827130
[03:59:27] Bootstrap tree #625, logLikelihood: -265629.458446
[03:59:51] Bootstrap tree #626, logLikelihood: -268131.313604
[04:00:12] Bootstrap tree #627, logLikelihood: -267294.551058
[04:00:34] Bootstrap tree #628, logLikelihood: -264896.384437
[04:00:56] Bootstrap tree #629, logLikelihood: -263406.246092
[04:01:16] Bootstrap tree #630, logLikelihood: -265441.381086
[04:01:38] Bootstrap tree #631, logLikelihood: -264142.996971
[04:02:06] Bootstrap tree #632, logLikelihood: -267016.610802
[04:02:25] Bootstrap tree #633, logLikelihood: -267374.487453
[04:02:52] Bootstrap tree #634, logLikelihood: -264584.316214
[04:03:17] Bootstrap tree #635, logLikelihood: -264359.114484
[04:03:42] Bootstrap tree #636, logLikelihood: -265749.463722
[04:04:03] Bootstrap tree #637, logLikelihood: -264424.185171
[04:04:26] Bootstrap tree #638, logLikelihood: -265397.416049
[04:04:50] Bootstrap tree #639, logLikelihood: -264581.645634
[04:05:14] Bootstrap tree #640, logLikelihood: -262122.878811
[04:05:37] Bootstrap tree #641, logLikelihood: -265230.574792
[04:06:09] Bootstrap tree #642, logLikelihood: -265289.160038
[04:06:32] Bootstrap tree #643, logLikelihood: -264996.195506
[04:06:51] Bootstrap tree #644, logLikelihood: -266168.022718
[04:07:15] Bootstrap tree #645, logLikelihood: -262591.128657
[04:07:43] Bootstrap tree #646, logLikelihood: -264378.498092
[04:08:07] Bootstrap tree #647, logLikelihood: -264262.503016
[04:08:29] Bootstrap tree #648, logLikelihood: -266834.605663
[04:08:55] Bootstrap tree #649, logLikelihood: -262663.739810
[04:09:22] Bootstrap tree #650, logLikelihood: -266698.164305
[04:09:44] Bootstrap tree #651, logLikelihood: -264336.172963
[04:10:05] Bootstrap tree #652, logLikelihood: -262609.803431
[04:10:27] Bootstrap tree #653, logLikelihood: -262384.006597
[04:10:50] Bootstrap tree #654, logLikelihood: -262529.273897
[04:11:09] Bootstrap tree #655, logLikelihood: -265166.020855
[04:11:32] Bootstrap tree #656, logLikelihood: -265392.585369
[04:11:52] Bootstrap tree #657, logLikelihood: -261924.808217
[04:12:21] Bootstrap tree #658, logLikelihood: -265134.411165
[04:12:43] Bootstrap tree #659, logLikelihood: -262092.027842
[04:13:04] Bootstrap tree #660, logLikelihood: -266951.063722
[04:13:25] Bootstrap tree #661, logLikelihood: -260537.752115
[04:13:45] Bootstrap tree #662, logLikelihood: -263452.790565
[04:14:09] Bootstrap tree #663, logLikelihood: -264188.229878
[04:14:36] Bootstrap tree #664, logLikelihood: -266943.460375
[04:14:54] Bootstrap tree #665, logLikelihood: -265518.125233
[04:15:18] Bootstrap tree #666, logLikelihood: -263665.628422
[04:15:38] Bootstrap tree #667, logLikelihood: -263288.110857
[04:15:57] Bootstrap tree #668, logLikelihood: -263236.072288
[04:16:14] Bootstrap tree #669, logLikelihood: -264253.784846
[04:16:34] Bootstrap tree #670, logLikelihood: -260838.023578
[04:17:00] Bootstrap tree #671, logLikelihood: -261537.358077
[04:17:25] Bootstrap tree #672, logLikelihood: -267040.054105
[04:17:49] Bootstrap tree #673, logLikelihood: -268475.033730
[04:18:14] Bootstrap tree #674, logLikelihood: -263223.989564
[04:18:36] Bootstrap tree #675, logLikelihood: -264527.237167
[04:18:57] Bootstrap tree #676, logLikelihood: -264597.386724
[04:19:18] Bootstrap tree #677, logLikelihood: -262011.655701
[04:19:44] Bootstrap tree #678, logLikelihood: -265034.062935
[04:20:05] Bootstrap tree #679, logLikelihood: -266508.462760
[04:20:31] Bootstrap tree #680, logLikelihood: -265801.204447
[04:21:02] Bootstrap tree #681, logLikelihood: -266568.918730
[04:21:24] Bootstrap tree #682, logLikelihood: -267326.348409
[04:21:41] Bootstrap tree #683, logLikelihood: -263992.622089
[04:22:07] Bootstrap tree #684, logLikelihood: -262703.145345
[04:22:31] Bootstrap tree #685, logLikelihood: -264256.964625
[04:22:52] Bootstrap tree #686, logLikelihood: -263385.812117
[04:23:13] Bootstrap tree #687, logLikelihood: -261405.651611
[04:23:35] Bootstrap tree #688, logLikelihood: -266512.270196
[04:24:03] Bootstrap tree #689, logLikelihood: -265588.918129
[04:24:23] Bootstrap tree #690, logLikelihood: -264566.915689
[04:24:45] Bootstrap tree #691, logLikelihood: -265115.713875
[04:25:11] Bootstrap tree #692, logLikelihood: -263450.975434
[04:25:29] Bootstrap tree #693, logLikelihood: -266385.129483
[04:25:50] Bootstrap tree #694, logLikelihood: -265758.402150
[04:26:11] Bootstrap tree #695, logLikelihood: -263229.269949
[04:26:29] Bootstrap tree #696, logLikelihood: -265217.772655
[04:26:51] Bootstrap tree #697, logLikelihood: -268525.414368
[04:27:12] Bootstrap tree #698, logLikelihood: -264498.850241
[04:27:33] Bootstrap tree #699, logLikelihood: -263775.760681
[04:27:57] Bootstrap tree #700, logLikelihood: -261976.389831
[04:28:18] Bootstrap tree #701, logLikelihood: -260681.154092
[04:28:41] Bootstrap tree #702, logLikelihood: -265091.685602
[04:29:06] Bootstrap tree #703, logLikelihood: -264388.970635
[04:29:30] Bootstrap tree #704, logLikelihood: -264073.821412
[04:29:53] Bootstrap tree #705, logLikelihood: -263925.087724
[04:30:19] Bootstrap tree #706, logLikelihood: -266145.378738
[04:30:40] Bootstrap tree #707, logLikelihood: -265053.895298
[04:31:00] Bootstrap tree #708, logLikelihood: -266760.326160
[04:31:18] Bootstrap tree #709, logLikelihood: -264406.333439
[04:31:38] Bootstrap tree #710, logLikelihood: -263536.989808
[04:31:57] Bootstrap tree #711, logLikelihood: -265073.110026
[04:32:14] Bootstrap tree #712, logLikelihood: -266716.372595
[04:32:35] Bootstrap tree #713, logLikelihood: -263531.914826
[04:32:55] Bootstrap tree #714, logLikelihood: -265143.794941
[04:33:19] Bootstrap tree #715, logLikelihood: -264243.114237
[04:33:43] Bootstrap tree #716, logLikelihood: -261053.439833
[04:34:10] Bootstrap tree #717, logLikelihood: -263969.766051
[04:34:31] Bootstrap tree #718, logLikelihood: -266575.726054
[04:34:51] Bootstrap tree #719, logLikelihood: -268054.853158
[04:35:15] Bootstrap tree #720, logLikelihood: -266302.390199
[04:35:37] Bootstrap tree #721, logLikelihood: -265194.768752
[04:36:02] Bootstrap tree #722, logLikelihood: -263306.228991
[04:36:23] Bootstrap tree #723, logLikelihood: -265301.582935
[04:36:44] Bootstrap tree #724, logLikelihood: -266032.447571
[04:37:09] Bootstrap tree #725, logLikelihood: -266791.535162
[04:37:30] Bootstrap tree #726, logLikelihood: -262817.752651
[04:37:54] Bootstrap tree #727, logLikelihood: -263977.123278
[04:38:21] Bootstrap tree #728, logLikelihood: -263198.010385
[04:38:39] Bootstrap tree #729, logLikelihood: -264555.290903
[04:39:06] Bootstrap tree #730, logLikelihood: -263315.290858
[04:39:35] Bootstrap tree #731, logLikelihood: -263038.831090
[04:39:53] Bootstrap tree #732, logLikelihood: -265040.228487
[04:40:15] Bootstrap tree #733, logLikelihood: -264756.278019
[04:40:32] Bootstrap tree #734, logLikelihood: -265849.159614
[04:40:53] Bootstrap tree #735, logLikelihood: -266439.575032
[04:41:14] Bootstrap tree #736, logLikelihood: -264336.739574
[04:41:41] Bootstrap tree #737, logLikelihood: -261952.919544
[04:42:05] Bootstrap tree #738, logLikelihood: -263802.920827
[04:42:28] Bootstrap tree #739, logLikelihood: -264047.288471
[04:42:56] Bootstrap tree #740, logLikelihood: -262737.261167
[04:43:20] Bootstrap tree #741, logLikelihood: -266380.362079
[04:43:44] Bootstrap tree #742, logLikelihood: -261961.806444
[04:44:02] Bootstrap tree #743, logLikelihood: -264231.974154
[04:44:20] Bootstrap tree #744, logLikelihood: -265890.724785
[04:44:40] Bootstrap tree #745, logLikelihood: -262953.332479
[04:44:57] Bootstrap tree #746, logLikelihood: -263719.726254
[04:45:16] Bootstrap tree #747, logLikelihood: -266477.101592
[04:45:38] Bootstrap tree #748, logLikelihood: -262544.194950
[04:45:58] Bootstrap tree #749, logLikelihood: -267992.096873
[04:46:20] Bootstrap tree #750, logLikelihood: -261841.422740
[04:46:43] Bootstrap tree #751, logLikelihood: -262428.983122
[04:47:08] Bootstrap tree #752, logLikelihood: -264291.162675
[04:47:32] Bootstrap tree #753, logLikelihood: -263812.687627
[04:48:00] Bootstrap tree #754, logLikelihood: -266326.075412
[04:48:26] Bootstrap tree #755, logLikelihood: -263988.489796
[04:48:47] Bootstrap tree #756, logLikelihood: -264822.622092
[04:49:06] Bootstrap tree #757, logLikelihood: -261871.052276
[04:49:27] Bootstrap tree #758, logLikelihood: -268764.127544
[04:49:52] Bootstrap tree #759, logLikelihood: -264479.658433
[04:50:18] Bootstrap tree #760, logLikelihood: -263689.133263
[04:50:41] Bootstrap tree #761, logLikelihood: -264217.506147
[04:51:05] Bootstrap tree #762, logLikelihood: -262324.244907
[04:51:26] Bootstrap tree #763, logLikelihood: -263571.340239
[04:51:44] Bootstrap tree #764, logLikelihood: -265179.815710
[04:52:09] Bootstrap tree #765, logLikelihood: -267406.809439
[04:52:28] Bootstrap tree #766, logLikelihood: -261379.305291
[04:52:49] Bootstrap tree #767, logLikelihood: -265006.349695
[04:53:07] Bootstrap tree #768, logLikelihood: -262942.287600
[04:53:34] Bootstrap tree #769, logLikelihood: -264125.639496
[04:53:58] Bootstrap tree #770, logLikelihood: -265996.363351
[04:54:22] Bootstrap tree #771, logLikelihood: -263255.230853
[04:54:42] Bootstrap tree #772, logLikelihood: -267466.875155
[04:55:03] Bootstrap tree #773, logLikelihood: -263854.452562
[04:55:22] Bootstrap tree #774, logLikelihood: -266449.059662
[04:55:39] Bootstrap tree #775, logLikelihood: -266141.076808
[04:55:59] Bootstrap tree #776, logLikelihood: -265752.434338
[04:56:23] Bootstrap tree #777, logLikelihood: -265026.315829
[04:56:48] Bootstrap tree #778, logLikelihood: -261518.105245
[04:57:11] Bootstrap tree #779, logLikelihood: -265760.348435
[04:57:31] Bootstrap tree #780, logLikelihood: -264476.983528
[04:57:56] Bootstrap tree #781, logLikelihood: -266673.344177
[04:58:18] Bootstrap tree #782, logLikelihood: -263073.601940
[04:58:43] Bootstrap tree #783, logLikelihood: -264291.162861
[04:59:02] Bootstrap tree #784, logLikelihood: -262387.236527
[04:59:25] Bootstrap tree #785, logLikelihood: -263076.886924
[04:59:44] Bootstrap tree #786, logLikelihood: -263823.020905
[05:00:11] Bootstrap tree #787, logLikelihood: -262004.623008
[05:00:30] Bootstrap tree #788, logLikelihood: -264276.247063
[05:00:48] Bootstrap tree #789, logLikelihood: -264948.843751
[05:01:10] Bootstrap tree #790, logLikelihood: -264927.010351
[05:01:34] Bootstrap tree #791, logLikelihood: -264006.923219
[05:01:59] Bootstrap tree #792, logLikelihood: -261939.896755
[05:02:17] Bootstrap tree #793, logLikelihood: -264340.065164
[05:02:36] Bootstrap tree #794, logLikelihood: -266161.817557
[05:02:53] Bootstrap tree #795, logLikelihood: -266592.120046
[05:03:21] Bootstrap tree #796, logLikelihood: -265331.840862
[05:03:47] Bootstrap tree #797, logLikelihood: -264729.256097
[05:04:11] Bootstrap tree #798, logLikelihood: -264817.121056
[05:04:29] Bootstrap tree #799, logLikelihood: -263757.496977
[05:04:50] Bootstrap tree #800, logLikelihood: -267418.438036
[05:05:14] Bootstrap tree #801, logLikelihood: -263978.013572
[05:05:41] Bootstrap tree #802, logLikelihood: -263143.517130
[05:06:02] Bootstrap tree #803, logLikelihood: -261318.741274
[05:06:23] Bootstrap tree #804, logLikelihood: -266541.908947
[05:06:42] Bootstrap tree #805, logLikelihood: -263845.191015
[05:07:05] Bootstrap tree #806, logLikelihood: -265072.338859
[05:07:31] Bootstrap tree #807, logLikelihood: -263117.253975
[05:07:50] Bootstrap tree #808, logLikelihood: -267482.585429
[05:08:13] Bootstrap tree #809, logLikelihood: -266735.790809
[05:08:37] Bootstrap tree #810, logLikelihood: -265077.841843
[05:09:01] Bootstrap tree #811, logLikelihood: -264411.689882
[05:09:24] Bootstrap tree #812, logLikelihood: -265554.461109
[05:09:43] Bootstrap tree #813, logLikelihood: -261088.482478
[05:10:05] Bootstrap tree #814, logLikelihood: -263600.496936
[05:10:29] Bootstrap tree #815, logLikelihood: -264145.443068
[05:10:48] Bootstrap tree #816, logLikelihood: -262649.881300
[05:11:10] Bootstrap tree #817, logLikelihood: -264673.875496
[05:11:30] Bootstrap tree #818, logLikelihood: -265400.140679
[05:11:49] Bootstrap tree #819, logLikelihood: -262684.551283
[05:12:09] Bootstrap tree #820, logLikelihood: -263932.347420
[05:12:31] Bootstrap tree #821, logLikelihood: -265909.494948
[05:12:52] Bootstrap tree #822, logLikelihood: -264405.656637
[05:13:12] Bootstrap tree #823, logLikelihood: -268223.579126
[05:13:32] Bootstrap tree #824, logLikelihood: -261427.744001
[05:13:51] Bootstrap tree #825, logLikelihood: -267595.450863
[05:14:19] Bootstrap tree #826, logLikelihood: -267452.114128
[05:14:42] Bootstrap tree #827, logLikelihood: -265656.748411
[05:15:04] Bootstrap tree #828, logLikelihood: -260471.910824
[05:15:29] Bootstrap tree #829, logLikelihood: -263190.956369
[05:15:49] Bootstrap tree #830, logLikelihood: -263315.409819
[05:16:09] Bootstrap tree #831, logLikelihood: -263532.234750
[05:16:29] Bootstrap tree #832, logLikelihood: -262304.855412
[05:16:58] Bootstrap tree #833, logLikelihood: -265749.895100
[05:17:22] Bootstrap tree #834, logLikelihood: -264733.439698
[05:17:41] Bootstrap tree #835, logLikelihood: -263648.113169
[05:18:02] Bootstrap tree #836, logLikelihood: -266277.959908
[05:18:22] Bootstrap tree #837, logLikelihood: -265111.075854
[05:18:48] Bootstrap tree #838, logLikelihood: -266910.725260
[05:19:13] Bootstrap tree #839, logLikelihood: -266510.665031
[05:19:36] Bootstrap tree #840, logLikelihood: -262317.419874
[05:19:56] Bootstrap tree #841, logLikelihood: -262220.334367
[05:20:23] Bootstrap tree #842, logLikelihood: -265823.533929
[05:20:44] Bootstrap tree #843, logLikelihood: -264002.229315
[05:21:05] Bootstrap tree #844, logLikelihood: -265151.157773
[05:21:33] Bootstrap tree #845, logLikelihood: -265139.418926
[05:21:57] Bootstrap tree #846, logLikelihood: -269150.540497
[05:22:19] Bootstrap tree #847, logLikelihood: -265878.232325
[05:22:37] Bootstrap tree #848, logLikelihood: -263497.331748
[05:22:59] Bootstrap tree #849, logLikelihood: -262065.534327
[05:23:18] Bootstrap tree #850, logLikelihood: -263572.442324
[05:23:38] Bootstrap tree #851, logLikelihood: -264031.514863
[05:24:04] Bootstrap tree #852, logLikelihood: -263545.830270
[05:24:26] Bootstrap tree #853, logLikelihood: -266115.744819
[05:24:49] Bootstrap tree #854, logLikelihood: -264290.995013
[05:25:11] Bootstrap tree #855, logLikelihood: -268325.219570
[05:25:34] Bootstrap tree #856, logLikelihood: -264130.058642
[05:25:59] Bootstrap tree #857, logLikelihood: -264703.978688
[05:26:20] Bootstrap tree #858, logLikelihood: -264312.491991
[05:26:50] Bootstrap tree #859, logLikelihood: -268259.572228
[05:27:14] Bootstrap tree #860, logLikelihood: -265660.675876
[05:27:40] Bootstrap tree #861, logLikelihood: -262329.699046
[05:28:02] Bootstrap tree #862, logLikelihood: -262577.558004
[05:28:20] Bootstrap tree #863, logLikelihood: -266107.315934
[05:28:42] Bootstrap tree #864, logLikelihood: -262980.456868
[05:29:03] Bootstrap tree #865, logLikelihood: -265696.501588
[05:29:28] Bootstrap tree #866, logLikelihood: -264827.801096
[05:29:50] Bootstrap tree #867, logLikelihood: -260158.780322
[05:30:10] Bootstrap tree #868, logLikelihood: -263108.876501
[05:30:34] Bootstrap tree #869, logLikelihood: -264232.085402
[05:30:59] Bootstrap tree #870, logLikelihood: -266619.916152
[05:31:22] Bootstrap tree #871, logLikelihood: -265283.622401
[05:31:47] Bootstrap tree #872, logLikelihood: -261003.464340
[05:32:07] Bootstrap tree #873, logLikelihood: -266155.242568
[05:32:33] Bootstrap tree #874, logLikelihood: -264307.399345
[05:32:55] Bootstrap tree #875, logLikelihood: -262936.221535
[05:33:17] Bootstrap tree #876, logLikelihood: -265511.965678
[05:33:36] Bootstrap tree #877, logLikelihood: -265662.227657
[05:33:56] Bootstrap tree #878, logLikelihood: -263401.623215
[05:34:16] Bootstrap tree #879, logLikelihood: -264720.586720
[05:34:43] Bootstrap tree #880, logLikelihood: -262796.543888
[05:35:08] Bootstrap tree #881, logLikelihood: -266003.032121
[05:35:31] Bootstrap tree #882, logLikelihood: -261804.707915
[05:35:53] Bootstrap tree #883, logLikelihood: -262983.388198
[05:36:19] Bootstrap tree #884, logLikelihood: -268337.282206
[05:36:44] Bootstrap tree #885, logLikelihood: -265107.405452
[05:37:11] Bootstrap tree #886, logLikelihood: -263261.101730
[05:37:35] Bootstrap tree #887, logLikelihood: -267577.226253
[05:38:02] Bootstrap tree #888, logLikelihood: -264916.153634
[05:38:24] Bootstrap tree #889, logLikelihood: -267307.182397
[05:38:45] Bootstrap tree #890, logLikelihood: -266179.411427
[05:39:09] Bootstrap tree #891, logLikelihood: -262630.672485
[05:39:34] Bootstrap tree #892, logLikelihood: -264848.698677
[05:39:56] Bootstrap tree #893, logLikelihood: -263115.769950
[05:40:15] Bootstrap tree #894, logLikelihood: -263691.997329
[05:40:40] Bootstrap tree #895, logLikelihood: -265071.013523
[05:41:04] Bootstrap tree #896, logLikelihood: -264598.591253
[05:41:24] Bootstrap tree #897, logLikelihood: -263357.114636
[05:41:46] Bootstrap tree #898, logLikelihood: -262435.301043
[05:42:06] Bootstrap tree #899, logLikelihood: -264923.497281
[05:42:24] Bootstrap tree #900, logLikelihood: -263374.360917
[05:42:46] Bootstrap tree #901, logLikelihood: -260859.732085
[05:43:11] Bootstrap tree #902, logLikelihood: -263563.557915
[05:43:32] Bootstrap tree #903, logLikelihood: -266421.509995
[05:43:56] Bootstrap tree #904, logLikelihood: -263798.354420
[05:44:20] Bootstrap tree #905, logLikelihood: -261828.030712
[05:44:44] Bootstrap tree #906, logLikelihood: -263884.498876
[05:45:08] Bootstrap tree #907, logLikelihood: -265984.836168
[05:45:35] Bootstrap tree #908, logLikelihood: -264632.862116
[05:45:55] Bootstrap tree #909, logLikelihood: -262896.419989
[05:46:20] Bootstrap tree #910, logLikelihood: -265879.404447
[05:46:45] Bootstrap tree #911, logLikelihood: -263914.958487
[05:47:04] Bootstrap tree #912, logLikelihood: -264374.800238
[05:47:25] Bootstrap tree #913, logLikelihood: -267582.841499
[05:47:48] Bootstrap tree #914, logLikelihood: -266015.829548
[05:48:06] Bootstrap tree #915, logLikelihood: -264369.992010
[05:48:31] Bootstrap tree #916, logLikelihood: -264736.190742
[05:48:55] Bootstrap tree #917, logLikelihood: -263338.051669
[05:49:19] Bootstrap tree #918, logLikelihood: -266397.669450
[05:49:44] Bootstrap tree #919, logLikelihood: -262718.227217
[05:50:09] Bootstrap tree #920, logLikelihood: -262778.376896
[05:50:34] Bootstrap tree #921, logLikelihood: -265251.768539
[05:50:59] Bootstrap tree #922, logLikelihood: -263933.935270
[05:51:23] Bootstrap tree #923, logLikelihood: -262473.129021
[05:51:40] Bootstrap tree #924, logLikelihood: -265018.112256
[05:52:05] Bootstrap tree #925, logLikelihood: -265741.557438
[05:52:35] Bootstrap tree #926, logLikelihood: -262020.103610
[05:52:57] Bootstrap tree #927, logLikelihood: -262640.151147
[05:53:19] Bootstrap tree #928, logLikelihood: -264304.247346
[05:53:43] Bootstrap tree #929, logLikelihood: -267994.065286
[05:54:08] Bootstrap tree #930, logLikelihood: -260731.011790
[05:54:35] Bootstrap tree #931, logLikelihood: -263013.299671
[05:54:58] Bootstrap tree #932, logLikelihood: -262563.781687
[05:55:23] Bootstrap tree #933, logLikelihood: -261851.654149
[05:55:43] Bootstrap tree #934, logLikelihood: -261846.518546
[05:56:08] Bootstrap tree #935, logLikelihood: -261758.789199
[05:56:29] Bootstrap tree #936, logLikelihood: -265423.255782
[05:56:49] Bootstrap tree #937, logLikelihood: -265268.738496
[05:57:21] Bootstrap tree #938, logLikelihood: -263597.387816
[05:57:42] Bootstrap tree #939, logLikelihood: -261774.163054
[05:58:07] Bootstrap tree #940, logLikelihood: -261409.466302
[05:58:28] Bootstrap tree #941, logLikelihood: -265564.384799
[05:58:53] Bootstrap tree #942, logLikelihood: -264248.451205
[05:59:17] Bootstrap tree #943, logLikelihood: -265528.893750
[05:59:40] Bootstrap tree #944, logLikelihood: -263804.647792
[06:00:06] Bootstrap tree #945, logLikelihood: -261925.534050
[06:00:23] Bootstrap tree #946, logLikelihood: -261786.283660
[06:00:44] Bootstrap tree #947, logLikelihood: -261929.465784
[06:01:04] Bootstrap tree #948, logLikelihood: -263379.226063
[06:01:24] Bootstrap tree #949, logLikelihood: -260219.118573
[06:01:54] Bootstrap tree #950, logLikelihood: -263850.764308
[06:02:12] Bootstrap tree #951, logLikelihood: -262604.691912
[06:02:31] Bootstrap tree #952, logLikelihood: -263475.147664
[06:02:56] Bootstrap tree #953, logLikelihood: -268595.220355
[06:03:18] Bootstrap tree #954, logLikelihood: -266510.704365
[06:03:41] Bootstrap tree #955, logLikelihood: -262340.522444
[06:04:05] Bootstrap tree #956, logLikelihood: -264068.316209
[06:04:24] Bootstrap tree #957, logLikelihood: -263638.303126
[06:04:43] Bootstrap tree #958, logLikelihood: -266498.889294
[06:05:08] Bootstrap tree #959, logLikelihood: -262225.377612
[06:05:35] Bootstrap tree #960, logLikelihood: -262594.931871
[06:05:52] Bootstrap tree #961, logLikelihood: -263686.816284
[06:06:14] Bootstrap tree #962, logLikelihood: -263706.869422
[06:06:39] Bootstrap tree #963, logLikelihood: -260760.599032
[06:06:58] Bootstrap tree #964, logLikelihood: -260896.334047
[06:07:20] Bootstrap tree #965, logLikelihood: -262180.455947
[06:07:44] Bootstrap tree #966, logLikelihood: -264643.830768
[06:08:09] Bootstrap tree #967, logLikelihood: -266320.148058
[06:08:40] Bootstrap tree #968, logLikelihood: -265696.331871
[06:09:03] Bootstrap tree #969, logLikelihood: -263857.927305
[06:09:29] Bootstrap tree #970, logLikelihood: -263163.811944
[06:09:53] Bootstrap tree #971, logLikelihood: -265841.862186
[06:10:15] Bootstrap tree #972, logLikelihood: -266713.518377
[06:10:33] Bootstrap tree #973, logLikelihood: -265091.483462
[06:10:58] Bootstrap tree #974, logLikelihood: -267524.005177
[06:11:22] Bootstrap tree #975, logLikelihood: -263046.020168
[06:11:46] Bootstrap tree #976, logLikelihood: -266253.190708
[06:12:07] Bootstrap tree #977, logLikelihood: -262752.120564
[06:12:30] Bootstrap tree #978, logLikelihood: -265419.898933
[06:12:51] Bootstrap tree #979, logLikelihood: -269936.764759
[06:13:10] Bootstrap tree #980, logLikelihood: -263632.835038
[06:13:33] Bootstrap tree #981, logLikelihood: -264547.898056
[06:13:54] Bootstrap tree #982, logLikelihood: -264527.919538
[06:14:17] Bootstrap tree #983, logLikelihood: -263823.121780
[06:14:38] Bootstrap tree #984, logLikelihood: -263186.748110
[06:15:00] Bootstrap tree #985, logLikelihood: -264129.576366
[06:15:21] Bootstrap tree #986, logLikelihood: -267495.706494
[06:15:45] Bootstrap tree #987, logLikelihood: -265176.629202
[06:16:10] Bootstrap tree #988, logLikelihood: -266872.047515
[06:16:31] Bootstrap tree #989, logLikelihood: -262269.527833
[06:16:54] Bootstrap tree #990, logLikelihood: -262182.930170
[06:17:16] Bootstrap tree #991, logLikelihood: -265929.352412
[06:17:37] Bootstrap tree #992, logLikelihood: -262656.081652
[06:18:08] Bootstrap tree #993, logLikelihood: -263626.016193
[06:18:38] Bootstrap tree #994, logLikelihood: -263665.450808
[06:18:59] Bootstrap tree #995, logLikelihood: -263738.863542
[06:19:25] Bootstrap tree #996, logLikelihood: -263390.644695
[06:19:50] Bootstrap tree #997, logLikelihood: -266401.407469
[06:20:14] Bootstrap tree #998, logLikelihood: -264039.616640
[06:20:38] Bootstrap tree #999, logLikelihood: -265621.563884
[06:20:57] Bootstrap tree #1000, logLikelihood: -263089.798571

Optimized model parameters:

   Partition 0: noname
   Rate heterogeneity: GAMMA (4 cats, mean),  alpha: 1.239350 (ML),  weights&rates: (0.250000,0.182112) (0.250000,0.538517) (0.250000,1.030585) (0.250000,2.248786) 
   P-inv (ML): 0.044297
   Base frequencies (ML): 0.258830 0.240657 0.230905 0.269608 
   Substitution rates (ML): 2.092384 3.440619 1.279630 1.265942 3.440619 1.000000 


Final LogLikelihood: -264569.571544

AIC score: 529327.143087 / AICc score: 529329.007193 / BIC score: 530001.819051
Free parameters (model + branch lengths): 94

Best ML tree saved to: /home/shorigan/raxml-ng-ML-full/T3.raxml.bestTree
All ML trees saved to: /home/shorigan/raxml-ng-ML-full/T3.raxml.mlTrees
Best ML tree with Felsenstein bootstrap (FBP) support values saved to: /home/shorigan/raxml-ng-ML-full/T3.raxml.supportFBP
Best ML tree with Transfer bootstrap (TBE) support values saved to: /home/shorigan/raxml-ng-ML-full/T3.raxml.supportTBE
Optimized model saved to: /home/shorigan/raxml-ng-ML-full/T3.raxml.bestModel
Bootstrap trees saved to: /home/shorigan/raxml-ng-ML-full/T3.raxml.bootstraps

Execution log saved to: /home/shorigan/raxml-ng-ML-full/T3.raxml.log

Analysis started: 07-Sep-2022 13:43:02 / finished: 07-Sep-2022 20:04:00

Elapsed time: 22858.141 seconds

Consumed energy: 1244.478 Wh (= 6 km in an electric car, or 31 km with an e-scooter!)

