
RAxML-NG v. 1.1.0-master released on 22.06.2022 by The Exelixis Lab.
Developed by: Alexey M. Kozlov and Alexandros Stamatakis.
Contributors: Diego Darriba, Tomas Flouri, Benoit Morel, Sarah Lutteropp, Ben Bettisworth.
Latest version: https://github.com/amkozlov/raxml-ng
Questions/problems/suggestions? Please visit: https://groups.google.com/forum/#!forum/raxml

System: Intel(R) Xeon(R) CPU E5-2680 v4 @ 2.40GHz, 28 cores, 251 GB RAM

RAxML-NG was called at 14-Nov-2022 13:30:20 as follows:

raxml-ng-mpi --support --tree T9.raxml.bestTree --bs-trees ALLbootstraps --prefix T10 --threads 6

Analysis options:
  run mode: Compute bipartition support (Felsenstein Bootstrap)
  start tree(s): user
  random seed: 1668454220
  SIMD kernels: AVX2
  parallelization: coarse-grained (auto), PTHREADS (6 threads), thread pinning: ON

Reading reference tree from file: T9.raxml.bestTree
Reference tree size: 43

Reading bootstrap trees from file: ALLbootstraps
Loaded 686 trees with 43 taxa.

Best ML tree with Felsenstein bootstrap (FBP) support values saved to: /home/shorigan/raxml-ng-ML-full/T10.raxml.support

Execution log saved to: /home/shorigan/raxml-ng-ML-full/T10.raxml.log

Analysis started: 14-Nov-2022 13:30:20 / finished: 14-Nov-2022 13:30:20

Elapsed time: 0.408 seconds

