
RAxML-NG v. 1.1.0-master released on 22.06.2022 by The Exelixis Lab.
Developed by: Alexey M. Kozlov and Alexandros Stamatakis.
Contributors: Diego Darriba, Tomas Flouri, Benoit Morel, Sarah Lutteropp, Ben Bettisworth.
Latest version: https://github.com/amkozlov/raxml-ng
Questions/problems/suggestions? Please visit: https://groups.google.com/forum/#!forum/raxml

System: Intel(R) Xeon(R) CPU E5-2680 v4 @ 2.40GHz, 28 cores, 251 GB RAM

RAxML-NG was called at 08-Sep-2022 15:44:13 as follows:

raxml-ng-mpi --bsconverge --bs-trees T3.raxml.bootstraps --prefix T4 --seed 2 --threads 6

Analysis options:
  run mode: A posteriori bootstrap convergence test
  start tree(s): 
  random seed: 2
  SIMD kernels: AVX2
  parallelization: coarse-grained (auto), PTHREADS (6 threads), thread pinning: ON

Reading bootstrap trees from file: T3.raxml.bootstraps
Loaded 1000 trees with 44 taxa.

Performing bootstrap convergence assessment using autoMRE criterion

 # trees        avg WRF       avg WRF in %       # perms: wrf <= 3.00 %     converged?  
      50         56.110              2.737                          612        NO
     100         83.232              2.030                          921        NO
     150        122.517              1.992                          962        NO
     200         71.901              0.877                          993        YES
Bootstopping test converged after 200 trees


Execution log saved to: /home/shorigan/raxml-ng-ML-full/T4.raxml.log

Analysis started: 08-Sep-2022 15:44:13 / finished: 08-Sep-2022 15:44:14

Elapsed time: 0.753 seconds

