
RAxML-NG v. 1.1.0-master released on 22.06.2022 by The Exelixis Lab.
Developed by: Alexey M. Kozlov and Alexandros Stamatakis.
Contributors: Diego Darriba, Tomas Flouri, Benoit Morel, Sarah Lutteropp, Ben Bettisworth.
Latest version: https://github.com/amkozlov/raxml-ng
Questions/problems/suggestions? Please visit: https://groups.google.com/forum/#!forum/raxml

System: Intel(R) Xeon(R) CPU E5-2680 v4 @ 2.40GHz, 28 cores, 251 GB RAM

RAxML-NG was called at 14-Nov-2022 09:47:59 as follows:

raxml-ng-mpi --bsconverge --bs-trees ALLbootstraps --prefix T8 --seed 3435 --threads 6

Analysis options:
  run mode: A posteriori bootstrap convergence test
  start tree(s): 
  random seed: 3435
  SIMD kernels: AVX2
  parallelization: coarse-grained (auto), PTHREADS (6 threads), thread pinning: ON

Reading bootstrap trees from file: ALLbootstraps
Loaded 686 trees with 43 taxa.

Performing bootstrap convergence assessment using autoMRE criterion

 # trees        avg WRF       avg WRF in %       # perms: wrf <= 3.00 %     converged?  
      50         56.319              2.816                          464        NO
     100        121.196              3.030                          417        NO
     150        111.985              1.866                          865        NO
     200        109.250              1.366                          981        NO
     250        163.273              1.633                          926        NO
     300        188.289              1.569                          949        NO
     350        148.436              1.060                          994        YES
Bootstopping test converged after 350 trees


Execution log saved to: /home/shorigan/raxml-ng-ML-full/T8.raxml.log

Analysis started: 14-Nov-2022 09:47:59 / finished: 14-Nov-2022 09:48:00

Elapsed time: 0.732 seconds

