[midway2-0003.rcc.local:03687] mca_base_component_repository_open: unable to open mca_mtl_psm: libpsm_infinipath.so.1: cannot open shared object file: No such file or directory (ignored)

RAxML-NG v. 1.1.0-master released on 22.06.2022 by The Exelixis Lab.
Developed by: Alexey M. Kozlov and Alexandros Stamatakis.
Contributors: Diego Darriba, Tomas Flouri, Benoit Morel, Sarah Lutteropp, Ben Bettisworth.
Latest version: https://github.com/amkozlov/raxml-ng
Questions/problems/suggestions? Please visit: https://groups.google.com/forum/#!forum/raxml

System: Intel(R) Xeon(R) CPU E5-2680 v4 @ 2.40GHz, 28 cores, 62 GB RAM

RAxML-NG was called at 08-Nov-2022 16:48:57 as follows:

raxml-ng-mpi --all --msa alignment_trimmed.phy --model TIM2+I+G4 --prefix T3 --seed 33 --threads 1 --bs-trees 1000 --bs-metric fbp,tbe

Analysis options:
  run mode: ML tree search + bootstrapping (Felsenstein Bootstrap + Transfer Bootstrap)
  start tree(s): random (10) + parsimony (10)
  bootstrap replicates: 1000
  random seed: 33
  tip-inner: OFF
  pattern compression: ON
  per-rate scalers: OFF
  site repeats: ON
  branch lengths: proportional (ML estimate, algorithm: NR-FAST)
  SIMD kernels: AVX2
  parallelization: coarse-grained (auto), NONE/sequential

[00:00:00] Reading alignment from file: alignment_trimmed.phy
[00:00:00] Loaded alignment with 124 taxa and 386 sites

WARNING: Sequences KY575646 and KY575674 are exactly identical!
WARNING: Sequences KY575647 and KY575651 are exactly identical!
WARNING: Sequences MH013985 and MH013992 are exactly identical!
WARNING: Sequences MH013966 and MH013967 are exactly identical!
WARNING: Sequences MH013966 and MH013972 are exactly identical!
WARNING: Sequences MK966915 and MK966916 are exactly identical!
WARNING: Sequences MK966915 and MK966917 are exactly identical!
WARNING: Sequences MZ274082 and MZ274083 are exactly identical!
WARNING: Sequences MZ274082 and MZ274084 are exactly identical!
WARNING: Sequences MZ274076 and MZ274077 are exactly identical!
WARNING: Sequences MZ274076 and MZ274078 are exactly identical!
WARNING: Sequences MK966905 and MK966906 are exactly identical!
WARNING: Duplicate sequences found: 12

NOTE: Reduced alignment (with duplicates and gap-only sites/taxa removed) 
NOTE: was saved to: /home/shorigan/raxml-ng-ML-RdRp-SWIO/T3.raxml.reduced.phy

Alignment comprises 1 partitions and 319 patterns

Partition 0: noname
Model: TIM2+I+G4m
Alignment sites / patterns: 386 / 319
Gaps: 5.46 %
Invariant sites: 21.50 %


NOTE: Binary MSA file created: T3.raxml.rba

Parallelization scheme autoconfig: 1 worker(s) x 1 thread(s)

Parallel reduction/worker buffer size: 1 KB  / 0 KB

[00:00:00] Generating 10 random starting tree(s) with 124 taxa
[00:00:00] Generating 10 parsimony starting tree(s) with 124 taxa
[00:00:00] Data distribution: max. partitions/sites/weight per thread: 1 / 319 / 5104
[00:00:00] Data distribution: max. searches per worker: 1020

Starting ML tree search with 20 distinct starting trees

[00:00:29] ML tree search #1, logLikelihood: -20833.988244
[00:00:56] ML tree search #2, logLikelihood: -20835.113413
[00:01:21] ML tree search #3, logLikelihood: -20842.542255
[00:01:52] ML tree search #4, logLikelihood: -20833.409541
[00:02:18] ML tree search #5, logLikelihood: -20846.523748
[00:03:00] ML tree search #6, logLikelihood: -20829.591589
[00:03:36] ML tree search #7, logLikelihood: -20828.247944
[00:04:29] ML tree search #8, logLikelihood: -20836.488553
[00:05:15] ML tree search #9, logLikelihood: -20830.796326
[00:06:07] ML tree search #10, logLikelihood: -20830.268840
[00:06:58] ML tree search #11, logLikelihood: -20837.543264
[00:07:32] ML tree search #12, logLikelihood: -20832.616183
[00:08:11] ML tree search #13, logLikelihood: -20826.825674
[00:08:34] ML tree search #14, logLikelihood: -20837.619237
[00:09:00] ML tree search #15, logLikelihood: -20835.388834
[00:09:25] ML tree search #16, logLikelihood: -20850.811011
[00:09:51] ML tree search #17, logLikelihood: -20850.971065
[00:10:15] ML tree search #18, logLikelihood: -20837.397688
[00:10:40] ML tree search #19, logLikelihood: -20857.132586
[00:11:06] ML tree search #20, logLikelihood: -20829.406061

[00:11:06] ML tree search completed, best tree logLH: -20826.825674

[00:11:06] Starting bootstrapping analysis with 1000 replicates.

[00:11:32] Bootstrap tree #1, logLikelihood: -21942.980397
[00:12:05] Bootstrap tree #2, logLikelihood: -20625.700932
[00:12:24] Bootstrap tree #3, logLikelihood: -22016.088404
[00:12:47] Bootstrap tree #4, logLikelihood: -21181.402256
[00:13:12] Bootstrap tree #5, logLikelihood: -19648.943431
[00:13:40] Bootstrap tree #6, logLikelihood: -20098.239147
[00:13:59] Bootstrap tree #7, logLikelihood: -19560.933890
[00:15:11] Bootstrap tree #8, logLikelihood: -20918.135383
[00:15:35] Bootstrap tree #9, logLikelihood: -19042.171842
[00:16:07] Bootstrap tree #10, logLikelihood: -22796.926261
[00:16:35] Bootstrap tree #11, logLikelihood: -20870.854734
[00:17:14] Bootstrap tree #12, logLikelihood: -20882.571980
[00:18:01] Bootstrap tree #13, logLikelihood: -20956.022775
[00:18:30] Bootstrap tree #14, logLikelihood: -21044.248296
[00:18:51] Bootstrap tree #15, logLikelihood: -21722.177343
[00:19:45] Bootstrap tree #16, logLikelihood: -19286.995019
[00:20:15] Bootstrap tree #17, logLikelihood: -19838.987889
[00:20:35] Bootstrap tree #18, logLikelihood: -20208.540431
[00:21:15] Bootstrap tree #19, logLikelihood: -20959.709626
[00:21:47] Bootstrap tree #20, logLikelihood: -21242.697912
[00:22:13] Bootstrap tree #21, logLikelihood: -20490.071032
[00:22:56] Bootstrap tree #22, logLikelihood: -20883.419079
[00:23:33] Bootstrap tree #23, logLikelihood: -21931.840002
[00:23:59] Bootstrap tree #24, logLikelihood: -19026.169518
[00:24:26] Bootstrap tree #25, logLikelihood: -20587.825868
[00:24:55] Bootstrap tree #26, logLikelihood: -20408.163305
[00:25:14] Bootstrap tree #27, logLikelihood: -21225.256749
[00:25:45] Bootstrap tree #28, logLikelihood: -20130.321872
[00:26:16] Bootstrap tree #29, logLikelihood: -21201.354461
[00:26:35] Bootstrap tree #30, logLikelihood: -20281.673116
[00:27:42] Bootstrap tree #31, logLikelihood: -21940.178570
[00:28:35] Bootstrap tree #32, logLikelihood: -19846.690224
[00:29:06] Bootstrap tree #33, logLikelihood: -19668.902359
[00:29:34] Bootstrap tree #34, logLikelihood: -21168.041892
[00:30:09] Bootstrap tree #35, logLikelihood: -19834.833483
[00:30:28] Bootstrap tree #36, logLikelihood: -19758.663501
[00:30:46] Bootstrap tree #37, logLikelihood: -19949.628668
[00:31:06] Bootstrap tree #38, logLikelihood: -20921.770682
[00:31:53] Bootstrap tree #39, logLikelihood: -19470.193485
[00:32:25] Bootstrap tree #40, logLikelihood: -21296.694964
[00:32:48] Bootstrap tree #41, logLikelihood: -21054.754170
[00:33:19] Bootstrap tree #42, logLikelihood: -20434.536679
[00:33:43] Bootstrap tree #43, logLikelihood: -19158.579909
[00:34:29] Bootstrap tree #44, logLikelihood: -20931.311960
[00:35:06] Bootstrap tree #45, logLikelihood: -21027.214605
[00:36:04] Bootstrap tree #46, logLikelihood: -20656.232463
[00:36:41] Bootstrap tree #47, logLikelihood: -20030.668717
[00:37:03] Bootstrap tree #48, logLikelihood: -20094.809680
[00:37:21] Bootstrap tree #49, logLikelihood: -19742.870976
[00:37:56] Bootstrap tree #50, logLikelihood: -20907.240512
[00:38:21] Bootstrap tree #51, logLikelihood: -21058.265597
[00:39:06] Bootstrap tree #52, logLikelihood: -21117.875598
[00:39:27] Bootstrap tree #53, logLikelihood: -20924.090799
[00:39:54] Bootstrap tree #54, logLikelihood: -21346.671973
[00:40:30] Bootstrap tree #55, logLikelihood: -20283.325864
[00:40:58] Bootstrap tree #56, logLikelihood: -18805.456349
[00:41:25] Bootstrap tree #57, logLikelihood: -20082.045315
[00:41:52] Bootstrap tree #58, logLikelihood: -21138.765245
[00:42:11] Bootstrap tree #59, logLikelihood: -20012.899883
[00:42:44] Bootstrap tree #60, logLikelihood: -18841.078786
[00:43:04] Bootstrap tree #61, logLikelihood: -20447.746124
[00:43:37] Bootstrap tree #62, logLikelihood: -21200.474802
[00:44:14] Bootstrap tree #63, logLikelihood: -21318.282373
[00:44:33] Bootstrap tree #64, logLikelihood: -21144.935184
[00:44:52] Bootstrap tree #65, logLikelihood: -19499.282696
[00:45:18] Bootstrap tree #66, logLikelihood: -20975.485809
[00:45:57] Bootstrap tree #67, logLikelihood: -19976.041176
[00:46:26] Bootstrap tree #68, logLikelihood: -20129.023304
[00:46:48] Bootstrap tree #69, logLikelihood: -19399.830647
[00:47:07] Bootstrap tree #70, logLikelihood: -21332.645627
[00:47:26] Bootstrap tree #71, logLikelihood: -20292.637829
[00:47:43] Bootstrap tree #72, logLikelihood: -20797.219196
[00:48:01] Bootstrap tree #73, logLikelihood: -18618.517683
[00:48:38] Bootstrap tree #74, logLikelihood: -18757.419386
[00:48:57] Bootstrap tree #75, logLikelihood: -20773.166730
[00:49:19] Bootstrap tree #76, logLikelihood: -19300.411403
[00:49:40] Bootstrap tree #77, logLikelihood: -18914.928635
[00:50:03] Bootstrap tree #78, logLikelihood: -20929.635970
[00:50:41] Bootstrap tree #79, logLikelihood: -20785.667120
[00:51:03] Bootstrap tree #80, logLikelihood: -20399.397400
[00:51:32] Bootstrap tree #81, logLikelihood: -18799.386464
[00:51:52] Bootstrap tree #82, logLikelihood: -20469.057473
[00:52:26] Bootstrap tree #83, logLikelihood: -19759.695459
[00:52:53] Bootstrap tree #84, logLikelihood: -19349.358424
[00:53:18] Bootstrap tree #85, logLikelihood: -21274.706231
[00:53:59] Bootstrap tree #86, logLikelihood: -20434.354869
[00:54:30] Bootstrap tree #87, logLikelihood: -20401.033476
[00:55:02] Bootstrap tree #88, logLikelihood: -20304.123840
[00:55:25] Bootstrap tree #89, logLikelihood: -22957.076398
[00:56:11] Bootstrap tree #90, logLikelihood: -20244.010582
[00:56:44] Bootstrap tree #91, logLikelihood: -21194.214693
[00:57:17] Bootstrap tree #92, logLikelihood: -20769.375682
[00:57:52] Bootstrap tree #93, logLikelihood: -20072.872647
[00:58:22] Bootstrap tree #94, logLikelihood: -20960.721662
[00:58:56] Bootstrap tree #95, logLikelihood: -20598.700190
[00:59:34] Bootstrap tree #96, logLikelihood: -20839.778827
[01:00:27] Bootstrap tree #97, logLikelihood: -20367.506683
[01:00:53] Bootstrap tree #98, logLikelihood: -19407.747387
[01:01:12] Bootstrap tree #99, logLikelihood: -20032.090240
[01:02:01] Bootstrap tree #100, logLikelihood: -20399.453482
[01:02:23] Bootstrap tree #101, logLikelihood: -21248.051079
[01:02:51] Bootstrap tree #102, logLikelihood: -19529.743953
[01:03:20] Bootstrap tree #103, logLikelihood: -20077.005607
[01:03:49] Bootstrap tree #104, logLikelihood: -20655.924924
[01:04:08] Bootstrap tree #105, logLikelihood: -19569.588295
[01:04:40] Bootstrap tree #106, logLikelihood: -21330.342421
[01:05:26] Bootstrap tree #107, logLikelihood: -21439.927302
[01:06:06] Bootstrap tree #108, logLikelihood: -21868.239923
[01:06:26] Bootstrap tree #109, logLikelihood: -20379.911558
[01:06:53] Bootstrap tree #110, logLikelihood: -21231.972728
[01:07:39] Bootstrap tree #111, logLikelihood: -20290.561988
[01:08:07] Bootstrap tree #112, logLikelihood: -21162.751827
[01:08:45] Bootstrap tree #113, logLikelihood: -20623.918820
[01:09:06] Bootstrap tree #114, logLikelihood: -20101.210191
[01:09:29] Bootstrap tree #115, logLikelihood: -19623.321777
[01:10:06] Bootstrap tree #116, logLikelihood: -21191.280888
[01:10:36] Bootstrap tree #117, logLikelihood: -22224.882309
[01:11:26] Bootstrap tree #118, logLikelihood: -22264.059721
[01:11:52] Bootstrap tree #119, logLikelihood: -22901.224418
[01:12:46] Bootstrap tree #120, logLikelihood: -20180.216906
[01:13:04] Bootstrap tree #121, logLikelihood: -18865.388811
[01:13:29] Bootstrap tree #122, logLikelihood: -20638.524494
[01:13:54] Bootstrap tree #123, logLikelihood: -21233.776335
[01:14:20] Bootstrap tree #124, logLikelihood: -19877.189495
[01:14:43] Bootstrap tree #125, logLikelihood: -20002.823758
[01:15:25] Bootstrap tree #126, logLikelihood: -21631.295111
[01:15:50] Bootstrap tree #127, logLikelihood: -20416.446375
[01:16:17] Bootstrap tree #128, logLikelihood: -20467.135218
[01:16:40] Bootstrap tree #129, logLikelihood: -19035.333483
[01:17:07] Bootstrap tree #130, logLikelihood: -22597.219896
[01:17:27] Bootstrap tree #131, logLikelihood: -19527.668955
[01:18:09] Bootstrap tree #132, logLikelihood: -21039.479791
[01:18:34] Bootstrap tree #133, logLikelihood: -21484.388784
[01:19:02] Bootstrap tree #134, logLikelihood: -20574.925601
[01:19:48] Bootstrap tree #135, logLikelihood: -20039.246803
[01:20:05] Bootstrap tree #136, logLikelihood: -20492.744711
[01:20:26] Bootstrap tree #137, logLikelihood: -18595.709286
[01:20:52] Bootstrap tree #138, logLikelihood: -20929.337155
[01:21:29] Bootstrap tree #139, logLikelihood: -21017.786877
[01:21:57] Bootstrap tree #140, logLikelihood: -22248.192969
[01:22:38] Bootstrap tree #141, logLikelihood: -19116.471503
[01:23:15] Bootstrap tree #142, logLikelihood: -20563.654432
[01:23:55] Bootstrap tree #143, logLikelihood: -21222.379275
[01:24:25] Bootstrap tree #144, logLikelihood: -19426.339671
[01:24:42] Bootstrap tree #145, logLikelihood: -21042.758728
[01:25:07] Bootstrap tree #146, logLikelihood: -19747.384318
[01:25:27] Bootstrap tree #147, logLikelihood: -20492.571668
[01:25:57] Bootstrap tree #148, logLikelihood: -20578.610375
[01:26:16] Bootstrap tree #149, logLikelihood: -21296.043951
[01:26:53] Bootstrap tree #150, logLikelihood: -19554.897029
[01:27:37] Bootstrap tree #151, logLikelihood: -20312.373428
[01:28:20] Bootstrap tree #152, logLikelihood: -20274.642360
[01:28:40] Bootstrap tree #153, logLikelihood: -19746.592287
[01:29:01] Bootstrap tree #154, logLikelihood: -19600.933774
[01:29:28] Bootstrap tree #155, logLikelihood: -20057.712795
[01:29:48] Bootstrap tree #156, logLikelihood: -19516.336479
[01:30:14] Bootstrap tree #157, logLikelihood: -20039.873578
[01:31:01] Bootstrap tree #158, logLikelihood: -20594.979335
[01:31:32] Bootstrap tree #159, logLikelihood: -18966.063526
[01:32:04] Bootstrap tree #160, logLikelihood: -20761.876365
[01:32:33] Bootstrap tree #161, logLikelihood: -21041.559531
[01:33:07] Bootstrap tree #162, logLikelihood: -21100.911846
[01:33:49] Bootstrap tree #163, logLikelihood: -21092.699093
[01:34:21] Bootstrap tree #164, logLikelihood: -21240.432789
[01:34:52] Bootstrap tree #165, logLikelihood: -19124.458411
[01:35:32] Bootstrap tree #166, logLikelihood: -19770.833824
[01:36:20] Bootstrap tree #167, logLikelihood: -20882.920971
[01:37:03] Bootstrap tree #168, logLikelihood: -20496.280080
[01:37:23] Bootstrap tree #169, logLikelihood: -20308.061318
[01:37:58] Bootstrap tree #170, logLikelihood: -21780.317351
[01:38:23] Bootstrap tree #171, logLikelihood: -19599.476279
[01:39:17] Bootstrap tree #172, logLikelihood: -20259.541460
[01:40:01] Bootstrap tree #173, logLikelihood: -20781.670654
[01:40:25] Bootstrap tree #174, logLikelihood: -22424.226792
[01:41:15] Bootstrap tree #175, logLikelihood: -20031.211890
[01:41:59] Bootstrap tree #176, logLikelihood: -20426.980747
[01:42:56] Bootstrap tree #177, logLikelihood: -19261.058922
[01:43:20] Bootstrap tree #178, logLikelihood: -19265.273545
[01:43:49] Bootstrap tree #179, logLikelihood: -20718.579430
[01:44:22] Bootstrap tree #180, logLikelihood: -20811.327384
[01:44:57] Bootstrap tree #181, logLikelihood: -19811.013827
[01:45:25] Bootstrap tree #182, logLikelihood: -20054.798390
[01:45:53] Bootstrap tree #183, logLikelihood: -21145.300595
[01:46:23] Bootstrap tree #184, logLikelihood: -20720.645043
[01:46:49] Bootstrap tree #185, logLikelihood: -20185.608775
[01:47:26] Bootstrap tree #186, logLikelihood: -19216.576691
[01:48:07] Bootstrap tree #187, logLikelihood: -20301.097375
[01:48:37] Bootstrap tree #188, logLikelihood: -21304.230621
[01:48:58] Bootstrap tree #189, logLikelihood: -17877.858721
[01:49:20] Bootstrap tree #190, logLikelihood: -20568.520505
[01:49:51] Bootstrap tree #191, logLikelihood: -20378.858617
[01:50:33] Bootstrap tree #192, logLikelihood: -22031.007862
[01:50:58] Bootstrap tree #193, logLikelihood: -19200.338844
[01:51:19] Bootstrap tree #194, logLikelihood: -19968.715278
[01:51:49] Bootstrap tree #195, logLikelihood: -21885.731518
[01:52:18] Bootstrap tree #196, logLikelihood: -20050.678940
[01:52:39] Bootstrap tree #197, logLikelihood: -20750.998195
[01:53:00] Bootstrap tree #198, logLikelihood: -19308.265191
[01:53:34] Bootstrap tree #199, logLikelihood: -20146.135579
[01:53:56] Bootstrap tree #200, logLikelihood: -18539.598468
[01:54:32] Bootstrap tree #201, logLikelihood: -19500.019408
[01:55:12] Bootstrap tree #202, logLikelihood: -19411.641928
[01:55:46] Bootstrap tree #203, logLikelihood: -20675.462906
[01:56:48] Bootstrap tree #204, logLikelihood: -19679.402014
[01:57:32] Bootstrap tree #205, logLikelihood: -21027.389924
[01:58:00] Bootstrap tree #206, logLikelihood: -21161.461123
[01:58:29] Bootstrap tree #207, logLikelihood: -19103.724147
[01:59:06] Bootstrap tree #208, logLikelihood: -19921.125837
[01:59:55] Bootstrap tree #209, logLikelihood: -22315.600227
[02:00:41] Bootstrap tree #210, logLikelihood: -20236.851413
[02:01:19] Bootstrap tree #211, logLikelihood: -21840.646516
[02:01:40] Bootstrap tree #212, logLikelihood: -20437.837814
[02:02:14] Bootstrap tree #213, logLikelihood: -18825.026385
[02:02:37] Bootstrap tree #214, logLikelihood: -20062.483996
[02:03:10] Bootstrap tree #215, logLikelihood: -20261.672436
[02:03:49] Bootstrap tree #216, logLikelihood: -19477.997305
[02:04:29] Bootstrap tree #217, logLikelihood: -20934.378474
[02:05:11] Bootstrap tree #218, logLikelihood: -19377.158919
[02:05:34] Bootstrap tree #219, logLikelihood: -20594.697193
[02:06:01] Bootstrap tree #220, logLikelihood: -19425.340580
[02:06:27] Bootstrap tree #221, logLikelihood: -21448.138908
[02:06:50] Bootstrap tree #222, logLikelihood: -21547.957595
[02:07:19] Bootstrap tree #223, logLikelihood: -20582.507802
[02:08:16] Bootstrap tree #224, logLikelihood: -20424.065590
[02:08:38] Bootstrap tree #225, logLikelihood: -20332.289430
[02:09:15] Bootstrap tree #226, logLikelihood: -21294.876479
[02:09:56] Bootstrap tree #227, logLikelihood: -19540.236899
[02:10:35] Bootstrap tree #228, logLikelihood: -20800.365262
[02:11:03] Bootstrap tree #229, logLikelihood: -22430.981031
[02:11:37] Bootstrap tree #230, logLikelihood: -20965.581961
[02:11:58] Bootstrap tree #231, logLikelihood: -21201.879082
[02:12:19] Bootstrap tree #232, logLikelihood: -20478.048114
[02:13:04] Bootstrap tree #233, logLikelihood: -19920.045583
[02:13:44] Bootstrap tree #234, logLikelihood: -20669.919424
[02:14:11] Bootstrap tree #235, logLikelihood: -21383.400840
[02:15:04] Bootstrap tree #236, logLikelihood: -19589.918766
[02:15:26] Bootstrap tree #237, logLikelihood: -21271.619621
[02:16:05] Bootstrap tree #238, logLikelihood: -20943.093514
[02:16:48] Bootstrap tree #239, logLikelihood: -20052.499170
[02:17:12] Bootstrap tree #240, logLikelihood: -20841.861976
[02:17:35] Bootstrap tree #241, logLikelihood: -20227.233071
[02:18:05] Bootstrap tree #242, logLikelihood: -21127.492068
[02:18:39] Bootstrap tree #243, logLikelihood: -20367.040914
[02:19:15] Bootstrap tree #244, logLikelihood: -20308.185399
[02:20:03] Bootstrap tree #245, logLikelihood: -20769.196457
[02:20:24] Bootstrap tree #246, logLikelihood: -19462.184635
[02:20:47] Bootstrap tree #247, logLikelihood: -20649.851953
[02:21:15] Bootstrap tree #248, logLikelihood: -21318.322249
[02:21:38] Bootstrap tree #249, logLikelihood: -21620.423529
[02:22:08] Bootstrap tree #250, logLikelihood: -20728.469604
[02:22:28] Bootstrap tree #251, logLikelihood: -21431.032907
[02:23:06] Bootstrap tree #252, logLikelihood: -19952.969005
[02:23:34] Bootstrap tree #253, logLikelihood: -20376.626346
[02:24:02] Bootstrap tree #254, logLikelihood: -19961.350105
[02:24:56] Bootstrap tree #255, logLikelihood: -20846.223011
[02:25:20] Bootstrap tree #256, logLikelihood: -19378.219187
[02:26:18] Bootstrap tree #257, logLikelihood: -20446.100707
[02:26:58] Bootstrap tree #258, logLikelihood: -21237.762813
[02:27:23] Bootstrap tree #259, logLikelihood: -20383.927128
[02:27:55] Bootstrap tree #260, logLikelihood: -19079.178934
[02:28:17] Bootstrap tree #261, logLikelihood: -20203.747952
[02:29:01] Bootstrap tree #262, logLikelihood: -20513.139572
[02:29:41] Bootstrap tree #263, logLikelihood: -20200.626279
[02:30:04] Bootstrap tree #264, logLikelihood: -21283.345199
[02:30:55] Bootstrap tree #265, logLikelihood: -19400.154560
[02:31:30] Bootstrap tree #266, logLikelihood: -21722.460539
[02:31:59] Bootstrap tree #267, logLikelihood: -20427.327263
[02:32:21] Bootstrap tree #268, logLikelihood: -19799.750194
[02:33:01] Bootstrap tree #269, logLikelihood: -21121.941541
[02:33:27] Bootstrap tree #270, logLikelihood: -21035.444268
[02:34:04] Bootstrap tree #271, logLikelihood: -20616.029721
[02:34:40] Bootstrap tree #272, logLikelihood: -20584.624174
[02:35:17] Bootstrap tree #273, logLikelihood: -20103.412041
[02:35:47] Bootstrap tree #274, logLikelihood: -21162.124086
[02:36:17] Bootstrap tree #275, logLikelihood: -17653.787372
[02:36:46] Bootstrap tree #276, logLikelihood: -20453.271285
[02:37:18] Bootstrap tree #277, logLikelihood: -20454.736401
[02:37:38] Bootstrap tree #278, logLikelihood: -20364.084155
[02:38:24] Bootstrap tree #279, logLikelihood: -20831.621689
[02:38:56] Bootstrap tree #280, logLikelihood: -21323.939718
[02:39:37] Bootstrap tree #281, logLikelihood: -19967.587175
[02:39:58] Bootstrap tree #282, logLikelihood: -19638.801158
[02:40:22] Bootstrap tree #283, logLikelihood: -21572.442399
[02:41:07] Bootstrap tree #284, logLikelihood: -20602.966664
[02:41:34] Bootstrap tree #285, logLikelihood: -19421.630098
[02:41:55] Bootstrap tree #286, logLikelihood: -19369.061009
[02:42:26] Bootstrap tree #287, logLikelihood: -20906.339729
[02:42:47] Bootstrap tree #288, logLikelihood: -21457.379108
[02:43:19] Bootstrap tree #289, logLikelihood: -19697.989083
[02:43:55] Bootstrap tree #290, logLikelihood: -19909.174417
[02:44:24] Bootstrap tree #291, logLikelihood: -21600.337869
[02:44:59] Bootstrap tree #292, logLikelihood: -21933.388763
[02:45:39] Bootstrap tree #293, logLikelihood: -20995.629992
[02:46:19] Bootstrap tree #294, logLikelihood: -21513.592513
[02:46:42] Bootstrap tree #295, logLikelihood: -20295.609707
[02:47:12] Bootstrap tree #296, logLikelihood: -21798.205799
[02:47:35] Bootstrap tree #297, logLikelihood: -20806.459592
[02:47:58] Bootstrap tree #298, logLikelihood: -20663.837687
[02:48:28] Bootstrap tree #299, logLikelihood: -21281.707697
[02:48:57] Bootstrap tree #300, logLikelihood: -20703.034409
[02:49:25] Bootstrap tree #301, logLikelihood: -19363.090864
[02:50:23] Bootstrap tree #302, logLikelihood: -19341.092152
[02:50:55] Bootstrap tree #303, logLikelihood: -21033.291463
[02:51:25] Bootstrap tree #304, logLikelihood: -20581.731584
[02:51:52] Bootstrap tree #305, logLikelihood: -19381.445930
[02:52:35] Bootstrap tree #306, logLikelihood: -19903.393094
[02:53:12] Bootstrap tree #307, logLikelihood: -20048.924977
[02:53:33] Bootstrap tree #308, logLikelihood: -20631.566348
[02:54:05] Bootstrap tree #309, logLikelihood: -20126.023728
[02:54:48] Bootstrap tree #310, logLikelihood: -20144.990590
[02:55:31] Bootstrap tree #311, logLikelihood: -20786.729320
[02:55:59] Bootstrap tree #312, logLikelihood: -20125.349072
[02:56:38] Bootstrap tree #313, logLikelihood: -19474.788975
[02:57:06] Bootstrap tree #314, logLikelihood: -21022.456114
[02:57:43] Bootstrap tree #315, logLikelihood: -20413.076269
[02:58:12] Bootstrap tree #316, logLikelihood: -20302.534542
[02:58:32] Bootstrap tree #317, logLikelihood: -20721.323008
[02:59:28] Bootstrap tree #318, logLikelihood: -20363.249513
[02:59:57] Bootstrap tree #319, logLikelihood: -20885.502385
[03:00:41] Bootstrap tree #320, logLikelihood: -20576.182639
[03:01:13] Bootstrap tree #321, logLikelihood: -20514.707428
[03:02:06] Bootstrap tree #322, logLikelihood: -19417.410816
[03:02:39] Bootstrap tree #323, logLikelihood: -21069.552955
[03:03:05] Bootstrap tree #324, logLikelihood: -20852.583299
[03:03:27] Bootstrap tree #325, logLikelihood: -19971.721250
[03:03:56] Bootstrap tree #326, logLikelihood: -21607.418665
[03:04:42] Bootstrap tree #327, logLikelihood: -20674.844347
[03:05:09] Bootstrap tree #328, logLikelihood: -20754.886074
[03:05:36] Bootstrap tree #329, logLikelihood: -20662.409607
[03:06:21] Bootstrap tree #330, logLikelihood: -21413.206553
[03:07:32] Bootstrap tree #331, logLikelihood: -21116.041343
[03:07:57] Bootstrap tree #332, logLikelihood: -19744.159542
[03:08:31] Bootstrap tree #333, logLikelihood: -20313.482253
[03:09:03] Bootstrap tree #334, logLikelihood: -21685.192877
[03:09:47] Bootstrap tree #335, logLikelihood: -19774.948178
[03:10:21] Bootstrap tree #336, logLikelihood: -21382.595772
[03:10:53] Bootstrap tree #337, logLikelihood: -20494.307167
[03:11:32] Bootstrap tree #338, logLikelihood: -20457.892124
[03:11:53] Bootstrap tree #339, logLikelihood: -20428.340949
[03:12:42] Bootstrap tree #340, logLikelihood: -19222.323810
[03:13:12] Bootstrap tree #341, logLikelihood: -19528.283266
[03:13:51] Bootstrap tree #342, logLikelihood: -20310.225716
[03:14:27] Bootstrap tree #343, logLikelihood: -20974.019074
[03:14:48] Bootstrap tree #344, logLikelihood: -19509.452769
[03:15:20] Bootstrap tree #345, logLikelihood: -20123.612579
[03:15:44] Bootstrap tree #346, logLikelihood: -19872.275889
[03:16:05] Bootstrap tree #347, logLikelihood: -21124.803147
[03:16:36] Bootstrap tree #348, logLikelihood: -21686.668902
[03:16:58] Bootstrap tree #349, logLikelihood: -20114.950148
[03:17:23] Bootstrap tree #350, logLikelihood: -18821.886342
[03:17:51] Bootstrap tree #351, logLikelihood: -20485.121554
[03:18:15] Bootstrap tree #352, logLikelihood: -20769.828613
[03:19:08] Bootstrap tree #353, logLikelihood: -21961.812811
[03:19:49] Bootstrap tree #354, logLikelihood: -21090.984279
[03:20:15] Bootstrap tree #355, logLikelihood: -20406.198392
[03:20:49] Bootstrap tree #356, logLikelihood: -20620.772097
[03:21:12] Bootstrap tree #357, logLikelihood: -19017.685208
[03:21:40] Bootstrap tree #358, logLikelihood: -19709.800112
[03:22:09] Bootstrap tree #359, logLikelihood: -19297.770873
[03:22:33] Bootstrap tree #360, logLikelihood: -21758.237991
[03:23:11] Bootstrap tree #361, logLikelihood: -20250.616900
[03:23:44] Bootstrap tree #362, logLikelihood: -19192.937438
[03:24:15] Bootstrap tree #363, logLikelihood: -20972.142567
[03:24:55] Bootstrap tree #364, logLikelihood: -20634.864308
[03:25:35] Bootstrap tree #365, logLikelihood: -19430.137598
[03:26:12] Bootstrap tree #366, logLikelihood: -20577.369259
[03:26:48] Bootstrap tree #367, logLikelihood: -18437.151178
[03:27:22] Bootstrap tree #368, logLikelihood: -21073.213911
[03:27:44] Bootstrap tree #369, logLikelihood: -20779.849884
[03:28:16] Bootstrap tree #370, logLikelihood: -20255.479082
[03:28:46] Bootstrap tree #371, logLikelihood: -21879.475888
[03:29:30] Bootstrap tree #372, logLikelihood: -21140.938014
[03:30:00] Bootstrap tree #373, logLikelihood: -21730.308479
[03:31:16] Bootstrap tree #374, logLikelihood: -19900.236220
[03:32:04] Bootstrap tree #375, logLikelihood: -21175.091637
[03:32:41] Bootstrap tree #376, logLikelihood: -20473.829417
[03:33:03] Bootstrap tree #377, logLikelihood: -20784.695606
[03:33:47] Bootstrap tree #378, logLikelihood: -21495.920314
[03:34:17] Bootstrap tree #379, logLikelihood: -19710.543907
[03:35:18] Bootstrap tree #380, logLikelihood: -20825.875298
[03:35:46] Bootstrap tree #381, logLikelihood: -21297.662750
[03:36:43] Bootstrap tree #382, logLikelihood: -21166.969767
[03:37:18] Bootstrap tree #383, logLikelihood: -19760.767509
[03:37:59] Bootstrap tree #384, logLikelihood: -21075.924856
[03:38:26] Bootstrap tree #385, logLikelihood: -19424.031877
[03:38:47] Bootstrap tree #386, logLikelihood: -18655.000373
[03:39:36] Bootstrap tree #387, logLikelihood: -19545.221001
[03:40:50] Bootstrap tree #388, logLikelihood: -18985.697891
[03:41:16] Bootstrap tree #389, logLikelihood: -21597.033819
[03:41:56] Bootstrap tree #390, logLikelihood: -20965.522575
[03:42:36] Bootstrap tree #391, logLikelihood: -20844.113640
[03:43:09] Bootstrap tree #392, logLikelihood: -20750.512166
[03:43:31] Bootstrap tree #393, logLikelihood: -20052.652844
[03:44:02] Bootstrap tree #394, logLikelihood: -20126.660588
[03:44:45] Bootstrap tree #395, logLikelihood: -20233.007659
[03:46:08] Bootstrap tree #396, logLikelihood: -20724.085676
[03:47:03] Bootstrap tree #397, logLikelihood: -19156.307204
[03:47:46] Bootstrap tree #398, logLikelihood: -20235.874098
[03:48:06] Bootstrap tree #399, logLikelihood: -21298.379844
[03:48:26] Bootstrap tree #400, logLikelihood: -20651.481393
[03:49:15] Bootstrap tree #401, logLikelihood: -21151.572625
[03:50:03] Bootstrap tree #402, logLikelihood: -21738.527093
[03:50:38] Bootstrap tree #403, logLikelihood: -20918.185688
[03:51:31] Bootstrap tree #404, logLikelihood: -21350.250377
[03:52:06] Bootstrap tree #405, logLikelihood: -20533.646975
[03:52:35] Bootstrap tree #406, logLikelihood: -21600.840356
[03:53:09] Bootstrap tree #407, logLikelihood: -20443.559394
[03:53:42] Bootstrap tree #408, logLikelihood: -20982.436666
[03:54:24] Bootstrap tree #409, logLikelihood: -19326.233191
[03:55:26] Bootstrap tree #410, logLikelihood: -20090.141049
[03:55:46] Bootstrap tree #411, logLikelihood: -20655.288235
[03:56:09] Bootstrap tree #412, logLikelihood: -20614.121781
[03:57:24] Bootstrap tree #413, logLikelihood: -20583.584654
[03:58:02] Bootstrap tree #414, logLikelihood: -18480.828408
[03:58:24] Bootstrap tree #415, logLikelihood: -19908.556073
[03:59:11] Bootstrap tree #416, logLikelihood: -19522.976650
[03:59:43] Bootstrap tree #417, logLikelihood: -19593.430632
[04:00:06] Bootstrap tree #418, logLikelihood: -20308.743646
[04:00:29] Bootstrap tree #419, logLikelihood: -20204.839185
[04:00:58] Bootstrap tree #420, logLikelihood: -19927.561921
[04:01:24] Bootstrap tree #421, logLikelihood: -18036.340295
[04:02:23] Bootstrap tree #422, logLikelihood: -23013.861118
[04:02:50] Bootstrap tree #423, logLikelihood: -18787.704825
[04:03:29] Bootstrap tree #424, logLikelihood: -20123.536725
[04:04:09] Bootstrap tree #425, logLikelihood: -19093.694949
[04:04:41] Bootstrap tree #426, logLikelihood: -20802.503061
[04:05:13] Bootstrap tree #427, logLikelihood: -19770.925669
[04:05:54] Bootstrap tree #428, logLikelihood: -20614.849465
[04:06:31] Bootstrap tree #429, logLikelihood: -21385.397038
[04:07:00] Bootstrap tree #430, logLikelihood: -20533.995882
[04:07:25] Bootstrap tree #431, logLikelihood: -21165.142940
[04:07:53] Bootstrap tree #432, logLikelihood: -21020.443876
[04:08:20] Bootstrap tree #433, logLikelihood: -19133.412836
[04:08:48] Bootstrap tree #434, logLikelihood: -19896.699005
[04:09:13] Bootstrap tree #435, logLikelihood: -21045.414434
[04:09:34] Bootstrap tree #436, logLikelihood: -21199.478131
[04:10:00] Bootstrap tree #437, logLikelihood: -20325.064970
[04:10:36] Bootstrap tree #438, logLikelihood: -20066.873970
[04:11:20] Bootstrap tree #439, logLikelihood: -20433.233037
[04:11:43] Bootstrap tree #440, logLikelihood: -20554.144614
[04:12:10] Bootstrap tree #441, logLikelihood: -19408.474690
[04:12:41] Bootstrap tree #442, logLikelihood: -20721.564704
[04:13:12] Bootstrap tree #443, logLikelihood: -21146.182692
[04:13:38] Bootstrap tree #444, logLikelihood: -21002.353265
[04:13:59] Bootstrap tree #445, logLikelihood: -19245.654368
[04:14:30] Bootstrap tree #446, logLikelihood: -19375.918854
[04:14:58] Bootstrap tree #447, logLikelihood: -19779.130832
[04:15:41] Bootstrap tree #448, logLikelihood: -20376.077767
[04:16:28] Bootstrap tree #449, logLikelihood: -20638.007149
[04:17:06] Bootstrap tree #450, logLikelihood: -22558.850604
[04:17:31] Bootstrap tree #451, logLikelihood: -21027.279820
[04:18:00] Bootstrap tree #452, logLikelihood: -20846.607149
[04:19:03] Bootstrap tree #453, logLikelihood: -21164.185686
[04:19:22] Bootstrap tree #454, logLikelihood: -20046.433217
[04:20:12] Bootstrap tree #455, logLikelihood: -18934.661275
[04:20:39] Bootstrap tree #456, logLikelihood: -20335.847068
[04:21:07] Bootstrap tree #457, logLikelihood: -19546.256526
[04:21:47] Bootstrap tree #458, logLikelihood: -20866.010842
[04:22:11] Bootstrap tree #459, logLikelihood: -20577.331050
[04:22:54] Bootstrap tree #460, logLikelihood: -21229.043369
[04:23:26] Bootstrap tree #461, logLikelihood: -21545.336140
[04:23:48] Bootstrap tree #462, logLikelihood: -19866.845930
[04:24:19] Bootstrap tree #463, logLikelihood: -20039.161093
[04:24:42] Bootstrap tree #464, logLikelihood: -20316.766437
[04:25:16] Bootstrap tree #465, logLikelihood: -21177.273476
[04:25:36] Bootstrap tree #466, logLikelihood: -20708.828446
[04:26:06] Bootstrap tree #467, logLikelihood: -21299.246813
[04:26:27] Bootstrap tree #468, logLikelihood: -21173.883730
[04:27:37] Bootstrap tree #469, logLikelihood: -21277.492877
[04:28:13] Bootstrap tree #470, logLikelihood: -20368.390927
[04:28:37] Bootstrap tree #471, logLikelihood: -21209.467859
[04:29:01] Bootstrap tree #472, logLikelihood: -20848.306049
[04:29:27] Bootstrap tree #473, logLikelihood: -19708.844570
[04:30:19] Bootstrap tree #474, logLikelihood: -21202.487836
[04:30:44] Bootstrap tree #475, logLikelihood: -21835.256940
[04:31:08] Bootstrap tree #476, logLikelihood: -20212.161324
[04:31:45] Bootstrap tree #477, logLikelihood: -21590.381332
[04:32:17] Bootstrap tree #478, logLikelihood: -20271.626547
[04:33:25] Bootstrap tree #479, logLikelihood: -21959.719551
[04:33:46] Bootstrap tree #480, logLikelihood: -20329.660595
[04:34:33] Bootstrap tree #481, logLikelihood: -20719.002343
[04:35:52] Bootstrap tree #482, logLikelihood: -20926.624551
[04:36:35] Bootstrap tree #483, logLikelihood: -18982.482632
[04:36:58] Bootstrap tree #484, logLikelihood: -20410.401494
[04:37:39] Bootstrap tree #485, logLikelihood: -19478.578249
[04:38:01] Bootstrap tree #486, logLikelihood: -20475.199400
[04:38:22] Bootstrap tree #487, logLikelihood: -18593.061958
[04:38:44] Bootstrap tree #488, logLikelihood: -18437.561457
[04:39:04] Bootstrap tree #489, logLikelihood: -19573.972222
[04:39:23] Bootstrap tree #490, logLikelihood: -18873.611342
[04:39:45] Bootstrap tree #491, logLikelihood: -20845.710069
[04:40:11] Bootstrap tree #492, logLikelihood: -22030.234751
[04:40:50] Bootstrap tree #493, logLikelihood: -20935.205952
[04:41:16] Bootstrap tree #494, logLikelihood: -21349.701257
[04:41:39] Bootstrap tree #495, logLikelihood: -18558.910025
[04:42:17] Bootstrap tree #496, logLikelihood: -21641.112448
[04:43:00] Bootstrap tree #497, logLikelihood: -20676.351414
[04:43:42] Bootstrap tree #498, logLikelihood: -20381.852769
[04:44:30] Bootstrap tree #499, logLikelihood: -19665.433435
[04:45:05] Bootstrap tree #500, logLikelihood: -20881.022184
[04:45:34] Bootstrap tree #501, logLikelihood: -19073.228501
[04:46:05] Bootstrap tree #502, logLikelihood: -21470.985108
[04:46:37] Bootstrap tree #503, logLikelihood: -21115.523298
[04:47:12] Bootstrap tree #504, logLikelihood: -20787.830164
[04:47:35] Bootstrap tree #505, logLikelihood: -18673.329407
[04:48:17] Bootstrap tree #506, logLikelihood: -20543.214772
[04:48:49] Bootstrap tree #507, logLikelihood: -20650.532289
[04:49:15] Bootstrap tree #508, logLikelihood: -20928.515008
[04:49:59] Bootstrap tree #509, logLikelihood: -18618.975194
[04:50:28] Bootstrap tree #510, logLikelihood: -20319.645220
[04:51:07] Bootstrap tree #511, logLikelihood: -20099.264654
[04:51:33] Bootstrap tree #512, logLikelihood: -20591.070971
[04:52:15] Bootstrap tree #513, logLikelihood: -19576.879223
[04:52:46] Bootstrap tree #514, logLikelihood: -20768.535797
[04:53:11] Bootstrap tree #515, logLikelihood: -20194.633747
[04:53:31] Bootstrap tree #516, logLikelihood: -20625.419159
[04:54:35] Bootstrap tree #517, logLikelihood: -21336.690047
[04:55:23] Bootstrap tree #518, logLikelihood: -19193.507869
[04:55:46] Bootstrap tree #519, logLikelihood: -20352.694980
[04:56:07] Bootstrap tree #520, logLikelihood: -18848.765621
[04:56:28] Bootstrap tree #521, logLikelihood: -21421.130207
[04:56:57] Bootstrap tree #522, logLikelihood: -21312.835491
[04:57:29] Bootstrap tree #523, logLikelihood: -20667.932954
[04:57:57] Bootstrap tree #524, logLikelihood: -19534.618971
[04:58:26] Bootstrap tree #525, logLikelihood: -18654.463292
[04:59:14] Bootstrap tree #526, logLikelihood: -19811.014127
[04:59:44] Bootstrap tree #527, logLikelihood: -19885.427495
[05:00:24] Bootstrap tree #528, logLikelihood: -20170.172658
[05:01:03] Bootstrap tree #529, logLikelihood: -21509.560454
[05:01:45] Bootstrap tree #530, logLikelihood: -21287.474076
[05:02:12] Bootstrap tree #531, logLikelihood: -19362.221749
[05:02:40] Bootstrap tree #532, logLikelihood: -19757.075879
[05:03:03] Bootstrap tree #533, logLikelihood: -20583.616260
[05:03:38] Bootstrap tree #534, logLikelihood: -20039.829573
[05:04:01] Bootstrap tree #535, logLikelihood: -21380.523949
[05:04:30] Bootstrap tree #536, logLikelihood: -19308.937786
[05:05:15] Bootstrap tree #537, logLikelihood: -20312.826133
[05:05:44] Bootstrap tree #538, logLikelihood: -20660.751618
[05:06:05] Bootstrap tree #539, logLikelihood: -20413.474459
[05:06:44] Bootstrap tree #540, logLikelihood: -21514.513940
[05:07:09] Bootstrap tree #541, logLikelihood: -19165.588376
[05:07:30] Bootstrap tree #542, logLikelihood: -19479.391369
[05:07:59] Bootstrap tree #543, logLikelihood: -20870.163608
[05:08:46] Bootstrap tree #544, logLikelihood: -21388.319765
[05:09:08] Bootstrap tree #545, logLikelihood: -20626.871692
[05:09:36] Bootstrap tree #546, logLikelihood: -19996.608179
[05:10:26] Bootstrap tree #547, logLikelihood: -20213.240553
[05:11:13] Bootstrap tree #548, logLikelihood: -22035.207033
[05:11:41] Bootstrap tree #549, logLikelihood: -19833.752015
[05:12:06] Bootstrap tree #550, logLikelihood: -19363.738504
[05:12:34] Bootstrap tree #551, logLikelihood: -21658.886681
[05:13:06] Bootstrap tree #552, logLikelihood: -22153.130171
[05:13:53] Bootstrap tree #553, logLikelihood: -21077.886595
[05:14:26] Bootstrap tree #554, logLikelihood: -20098.576702
[05:14:53] Bootstrap tree #555, logLikelihood: -22776.423337
[05:15:20] Bootstrap tree #556, logLikelihood: -20484.949734
[05:16:07] Bootstrap tree #557, logLikelihood: -20410.343427
[05:16:37] Bootstrap tree #558, logLikelihood: -18888.925357
[05:17:03] Bootstrap tree #559, logLikelihood: -21353.714550
[05:17:43] Bootstrap tree #560, logLikelihood: -21098.925096
[05:18:17] Bootstrap tree #561, logLikelihood: -19544.916829
[05:18:45] Bootstrap tree #562, logLikelihood: -20644.526166
[05:19:31] Bootstrap tree #563, logLikelihood: -18971.355573
[05:19:51] Bootstrap tree #564, logLikelihood: -20769.425319
[05:20:27] Bootstrap tree #565, logLikelihood: -21305.039661
[05:20:50] Bootstrap tree #566, logLikelihood: -20613.145289
[05:21:16] Bootstrap tree #567, logLikelihood: -20306.282479
[05:21:48] Bootstrap tree #568, logLikelihood: -20098.798428
[05:22:14] Bootstrap tree #569, logLikelihood: -18834.149488
[05:23:16] Bootstrap tree #570, logLikelihood: -22278.369297
[05:23:45] Bootstrap tree #571, logLikelihood: -18453.484580
[05:24:23] Bootstrap tree #572, logLikelihood: -21798.434108
[05:24:54] Bootstrap tree #573, logLikelihood: -22321.693142
[05:25:16] Bootstrap tree #574, logLikelihood: -21585.114775
[05:25:48] Bootstrap tree #575, logLikelihood: -20497.124934
[05:26:50] Bootstrap tree #576, logLikelihood: -21541.493011
[05:27:11] Bootstrap tree #577, logLikelihood: -21170.364359
[05:27:37] Bootstrap tree #578, logLikelihood: -21269.600690
[05:28:05] Bootstrap tree #579, logLikelihood: -20294.344442
[05:28:28] Bootstrap tree #580, logLikelihood: -20123.144132
[05:29:15] Bootstrap tree #581, logLikelihood: -21474.269132
[05:29:36] Bootstrap tree #582, logLikelihood: -20205.947617
[05:30:00] Bootstrap tree #583, logLikelihood: -20950.657951
[05:30:28] Bootstrap tree #584, logLikelihood: -20696.719429
[05:31:26] Bootstrap tree #585, logLikelihood: -21986.107757
[05:31:50] Bootstrap tree #586, logLikelihood: -20422.491064
[05:32:30] Bootstrap tree #587, logLikelihood: -20195.276165
[05:32:59] Bootstrap tree #588, logLikelihood: -20739.559025
[05:33:21] Bootstrap tree #589, logLikelihood: -20681.971379
[05:34:02] Bootstrap tree #590, logLikelihood: -22035.604744
[05:34:22] Bootstrap tree #591, logLikelihood: -20378.894186
[05:34:43] Bootstrap tree #592, logLikelihood: -20596.125694
[05:35:06] Bootstrap tree #593, logLikelihood: -20445.986580
[05:35:28] Bootstrap tree #594, logLikelihood: -20928.495366
[05:36:02] Bootstrap tree #595, logLikelihood: -20972.076397
[05:36:50] Bootstrap tree #596, logLikelihood: -21239.635019
[05:37:23] Bootstrap tree #597, logLikelihood: -19192.161593
[05:37:51] Bootstrap tree #598, logLikelihood: -21333.641147
[05:38:35] Bootstrap tree #599, logLikelihood: -21497.635941
[05:38:54] Bootstrap tree #600, logLikelihood: -18985.537763
[05:39:22] Bootstrap tree #601, logLikelihood: -21553.658087
[05:39:44] Bootstrap tree #602, logLikelihood: -20665.291663
[05:40:32] Bootstrap tree #603, logLikelihood: -21102.498866
[05:41:09] Bootstrap tree #604, logLikelihood: -20736.321217
[05:41:35] Bootstrap tree #605, logLikelihood: -21152.610081
[05:42:04] Bootstrap tree #606, logLikelihood: -21590.162567
[05:42:33] Bootstrap tree #607, logLikelihood: -20217.810390
[05:43:18] Bootstrap tree #608, logLikelihood: -21047.855246
[05:43:46] Bootstrap tree #609, logLikelihood: -20463.343150
[05:44:20] Bootstrap tree #610, logLikelihood: -19109.216610
[05:45:18] Bootstrap tree #611, logLikelihood: -21606.345751
[05:45:48] Bootstrap tree #612, logLikelihood: -19793.874942
[05:46:10] Bootstrap tree #613, logLikelihood: -22349.970984
[05:46:31] Bootstrap tree #614, logLikelihood: -20050.511286
[05:46:55] Bootstrap tree #615, logLikelihood: -21800.574747
[05:47:24] Bootstrap tree #616, logLikelihood: -20484.442431
[05:48:02] Bootstrap tree #617, logLikelihood: -21004.423260
[05:48:36] Bootstrap tree #618, logLikelihood: -21443.210443
[05:49:05] Bootstrap tree #619, logLikelihood: -18951.718024
[05:49:34] Bootstrap tree #620, logLikelihood: -21323.086137
[05:49:57] Bootstrap tree #621, logLikelihood: -20566.395729
[05:50:35] Bootstrap tree #622, logLikelihood: -20050.496347
[05:51:07] Bootstrap tree #623, logLikelihood: -20855.750859
[05:52:01] Bootstrap tree #624, logLikelihood: -21716.092609
[05:52:45] Bootstrap tree #625, logLikelihood: -20902.121432
[05:53:19] Bootstrap tree #626, logLikelihood: -19621.074912
[05:53:55] Bootstrap tree #627, logLikelihood: -21210.034331
[05:54:23] Bootstrap tree #628, logLikelihood: -19903.305932
[05:55:05] Bootstrap tree #629, logLikelihood: -21874.153931
[05:55:33] Bootstrap tree #630, logLikelihood: -19307.701661
[05:55:51] Bootstrap tree #631, logLikelihood: -19058.450850
[05:56:16] Bootstrap tree #632, logLikelihood: -21189.806217
[05:57:11] Bootstrap tree #633, logLikelihood: -20891.681861
[05:57:34] Bootstrap tree #634, logLikelihood: -21423.945375
[05:58:01] Bootstrap tree #635, logLikelihood: -19982.356320
[05:58:29] Bootstrap tree #636, logLikelihood: -20055.003956
[05:59:13] Bootstrap tree #637, logLikelihood: -21133.895209
[05:59:46] Bootstrap tree #638, logLikelihood: -20043.390945
[06:00:39] Bootstrap tree #639, logLikelihood: -20015.927545
[06:01:10] Bootstrap tree #640, logLikelihood: -19671.061083
[06:01:45] Bootstrap tree #641, logLikelihood: -20600.814920
[06:02:26] Bootstrap tree #642, logLikelihood: -19564.749975
[06:02:46] Bootstrap tree #643, logLikelihood: -20598.422430
[06:03:13] Bootstrap tree #644, logLikelihood: -20848.087529
[06:03:36] Bootstrap tree #645, logLikelihood: -20128.366205
[06:04:04] Bootstrap tree #646, logLikelihood: -20691.925835
[06:04:58] Bootstrap tree #647, logLikelihood: -20038.952857
[06:05:19] Bootstrap tree #648, logLikelihood: -21280.966255
[06:05:52] Bootstrap tree #649, logLikelihood: -21232.886001
[06:06:22] Bootstrap tree #650, logLikelihood: -21295.141765
[06:06:49] Bootstrap tree #651, logLikelihood: -21177.002401
[06:07:20] Bootstrap tree #652, logLikelihood: -18840.116900
[06:07:45] Bootstrap tree #653, logLikelihood: -20129.974957
[06:08:22] Bootstrap tree #654, logLikelihood: -20602.923798
[06:08:58] Bootstrap tree #655, logLikelihood: -20260.443388
[06:09:21] Bootstrap tree #656, logLikelihood: -20351.336093
[06:10:28] Bootstrap tree #657, logLikelihood: -21137.668023
[06:10:53] Bootstrap tree #658, logLikelihood: -20450.785281
[06:11:48] Bootstrap tree #659, logLikelihood: -20565.252676
[06:12:21] Bootstrap tree #660, logLikelihood: -20019.738793
[06:12:44] Bootstrap tree #661, logLikelihood: -20731.776835
[06:13:08] Bootstrap tree #662, logLikelihood: -20419.220487
[06:13:32] Bootstrap tree #663, logLikelihood: -19208.676792
[06:14:09] Bootstrap tree #664, logLikelihood: -21641.819074
[06:14:31] Bootstrap tree #665, logLikelihood: -21397.418189
[06:14:52] Bootstrap tree #666, logLikelihood: -20766.513568
[06:15:16] Bootstrap tree #667, logLikelihood: -18217.261206
[06:15:39] Bootstrap tree #668, logLikelihood: -20658.394216
[06:16:44] Bootstrap tree #669, logLikelihood: -19348.230870
[06:17:16] Bootstrap tree #670, logLikelihood: -21062.263360
[06:17:36] Bootstrap tree #671, logLikelihood: -20671.379787
[06:17:58] Bootstrap tree #672, logLikelihood: -20896.326887
[06:18:17] Bootstrap tree #673, logLikelihood: -18484.649105
[06:18:53] Bootstrap tree #674, logLikelihood: -21192.149755
[06:19:38] Bootstrap tree #675, logLikelihood: -20651.154265
[06:20:01] Bootstrap tree #676, logLikelihood: -20997.530958
[06:20:24] Bootstrap tree #677, logLikelihood: -20745.249252
[06:20:51] Bootstrap tree #678, logLikelihood: -19678.386971
[06:21:36] Bootstrap tree #679, logLikelihood: -20628.639628
[06:22:02] Bootstrap tree #680, logLikelihood: -20762.230694
[06:22:34] Bootstrap tree #681, logLikelihood: -20966.162947
[06:22:53] Bootstrap tree #682, logLikelihood: -19800.463348
[06:23:17] Bootstrap tree #683, logLikelihood: -19759.320861
[06:23:44] Bootstrap tree #684, logLikelihood: -21348.945196
[06:24:09] Bootstrap tree #685, logLikelihood: -19284.642034
[06:24:27] Bootstrap tree #686, logLikelihood: -20332.960644
[06:25:02] Bootstrap tree #687, logLikelihood: -19435.805487
[06:25:43] Bootstrap tree #688, logLikelihood: -20868.918968
[06:26:03] Bootstrap tree #689, logLikelihood: -18890.132544
[06:26:30] Bootstrap tree #690, logLikelihood: -19865.098996
[06:26:49] Bootstrap tree #691, logLikelihood: -20172.612381
[06:27:16] Bootstrap tree #692, logLikelihood: -21779.816988
[06:27:44] Bootstrap tree #693, logLikelihood: -19808.577853
[06:28:19] Bootstrap tree #694, logLikelihood: -19545.448383
[06:28:46] Bootstrap tree #695, logLikelihood: -20181.494923
[06:29:23] Bootstrap tree #696, logLikelihood: -20062.061099
[06:30:03] Bootstrap tree #697, logLikelihood: -20509.727108
[06:31:05] Bootstrap tree #698, logLikelihood: -19922.812216
[06:31:48] Bootstrap tree #699, logLikelihood: -20562.911350
[06:32:20] Bootstrap tree #700, logLikelihood: -19987.264052
[06:32:46] Bootstrap tree #701, logLikelihood: -19529.053142
[06:33:19] Bootstrap tree #702, logLikelihood: -20270.228761
[06:33:44] Bootstrap tree #703, logLikelihood: -19563.363003
[06:34:04] Bootstrap tree #704, logLikelihood: -21230.814194
[06:34:35] Bootstrap tree #705, logLikelihood: -21695.118104
[06:35:00] Bootstrap tree #706, logLikelihood: -21944.090674
[06:35:36] Bootstrap tree #707, logLikelihood: -20042.107187
[06:36:29] Bootstrap tree #708, logLikelihood: -21471.639942
[06:37:17] Bootstrap tree #709, logLikelihood: -22543.830557
[06:37:45] Bootstrap tree #710, logLikelihood: -21277.587041
[06:38:19] Bootstrap tree #711, logLikelihood: -20929.812111
[06:39:12] Bootstrap tree #712, logLikelihood: -20428.631909
[06:39:31] Bootstrap tree #713, logLikelihood: -19724.909861
[06:40:57] Bootstrap tree #714, logLikelihood: -21474.096875
[06:41:29] Bootstrap tree #715, logLikelihood: -19645.651851
[06:41:54] Bootstrap tree #716, logLikelihood: -20600.570394
[06:42:21] Bootstrap tree #717, logLikelihood: -20198.368064
[06:42:42] Bootstrap tree #718, logLikelihood: -20667.575668
[06:43:20] Bootstrap tree #719, logLikelihood: -20064.498723
[06:43:49] Bootstrap tree #720, logLikelihood: -20973.810885
[06:44:18] Bootstrap tree #721, logLikelihood: -20399.072334
[06:44:39] Bootstrap tree #722, logLikelihood: -20808.896583
[06:44:55] Bootstrap tree #723, logLikelihood: -20408.123895
[06:45:20] Bootstrap tree #724, logLikelihood: -19856.643078
[06:45:48] Bootstrap tree #725, logLikelihood: -20566.883261
[06:46:06] Bootstrap tree #726, logLikelihood: -20564.554964
[06:46:50] Bootstrap tree #727, logLikelihood: -21813.415398
[06:47:46] Bootstrap tree #728, logLikelihood: -20056.457351
[06:48:12] Bootstrap tree #729, logLikelihood: -20179.611965
[06:48:44] Bootstrap tree #730, logLikelihood: -21490.177953
[06:49:12] Bootstrap tree #731, logLikelihood: -20724.245296
[06:49:58] Bootstrap tree #732, logLikelihood: -18687.506116
[06:50:24] Bootstrap tree #733, logLikelihood: -20448.771371
[06:50:42] Bootstrap tree #734, logLikelihood: -20071.017504
[06:51:08] Bootstrap tree #735, logLikelihood: -19851.344103
[06:51:25] Bootstrap tree #736, logLikelihood: -21039.620641
[06:51:51] Bootstrap tree #737, logLikelihood: -20135.873739
[06:52:17] Bootstrap tree #738, logLikelihood: -19208.842234
[06:52:45] Bootstrap tree #739, logLikelihood: -21242.386172
[06:53:19] Bootstrap tree #740, logLikelihood: -20620.704541
[06:53:54] Bootstrap tree #741, logLikelihood: -20139.271777
[06:54:39] Bootstrap tree #742, logLikelihood: -19701.149497
[06:55:02] Bootstrap tree #743, logLikelihood: -19990.952430
[06:55:24] Bootstrap tree #744, logLikelihood: -19853.238615
[06:55:42] Bootstrap tree #745, logLikelihood: -21398.766329
[06:56:28] Bootstrap tree #746, logLikelihood: -20470.529424
[06:57:11] Bootstrap tree #747, logLikelihood: -21887.285902
[06:57:34] Bootstrap tree #748, logLikelihood: -18886.978332
[06:57:57] Bootstrap tree #749, logLikelihood: -20230.444012
[06:58:22] Bootstrap tree #750, logLikelihood: -21436.393320
[06:58:42] Bootstrap tree #751, logLikelihood: -19168.813861
[06:59:10] Bootstrap tree #752, logLikelihood: -20205.853623
[06:59:43] Bootstrap tree #753, logLikelihood: -20291.707193
[07:00:09] Bootstrap tree #754, logLikelihood: -20205.748876
[07:00:30] Bootstrap tree #755, logLikelihood: -21641.734030
[07:00:51] Bootstrap tree #756, logLikelihood: -20265.020706
[07:01:18] Bootstrap tree #757, logLikelihood: -19760.859840
[07:01:44] Bootstrap tree #758, logLikelihood: -20311.563349
[07:02:04] Bootstrap tree #759, logLikelihood: -19743.701478
[07:02:42] Bootstrap tree #760, logLikelihood: -19660.053934
[07:03:42] Bootstrap tree #761, logLikelihood: -19863.654180
[07:04:07] Bootstrap tree #762, logLikelihood: -19265.605439
[07:04:46] Bootstrap tree #763, logLikelihood: -21966.099383
[07:05:14] Bootstrap tree #764, logLikelihood: -20178.996564
[07:05:34] Bootstrap tree #765, logLikelihood: -19358.572492
[07:06:01] Bootstrap tree #766, logLikelihood: -20219.244109
[07:06:17] Bootstrap tree #767, logLikelihood: -20735.044151
[07:06:37] Bootstrap tree #768, logLikelihood: -20590.048830
[07:06:57] Bootstrap tree #769, logLikelihood: -20321.438031
[07:07:28] Bootstrap tree #770, logLikelihood: -20778.564285
[07:07:54] Bootstrap tree #771, logLikelihood: -21970.604512
[07:08:22] Bootstrap tree #772, logLikelihood: -22084.767006
[07:08:43] Bootstrap tree #773, logLikelihood: -20839.926030
[07:09:18] Bootstrap tree #774, logLikelihood: -21369.671245
[07:09:38] Bootstrap tree #775, logLikelihood: -20013.863154
[07:09:58] Bootstrap tree #776, logLikelihood: -20628.408718
[07:10:18] Bootstrap tree #777, logLikelihood: -19468.437611
[07:10:37] Bootstrap tree #778, logLikelihood: -20740.098937
[07:11:12] Bootstrap tree #779, logLikelihood: -20477.261830
[07:11:56] Bootstrap tree #780, logLikelihood: -19779.896072
[07:12:23] Bootstrap tree #781, logLikelihood: -21624.007656
[07:12:59] Bootstrap tree #782, logLikelihood: -21103.066611
[07:13:28] Bootstrap tree #783, logLikelihood: -20860.560301
[07:13:49] Bootstrap tree #784, logLikelihood: -20572.496535
[07:14:11] Bootstrap tree #785, logLikelihood: -20523.293782
[07:14:55] Bootstrap tree #786, logLikelihood: -19974.118969
[07:15:16] Bootstrap tree #787, logLikelihood: -20635.531617
[07:15:51] Bootstrap tree #788, logLikelihood: -19727.912370
[07:16:18] Bootstrap tree #789, logLikelihood: -19023.375665
[07:16:36] Bootstrap tree #790, logLikelihood: -18916.834961
[07:17:21] Bootstrap tree #791, logLikelihood: -21521.820593
[07:18:05] Bootstrap tree #792, logLikelihood: -21194.875013
[07:18:23] Bootstrap tree #793, logLikelihood: -20368.751567
[07:18:47] Bootstrap tree #794, logLikelihood: -21696.549710
[07:19:15] Bootstrap tree #795, logLikelihood: -20830.126006
[07:19:39] Bootstrap tree #796, logLikelihood: -20853.887690
[07:20:05] Bootstrap tree #797, logLikelihood: -21705.991738
[07:20:26] Bootstrap tree #798, logLikelihood: -21723.635412
[07:20:46] Bootstrap tree #799, logLikelihood: -20871.353154
[07:21:31] Bootstrap tree #800, logLikelihood: -19321.218517
[07:21:49] Bootstrap tree #801, logLikelihood: -20553.485093
[07:22:27] Bootstrap tree #802, logLikelihood: -21420.710689
[07:22:50] Bootstrap tree #803, logLikelihood: -21070.915560
[07:23:12] Bootstrap tree #804, logLikelihood: -20338.554070
[07:24:03] Bootstrap tree #805, logLikelihood: -21265.959210
[07:24:37] Bootstrap tree #806, logLikelihood: -21210.068883
[07:25:04] Bootstrap tree #807, logLikelihood: -20980.174500
[07:25:22] Bootstrap tree #808, logLikelihood: -19111.220610
[07:25:43] Bootstrap tree #809, logLikelihood: -21631.688317
[07:26:06] Bootstrap tree #810, logLikelihood: -20103.558077
[07:26:27] Bootstrap tree #811, logLikelihood: -20316.198111
[07:26:45] Bootstrap tree #812, logLikelihood: -19570.955311
[07:27:05] Bootstrap tree #813, logLikelihood: -21181.751165
[07:27:44] Bootstrap tree #814, logLikelihood: -20957.105204
[07:28:18] Bootstrap tree #815, logLikelihood: -21278.814931
[07:28:49] Bootstrap tree #816, logLikelihood: -20703.026204
[07:29:35] Bootstrap tree #817, logLikelihood: -20562.646442
[07:30:00] Bootstrap tree #818, logLikelihood: -19936.757724
[07:30:24] Bootstrap tree #819, logLikelihood: -19884.509256
[07:30:56] Bootstrap tree #820, logLikelihood: -20300.482562
[07:31:39] Bootstrap tree #821, logLikelihood: -20298.774972
[07:32:16] Bootstrap tree #822, logLikelihood: -20462.065250
[07:32:35] Bootstrap tree #823, logLikelihood: -20433.157989
[07:32:59] Bootstrap tree #824, logLikelihood: -20371.705655
[07:33:24] Bootstrap tree #825, logLikelihood: -19468.007788
[07:33:52] Bootstrap tree #826, logLikelihood: -20519.117809
[07:34:17] Bootstrap tree #827, logLikelihood: -21062.540332
[07:34:35] Bootstrap tree #828, logLikelihood: -20927.069740
[07:35:09] Bootstrap tree #829, logLikelihood: -19758.138975
[07:35:40] Bootstrap tree #830, logLikelihood: -20221.934519
[07:36:00] Bootstrap tree #831, logLikelihood: -22706.945647
[07:36:33] Bootstrap tree #832, logLikelihood: -20727.897179
[07:36:52] Bootstrap tree #833, logLikelihood: -22460.232618
[07:37:19] Bootstrap tree #834, logLikelihood: -20224.726648
[07:37:43] Bootstrap tree #835, logLikelihood: -19888.464379
[07:38:08] Bootstrap tree #836, logLikelihood: -18844.054413
[07:38:45] Bootstrap tree #837, logLikelihood: -20940.494046
[07:39:17] Bootstrap tree #838, logLikelihood: -21156.210865
[07:39:44] Bootstrap tree #839, logLikelihood: -21103.637477
[07:40:13] Bootstrap tree #840, logLikelihood: -20110.479786
[07:40:34] Bootstrap tree #841, logLikelihood: -20051.304658
[07:40:54] Bootstrap tree #842, logLikelihood: -22411.430502
[07:41:19] Bootstrap tree #843, logLikelihood: -20500.994712
[07:41:39] Bootstrap tree #844, logLikelihood: -20145.066701
[07:42:08] Bootstrap tree #845, logLikelihood: -21696.211780
[07:42:34] Bootstrap tree #846, logLikelihood: -20616.931380
[07:42:56] Bootstrap tree #847, logLikelihood: -20201.216912
[07:43:20] Bootstrap tree #848, logLikelihood: -19779.891062
[07:43:41] Bootstrap tree #849, logLikelihood: -21157.845052
[07:44:10] Bootstrap tree #850, logLikelihood: -20692.391255
[07:44:28] Bootstrap tree #851, logLikelihood: -19611.872699
[07:44:50] Bootstrap tree #852, logLikelihood: -22378.082508
[07:45:24] Bootstrap tree #853, logLikelihood: -19979.846207
[07:45:49] Bootstrap tree #854, logLikelihood: -20404.217145
[07:46:11] Bootstrap tree #855, logLikelihood: -21322.112792
[07:46:37] Bootstrap tree #856, logLikelihood: -19382.632289
[07:47:04] Bootstrap tree #857, logLikelihood: -21730.320551
[07:47:50] Bootstrap tree #858, logLikelihood: -19186.432280
[07:48:32] Bootstrap tree #859, logLikelihood: -20167.477514
[07:49:07] Bootstrap tree #860, logLikelihood: -20448.840608
[07:49:27] Bootstrap tree #861, logLikelihood: -19626.726578
[07:50:06] Bootstrap tree #862, logLikelihood: -20044.547787
[07:50:37] Bootstrap tree #863, logLikelihood: -19003.813413
[07:51:08] Bootstrap tree #864, logLikelihood: -20042.108061
[07:51:43] Bootstrap tree #865, logLikelihood: -20167.873131
[07:52:17] Bootstrap tree #866, logLikelihood: -19726.424715
[07:52:45] Bootstrap tree #867, logLikelihood: -21298.477588
[07:53:04] Bootstrap tree #868, logLikelihood: -21933.401855
[07:53:38] Bootstrap tree #869, logLikelihood: -19852.944141
[07:54:23] Bootstrap tree #870, logLikelihood: -21765.633267
[07:54:42] Bootstrap tree #871, logLikelihood: -20314.429781
[07:55:03] Bootstrap tree #872, logLikelihood: -21252.996156
[07:55:32] Bootstrap tree #873, logLikelihood: -21213.899986
[07:56:27] Bootstrap tree #874, logLikelihood: -19904.985985
[07:56:47] Bootstrap tree #875, logLikelihood: -22145.607021
[07:57:17] Bootstrap tree #876, logLikelihood: -20878.698566
[07:57:58] Bootstrap tree #877, logLikelihood: -20258.597741
[07:58:17] Bootstrap tree #878, logLikelihood: -20763.334142
[07:59:02] Bootstrap tree #879, logLikelihood: -19542.143339
[07:59:35] Bootstrap tree #880, logLikelihood: -20686.032036
[07:59:59] Bootstrap tree #881, logLikelihood: -21921.777652
[08:00:26] Bootstrap tree #882, logLikelihood: -20019.151490
[08:01:06] Bootstrap tree #883, logLikelihood: -20462.567837
[08:01:33] Bootstrap tree #884, logLikelihood: -20681.269053
[08:01:53] Bootstrap tree #885, logLikelihood: -20413.615975
[08:02:11] Bootstrap tree #886, logLikelihood: -21075.167229
[08:02:41] Bootstrap tree #887, logLikelihood: -20283.283314
[08:03:17] Bootstrap tree #888, logLikelihood: -20267.639029
[08:04:25] Bootstrap tree #889, logLikelihood: -22251.974686
[08:04:55] Bootstrap tree #890, logLikelihood: -20168.881865
[08:05:13] Bootstrap tree #891, logLikelihood: -21119.997301
[08:05:40] Bootstrap tree #892, logLikelihood: -20338.002229
[08:06:01] Bootstrap tree #893, logLikelihood: -20310.563083
[08:06:21] Bootstrap tree #894, logLikelihood: -19581.022932
[08:07:14] Bootstrap tree #895, logLikelihood: -19921.461859
[08:07:34] Bootstrap tree #896, logLikelihood: -21248.754568
[08:07:53] Bootstrap tree #897, logLikelihood: -21138.266494
[08:08:17] Bootstrap tree #898, logLikelihood: -20211.169773
[08:08:55] Bootstrap tree #899, logLikelihood: -18860.612484
[08:09:32] Bootstrap tree #900, logLikelihood: -21369.364441
[08:10:13] Bootstrap tree #901, logLikelihood: -19910.042486
[08:10:43] Bootstrap tree #902, logLikelihood: -20456.244650
[08:11:14] Bootstrap tree #903, logLikelihood: -20789.269225
[08:11:38] Bootstrap tree #904, logLikelihood: -20849.537885
[08:12:03] Bootstrap tree #905, logLikelihood: -20340.649222
[08:12:30] Bootstrap tree #906, logLikelihood: -19759.833778
[08:13:08] Bootstrap tree #907, logLikelihood: -20583.576999
[08:13:27] Bootstrap tree #908, logLikelihood: -21746.727279
[08:13:45] Bootstrap tree #909, logLikelihood: -20939.411961
[08:14:44] Bootstrap tree #910, logLikelihood: -19213.196757
[08:15:10] Bootstrap tree #911, logLikelihood: -19380.336360
[08:15:32] Bootstrap tree #912, logLikelihood: -20671.398760
[08:16:12] Bootstrap tree #913, logLikelihood: -19927.513294
[08:16:36] Bootstrap tree #914, logLikelihood: -19121.063240
[08:17:03] Bootstrap tree #915, logLikelihood: -19984.465743
[08:17:29] Bootstrap tree #916, logLikelihood: -20142.924145
[08:18:10] Bootstrap tree #917, logLikelihood: -20294.812732
[08:18:49] Bootstrap tree #918, logLikelihood: -19959.428583
[08:19:21] Bootstrap tree #919, logLikelihood: -20293.170150
[08:20:10] Bootstrap tree #920, logLikelihood: -21649.322018
[08:20:28] Bootstrap tree #921, logLikelihood: -19445.803806
[08:20:50] Bootstrap tree #922, logLikelihood: -20245.285377
[08:21:20] Bootstrap tree #923, logLikelihood: -20669.932096
[08:21:53] Bootstrap tree #924, logLikelihood: -19456.999761
[08:22:15] Bootstrap tree #925, logLikelihood: -20363.778109
[08:22:55] Bootstrap tree #926, logLikelihood: -21750.732006
[08:23:25] Bootstrap tree #927, logLikelihood: -21580.861097
[08:23:42] Bootstrap tree #928, logLikelihood: -19184.238777
[08:24:17] Bootstrap tree #929, logLikelihood: -19971.223491
[08:24:38] Bootstrap tree #930, logLikelihood: -21069.119102
[08:24:58] Bootstrap tree #931, logLikelihood: -19804.376224
[08:25:29] Bootstrap tree #932, logLikelihood: -19425.676656
[08:25:47] Bootstrap tree #933, logLikelihood: -22000.024792
[08:26:16] Bootstrap tree #934, logLikelihood: -20551.900975
[08:27:10] Bootstrap tree #935, logLikelihood: -20967.336987
[08:28:02] Bootstrap tree #936, logLikelihood: -20744.853230
[08:28:29] Bootstrap tree #937, logLikelihood: -22047.280643
[08:28:49] Bootstrap tree #938, logLikelihood: -20207.168399
[08:29:28] Bootstrap tree #939, logLikelihood: -20908.613179
[08:29:50] Bootstrap tree #940, logLikelihood: -21227.065441
[08:30:18] Bootstrap tree #941, logLikelihood: -19096.271836
[08:30:37] Bootstrap tree #942, logLikelihood: -21079.424216
[08:31:14] Bootstrap tree #943, logLikelihood: -20131.827124
[08:31:41] Bootstrap tree #944, logLikelihood: -21117.237129
[08:32:06] Bootstrap tree #945, logLikelihood: -19814.374349
[08:32:33] Bootstrap tree #946, logLikelihood: -20521.855065
[08:32:53] Bootstrap tree #947, logLikelihood: -20901.325257
[08:33:16] Bootstrap tree #948, logLikelihood: -21409.564808
[08:33:43] Bootstrap tree #949, logLikelihood: -20442.462289
[08:34:08] Bootstrap tree #950, logLikelihood: -20802.992260
[08:34:42] Bootstrap tree #951, logLikelihood: -21733.171132
[08:35:04] Bootstrap tree #952, logLikelihood: -21152.211642
[08:35:45] Bootstrap tree #953, logLikelihood: -20377.951534
[08:36:06] Bootstrap tree #954, logLikelihood: -20076.331563
[08:36:28] Bootstrap tree #955, logLikelihood: -20697.540665
[08:36:58] Bootstrap tree #956, logLikelihood: -20587.608380
[08:37:33] Bootstrap tree #957, logLikelihood: -20710.207191
[08:37:52] Bootstrap tree #958, logLikelihood: -21173.190025
[08:38:31] Bootstrap tree #959, logLikelihood: -20025.954414
[08:39:23] Bootstrap tree #960, logLikelihood: -20129.343448
[08:39:48] Bootstrap tree #961, logLikelihood: -20058.770033
[08:40:16] Bootstrap tree #962, logLikelihood: -22781.445451
[08:40:42] Bootstrap tree #963, logLikelihood: -19759.332810
[08:41:24] Bootstrap tree #964, logLikelihood: -20335.988416
[08:41:49] Bootstrap tree #965, logLikelihood: -20029.615678
[08:42:29] Bootstrap tree #966, logLikelihood: -21566.084701
[08:42:52] Bootstrap tree #967, logLikelihood: -21678.618475
[08:43:12] Bootstrap tree #968, logLikelihood: -21637.029424
[08:43:37] Bootstrap tree #969, logLikelihood: -21515.688722
[08:44:05] Bootstrap tree #970, logLikelihood: -21183.267639
[08:44:23] Bootstrap tree #971, logLikelihood: -20597.290623
[08:45:13] Bootstrap tree #972, logLikelihood: -20011.352387
[08:45:54] Bootstrap tree #973, logLikelihood: -20434.118790
[08:46:18] Bootstrap tree #974, logLikelihood: -21923.354676
[08:46:40] Bootstrap tree #975, logLikelihood: -20215.190764
[08:47:02] Bootstrap tree #976, logLikelihood: -19691.833973
[08:47:20] Bootstrap tree #977, logLikelihood: -19502.057087
[08:47:58] Bootstrap tree #978, logLikelihood: -18789.287304
[08:48:30] Bootstrap tree #979, logLikelihood: -19842.021868
[08:49:06] Bootstrap tree #980, logLikelihood: -21377.691595
[08:49:34] Bootstrap tree #981, logLikelihood: -20112.831158
[08:50:34] Bootstrap tree #982, logLikelihood: -19313.893105
[08:50:54] Bootstrap tree #983, logLikelihood: -21569.902396
[08:51:24] Bootstrap tree #984, logLikelihood: -21023.840935
[08:51:56] Bootstrap tree #985, logLikelihood: -19848.006444
[08:52:32] Bootstrap tree #986, logLikelihood: -22086.621528
[08:52:59] Bootstrap tree #987, logLikelihood: -21080.313035
[08:53:57] Bootstrap tree #988, logLikelihood: -21175.918105
[08:54:30] Bootstrap tree #989, logLikelihood: -21428.180390
[08:55:00] Bootstrap tree #990, logLikelihood: -21418.614292
[08:55:20] Bootstrap tree #991, logLikelihood: -19555.253204
[08:55:49] Bootstrap tree #992, logLikelihood: -20814.784274
[08:56:08] Bootstrap tree #993, logLikelihood: -21914.899624
[08:56:55] Bootstrap tree #994, logLikelihood: -21323.846554
[08:57:26] Bootstrap tree #995, logLikelihood: -19714.533575
[08:57:46] Bootstrap tree #996, logLikelihood: -19909.092518
[08:58:04] Bootstrap tree #997, logLikelihood: -20227.919682
[08:58:28] Bootstrap tree #998, logLikelihood: -20007.489809
[08:59:03] Bootstrap tree #999, logLikelihood: -22494.660408
[08:59:27] Bootstrap tree #1000, logLikelihood: -19599.441379

Optimized model parameters:

   Partition 0: noname
   Rate heterogeneity: GAMMA (4 cats, mean),  alpha: 0.863069 (ML),  weights&rates: (0.250000,0.108891) (0.250000,0.431339) (0.250000,0.973007) (0.250000,2.486763) 
   P-inv (ML): 0.185617
   Base frequencies (model): 0.250000 0.250000 0.250000 0.250000 
   Substitution rates (ML): 2.227895 4.481877 2.227895 1.000000 4.292108 1.000000 


Final LogLikelihood: -20826.825674

AIC score: 42153.651348 / AICc score: 43083.280978 / BIC score: 43142.610690
Free parameters (model + branch lengths): 250

WARNING: Best ML tree contains 7 near-zero branches!

Best ML tree with collapsed near-zero branches saved to: /home/shorigan/raxml-ng-ML-RdRp-SWIO/T3.raxml.bestTreeCollapsed
Best ML tree saved to: /home/shorigan/raxml-ng-ML-RdRp-SWIO/T3.raxml.bestTree
All ML trees saved to: /home/shorigan/raxml-ng-ML-RdRp-SWIO/T3.raxml.mlTrees
Best ML tree with Felsenstein bootstrap (FBP) support values saved to: /home/shorigan/raxml-ng-ML-RdRp-SWIO/T3.raxml.supportFBP
Best ML tree with Transfer bootstrap (TBE) support values saved to: /home/shorigan/raxml-ng-ML-RdRp-SWIO/T3.raxml.supportTBE
Optimized model saved to: /home/shorigan/raxml-ng-ML-RdRp-SWIO/T3.raxml.bestModel
Bootstrap trees saved to: /home/shorigan/raxml-ng-ML-RdRp-SWIO/T3.raxml.bootstraps

Execution log saved to: /home/shorigan/raxml-ng-ML-RdRp-SWIO/T3.raxml.log

Analysis started: 08-Nov-2022 16:48:57 / finished: 09-Nov-2022 01:48:26

Elapsed time: 32368.286 seconds

Consumed energy: 1053.614 Wh (= 5 km in an electric car, or 26 km with an e-scooter!)

