
RAxML-NG v. 1.1.0-master released on 22.06.2022 by The Exelixis Lab.
Developed by: Alexey M. Kozlov and Alexandros Stamatakis.
Contributors: Diego Darriba, Tomas Flouri, Benoit Morel, Sarah Lutteropp, Ben Bettisworth.
Latest version: https://github.com/amkozlov/raxml-ng
Questions/problems/suggestions? Please visit: https://groups.google.com/forum/#!forum/raxml

System: Intel(R) Xeon(R) CPU E5-2680 v4 @ 2.40GHz, 28 cores, 251 GB RAM

RAxML-NG was called at 13-Sep-2022 13:54:45 as follows:

raxml-ng-mpi --parse --msa alignment.phy --model GTR+I+G4 --prefix T2

Analysis options:
  run mode: Alignment parsing and compression
  start tree(s): 
  random seed: 1663095285
  tip-inner: OFF
  pattern compression: ON
  per-rate scalers: OFF
  site repeats: ON
  branch lengths: proportional (ML estimate, algorithm: NR-FAST)
  SIMD kernels: AVX2
  parallelization: coarse-grained (auto), PTHREADS (auto)

[00:00:00] Reading alignment from file: alignment.phy
[00:00:00] Loaded alignment with 298 taxa and 592 sites

WARNING: Sequences KY575646 and KY575674 are exactly identical!
WARNING: Sequences KY575647 and KY575651 are exactly identical!
WARNING: Sequences KY053993 and KY053994 are exactly identical!
WARNING: Sequences KY053954 and KY053958 are exactly identical!
WARNING: Sequences KY053954 and KY053959 are exactly identical!
WARNING: Sequences KY053946 and KY053947 are exactly identical!
WARNING: Sequences KY053971 and KY053975 are exactly identical!
WARNING: Sequences MH013985 and MH013992 are exactly identical!
WARNING: Sequences MH013966 and MH013967 are exactly identical!
WARNING: Sequences MH013966 and MH013972 are exactly identical!
WARNING: Sequences KY053983 and KY053985 are exactly identical!
WARNING: Sequences KY053987 and KY053988 are exactly identical!
WARNING: Sequences KY054037 and KY054039 are exactly identical!
WARNING: Sequences KY054037 and KY054040 are exactly identical!
WARNING: Sequences KY054037 and KY054041 are exactly identical!
WARNING: Sequences MK966915 and MK966916 are exactly identical!
WARNING: Sequences MK966915 and MK966917 are exactly identical!
WARNING: Sequences MZ274082 and MZ274083 are exactly identical!
WARNING: Sequences MZ274076 and MZ274077 are exactly identical!
WARNING: Sequences MZ274076 and MZ274078 are exactly identical!
WARNING: Sequences MK966905 and MK966906 are exactly identical!
WARNING: Duplicate sequences found: 21

NOTE: Reduced alignment (with duplicates and gap-only sites/taxa removed) 
NOTE: was saved to: /home/shorigan/raxml-ng-ML-RdRp-Africa/T2.raxml.reduced.phy

Alignment comprises 1 partitions and 454 patterns

Partition 0: noname
Model: GTR+FO+I+G4m
Alignment sites / patterns: 592 / 454
Gaps: 35.28 %
Invariant sites: 29.56 %


NOTE: Binary MSA file created: T2.raxml.rba


* Estimated memory requirements                : 33 MB

* Recommended number of threads / MPI processes: 2

Please note that numbers given above are rough estimates only. 
Actual memory consumption and parallel performance on your system may differ!

Alignment can be successfully read by RAxML-NG.


Execution log saved to: /home/shorigan/raxml-ng-ML-RdRp-Africa/T2.raxml.log

Analysis started: 13-Sep-2022 13:54:45 / finished: 13-Sep-2022 13:54:45

Elapsed time: 0.328 seconds

