
RAxML-NG v. 1.1.0-master released on 22.06.2022 by The Exelixis Lab.
Developed by: Alexey M. Kozlov and Alexandros Stamatakis.
Contributors: Diego Darriba, Tomas Flouri, Benoit Morel, Sarah Lutteropp, Ben Bettisworth.
Latest version: https://github.com/amkozlov/raxml-ng
Questions/problems/suggestions? Please visit: https://groups.google.com/forum/#!forum/raxml

System: Intel(R) Xeon(R) CPU E5-2680 v4 @ 2.40GHz, 28 cores, 251 GB RAM

RAxML-NG was called at 16-Sep-2022 09:26:09 as follows:

raxml-ng-mpi --support --tree T3.raxml.bestTree --bs-trees allbootstraps2 --prefix T9 --threads 2

Analysis options:
  run mode: Compute bipartition support (Felsenstein Bootstrap)
  start tree(s): user
  random seed: 1663338370
  SIMD kernels: AVX2
  parallelization: coarse-grained (auto), PTHREADS (2 threads), thread pinning: ON

Reading reference tree from file: T3.raxml.bestTree
Reference tree size: 298

Reading bootstrap trees from file: allbootstraps2
Loaded 1250 trees with 298 taxa.

Best ML tree with Felsenstein bootstrap (FBP) support values saved to: /home/shorigan/raxml-ng-ML-RdRp-Africa/T9.raxml.support

Execution log saved to: /home/shorigan/raxml-ng-ML-RdRp-Africa/T9.raxml.log

Analysis started: 16-Sep-2022 09:26:09 / finished: 16-Sep-2022 09:26:11

Elapsed time: 1.610 seconds

