
RAxML-NG v. 1.1.0-master released on 22.06.2022 by The Exelixis Lab.
Developed by: Alexey M. Kozlov and Alexandros Stamatakis.
Contributors: Diego Darriba, Tomas Flouri, Benoit Morel, Sarah Lutteropp, Ben Bettisworth.
Latest version: https://github.com/amkozlov/raxml-ng
Questions/problems/suggestions? Please visit: https://groups.google.com/forum/#!forum/raxml

System: Intel(R) Xeon(R) CPU E5-2680 v4 @ 2.40GHz, 28 cores, 251 GB RAM

RAxML-NG was called at 25-Aug-2022 15:59:55 as follows:

raxml-ng-mpi --check --msa alignment.phy --model TVM+I+G4 --prefix T1

Analysis options:
  run mode: Alignment validation
  start tree(s): 
  random seed: 1661461195
  SIMD kernels: AVX2
  parallelization: coarse-grained (auto), PTHREADS (auto)

[00:00:00] Reading alignment from file: alignment.phy
[00:00:00] Loaded alignment with 43 taxa and 9913 sites

Alignment comprises 1 partitions and 9913 sites

Partition 0: noname
Model: TVM+FO+I+G4m
Alignment sites: 9913
Gaps: 34.20 %
Invariant sites: 14.49 %



Alignment can be successfully read by RAxML-NG.


Execution log saved to: /home/shorigan/raxml-ng-ML-full/T1.raxml.log

Analysis started: 25-Aug-2022 15:59:55 / finished: 25-Aug-2022 15:59:55

Elapsed time: 0.245 seconds

