
RAxML-NG v. 1.1.0-master released on 22.06.2022 by The Exelixis Lab.
Developed by: Alexey M. Kozlov and Alexandros Stamatakis.
Contributors: Diego Darriba, Tomas Flouri, Benoit Morel, Sarah Lutteropp, Ben Bettisworth.
Latest version: https://github.com/amkozlov/raxml-ng
Questions/problems/suggestions? Please visit: https://groups.google.com/forum/#!forum/raxml

System: Intel(R) Xeon(R) CPU E5-2680 v4 @ 2.40GHz, 28 cores, 251 GB RAM

RAxML-NG was called at 25-Aug-2022 16:00:17 as follows:

raxml-ng-mpi --parse --msa alignment.phy --model TVM+I+G4 --prefix T2

Analysis options:
  run mode: Alignment parsing and compression
  start tree(s): 
  random seed: 1661461217
  tip-inner: OFF
  pattern compression: ON
  per-rate scalers: OFF
  site repeats: ON
  branch lengths: proportional (ML estimate, algorithm: NR-FAST)
  SIMD kernels: AVX2
  parallelization: coarse-grained (auto), PTHREADS (auto)

[00:00:00] Reading alignment from file: alignment.phy
[00:00:00] Loaded alignment with 43 taxa and 9913 sites

Alignment comprises 1 partitions and 8549 patterns

Partition 0: noname
Model: TVM+FO+I+G4m
Alignment sites / patterns: 9913 / 8549
Gaps: 34.20 %
Invariant sites: 14.49 %


NOTE: Binary MSA file created: T2.raxml.rba


* Estimated memory requirements                : 88 MB

* Recommended number of threads / MPI processes: 7

Please note that numbers given above are rough estimates only. 
Actual memory consumption and parallel performance on your system may differ!

Alignment can be successfully read by RAxML-NG.


Execution log saved to: /home/shorigan/raxml-ng-ML-full/T2.raxml.log

Analysis started: 25-Aug-2022 16:00:17 / finished: 25-Aug-2022 16:00:17

Elapsed time: 0.261 seconds

