
RAxML-NG v. 1.1.0-master released on 22.06.2022 by The Exelixis Lab.
Developed by: Alexey M. Kozlov and Alexandros Stamatakis.
Contributors: Diego Darriba, Tomas Flouri, Benoit Morel, Sarah Lutteropp, Ben Bettisworth.
Latest version: https://github.com/amkozlov/raxml-ng
Questions/problems/suggestions? Please visit: https://groups.google.com/forum/#!forum/raxml

System: Intel(R) Xeon(R) CPU E5-2680 v4 @ 2.40GHz, 28 cores, 251 GB RAM

RAxML-NG was called at 29-Aug-2022 16:16:40 as follows:

raxml-ng-mpi --bsconverge --bs-trees T3.raxml.bootstraps --prefix T4 --seed 2 --threads 7

Analysis options:
  run mode: A posteriori bootstrap convergence test
  start tree(s): 
  random seed: 2
  SIMD kernels: AVX2
  parallelization: coarse-grained (auto), PTHREADS (7 threads), thread pinning: ON

Reading bootstrap trees from file: T3.raxml.bootstraps
Loaded 500 trees with 43 taxa.

Performing bootstrap convergence assessment using autoMRE criterion

 # trees        avg WRF       avg WRF in %       # perms: wrf <= 3.00 %     converged?  
      50         61.119              3.056                          551        NO
     100         78.986              1.975                          856        NO
     150         82.855              1.381                          984        NO
     200        131.038              1.638                          993        YES
Bootstopping test converged after 200 trees


Execution log saved to: /home/shorigan/raxml-ng-ML-full/T4.raxml.log

Analysis started: 29-Aug-2022 16:16:40 / finished: 29-Aug-2022 16:16:41

Elapsed time: 0.731 seconds

