
RAxML-NG v. 1.1.0-master released on 22.06.2022 by The Exelixis Lab.
Developed by: Alexey M. Kozlov and Alexandros Stamatakis.
Contributors: Diego Darriba, Tomas Flouri, Benoit Morel, Sarah Lutteropp, Ben Bettisworth.
Latest version: https://github.com/amkozlov/raxml-ng
Questions/problems/suggestions? Please visit: https://groups.google.com/forum/#!forum/raxml

System: Intel(R) Xeon(R) CPU E5-2680 v4 @ 2.40GHz, 28 cores, 251 GB RAM

RAxML-NG was called at 10-Nov-2022 10:17:24 as follows:

raxml-ng-mpi --bsconverge --bs-trees T3.raxml.bootstraps.TMP --prefix T4 --seed 2445 --threads 6

Analysis options:
  run mode: A posteriori bootstrap convergence test
  start tree(s): 
  random seed: 2445
  SIMD kernels: AVX2
  parallelization: coarse-grained (auto), PTHREADS (6 threads), thread pinning: ON

Reading bootstrap trees from file: T3.raxml.bootstraps.TMP
Loaded 86 trees with 43 taxa.

Performing bootstrap convergence assessment using autoMRE criterion

 # trees        avg WRF       avg WRF in %       # perms: wrf <= 3.00 %     converged?  
      50         57.139              2.857                          475        NO
      86        116.559              3.388                          294        NO
Bootstopping test did not converge after 86 trees


Execution log saved to: /home/shorigan/raxml-ng-ML-full/T4.raxml.log

Analysis started: 10-Nov-2022 10:17:24 / finished: 10-Nov-2022 10:17:25

Elapsed time: 0.325 seconds

