
RAxML-NG v. 1.1.0-master released on 22.06.2022 by The Exelixis Lab.
Developed by: Alexey M. Kozlov and Alexandros Stamatakis.
Contributors: Diego Darriba, Tomas Flouri, Benoit Morel, Sarah Lutteropp, Ben Bettisworth.
Latest version: https://github.com/amkozlov/raxml-ng
Questions/problems/suggestions? Please visit: https://groups.google.com/forum/#!forum/raxml

System: Intel(R) Xeon(R) CPU E5-2680 v4 @ 2.40GHz, 28 cores, 62 GB RAM

RAxML-NG was called at 25-Aug-2022 09:37:29 as follows:

raxml-ng-mpi --bootstrap --msa alignment.phy --model TPM2uf+I+G4 --prefix T12 --seed 88 --threads 1 --bs-trees 100 --bs-metric fbp,tbe

Analysis options:
  run mode: Bootstrapping
  start tree(s): 
  bootstrap replicates: 100
  random seed: 88
  tip-inner: OFF
  pattern compression: ON
  per-rate scalers: OFF
  site repeats: ON
  branch lengths: proportional (ML estimate, algorithm: NR-FAST)
  SIMD kernels: AVX2
  parallelization: coarse-grained (auto), NONE/sequential

[00:00:00] Reading alignment from file: alignment.phy
[00:00:00] Loaded alignment with 67 taxa and 433 sites

WARNING: Sequences KY575646 and KY575674 are exactly identical!
WARNING: Sequences KY575647 and KY575651 are exactly identical!
WARNING: Duplicate sequences found: 2

NOTE: Reduced alignment (with duplicates and gap-only sites/taxa removed) 
NOTE: was saved to: /home/shorigan/raxml-ng/T12.raxml.reduced.phy

Alignment comprises 1 partitions and 326 patterns

Partition 0: noname
Model: TPM2uf+FO+I+G4m
Alignment sites / patterns: 433 / 326
Gaps: 7.79 %
Invariant sites: 27.94 %


NOTE: Binary MSA file created: T12.raxml.rba

Parallelization scheme autoconfig: 1 worker(s) x 1 thread(s)

Parallel reduction/worker buffer size: 1 KB  / 0 KB

[00:00:00] Data distribution: max. partitions/sites/weight per thread: 1 / 326 / 5216
[00:00:00] Data distribution: max. searches per worker: 100
[00:00:00] Starting bootstrapping analysis with 100 replicates.

[00:00:06] Bootstrap tree #1, logLikelihood: -12981.655185
[00:00:18] Bootstrap tree #2, logLikelihood: -13534.993610
[00:00:25] Bootstrap tree #3, logLikelihood: -13482.766128
[00:00:34] Bootstrap tree #4, logLikelihood: -13906.292939
[00:00:43] Bootstrap tree #5, logLikelihood: -13147.931878
[00:00:54] Bootstrap tree #6, logLikelihood: -14154.029942
[00:01:01] Bootstrap tree #7, logLikelihood: -13634.144186
[00:01:11] Bootstrap tree #8, logLikelihood: -14169.742554
[00:01:22] Bootstrap tree #9, logLikelihood: -13773.815309
[00:01:31] Bootstrap tree #10, logLikelihood: -13274.838945
[00:01:48] Bootstrap tree #11, logLikelihood: -14531.150217
[00:01:56] Bootstrap tree #12, logLikelihood: -12601.211830
[00:02:08] Bootstrap tree #13, logLikelihood: -14667.282337
[00:02:17] Bootstrap tree #14, logLikelihood: -12887.564313
[00:02:25] Bootstrap tree #15, logLikelihood: -13182.567632
[00:02:41] Bootstrap tree #16, logLikelihood: -13212.157660
[00:02:51] Bootstrap tree #17, logLikelihood: -13089.960232
[00:02:59] Bootstrap tree #18, logLikelihood: -14181.433257
[00:03:07] Bootstrap tree #19, logLikelihood: -13625.805295
[00:03:14] Bootstrap tree #20, logLikelihood: -13119.637307
[00:03:25] Bootstrap tree #21, logLikelihood: -14464.426653
[00:03:33] Bootstrap tree #22, logLikelihood: -14525.902842
[00:03:40] Bootstrap tree #23, logLikelihood: -13913.297211
[00:03:51] Bootstrap tree #24, logLikelihood: -14011.695620
[00:04:01] Bootstrap tree #25, logLikelihood: -13434.398078
[00:04:08] Bootstrap tree #26, logLikelihood: -13398.346710
[00:04:18] Bootstrap tree #27, logLikelihood: -13460.199791
[00:04:25] Bootstrap tree #28, logLikelihood: -13657.197100
[00:04:33] Bootstrap tree #29, logLikelihood: -14285.467078
[00:04:42] Bootstrap tree #30, logLikelihood: -13151.226767
[00:04:51] Bootstrap tree #31, logLikelihood: -13185.422052
[00:04:57] Bootstrap tree #32, logLikelihood: -13490.213578
[00:05:05] Bootstrap tree #33, logLikelihood: -13777.281211
[00:05:13] Bootstrap tree #34, logLikelihood: -13441.995871
[00:05:29] Bootstrap tree #35, logLikelihood: -12707.853981
[00:05:37] Bootstrap tree #36, logLikelihood: -13035.009522
[00:05:44] Bootstrap tree #37, logLikelihood: -13310.292195
[00:05:55] Bootstrap tree #38, logLikelihood: -13189.453440
[00:06:02] Bootstrap tree #39, logLikelihood: -12533.418493
[00:06:12] Bootstrap tree #40, logLikelihood: -13385.840546
[00:06:23] Bootstrap tree #41, logLikelihood: -13589.956431
[00:06:32] Bootstrap tree #42, logLikelihood: -13303.574062
[00:06:42] Bootstrap tree #43, logLikelihood: -13418.072488
[00:06:54] Bootstrap tree #44, logLikelihood: -13741.029565
[00:07:00] Bootstrap tree #45, logLikelihood: -13315.774074
[00:07:07] Bootstrap tree #46, logLikelihood: -13115.751422
[00:07:14] Bootstrap tree #47, logLikelihood: -13149.336338
[00:07:22] Bootstrap tree #48, logLikelihood: -13122.541799
[00:07:29] Bootstrap tree #49, logLikelihood: -12304.444518
[00:07:43] Bootstrap tree #50, logLikelihood: -13605.210056
[00:07:57] Bootstrap tree #51, logLikelihood: -13986.410602
[00:08:05] Bootstrap tree #52, logLikelihood: -13890.653984
[00:08:11] Bootstrap tree #53, logLikelihood: -13385.682870
[00:08:26] Bootstrap tree #54, logLikelihood: -13085.352619
[00:08:35] Bootstrap tree #55, logLikelihood: -13556.890856
[00:08:45] Bootstrap tree #56, logLikelihood: -13013.862904
[00:08:53] Bootstrap tree #57, logLikelihood: -12618.622157
[00:09:05] Bootstrap tree #58, logLikelihood: -12645.881322
[00:09:13] Bootstrap tree #59, logLikelihood: -13287.727245
[00:09:25] Bootstrap tree #60, logLikelihood: -13569.302599
[00:09:34] Bootstrap tree #61, logLikelihood: -12842.998203
[00:09:41] Bootstrap tree #62, logLikelihood: -14235.477661
[00:09:48] Bootstrap tree #63, logLikelihood: -13431.742477
[00:09:57] Bootstrap tree #64, logLikelihood: -13633.209221
[00:10:09] Bootstrap tree #65, logLikelihood: -13746.864061
[00:10:17] Bootstrap tree #66, logLikelihood: -13122.596311
[00:10:24] Bootstrap tree #67, logLikelihood: -13462.196524
[00:10:32] Bootstrap tree #68, logLikelihood: -13061.735510
[00:10:41] Bootstrap tree #69, logLikelihood: -14086.059477
[00:10:55] Bootstrap tree #70, logLikelihood: -13562.565446
[00:11:01] Bootstrap tree #71, logLikelihood: -12983.318613
[00:11:08] Bootstrap tree #72, logLikelihood: -13244.155433
[00:11:15] Bootstrap tree #73, logLikelihood: -13564.880950
[00:11:29] Bootstrap tree #74, logLikelihood: -12407.323109
[00:11:37] Bootstrap tree #75, logLikelihood: -14075.105020
[00:11:46] Bootstrap tree #76, logLikelihood: -13649.252314
[00:11:52] Bootstrap tree #77, logLikelihood: -13091.048545
[00:12:01] Bootstrap tree #78, logLikelihood: -13738.482403
[00:12:10] Bootstrap tree #79, logLikelihood: -13935.634118
[00:12:23] Bootstrap tree #80, logLikelihood: -13717.155803
[00:12:43] Bootstrap tree #81, logLikelihood: -13601.734509
[00:12:51] Bootstrap tree #82, logLikelihood: -12553.054312
[00:12:59] Bootstrap tree #83, logLikelihood: -14787.741657
[00:13:06] Bootstrap tree #84, logLikelihood: -13385.178898
[00:13:13] Bootstrap tree #85, logLikelihood: -13246.116582
[00:13:21] Bootstrap tree #86, logLikelihood: -13126.601990
[00:13:28] Bootstrap tree #87, logLikelihood: -12375.005063
[00:13:36] Bootstrap tree #88, logLikelihood: -13596.305081
[00:13:45] Bootstrap tree #89, logLikelihood: -13330.023800
[00:13:54] Bootstrap tree #90, logLikelihood: -13493.422270
[00:14:01] Bootstrap tree #91, logLikelihood: -12419.718990
[00:14:09] Bootstrap tree #92, logLikelihood: -12863.011884
[00:14:19] Bootstrap tree #93, logLikelihood: -14070.380633
[00:14:28] Bootstrap tree #94, logLikelihood: -13695.048434
[00:14:36] Bootstrap tree #95, logLikelihood: -13432.775742
[00:14:51] Bootstrap tree #96, logLikelihood: -13459.944532
[00:15:06] Bootstrap tree #97, logLikelihood: -13352.307964
[00:15:13] Bootstrap tree #98, logLikelihood: -13527.951255
[00:15:20] Bootstrap tree #99, logLikelihood: -13883.296902
[00:15:27] Bootstrap tree #100, logLikelihood: -13030.650589

Bootstrap trees saved to: /home/shorigan/raxml-ng/T12.raxml.bootstraps

Execution log saved to: /home/shorigan/raxml-ng/T12.raxml.log

Analysis started: 25-Aug-2022 09:37:29 / finished: 25-Aug-2022 09:52:57

Elapsed time: 927.922 seconds

Consumed energy: 38.138 Wh

