
RAxML-NG v. 1.1.0-master released on 22.06.2022 by The Exelixis Lab.
Developed by: Alexey M. Kozlov and Alexandros Stamatakis.
Contributors: Diego Darriba, Tomas Flouri, Benoit Morel, Sarah Lutteropp, Ben Bettisworth.
Latest version: https://github.com/amkozlov/raxml-ng
Questions/problems/suggestions? Please visit: https://groups.google.com/forum/#!forum/raxml

System: Intel(R) Xeon(R) CPU E5-2680 v4 @ 2.40GHz, 28 cores, 251 GB RAM

RAxML-NG was called at 25-Aug-2022 11:20:00 as follows:

raxml-ng-mpi --support --tree T3.raxml.bestTree --bs-trees allbootstraps --prefix T13 --threads 1

Analysis options:
  run mode: Compute bipartition support (Felsenstein Bootstrap)
  start tree(s): user
  random seed: 1661444401
  SIMD kernels: AVX2
  parallelization: coarse-grained (auto), NONE/sequential

Reading reference tree from file: T3.raxml.bestTree
Reference tree size: 67

Reading bootstrap trees from file: allbootstraps
Loaded 1800 trees with 67 taxa.

Best ML tree with Felsenstein bootstrap (FBP) support values saved to: /home/shorigan/raxml-ng/T13.raxml.support

Execution log saved to: /home/shorigan/raxml-ng/T13.raxml.log

Analysis started: 25-Aug-2022 11:20:00 / finished: 25-Aug-2022 11:20:01

Elapsed time: 0.729 seconds

