
RAxML-NG v. 1.1.0-master released on 22.06.2022 by The Exelixis Lab.
Developed by: Alexey M. Kozlov and Alexandros Stamatakis.
Contributors: Diego Darriba, Tomas Flouri, Benoit Morel, Sarah Lutteropp, Ben Bettisworth.
Latest version: https://github.com/amkozlov/raxml-ng
Questions/problems/suggestions? Please visit: https://groups.google.com/forum/#!forum/raxml

System: Intel(R) Xeon(R) CPU E5-2680 v4 @ 2.40GHz, 28 cores, 62 GB RAM

RAxML-NG was called at 24-Aug-2022 17:21:38 as follows:

raxml-ng-mpi --bootstrap --msa alignment.phy --model TPM2uf+I+G4 --prefix T5 --seed 333 --threads 1 --bs-trees 200 --bs-metric fbp,tbe

Analysis options:
  run mode: Bootstrapping
  start tree(s): 
  bootstrap replicates: 200
  random seed: 333
  tip-inner: OFF
  pattern compression: ON
  per-rate scalers: OFF
  site repeats: ON
  branch lengths: proportional (ML estimate, algorithm: NR-FAST)
  SIMD kernels: AVX2
  parallelization: coarse-grained (auto), NONE/sequential

[00:00:00] Reading alignment from file: alignment.phy
[00:00:00] Loaded alignment with 67 taxa and 433 sites

WARNING: Sequences KY575646 and KY575674 are exactly identical!
WARNING: Sequences KY575647 and KY575651 are exactly identical!
WARNING: Duplicate sequences found: 2

NOTE: Reduced alignment (with duplicates and gap-only sites/taxa removed) 
NOTE: was saved to: /home/shorigan/raxml-ng/T5.raxml.reduced.phy

Alignment comprises 1 partitions and 326 patterns

Partition 0: noname
Model: TPM2uf+FO+I+G4m
Alignment sites / patterns: 433 / 326
Gaps: 7.79 %
Invariant sites: 27.94 %


NOTE: Binary MSA file created: T5.raxml.rba

Parallelization scheme autoconfig: 1 worker(s) x 1 thread(s)

Parallel reduction/worker buffer size: 1 KB  / 0 KB

[00:00:00] Data distribution: max. partitions/sites/weight per thread: 1 / 326 / 5216
[00:00:00] Data distribution: max. searches per worker: 200
[00:00:00] Starting bootstrapping analysis with 200 replicates.

[00:00:08] Bootstrap tree #1, logLikelihood: -13201.853383
[00:00:17] Bootstrap tree #2, logLikelihood: -13431.184081
[00:00:26] Bootstrap tree #3, logLikelihood: -14097.016526
[00:00:36] Bootstrap tree #4, logLikelihood: -14145.052921
[00:00:43] Bootstrap tree #5, logLikelihood: -13053.521445
[00:00:58] Bootstrap tree #6, logLikelihood: -13695.629947
[00:01:09] Bootstrap tree #7, logLikelihood: -13365.957252
[00:01:22] Bootstrap tree #8, logLikelihood: -13841.480410
[00:01:29] Bootstrap tree #9, logLikelihood: -13064.825685
[00:01:37] Bootstrap tree #10, logLikelihood: -13724.014591
[00:01:48] Bootstrap tree #11, logLikelihood: -13203.855658
[00:01:55] Bootstrap tree #12, logLikelihood: -12979.541653
[00:02:02] Bootstrap tree #13, logLikelihood: -12953.980461
[00:02:10] Bootstrap tree #14, logLikelihood: -13440.383206
[00:02:19] Bootstrap tree #15, logLikelihood: -13386.429038
[00:02:31] Bootstrap tree #16, logLikelihood: -12180.270586
[00:02:42] Bootstrap tree #17, logLikelihood: -14361.404172
[00:02:59] Bootstrap tree #18, logLikelihood: -12651.736295
[00:03:08] Bootstrap tree #19, logLikelihood: -13523.662752
[00:03:24] Bootstrap tree #20, logLikelihood: -14150.597440
[00:03:31] Bootstrap tree #21, logLikelihood: -13134.131311
[00:03:43] Bootstrap tree #22, logLikelihood: -13835.459391
[00:03:52] Bootstrap tree #23, logLikelihood: -14412.303589
[00:04:08] Bootstrap tree #24, logLikelihood: -12465.312385
[00:04:20] Bootstrap tree #25, logLikelihood: -13292.977467
[00:04:31] Bootstrap tree #26, logLikelihood: -12660.203683
[00:04:39] Bootstrap tree #27, logLikelihood: -13646.806417
[00:04:48] Bootstrap tree #28, logLikelihood: -13384.155053
[00:05:00] Bootstrap tree #29, logLikelihood: -13269.230599
[00:05:07] Bootstrap tree #30, logLikelihood: -13282.113548
[00:05:16] Bootstrap tree #31, logLikelihood: -13640.107157
[00:05:29] Bootstrap tree #32, logLikelihood: -12764.192240
[00:05:39] Bootstrap tree #33, logLikelihood: -13739.933902
[00:05:49] Bootstrap tree #34, logLikelihood: -13396.648690
[00:05:58] Bootstrap tree #35, logLikelihood: -14311.955977
[00:06:07] Bootstrap tree #36, logLikelihood: -14390.080995
[00:06:16] Bootstrap tree #37, logLikelihood: -12880.359129
[00:06:24] Bootstrap tree #38, logLikelihood: -13418.222523
[00:06:33] Bootstrap tree #39, logLikelihood: -13286.545398
[00:06:41] Bootstrap tree #40, logLikelihood: -12659.439324
[00:06:50] Bootstrap tree #41, logLikelihood: -14005.063745
[00:06:59] Bootstrap tree #42, logLikelihood: -13989.902506
[00:07:08] Bootstrap tree #43, logLikelihood: -12966.098724
[00:07:19] Bootstrap tree #44, logLikelihood: -12656.675443
[00:07:26] Bootstrap tree #45, logLikelihood: -13357.618600
[00:07:34] Bootstrap tree #46, logLikelihood: -14139.756658
[00:07:45] Bootstrap tree #47, logLikelihood: -13849.858020
[00:07:58] Bootstrap tree #48, logLikelihood: -13719.340326
[00:08:10] Bootstrap tree #49, logLikelihood: -13288.422951
[00:08:18] Bootstrap tree #50, logLikelihood: -13310.383791
[00:08:27] Bootstrap tree #51, logLikelihood: -13037.761262
[00:08:39] Bootstrap tree #52, logLikelihood: -14441.461179
[00:08:55] Bootstrap tree #53, logLikelihood: -14009.845550
[00:09:03] Bootstrap tree #54, logLikelihood: -13492.329334
[00:09:11] Bootstrap tree #55, logLikelihood: -13772.303017
[00:09:27] Bootstrap tree #56, logLikelihood: -13432.270170
[00:09:36] Bootstrap tree #57, logLikelihood: -12507.378977
[00:09:53] Bootstrap tree #58, logLikelihood: -13437.534468
[00:10:03] Bootstrap tree #59, logLikelihood: -13657.652129
[00:10:11] Bootstrap tree #60, logLikelihood: -13614.626918
[00:10:22] Bootstrap tree #61, logLikelihood: -13440.872494
[00:10:30] Bootstrap tree #62, logLikelihood: -12216.814903
[00:10:41] Bootstrap tree #63, logLikelihood: -13360.423664
[00:10:58] Bootstrap tree #64, logLikelihood: -13094.313507
[00:11:05] Bootstrap tree #65, logLikelihood: -13313.009277
[00:11:17] Bootstrap tree #66, logLikelihood: -13596.492019
[00:11:25] Bootstrap tree #67, logLikelihood: -13113.954704
[00:11:35] Bootstrap tree #68, logLikelihood: -12660.645698
[00:11:43] Bootstrap tree #69, logLikelihood: -13026.290857
[00:12:09] Bootstrap tree #70, logLikelihood: -12681.757528
[00:12:17] Bootstrap tree #71, logLikelihood: -12951.091898
[00:12:26] Bootstrap tree #72, logLikelihood: -13434.916348
[00:12:35] Bootstrap tree #73, logLikelihood: -12730.345696
[00:12:45] Bootstrap tree #74, logLikelihood: -13908.350725
[00:12:55] Bootstrap tree #75, logLikelihood: -14484.597836
[00:13:04] Bootstrap tree #76, logLikelihood: -13098.316147
[00:13:15] Bootstrap tree #77, logLikelihood: -13208.054220
[00:13:25] Bootstrap tree #78, logLikelihood: -13240.332540
[00:13:42] Bootstrap tree #79, logLikelihood: -13973.491354
[00:13:56] Bootstrap tree #80, logLikelihood: -13457.632798
[00:14:11] Bootstrap tree #81, logLikelihood: -13627.336730
[00:14:19] Bootstrap tree #82, logLikelihood: -13631.466269
[00:14:27] Bootstrap tree #83, logLikelihood: -12927.286832
[00:14:35] Bootstrap tree #84, logLikelihood: -13368.446031
[00:14:44] Bootstrap tree #85, logLikelihood: -13124.462721
[00:14:54] Bootstrap tree #86, logLikelihood: -13505.058124
[00:15:03] Bootstrap tree #87, logLikelihood: -12821.829925
[00:15:11] Bootstrap tree #88, logLikelihood: -12652.558672
[00:15:19] Bootstrap tree #89, logLikelihood: -13602.897086
[00:15:28] Bootstrap tree #90, logLikelihood: -12534.955453
[00:15:35] Bootstrap tree #91, logLikelihood: -13619.517869
[00:15:43] Bootstrap tree #92, logLikelihood: -13338.980467
[00:15:53] Bootstrap tree #93, logLikelihood: -13647.397666
[00:16:08] Bootstrap tree #94, logLikelihood: -13302.638583
[00:16:29] Bootstrap tree #95, logLikelihood: -13346.512739
[00:16:41] Bootstrap tree #96, logLikelihood: -13922.687710
[00:16:50] Bootstrap tree #97, logLikelihood: -13478.777172
[00:17:08] Bootstrap tree #98, logLikelihood: -12910.373057
[00:17:21] Bootstrap tree #99, logLikelihood: -13248.925458
[00:17:32] Bootstrap tree #100, logLikelihood: -14005.212932
[00:17:41] Bootstrap tree #101, logLikelihood: -13701.820405
[00:17:51] Bootstrap tree #102, logLikelihood: -12601.664704
[00:18:04] Bootstrap tree #103, logLikelihood: -13919.536710
[00:18:13] Bootstrap tree #104, logLikelihood: -12689.167483
[00:18:34] Bootstrap tree #105, logLikelihood: -12884.335133
[00:18:43] Bootstrap tree #106, logLikelihood: -11907.773366
[00:19:02] Bootstrap tree #107, logLikelihood: -13149.099594
[00:19:16] Bootstrap tree #108, logLikelihood: -13289.173678
[00:19:25] Bootstrap tree #109, logLikelihood: -14254.320346
[00:19:36] Bootstrap tree #110, logLikelihood: -13791.044610
[00:19:43] Bootstrap tree #111, logLikelihood: -12871.525310
[00:19:51] Bootstrap tree #112, logLikelihood: -14047.843631
[00:20:08] Bootstrap tree #113, logLikelihood: -13195.765522
[00:20:16] Bootstrap tree #114, logLikelihood: -12887.154326
[00:20:24] Bootstrap tree #115, logLikelihood: -13084.502842
[00:20:35] Bootstrap tree #116, logLikelihood: -13086.648649
[00:20:48] Bootstrap tree #117, logLikelihood: -13885.766181
[00:20:56] Bootstrap tree #118, logLikelihood: -14000.329469
[00:21:07] Bootstrap tree #119, logLikelihood: -12866.106215
[00:21:14] Bootstrap tree #120, logLikelihood: -13004.338401
[00:21:26] Bootstrap tree #121, logLikelihood: -13271.203280
[00:21:39] Bootstrap tree #122, logLikelihood: -12144.039247
[00:21:47] Bootstrap tree #123, logLikelihood: -12967.822472
[00:21:55] Bootstrap tree #124, logLikelihood: -13543.122877
[00:22:02] Bootstrap tree #125, logLikelihood: -12766.944446
[00:22:09] Bootstrap tree #126, logLikelihood: -12782.354015
[00:22:22] Bootstrap tree #127, logLikelihood: -13131.883491
[00:22:31] Bootstrap tree #128, logLikelihood: -13479.481947
[00:22:42] Bootstrap tree #129, logLikelihood: -13341.661417
[00:22:51] Bootstrap tree #130, logLikelihood: -13061.574238
[00:22:58] Bootstrap tree #131, logLikelihood: -12946.540134
[00:23:07] Bootstrap tree #132, logLikelihood: -14553.969105
[00:23:20] Bootstrap tree #133, logLikelihood: -12892.960065
[00:23:32] Bootstrap tree #134, logLikelihood: -12809.820877
[00:23:41] Bootstrap tree #135, logLikelihood: -13353.747734
[00:23:54] Bootstrap tree #136, logLikelihood: -13796.754470
[00:24:02] Bootstrap tree #137, logLikelihood: -13284.448989
[00:24:10] Bootstrap tree #138, logLikelihood: -13527.290667
[00:24:19] Bootstrap tree #139, logLikelihood: -13603.528729
[00:24:26] Bootstrap tree #140, logLikelihood: -13175.836627
[00:24:35] Bootstrap tree #141, logLikelihood: -13372.136686
[00:24:43] Bootstrap tree #142, logLikelihood: -13547.823852
[00:24:50] Bootstrap tree #143, logLikelihood: -12946.918815
[00:24:59] Bootstrap tree #144, logLikelihood: -12809.918971
[00:25:08] Bootstrap tree #145, logLikelihood: -13113.572418
[00:25:15] Bootstrap tree #146, logLikelihood: -12860.507976
[00:25:23] Bootstrap tree #147, logLikelihood: -13527.722454
[00:25:31] Bootstrap tree #148, logLikelihood: -13253.779449
[00:25:40] Bootstrap tree #149, logLikelihood: -12070.932958
[00:25:52] Bootstrap tree #150, logLikelihood: -13347.690101
[00:25:59] Bootstrap tree #151, logLikelihood: -13656.706556
[00:26:07] Bootstrap tree #152, logLikelihood: -12782.768791
[00:26:24] Bootstrap tree #153, logLikelihood: -12727.339657
[00:26:33] Bootstrap tree #154, logLikelihood: -14205.806446
[00:26:42] Bootstrap tree #155, logLikelihood: -12565.476804
[00:26:51] Bootstrap tree #156, logLikelihood: -13024.482675
[00:27:00] Bootstrap tree #157, logLikelihood: -14124.503915
[00:27:08] Bootstrap tree #158, logLikelihood: -13936.742181
[00:27:15] Bootstrap tree #159, logLikelihood: -13253.684603
[00:27:32] Bootstrap tree #160, logLikelihood: -14506.870708
[00:27:40] Bootstrap tree #161, logLikelihood: -13555.842197
[00:27:47] Bootstrap tree #162, logLikelihood: -12800.364477
[00:28:07] Bootstrap tree #163, logLikelihood: -12303.619293
[00:28:19] Bootstrap tree #164, logLikelihood: -13407.304704
[00:28:26] Bootstrap tree #165, logLikelihood: -13027.251206
[00:28:33] Bootstrap tree #166, logLikelihood: -14128.473203
[00:28:42] Bootstrap tree #167, logLikelihood: -13340.299805
[00:28:50] Bootstrap tree #168, logLikelihood: -13764.597474
[00:28:59] Bootstrap tree #169, logLikelihood: -13988.736477
[00:29:07] Bootstrap tree #170, logLikelihood: -13186.952897
[00:29:14] Bootstrap tree #171, logLikelihood: -13007.046265
[00:29:31] Bootstrap tree #172, logLikelihood: -14626.070421
[00:29:38] Bootstrap tree #173, logLikelihood: -12944.672123
[00:29:47] Bootstrap tree #174, logLikelihood: -13456.288084
[00:29:54] Bootstrap tree #175, logLikelihood: -13190.473794
[00:30:07] Bootstrap tree #176, logLikelihood: -12954.818397
[00:30:16] Bootstrap tree #177, logLikelihood: -13094.661424
[00:30:24] Bootstrap tree #178, logLikelihood: -13174.717501
[00:30:33] Bootstrap tree #179, logLikelihood: -14273.883658
[00:30:45] Bootstrap tree #180, logLikelihood: -13400.782856
[00:30:56] Bootstrap tree #181, logLikelihood: -13167.343178
[00:31:07] Bootstrap tree #182, logLikelihood: -14039.463730
[00:31:14] Bootstrap tree #183, logLikelihood: -13624.350963
[00:31:38] Bootstrap tree #184, logLikelihood: -13069.428409
[00:31:51] Bootstrap tree #185, logLikelihood: -13718.786928
[00:32:05] Bootstrap tree #186, logLikelihood: -13246.062497
[00:32:14] Bootstrap tree #187, logLikelihood: -13269.447697
[00:32:22] Bootstrap tree #188, logLikelihood: -12649.537546
[00:32:33] Bootstrap tree #189, logLikelihood: -13072.110382
[00:32:40] Bootstrap tree #190, logLikelihood: -12971.924498
[00:32:48] Bootstrap tree #191, logLikelihood: -13672.108623
[00:32:57] Bootstrap tree #192, logLikelihood: -14673.256241
[00:33:06] Bootstrap tree #193, logLikelihood: -13611.997759
[00:33:15] Bootstrap tree #194, logLikelihood: -13553.203585
[00:33:37] Bootstrap tree #195, logLikelihood: -13010.572608
[00:33:45] Bootstrap tree #196, logLikelihood: -13167.460756
[00:33:57] Bootstrap tree #197, logLikelihood: -14150.796882
[00:34:07] Bootstrap tree #198, logLikelihood: -13165.476304
[00:34:17] Bootstrap tree #199, logLikelihood: -14007.899187
[00:34:28] Bootstrap tree #200, logLikelihood: -12568.276312

Bootstrap trees saved to: /home/shorigan/raxml-ng/T5.raxml.bootstraps

Execution log saved to: /home/shorigan/raxml-ng/T5.raxml.log

Analysis started: 24-Aug-2022 17:21:38 / finished: 24-Aug-2022 17:56:06

Elapsed time: 2068.074 seconds

Consumed energy: 101.624 Wh

