
RAxML-NG v. 1.1.0-master released on 22.06.2022 by The Exelixis Lab.
Developed by: Alexey M. Kozlov and Alexandros Stamatakis.
Contributors: Diego Darriba, Tomas Flouri, Benoit Morel, Sarah Lutteropp, Ben Bettisworth.
Latest version: https://github.com/amkozlov/raxml-ng
Questions/problems/suggestions? Please visit: https://groups.google.com/forum/#!forum/raxml

System: Intel(R) Xeon(R) CPU E5-2680 v4 @ 2.40GHz, 28 cores, 251 GB RAM

RAxML-NG was called at 09-Nov-2022 11:38:00 as follows:

raxml-ng-mpi --bsconverge --bs-trees T3.raxml.bootstraps --prefix T3 --seed 2 --threads 1

Analysis options:
  run mode: A posteriori bootstrap convergence test
  start tree(s): 
  random seed: 2
  SIMD kernels: AVX2
  parallelization: coarse-grained (auto), NONE/sequential

Reading bootstrap trees from file: T3.raxml.bootstraps
Loaded 1000 trees with 124 taxa.

Performing bootstrap convergence assessment using autoMRE criterion

 # trees        avg WRF       avg WRF in %       # perms: wrf <= 3.00 %     converged?  
      50        432.323              7.450                            0        NO
     100        621.927              5.222                            0        NO
     150        800.252              4.463                            3        NO
     200        977.964              4.086                            5        NO
     250       1057.126              3.525                          114        NO
     300       1179.747              3.270                          240        NO
     350       1356.707              3.227                          254        NO
     400       1334.210              2.770                          726        NO
     450       1454.259              2.677                          832        NO
     500       1606.288              2.661                          827        NO
     550       1644.384              2.474                          955        NO
     600       1750.910              2.414                          971        NO
     650       1907.797              2.429                          975        NO
     700       1915.943              2.265                          996        YES
Bootstopping test converged after 700 trees


Execution log saved to: /home/shorigan/raxml-ng-ML-RdRp-SWIO/T3.raxml.log

Analysis started: 09-Nov-2022 11:38:00 / finished: 09-Nov-2022 11:40:41

Elapsed time: 161.103 seconds

Consumed energy: 8.492 Wh

