Physical cores: 28
Logical cores:  56
Memory:         251GB
Extensions:     AVX

WARNING: MSA has not enough sites to infer reliable results
Creating new checkpoint file: alignment.fasta.ckp
--------------------------------------------------------------------------------
ModelTest-NG v0.1.7

Input data:
  MSA:        alignment.fasta
  Tree:       Maximum likelihood
    file:           -
  #taxa:            46
  #sites:           10080
  #patterns:        8687
  Max. thread mem:  192 MB

Output:
  Log:           alignment.fasta.log
  Starting tree: alignment.fasta.tree
  Results:       alignment.fasta.out

Selection options:
  # dna schemes:      11
  # dna models:       88
  include model parameters:
    Uniform:         true
    p-inv (+I):      true
    gamma (+G):      true
    both (+I+G):     true
    free rates (+R): false
    fixed freqs:     true
    estimated freqs: true
    #categories:     4
  gamma rates mode:   mean
  asc bias:           none
  epsilon (opt):      0.01
  epsilon (par):      0.05
  keep branches:      false

Additional options:
  verbosity:        very low
  threads:          8/28
  RNG seed:         12345
  subtree repeats:  enabled
--------------------------------------------------------------------------------
modeltest-ng was called as follows: 
>> modeltest-ng -i alignment.fasta -t ml -p 8 


Partition 1/1

 ----ID---  ----MODEL---- ---Time--- -Elapsed--- -------LnL------- -Alpha- -P-inv-

Computation of likelihood scores completed. It took 0h:20:45

BIC       model              K            lnL          score          delta    weight
--------------------------------------------------------------------------------
       1  TVM+I+G4           9   -281433.4796    563770.3535         0.0000    0.9877
       2  GTR+I+G4          10   -281433.2533    563779.1191         8.7656    0.0123
       3  TVMef+I+G4         6   -281485.7646    563847.2685        76.9150    0.0000
       4  SYM+I+G4           7   -281481.7583    563848.4741        78.1207    0.0000
       5  TVM+G4             8   -281519.8495    563933.8749       163.5215    0.0000
       6  GTR+G4             9   -281547.6399    563998.6741       228.3206    0.0000
       7  TVMef+G4           5   -281591.2201    564048.9612       278.6077    0.0000
       8  SYM+G4             6   -281586.6430    564049.0253       278.6718    0.0000
       9  TPM2uf+I+G4        7   -281591.9912    564068.9400       298.5865    0.0000
      10  TIM2+I+G4          8   -281591.3448    564076.8655       306.5120    0.0000
--------------------------------------------------------------------------------
Best model according to BIC
---------------------------
Model:              TVM+I+G4
lnL:                -281433.4796
Frequencies:        0.2538 0.2466 0.2366 0.2630
Subst. Rates:       2.1474 3.5326 1.3328 1.2526 3.5326 1.0000 
Inv. sites prop:    0.0219
Gamma shape:        1.1000
Score:              563770.3535
Weight:             0.9877
---------------------------
Parameter importances
---------------------------
P.Inv:              -
Gamma:              0.0000
Gamma-Inv:          1.0000
Frequencies:        1.0000
---------------------------
Model averaged estimates
---------------------------
P.Inv:              -
Alpha:              0.9500
Alpha-P.Inv:        1.1000
P.Inv-Alpha:        0.0219
Frequencies:        0.2538 0.2466 0.2366 0.2630 

Commands:
  > phyml  -i alignment.fasta -m 012314 -f m -v e -a e -c 4 -o tlr
  > raxmlHPC-SSE3 -s alignment.fasta -m GTRGAMMAIX -n EXEC_NAME -p PARSIMONY_SEED
  > raxml-ng --msa alignment.fasta --model TVM+I+G4
  > paup -s alignment.fasta
  > iqtree -s alignment.fasta -m TVM+I+G4

AIC       model              K            lnL          score          delta    weight
--------------------------------------------------------------------------------
       1  TVM+I+G4           9   -281433.4796    563062.9592         0.0000    0.6843
       2  GTR+I+G4          10   -281433.2533    563064.5065         1.5473    0.3157
       3  SYM+I+G4           7   -281481.7583    563155.5165        92.5573    0.0000
       4  TVMef+I+G4         6   -281485.7646    563161.5292        98.5699    0.0000
       5  TVM+G4             8   -281519.8495    563233.6990       170.7398    0.0000
       6  GTR+G4             9   -281547.6399    563291.2799       228.3206    0.0000
       7  SYM+G4             6   -281586.6430    563363.2860       300.3267    0.0000
       8  TVMef+G4           5   -281591.2201    563370.4402       307.4810    0.0000
       9  TPM2uf+I+G4        7   -281591.9912    563375.9823       313.0231    0.0000
      10  TIM2+I+G4          8   -281591.3448    563376.6896       313.7303    0.0000
--------------------------------------------------------------------------------
Best model according to AIC
---------------------------
Model:              TVM+I+G4
lnL:                -281433.4796
Frequencies:        0.2538 0.2466 0.2366 0.2630
Subst. Rates:       2.1474 3.5326 1.3328 1.2526 3.5326 1.0000 
Inv. sites prop:    0.0219
Gamma shape:        1.1000
Score:              563062.9592
Weight:             0.6843
---------------------------
Parameter importances
---------------------------
P.Inv:              -
Gamma:              0.0000
Gamma-Inv:          1.0000
Frequencies:        1.0000
---------------------------
Model averaged estimates
---------------------------
P.Inv:              -
Alpha:              0.9500
Alpha-P.Inv:        1.1000
P.Inv-Alpha:        0.0219
Frequencies:        0.2537 0.2468 0.2364 0.2631 

Commands:
  > phyml  -i alignment.fasta -m 012314 -f m -v e -a e -c 4 -o tlr
  > raxmlHPC-SSE3 -s alignment.fasta -m GTRGAMMAIX -n EXEC_NAME -p PARSIMONY_SEED
  > raxml-ng --msa alignment.fasta --model TVM+I+G4
  > paup -s alignment.fasta
  > iqtree -s alignment.fasta -m TVM+I+G4

AICc      model              K            lnL          score          delta    weight
--------------------------------------------------------------------------------
       1  TVM+I+G4           9   -281433.4796    563063.9592         0.0000    0.6843
       2  GTR+I+G4          10   -281433.2533    563065.5065         1.5473    0.3157
       3  SYM+I+G4           7   -281481.7583    563156.5165        92.5573    0.0000
       4  TVMef+I+G4         6   -281485.7646    563162.5292        98.5699    0.0000
       5  TVM+G4             8   -281519.8495    563234.6990       170.7398    0.0000
       6  GTR+G4             9   -281547.6399    563292.2799       228.3206    0.0000
       7  SYM+G4             6   -281586.6430    563364.2860       300.3267    0.0000
       8  TVMef+G4           5   -281591.2201    563371.4402       307.4810    0.0000
       9  TPM2uf+I+G4        7   -281591.9912    563376.9823       313.0231    0.0000
      10  TIM2+I+G4          8   -281591.3448    563377.6896       313.7303    0.0000
--------------------------------------------------------------------------------
Best model according to AICc
---------------------------
Model:              TVM+I+G4
lnL:                -281433.4796
Frequencies:        0.2538 0.2466 0.2366 0.2630
Subst. Rates:       2.1474 3.5326 1.3328 1.2526 3.5326 1.0000 
Inv. sites prop:    0.0219
Gamma shape:        1.1000
Score:              563063.9592
Weight:             0.6843
---------------------------
Parameter importances
---------------------------
P.Inv:              -
Gamma:              0.0000
Gamma-Inv:          1.0000
Frequencies:        1.0000
---------------------------
Model averaged estimates
---------------------------
P.Inv:              -
Alpha:              0.9500
Alpha-P.Inv:        1.1000
P.Inv-Alpha:        0.0219
Frequencies:        0.2537 0.2468 0.2364 0.2631 

Commands:
  > phyml  -i alignment.fasta -m 012314 -f m -v e -a e -c 4 -o tlr
  > raxmlHPC-SSE3 -s alignment.fasta -m GTRGAMMAIX -n EXEC_NAME -p PARSIMONY_SEED
  > raxml-ng --msa alignment.fasta --model TVM+I+G4
  > paup -s alignment.fasta
  > iqtree -s alignment.fasta -m TVM+I+G4

There are 18 different topologies
Topologies written to alignment.fasta.topos

topo_id   models_count   bic_support   aic_support   aicc_support
-----------------------------------------------------------------
      1             27       1.00000       1.00000       1.00000
      2              1       0.00000       0.00000       0.00000
      6              6       0.00000       0.00000       0.00000
      3              2       0.00000       0.00000       0.00000
      7              2       0.00000       0.00000       0.00000
      4              2       0.00000       0.00000       0.00000
      5              2       0.00000       0.00000       0.00000
     18              1       0.00000       0.00000       0.00000
     17              1       0.00000       0.00000       0.00000
     16              1       0.00000       0.00000       0.00000
     15              1       0.00000       0.00000       0.00000
     14              1       0.00000       0.00000       0.00000
     13              1       0.00000       0.00000       0.00000
     12             10       0.00000       0.00000       0.00000
     11              2       0.00000       0.00000       0.00000
     10             26       0.00000       0.00000       0.00000
      9              1       0.00000       0.00000       0.00000
      8              1       0.00000       0.00000       0.00000

extended majority-rule consensus: ((NC_027711,NC_034974)[1.00000],NC_023674,((((NC_023675,NC_016896)[1.00000],(NC_036583,NC_018702)[1.00000])[1.00000],(((((NC_023636,(NC_002470,(((NC_015935,(MT734809,MN832787)[1.00000])[1.00000],((((NC_024472,((NC_019027,NC_013443)[1.00000],(NC_019026,NC_013060)[1.00000])[1.00000])[1.00000],(NC_019494,(NC_004579,NC_024701)[1.00000])[1.00000])[1.00000],(NC_024498,NC_002469)[1.00000])[1.00000],(MG693176,(F_MIZ141_RR034B_198_NODE_5_length_6456_cov_49.595532,F_MIZ141_RR034B_198_NODE_4_length_6593_cov_808.543744)[1.00000])[1.00000])[1.00000])[1.00000],(MZ218054,MZ218053)[1.00000])[1.00000])[1.00000])[1.00000],(NC_035758,NC_032423)[1.00000])[1.00000],(NC_033792,(NC_011400,(NC_019028,NC_016155)[1.00000])[1.00000])[1.00000])[1.00000],(NC_033821,NC_025346)[1.00000])[1.00000],(NC_026814,((NC_030922,NC_001943)[1.00000],(NC_025379,NC_022249)[1.00000])[1.00000])[1.00000])[1.00000])[1.00000],((NC_023632,NC_023629)[1.00000],(NC_023631,(NC_023630,(NC_037655,NC_024297)[1.00000])[1.00000])[1.00000])[1.00000])[1.00000]);
strict consensus: ((NC_027711,NC_034974)[1.00000],NC_023674,((((NC_023675,NC_016896)[1.00000],(NC_036583,NC_018702)[1.00000])[1.00000],(((((NC_023636,(NC_002470,(((NC_015935,(MT734809,MN832787)[1.00000])[1.00000],((((NC_024472,((NC_019027,NC_013443)[1.00000],(NC_019026,NC_013060)[1.00000])[1.00000])[1.00000],(NC_019494,(NC_004579,NC_024701)[1.00000])[1.00000])[1.00000],(NC_024498,NC_002469)[1.00000])[1.00000],(MG693176,(F_MIZ141_RR034B_198_NODE_5_length_6456_cov_49.595532,F_MIZ141_RR034B_198_NODE_4_length_6593_cov_808.543744)[1.00000])[1.00000])[1.00000])[1.00000],(MZ218054,MZ218053)[1.00000])[1.00000])[1.00000])[1.00000],(NC_035758,NC_032423)[1.00000])[1.00000],(NC_033792,(NC_011400,(NC_019028,NC_016155)[1.00000])[1.00000])[1.00000])[1.00000],(NC_033821,NC_025346)[1.00000])[1.00000],(NC_026814,((NC_030922,NC_001943)[1.00000],(NC_025379,NC_022249)[1.00000])[1.00000])[1.00000])[1.00000])[1.00000],((NC_023632,NC_023629)[1.00000],(NC_023631,(NC_023630,(NC_037655,NC_024297)[1.00000])[1.00000])[1.00000])[1.00000])[1.00000]);

Summary:

Partition 1/1:
                         Model         Score        Weight
----------------------------------------------------------
       BIC            TVM+I+G4   563770.3535        0.9877
       AIC            TVM+I+G4   563062.9592        0.6843
      AICc            TVM+I+G4   563063.9592        0.6843

Execution results written to alignment.fasta.out
Starting tree written to alignment.fasta.tree
