
RAxML-NG v. 1.1.0-master released on 22.06.2022 by The Exelixis Lab.
Developed by: Alexey M. Kozlov and Alexandros Stamatakis.
Contributors: Diego Darriba, Tomas Flouri, Benoit Morel, Sarah Lutteropp, Ben Bettisworth.
Latest version: https://github.com/amkozlov/raxml-ng
Questions/problems/suggestions? Please visit: https://groups.google.com/forum/#!forum/raxml

System: Intel(R) Xeon(R) CPU E5-2680 v4 @ 2.40GHz, 28 cores, 62 GB RAM

RAxML-NG was called at 31-Aug-2022 09:33:14 as follows:

raxml-ng-mpi --msa alignment.phy --model TVM+I+G4 --prefix T5 --seed 2 --threads 1

Analysis options:
  run mode: ML tree search
  start tree(s): random (10) + parsimony (10)
  random seed: 2
  tip-inner: OFF
  pattern compression: ON
  per-rate scalers: OFF
  site repeats: ON
  fast spr radius: AUTO
  spr subtree cutoff: 1.000000
  branch lengths: proportional (ML estimate, algorithm: NR-FAST)
  SIMD kernels: AVX2
  parallelization: coarse-grained (auto), NONE/sequential

[00:00:00] Reading alignment from file: alignment.phy
[00:00:00] Loaded alignment with 46 taxa and 10080 sites

Alignment comprises 1 partitions and 8687 patterns

Partition 0: noname
Model: TVM+FO+I+G4m
Alignment sites / patterns: 10080 / 8687
Gaps: 35.26 %
Invariant sites: 14.65 %


NOTE: Binary MSA file already exists: T5.raxml.rba

Parallelization scheme autoconfig: 1 worker(s) x 1 thread(s)

Parallel reduction/worker buffer size: 1 KB  / 0 KB

[00:00:00] Generating 10 random starting tree(s) with 46 taxa
[00:00:00] Generating 10 parsimony starting tree(s) with 46 taxa
[00:00:00] Data distribution: max. partitions/sites/weight per thread: 1 / 8687 / 138992
[00:00:00] Data distribution: max. searches per worker: 20

Starting ML tree search with 20 distinct starting trees

[00:00:00 -365183.240196] Initial branch length optimization
[00:00:01 -330588.988561] Model parameter optimization (eps = 10.000000)
[00:00:08 -326952.282613] AUTODETECT spr round 1 (radius: 5)
[00:00:13 -285275.649110] AUTODETECT spr round 2 (radius: 10)
[00:00:19 -284018.230156] AUTODETECT spr round 3 (radius: 15)
[00:00:22 -284018.186678] SPR radius for FAST iterations: 10 (autodetect)
[00:00:22 -284018.186678] Model parameter optimization (eps = 3.000000)
[00:00:26 -283769.055670] FAST spr round 1 (radius: 10)
[00:00:41 -281501.082395] FAST spr round 2 (radius: 10)
[00:00:51 -281457.573871] FAST spr round 3 (radius: 10)
[00:01:00 -281444.966300] FAST spr round 4 (radius: 10)
[00:01:08 -281444.965507] Model parameter optimization (eps = 1.000000)
[00:01:09 -281436.170780] SLOW spr round 1 (radius: 5)
[00:01:41 -281428.272573] SLOW spr round 2 (radius: 5)
[00:02:09 -281428.270590] SLOW spr round 3 (radius: 10)
[00:02:34 -281428.270336] SLOW spr round 4 (radius: 15)
[00:02:55 -281428.270265] SLOW spr round 5 (radius: 20)
[00:03:05 -281428.270238] SLOW spr round 6 (radius: 25)
[00:03:06 -281428.270228] Model parameter optimization (eps = 0.100000)

[00:03:07] ML tree search #1, logLikelihood: -281427.956469

[00:03:07 -366508.899088] Initial branch length optimization
[00:03:09 -328777.891141] Model parameter optimization (eps = 10.000000)
[00:03:16 -324210.970316] AUTODETECT spr round 1 (radius: 5)
[00:03:20 -289814.843876] AUTODETECT spr round 2 (radius: 10)
[00:03:26 -284258.990757] AUTODETECT spr round 3 (radius: 15)
[00:03:28 -284258.898654] SPR radius for FAST iterations: 10 (autodetect)
[00:03:28 -284258.898654] Model parameter optimization (eps = 3.000000)
[00:03:33 -283421.963198] FAST spr round 1 (radius: 10)
[00:03:46 -281480.949238] FAST spr round 2 (radius: 10)
[00:03:55 -281456.723524] FAST spr round 3 (radius: 10)
[00:04:03 -281439.784290] FAST spr round 4 (radius: 10)
[00:04:11 -281439.783672] Model parameter optimization (eps = 1.000000)
[00:04:12 -281436.086677] SLOW spr round 1 (radius: 5)
[00:04:46 -281428.180587] SLOW spr round 2 (radius: 5)
[00:05:16 -281428.179334] SLOW spr round 3 (radius: 10)
[00:05:43 -281428.179247] SLOW spr round 4 (radius: 15)
[00:06:04 -281428.179234] SLOW spr round 5 (radius: 20)
[00:06:16 -281428.179230] SLOW spr round 6 (radius: 25)
[00:06:16 -281428.179228] Model parameter optimization (eps = 0.100000)

[00:06:17] ML tree search #2, logLikelihood: -281427.951944

[00:06:17 -366382.398484] Initial branch length optimization
[00:06:18 -331310.701414] Model parameter optimization (eps = 10.000000)
[00:06:24 -327287.524754] AUTODETECT spr round 1 (radius: 5)
[00:06:29 -287286.185616] AUTODETECT spr round 2 (radius: 10)
[00:06:34 -283644.284907] AUTODETECT spr round 3 (radius: 15)
[00:06:37 -283644.239414] SPR radius for FAST iterations: 10 (autodetect)
[00:06:37 -283644.239414] Model parameter optimization (eps = 3.000000)
[00:06:42 -283198.853181] FAST spr round 1 (radius: 10)
[00:06:55 -281462.785531] FAST spr round 2 (radius: 10)
[00:07:03 -281439.471739] FAST spr round 3 (radius: 10)
[00:07:11 -281436.265832] FAST spr round 4 (radius: 10)
[00:07:19 -281436.265368] Model parameter optimization (eps = 1.000000)
[00:07:20 -281428.259332] SLOW spr round 1 (radius: 5)
[00:07:52 -281428.147450] SLOW spr round 2 (radius: 5)
[00:08:20 -281428.137827] SLOW spr round 3 (radius: 10)
[00:08:45 -281428.137175] SLOW spr round 4 (radius: 15)
[00:09:06 -281428.137121] SLOW spr round 5 (radius: 20)
[00:09:16 -281428.137112] SLOW spr round 6 (radius: 25)
[00:09:17 -281428.137109] Model parameter optimization (eps = 0.100000)

[00:09:18] ML tree search #3, logLikelihood: -281427.948566

[00:09:18 -366218.634871] Initial branch length optimization
[00:09:19 -327129.567422] Model parameter optimization (eps = 10.000000)
[00:09:26 -322852.147130] AUTODETECT spr round 1 (radius: 5)
[00:09:30 -288836.478235] AUTODETECT spr round 2 (radius: 10)
[00:09:36 -285848.290071] AUTODETECT spr round 3 (radius: 15)
[00:09:39 -285848.210279] SPR radius for FAST iterations: 10 (autodetect)
[00:09:39 -285848.210279] Model parameter optimization (eps = 3.000000)
[00:09:44 -285147.550975] FAST spr round 1 (radius: 10)
[00:09:59 -281877.774132] FAST spr round 2 (radius: 10)
[00:10:10 -281479.900485] FAST spr round 3 (radius: 10)
[00:10:18 -281464.344141] FAST spr round 4 (radius: 10)
[00:10:26 -281464.343750] Model parameter optimization (eps = 1.000000)
[00:10:29 -281439.956984] SLOW spr round 1 (radius: 5)
[00:11:05 -281428.199470] SLOW spr round 2 (radius: 5)
[00:11:36 -281428.198352] SLOW spr round 3 (radius: 10)
[00:12:04 -281428.198244] SLOW spr round 4 (radius: 15)
[00:12:27 -281428.198219] SLOW spr round 5 (radius: 20)
[00:12:38 -281428.198210] SLOW spr round 6 (radius: 25)
[00:12:39 -281428.198207] Model parameter optimization (eps = 0.100000)

[00:12:40] ML tree search #4, logLikelihood: -281427.953338

[00:12:40 -369242.634090] Initial branch length optimization
[00:12:41 -335305.301354] Model parameter optimization (eps = 10.000000)
[00:12:50 -328469.966028] AUTODETECT spr round 1 (radius: 5)
[00:12:55 -295487.339959] AUTODETECT spr round 2 (radius: 10)
[00:13:01 -283516.004121] AUTODETECT spr round 3 (radius: 15)
[00:13:04 -283515.726133] AUTODETECT spr round 4 (radius: 20)
[00:13:04 -283515.689066] SPR radius for FAST iterations: 15 (autodetect)
[00:13:04 -283515.689066] Model parameter optimization (eps = 3.000000)
[00:13:09 -282622.040067] FAST spr round 1 (radius: 15)
[00:13:22 -281466.953871] FAST spr round 2 (radius: 15)
[00:13:32 -281446.550152] FAST spr round 3 (radius: 15)
[00:13:40 -281431.071765] FAST spr round 4 (radius: 15)
[00:13:49 -281431.071360] Model parameter optimization (eps = 1.000000)
[00:13:51 -281428.144038] SLOW spr round 1 (radius: 5)
[00:14:26 -281428.056109] SLOW spr round 2 (radius: 10)
[00:14:56 -281428.049054] SLOW spr round 3 (radius: 15)
[00:15:18 -281428.048598] SLOW spr round 4 (radius: 20)
[00:15:30 -281428.048569] SLOW spr round 5 (radius: 25)
[00:15:31 -281428.048565] Model parameter optimization (eps = 0.100000)

[00:15:31] ML tree search #5, logLikelihood: -281427.963406

[00:15:31 -368922.893364] Initial branch length optimization
[00:15:32 -333124.762887] Model parameter optimization (eps = 10.000000)
[00:15:40 -328567.965358] AUTODETECT spr round 1 (radius: 5)
[00:15:45 -293882.416246] AUTODETECT spr round 2 (radius: 10)
[00:15:51 -287233.723303] AUTODETECT spr round 3 (radius: 15)
[00:15:55 -286587.933714] AUTODETECT spr round 4 (radius: 20)
[00:15:56 -286587.891559] SPR radius for FAST iterations: 15 (autodetect)
[00:15:56 -286587.891559] Model parameter optimization (eps = 3.000000)
[00:16:02 -285761.668070] FAST spr round 1 (radius: 15)
[00:16:18 -281532.655104] FAST spr round 2 (radius: 15)
[00:16:27 -281442.022465] FAST spr round 3 (radius: 15)
[00:16:35 -281442.020981] Model parameter optimization (eps = 1.000000)
[00:16:37 -281431.759849] SLOW spr round 1 (radius: 5)
[00:17:13 -281428.201340] SLOW spr round 2 (radius: 5)
[00:17:44 -281428.197016] SLOW spr round 3 (radius: 10)
[00:18:11 -281428.196642] SLOW spr round 4 (radius: 15)
[00:18:35 -281428.196577] SLOW spr round 5 (radius: 20)
[00:18:46 -281428.196557] SLOW spr round 6 (radius: 25)
[00:18:47 -281428.196549] Model parameter optimization (eps = 0.100000)

[00:18:48] ML tree search #6, logLikelihood: -281427.953339

[00:18:48 -361898.871653] Initial branch length optimization
[00:18:49 -328003.297594] Model parameter optimization (eps = 10.000000)
[00:18:56 -323727.727893] AUTODETECT spr round 1 (radius: 5)
[00:19:00 -287680.786179] AUTODETECT spr round 2 (radius: 10)
[00:19:07 -284966.227828] AUTODETECT spr round 3 (radius: 15)
[00:19:09 -284966.193187] SPR radius for FAST iterations: 10 (autodetect)
[00:19:09 -284966.193187] Model parameter optimization (eps = 3.000000)
[00:19:14 -284405.686523] FAST spr round 1 (radius: 10)
[00:19:29 -281668.169011] FAST spr round 2 (radius: 10)
[00:19:38 -281487.991293] FAST spr round 3 (radius: 10)
[00:19:48 -281465.372316] FAST spr round 4 (radius: 10)
[00:19:58 -281452.264243] FAST spr round 5 (radius: 10)
[00:20:07 -281443.483044] FAST spr round 6 (radius: 10)
[00:20:16 -281443.481650] Model parameter optimization (eps = 1.000000)
[00:20:18 -281428.232859] SLOW spr round 1 (radius: 5)
[00:20:53 -281428.105659] SLOW spr round 2 (radius: 5)
[00:21:26 -281428.095601] SLOW spr round 3 (radius: 10)
[00:21:53 -281428.094938] SLOW spr round 4 (radius: 15)
[00:22:17 -281428.094872] SLOW spr round 5 (radius: 20)
[00:22:28 -281428.094856] SLOW spr round 6 (radius: 25)
[00:22:29 -281428.094850] Model parameter optimization (eps = 0.100000)

[00:22:30] ML tree search #7, logLikelihood: -281427.947704

[00:22:30 -367085.637888] Initial branch length optimization
[00:22:31 -331051.636213] Model parameter optimization (eps = 10.000000)
[00:22:40 -326718.135501] AUTODETECT spr round 1 (radius: 5)
[00:22:44 -287903.432708] AUTODETECT spr round 2 (radius: 10)
[00:22:50 -284058.498589] AUTODETECT spr round 3 (radius: 15)
[00:22:52 -284058.446678] SPR radius for FAST iterations: 10 (autodetect)
[00:22:52 -284058.446678] Model parameter optimization (eps = 3.000000)
[00:22:58 -283298.393277] FAST spr round 1 (radius: 10)
[00:23:12 -281529.327393] FAST spr round 2 (radius: 10)
[00:23:22 -281464.939205] FAST spr round 3 (radius: 10)
[00:23:31 -281451.979239] FAST spr round 4 (radius: 10)
[00:23:40 -281438.890890] FAST spr round 5 (radius: 10)
[00:23:49 -281435.764907] FAST spr round 6 (radius: 10)
[00:23:58 -281435.764486] Model parameter optimization (eps = 1.000000)
[00:24:00 -281428.297401] SLOW spr round 1 (radius: 5)
[00:24:35 -281428.137615] SLOW spr round 2 (radius: 5)
[00:25:06 -281428.134269] SLOW spr round 3 (radius: 10)
[00:25:34 -281428.134046] SLOW spr round 4 (radius: 15)
[00:25:57 -281428.134030] SLOW spr round 5 (radius: 20)
[00:26:09 -281428.134028] SLOW spr round 6 (radius: 25)
[00:26:10 -281428.134028] Model parameter optimization (eps = 0.100000)

[00:26:11] ML tree search #8, logLikelihood: -281427.948122

[00:26:11 -366444.628272] Initial branch length optimization
[00:26:11 -330550.881874] Model parameter optimization (eps = 10.000000)
[00:26:18 -326777.275310] AUTODETECT spr round 1 (radius: 5)
[00:26:22 -286637.247629] AUTODETECT spr round 2 (radius: 10)
[00:26:28 -282594.487817] AUTODETECT spr round 3 (radius: 15)
[00:26:31 -282594.422712] SPR radius for FAST iterations: 10 (autodetect)
[00:26:31 -282594.422712] Model parameter optimization (eps = 3.000000)
[00:26:36 -282201.874806] FAST spr round 1 (radius: 10)
[00:26:48 -281465.125956] FAST spr round 2 (radius: 10)
[00:26:57 -281443.587475] FAST spr round 3 (radius: 10)
[00:27:06 -281434.205452] FAST spr round 4 (radius: 10)
[00:27:15 -281430.971590] FAST spr round 5 (radius: 10)
[00:27:25 -281430.971120] Model parameter optimization (eps = 1.000000)
[00:27:26 -281428.131607] SLOW spr round 1 (radius: 5)
[00:28:02 -281428.049009] SLOW spr round 2 (radius: 10)
[00:28:31 -281428.042217] SLOW spr round 3 (radius: 15)
[00:28:53 -281428.041769] SLOW spr round 4 (radius: 20)
[00:29:04 -281428.041742] SLOW spr round 5 (radius: 25)
[00:29:05 -281428.041740] Model parameter optimization (eps = 0.100000)

[00:29:05] ML tree search #9, logLikelihood: -281427.962524

[00:29:05 -364838.886032] Initial branch length optimization
[00:29:06 -327853.850541] Model parameter optimization (eps = 10.000000)
[00:29:14 -323992.850614] AUTODETECT spr round 1 (radius: 5)
[00:29:19 -292362.782275] AUTODETECT spr round 2 (radius: 10)
[00:29:24 -283947.524800] AUTODETECT spr round 3 (radius: 15)
[00:29:28 -283819.142417] AUTODETECT spr round 4 (radius: 20)
[00:29:30 -283819.115884] SPR radius for FAST iterations: 15 (autodetect)
[00:29:30 -283819.115884] Model parameter optimization (eps = 3.000000)
[00:29:35 -283382.759908] FAST spr round 1 (radius: 15)
[00:29:50 -281503.082838] FAST spr round 2 (radius: 15)
[00:29:59 -281462.536955] FAST spr round 3 (radius: 15)
[00:30:08 -281448.406519] FAST spr round 4 (radius: 15)
[00:30:17 -281432.924591] FAST spr round 5 (radius: 15)
[00:30:26 -281432.923889] Model parameter optimization (eps = 1.000000)
[00:30:28 -281428.300643] SLOW spr round 1 (radius: 5)
[00:31:05 -281428.136192] SLOW spr round 2 (radius: 5)
[00:31:38 -281428.132708] SLOW spr round 3 (radius: 10)
[00:32:06 -281428.132446] SLOW spr round 4 (radius: 15)
[00:32:29 -281428.132418] SLOW spr round 5 (radius: 20)
[00:32:40 -281428.132411] SLOW spr round 6 (radius: 25)
[00:32:41 -281428.132409] Model parameter optimization (eps = 0.100000)

[00:32:42] ML tree search #10, logLikelihood: -281427.952047

[00:32:45 -302116.962556] Initial branch length optimization
[00:32:47 -285782.559120] Model parameter optimization (eps = 10.000000)
[00:32:50 -281766.980472] AUTODETECT spr round 1 (radius: 5)
[00:32:55 -281512.691897] AUTODETECT spr round 2 (radius: 10)
[00:33:00 -281505.160268] AUTODETECT spr round 3 (radius: 15)
[00:33:03 -281505.157564] SPR radius for FAST iterations: 10 (autodetect)
[00:33:03 -281505.157564] Model parameter optimization (eps = 3.000000)
[00:33:04 -281504.912312] FAST spr round 1 (radius: 10)
[00:33:13 -281480.498687] FAST spr round 2 (radius: 10)
[00:33:21 -281460.033389] FAST spr round 3 (radius: 10)
[00:33:30 -281444.801313] FAST spr round 4 (radius: 10)
[00:33:39 -281431.482292] FAST spr round 5 (radius: 10)
[00:33:48 -281427.973438] FAST spr round 6 (radius: 10)
[00:33:56 -281427.973084] Model parameter optimization (eps = 1.000000)
[00:33:57 -281427.937694] SLOW spr round 1 (radius: 5)
[00:34:33 -281427.937604] SLOW spr round 2 (radius: 10)
[00:35:03 -281427.937592] SLOW spr round 3 (radius: 15)
[00:35:25 -281427.937590] SLOW spr round 4 (radius: 20)
[00:35:37 -281427.937589] SLOW spr round 5 (radius: 25)
[00:35:37 -281427.937589] Model parameter optimization (eps = 0.100000)

[00:35:38] ML tree search #11, logLikelihood: -281427.936398

[00:35:38 -302066.366960] Initial branch length optimization
[00:35:38 -285578.211478] Model parameter optimization (eps = 10.000000)
[00:35:42 -281567.711071] AUTODETECT spr round 1 (radius: 5)
[00:35:46 -281453.591726] AUTODETECT spr round 2 (radius: 10)
[00:35:50 -281453.576725] SPR radius for FAST iterations: 5 (autodetect)
[00:35:50 -281453.576725] Model parameter optimization (eps = 3.000000)
[00:35:51 -281453.401486] FAST spr round 1 (radius: 5)
[00:35:59 -281449.507474] FAST spr round 2 (radius: 5)
[00:36:07 -281449.456923] Model parameter optimization (eps = 1.000000)
[00:36:07 -281449.444317] SLOW spr round 1 (radius: 5)
[00:36:41 -281427.955198] SLOW spr round 2 (radius: 5)
[00:37:12 -281427.954540] SLOW spr round 3 (radius: 10)
[00:37:39 -281427.954333] SLOW spr round 4 (radius: 15)
[00:38:02 -281427.954254] SLOW spr round 5 (radius: 20)
[00:38:14 -281427.954224] SLOW spr round 6 (radius: 25)
[00:38:15 -281427.954212] Model parameter optimization (eps = 0.100000)

[00:38:15] ML tree search #12, logLikelihood: -281427.939965

[00:38:15 -302074.003710] Initial branch length optimization
[00:38:16 -285553.297467] Model parameter optimization (eps = 10.000000)
[00:38:19 -281549.137951] AUTODETECT spr round 1 (radius: 5)
[00:38:24 -281443.678532] AUTODETECT spr round 2 (radius: 10)
[00:38:28 -281443.665431] SPR radius for FAST iterations: 5 (autodetect)
[00:38:28 -281443.665431] Model parameter optimization (eps = 3.000000)
[00:38:29 -281443.509811] FAST spr round 1 (radius: 5)
[00:38:36 -281427.958209] FAST spr round 2 (radius: 5)
[00:38:44 -281427.957944] Model parameter optimization (eps = 1.000000)
[00:38:44 -281427.938491] SLOW spr round 1 (radius: 5)
[00:39:16 -281427.937204] SLOW spr round 2 (radius: 10)
[00:39:42 -281427.937097] SLOW spr round 3 (radius: 15)
[00:40:05 -281427.937089] SLOW spr round 4 (radius: 20)
[00:40:16 -281427.937088] SLOW spr round 5 (radius: 25)
[00:40:17 -281427.937088] Model parameter optimization (eps = 0.100000)

[00:40:17] ML tree search #13, logLikelihood: -281427.936415

[00:40:17 -302303.438772] Initial branch length optimization
[00:40:18 -285564.254619] Model parameter optimization (eps = 10.000000)
[00:40:22 -281573.566390] AUTODETECT spr round 1 (radius: 5)
[00:40:26 -281444.129996] AUTODETECT spr round 2 (radius: 10)
[00:40:31 -281444.121946] SPR radius for FAST iterations: 5 (autodetect)
[00:40:31 -281444.121946] Model parameter optimization (eps = 3.000000)
[00:40:32 -281443.792217] FAST spr round 1 (radius: 5)
[00:40:40 -281435.420421] FAST spr round 2 (radius: 5)
[00:40:49 -281428.014968] FAST spr round 3 (radius: 5)
[00:40:57 -281428.013957] Model parameter optimization (eps = 1.000000)
[00:40:58 -281427.951177] SLOW spr round 1 (radius: 5)
[00:41:34 -281427.949902] SLOW spr round 2 (radius: 10)
[00:42:04 -281427.949793] SLOW spr round 3 (radius: 15)
[00:42:26 -281427.949780] SLOW spr round 4 (radius: 20)
[00:42:38 -281427.949777] SLOW spr round 5 (radius: 25)
[00:42:38 -281427.949776] Model parameter optimization (eps = 0.100000)

[00:42:39] ML tree search #14, logLikelihood: -281427.938538

[00:42:39 -302172.553911] Initial branch length optimization
[00:42:39 -285644.969883] Model parameter optimization (eps = 10.000000)
[00:42:43 -281659.123722] AUTODETECT spr round 1 (radius: 5)
[00:42:47 -281476.516956] AUTODETECT spr round 2 (radius: 10)
[00:42:52 -281476.506413] SPR radius for FAST iterations: 5 (autodetect)
[00:42:52 -281476.506413] Model parameter optimization (eps = 3.000000)
[00:42:52 -281476.333861] FAST spr round 1 (radius: 5)
[00:43:01 -281456.814721] FAST spr round 2 (radius: 5)
[00:43:09 -281449.518126] FAST spr round 3 (radius: 5)
[00:43:17 -281449.464057] Model parameter optimization (eps = 1.000000)
[00:43:17 -281449.444750] SLOW spr round 1 (radius: 5)
[00:43:52 -281427.955287] SLOW spr round 2 (radius: 5)
[00:44:23 -281427.954623] SLOW spr round 3 (radius: 10)
[00:44:50 -281427.954421] SLOW spr round 4 (radius: 15)
[00:45:14 -281427.954345] SLOW spr round 5 (radius: 20)
[00:45:25 -281427.954316] SLOW spr round 6 (radius: 25)
[00:45:26 -281427.954305] Model parameter optimization (eps = 0.100000)

[00:45:27] ML tree search #15, logLikelihood: -281427.939417

[00:45:27 -302061.372258] Initial branch length optimization
[00:45:29 -285603.090511] Model parameter optimization (eps = 10.000000)
[00:45:32 -281603.060307] AUTODETECT spr round 1 (radius: 5)
[00:45:37 -281481.413692] AUTODETECT spr round 2 (radius: 10)
[00:45:41 -281481.399508] SPR radius for FAST iterations: 5 (autodetect)
[00:45:41 -281481.399508] Model parameter optimization (eps = 3.000000)
[00:45:42 -281481.094399] FAST spr round 1 (radius: 5)
[00:45:50 -281461.264626] FAST spr round 2 (radius: 5)
[00:45:58 -281461.264487] Model parameter optimization (eps = 1.000000)
[00:45:59 -281461.218528] SLOW spr round 1 (radius: 5)
[00:46:34 -281452.851962] SLOW spr round 2 (radius: 5)
[00:47:07 -281431.472444] SLOW spr round 3 (radius: 5)
[00:47:38 -281427.987744] SLOW spr round 4 (radius: 5)
[00:48:09 -281427.986850] SLOW spr round 5 (radius: 10)
[00:48:37 -281427.986805] SLOW spr round 6 (radius: 15)
[00:49:01 -281427.986793] SLOW spr round 7 (radius: 20)
[00:49:12 -281427.986789] SLOW spr round 8 (radius: 25)
[00:49:13 -281427.986787] Model parameter optimization (eps = 0.100000)

[00:49:14] ML tree search #16, logLikelihood: -281427.939914

[00:49:14 -302003.389709] Initial branch length optimization
[00:49:15 -285537.883888] Model parameter optimization (eps = 10.000000)
[00:49:18 -281542.647304] AUTODETECT spr round 1 (radius: 5)
[00:49:23 -281484.830328] AUTODETECT spr round 2 (radius: 10)
[00:49:27 -281484.825789] SPR radius for FAST iterations: 5 (autodetect)
[00:49:27 -281484.825789] Model parameter optimization (eps = 3.000000)
[00:49:28 -281484.483986] FAST spr round 1 (radius: 5)
[00:49:36 -281462.245270] FAST spr round 2 (radius: 5)
[00:49:44 -281449.579972] FAST spr round 3 (radius: 5)
[00:49:51 -281449.553928] Model parameter optimization (eps = 1.000000)
[00:49:52 -281449.460489] SLOW spr round 1 (radius: 5)
[00:50:27 -281427.962959] SLOW spr round 2 (radius: 5)
[00:50:58 -281427.962006] SLOW spr round 3 (radius: 10)
[00:51:26 -281427.961793] SLOW spr round 4 (radius: 15)
[00:51:48 -281427.961722] SLOW spr round 5 (radius: 20)
[00:52:00 -281427.961696] SLOW spr round 6 (radius: 25)
[00:52:01 -281427.961686] Model parameter optimization (eps = 0.100000)

[00:52:01] ML tree search #17, logLikelihood: -281427.939560

[00:52:01 -302309.356939] Initial branch length optimization
[00:52:02 -285644.290064] Model parameter optimization (eps = 10.000000)
[00:52:06 -281646.415112] AUTODETECT spr round 1 (radius: 5)
[00:52:10 -281461.385329] AUTODETECT spr round 2 (radius: 10)
[00:52:14 -281461.368002] SPR radius for FAST iterations: 5 (autodetect)
[00:52:14 -281461.368002] Model parameter optimization (eps = 3.000000)
[00:52:15 -281461.095109] FAST spr round 1 (radius: 5)
[00:52:23 -281445.625277] FAST spr round 2 (radius: 5)
[00:52:32 -281439.683522] FAST spr round 3 (radius: 5)
[00:52:40 -281439.682051] Model parameter optimization (eps = 1.000000)
[00:52:41 -281439.658075] SLOW spr round 1 (radius: 5)
[00:53:16 -281427.968659] SLOW spr round 2 (radius: 5)
[00:53:47 -281427.968585] SLOW spr round 3 (radius: 10)
[00:54:15 -281427.968576] SLOW spr round 4 (radius: 15)
[00:54:38 -281427.968574] SLOW spr round 5 (radius: 20)
[00:54:50 -281427.968573] SLOW spr round 6 (radius: 25)
[00:54:50 -281427.968572] Model parameter optimization (eps = 0.100000)

[00:54:51] ML tree search #18, logLikelihood: -281427.941263

[00:54:51 -302237.691362] Initial branch length optimization
[00:54:52 -285639.457182] Model parameter optimization (eps = 10.000000)
[00:54:55 -281646.516900] AUTODETECT spr round 1 (radius: 5)
[00:55:00 -281457.248237] AUTODETECT spr round 2 (radius: 10)
[00:55:05 -281457.242271] SPR radius for FAST iterations: 5 (autodetect)
[00:55:05 -281457.242271] Model parameter optimization (eps = 3.000000)
[00:55:05 -281457.026039] FAST spr round 1 (radius: 5)
[00:55:13 -281441.582713] FAST spr round 2 (radius: 5)
[00:55:21 -281427.960936] FAST spr round 3 (radius: 5)
[00:55:29 -281427.960506] Model parameter optimization (eps = 1.000000)
[00:55:29 -281427.938375] SLOW spr round 1 (radius: 5)
[00:56:04 -281427.937794] SLOW spr round 2 (radius: 10)
[00:56:33 -281427.937739] SLOW spr round 3 (radius: 15)
[00:56:56 -281427.937733] SLOW spr round 4 (radius: 20)
[00:57:07 -281427.937732] SLOW spr round 5 (radius: 25)
[00:57:08 -281427.937732] Model parameter optimization (eps = 0.100000)

[00:57:08] ML tree search #19, logLikelihood: -281427.937070

[00:57:08 -301946.826971] Initial branch length optimization
[00:57:09 -285642.300227] Model parameter optimization (eps = 10.000000)
[00:57:13 -281640.840708] AUTODETECT spr round 1 (radius: 5)
[00:57:17 -281449.668028] AUTODETECT spr round 2 (radius: 10)
[00:57:21 -281449.662210] SPR radius for FAST iterations: 5 (autodetect)
[00:57:21 -281449.662210] Model parameter optimization (eps = 3.000000)
[00:57:22 -281449.529387] FAST spr round 1 (radius: 5)
[00:57:30 -281449.469256] Model parameter optimization (eps = 1.000000)
[00:57:30 -281449.446774] SLOW spr round 1 (radius: 5)
[00:58:03 -281427.956881] SLOW spr round 2 (radius: 5)
[00:58:34 -281427.955671] SLOW spr round 3 (radius: 10)
[00:59:02 -281427.955444] SLOW spr round 4 (radius: 15)
[00:59:25 -281427.955360] SLOW spr round 5 (radius: 20)
[00:59:37 -281427.955327] SLOW spr round 6 (radius: 25)
[00:59:37 -281427.955315] Model parameter optimization (eps = 0.100000)

[00:59:38] ML tree search #20, logLikelihood: -281427.939391


Optimized model parameters:

   Partition 0: noname
   Rate heterogeneity: GAMMA (4 cats, mean),  alpha: 1.077645 (ML),  weights&rates: (0.250000,0.152181) (0.250000,0.498907) (0.250000,1.011762) (0.250000,2.337150) 
   P-inv (ML): 0.016295
   Base frequencies (ML): 0.253784 0.246645 0.236508 0.263064 
   Substitution rates (ML): 2.149238 3.536185 1.331254 1.251988 3.536185 1.000000 


Final LogLikelihood: -281427.936398

AIC score: 563051.872796 / AICc score: 563053.816890 / BIC score: 563759.267033
Free parameters (model + branch lengths): 98

Best ML tree saved to: /home/shorigan/raxml-ng-ML-full/T5.raxml.bestTree
All ML trees saved to: /home/shorigan/raxml-ng-ML-full/T5.raxml.mlTrees
Optimized model saved to: /home/shorigan/raxml-ng-ML-full/T5.raxml.bestModel

Execution log saved to: /home/shorigan/raxml-ng-ML-full/T5.raxml.log

Analysis started: 31-Aug-2022 09:33:14 / finished: 31-Aug-2022 10:32:53

Elapsed time: 3578.188 seconds

Consumed energy: 115.157 Wh

