
RAxML-NG v. 1.1.0-master released on 22.06.2022 by The Exelixis Lab.
Developed by: Alexey M. Kozlov and Alexandros Stamatakis.
Contributors: Diego Darriba, Tomas Flouri, Benoit Morel, Sarah Lutteropp, Ben Bettisworth.
Latest version: https://github.com/amkozlov/raxml-ng
Questions/problems/suggestions? Please visit: https://groups.google.com/forum/#!forum/raxml

System: Intel(R) Xeon(R) CPU E5-2680 v4 @ 2.40GHz, 28 cores, 62 GB RAM

RAxML-NG was called at 30-Aug-2022 16:11:24 as follows:

raxml-ng-mpi --all --msa alignment.phy --model TVM+I+G4 --prefix T3 --seed 2 --threads 7 --bs-trees 1000 --bs-metric fbp,tbe

Analysis options:
  run mode: ML tree search + bootstrapping (Felsenstein Bootstrap + Transfer Bootstrap)
  start tree(s): random (10) + parsimony (10)
  bootstrap replicates: 1000
  random seed: 2
  tip-inner: OFF
  pattern compression: ON
  per-rate scalers: OFF
  site repeats: ON
  branch lengths: proportional (ML estimate, algorithm: NR-FAST)
  SIMD kernels: AVX2
  parallelization: coarse-grained (auto), PTHREADS (7 threads), thread pinning: ON

[00:00:00] Reading alignment from file: alignment.phy
[00:00:00] Loaded alignment with 46 taxa and 10080 sites

Alignment comprises 1 partitions and 8687 patterns

Partition 0: noname
Model: TVM+FO+I+G4m
Alignment sites / patterns: 10080 / 8687
Gaps: 35.26 %
Invariant sites: 14.65 %


NOTE: Binary MSA file created: T3.raxml.rba

Parallelization scheme autoconfig: 1 worker(s) x 7 thread(s)

Error calling pthread_setaffinity_np: 22
Error calling pthread_setaffinity_np: 22
Error calling pthread_setaffinity_np: 22
Error calling pthread_setaffinity_np: 22
Parallel reduction/worker buffer size: 1 KB  / 0 KB

[00:00:00] Generating 10 random starting tree(s) with 46 taxa
[00:00:00] Generating 10 parsimony starting tree(s) with 46 taxa
[00:00:00] Data distribution: max. partitions/sites/weight per thread: 1 / 1241 / 19856
[00:00:01] Data distribution: max. searches per worker: 1020

Starting ML tree search with 20 distinct starting trees

[00:00:36] ML tree search #1, logLikelihood: -281427.956424
[00:01:11] ML tree search #2, logLikelihood: -281427.951944
[00:01:46] ML tree search #3, logLikelihood: -281427.948566
[00:02:21] ML tree search #4, logLikelihood: -281427.953338
[00:02:51] ML tree search #5, logLikelihood: -281427.963406
[00:03:24] ML tree search #6, logLikelihood: -281427.953339
[00:04:03] ML tree search #7, logLikelihood: -281427.947847
[00:04:41] ML tree search #8, logLikelihood: -281427.948122
[00:05:11] ML tree search #9, logLikelihood: -281427.962522
[00:05:48] ML tree search #10, logLikelihood: -281427.952047
[00:06:17] ML tree search #11, logLikelihood: -281427.936398
[00:06:45] ML tree search #12, logLikelihood: -281427.939965
[00:07:07] ML tree search #13, logLikelihood: -281427.936418
[00:07:31] ML tree search #14, logLikelihood: -281427.938537
[00:08:00] ML tree search #15, logLikelihood: -281427.939417
[00:08:39] ML tree search #16, logLikelihood: -281427.939914
[00:09:08] ML tree search #17, logLikelihood: -281427.939548
[00:09:38] ML tree search #18, logLikelihood: -281427.941264
[00:10:01] ML tree search #19, logLikelihood: -281427.937070
[00:10:27] ML tree search #20, logLikelihood: -281427.939391

[00:10:27] ML tree search completed, best tree logLH: -281427.936398

[00:10:27] Starting bootstrapping analysis with 1000 replicates.

[00:10:51] Bootstrap tree #1, logLikelihood: -281319.808102
[00:11:16] Bootstrap tree #2, logLikelihood: -282966.523274
[00:11:38] Bootstrap tree #3, logLikelihood: -277650.250231
[00:12:07] Bootstrap tree #4, logLikelihood: -282704.513933
[00:12:28] Bootstrap tree #5, logLikelihood: -280235.142297
[00:12:51] Bootstrap tree #6, logLikelihood: -282593.030428
[00:13:14] Bootstrap tree #7, logLikelihood: -284556.789746
[00:13:41] Bootstrap tree #8, logLikelihood: -281007.602999
[00:14:02] Bootstrap tree #9, logLikelihood: -283807.252085
[00:14:29] Bootstrap tree #10, logLikelihood: -279671.290465
[00:14:52] Bootstrap tree #11, logLikelihood: -282781.505979
[00:15:23] Bootstrap tree #12, logLikelihood: -283570.930134
[00:15:43] Bootstrap tree #13, logLikelihood: -280285.702056
[00:16:07] Bootstrap tree #14, logLikelihood: -281572.106580
[00:16:31] Bootstrap tree #15, logLikelihood: -282923.820177
[00:17:00] Bootstrap tree #16, logLikelihood: -280224.470389
[00:17:22] Bootstrap tree #17, logLikelihood: -282059.608456
[00:17:46] Bootstrap tree #18, logLikelihood: -281008.884877
[00:18:06] Bootstrap tree #19, logLikelihood: -281891.488868
[00:18:29] Bootstrap tree #20, logLikelihood: -281895.364370
[00:18:52] Bootstrap tree #21, logLikelihood: -278891.618021
[00:19:15] Bootstrap tree #22, logLikelihood: -284114.599544
[00:19:41] Bootstrap tree #23, logLikelihood: -283020.512204
[00:20:08] Bootstrap tree #24, logLikelihood: -280126.692611
[00:20:35] Bootstrap tree #25, logLikelihood: -278255.580564
[00:20:59] Bootstrap tree #26, logLikelihood: -280212.812414
[00:21:23] Bootstrap tree #27, logLikelihood: -278868.203647
[00:21:46] Bootstrap tree #28, logLikelihood: -281171.273141
[00:22:07] Bootstrap tree #29, logLikelihood: -278808.610254
[00:22:34] Bootstrap tree #30, logLikelihood: -281597.247701
[00:23:05] Bootstrap tree #31, logLikelihood: -281155.397874
[00:23:26] Bootstrap tree #32, logLikelihood: -278531.722280
[00:23:45] Bootstrap tree #33, logLikelihood: -284664.974747
[00:24:12] Bootstrap tree #34, logLikelihood: -279995.758796
[00:24:35] Bootstrap tree #35, logLikelihood: -280770.517385
[00:24:59] Bootstrap tree #36, logLikelihood: -279235.064617
[00:25:22] Bootstrap tree #37, logLikelihood: -283744.225372
[00:25:46] Bootstrap tree #38, logLikelihood: -281097.208074
[00:26:10] Bootstrap tree #39, logLikelihood: -280637.240096
[00:26:35] Bootstrap tree #40, logLikelihood: -282228.227757
[00:26:58] Bootstrap tree #41, logLikelihood: -278927.362645
[00:27:28] Bootstrap tree #42, logLikelihood: -282785.794440
[00:27:59] Bootstrap tree #43, logLikelihood: -283757.821514
[00:28:24] Bootstrap tree #44, logLikelihood: -285494.127759
[00:28:44] Bootstrap tree #45, logLikelihood: -279766.686248
[00:29:08] Bootstrap tree #46, logLikelihood: -280916.363085
[00:29:30] Bootstrap tree #47, logLikelihood: -279877.926028
[00:29:54] Bootstrap tree #48, logLikelihood: -283953.307543
[00:30:14] Bootstrap tree #49, logLikelihood: -282948.995358
[00:30:35] Bootstrap tree #50, logLikelihood: -278901.847981
[00:31:00] Bootstrap tree #51, logLikelihood: -282041.920565
[00:31:24] Bootstrap tree #52, logLikelihood: -281012.264449
[00:31:47] Bootstrap tree #53, logLikelihood: -280978.128477
[00:32:12] Bootstrap tree #54, logLikelihood: -281552.050879
[00:32:39] Bootstrap tree #55, logLikelihood: -278160.649202
[00:33:08] Bootstrap tree #56, logLikelihood: -280476.908224
[00:33:30] Bootstrap tree #57, logLikelihood: -281192.177854
[00:33:53] Bootstrap tree #58, logLikelihood: -280864.763643
[00:34:19] Bootstrap tree #59, logLikelihood: -282401.630859
[00:34:47] Bootstrap tree #60, logLikelihood: -283896.104696
[00:35:13] Bootstrap tree #61, logLikelihood: -278617.201715
[00:35:38] Bootstrap tree #62, logLikelihood: -280078.804451
[00:35:58] Bootstrap tree #63, logLikelihood: -281049.233570
[00:36:18] Bootstrap tree #64, logLikelihood: -279942.590673
[00:36:41] Bootstrap tree #65, logLikelihood: -279402.223018
[00:37:00] Bootstrap tree #66, logLikelihood: -282799.851345
[00:37:28] Bootstrap tree #67, logLikelihood: -280751.026819
[00:37:46] Bootstrap tree #68, logLikelihood: -283185.001500
[00:38:08] Bootstrap tree #69, logLikelihood: -279601.385394
[00:38:48] Bootstrap tree #70, logLikelihood: -277782.224332
[00:39:12] Bootstrap tree #71, logLikelihood: -281506.117526
[00:39:35] Bootstrap tree #72, logLikelihood: -279135.772058
[00:40:01] Bootstrap tree #73, logLikelihood: -279874.059245
[00:40:27] Bootstrap tree #74, logLikelihood: -282316.286900
[00:40:52] Bootstrap tree #75, logLikelihood: -279793.730181
[00:41:20] Bootstrap tree #76, logLikelihood: -283299.368386
[00:41:43] Bootstrap tree #77, logLikelihood: -280581.766457
[00:42:10] Bootstrap tree #78, logLikelihood: -282215.894771
[00:42:33] Bootstrap tree #79, logLikelihood: -283680.208418
[00:42:54] Bootstrap tree #80, logLikelihood: -283336.837869
[00:43:24] Bootstrap tree #81, logLikelihood: -281491.030339
[00:43:53] Bootstrap tree #82, logLikelihood: -280064.443939
[00:44:17] Bootstrap tree #83, logLikelihood: -280598.909396
[00:44:43] Bootstrap tree #84, logLikelihood: -282887.816566
[00:45:01] Bootstrap tree #85, logLikelihood: -275963.409243
[00:45:24] Bootstrap tree #86, logLikelihood: -283606.700615
[00:45:47] Bootstrap tree #87, logLikelihood: -281526.986081
[00:46:13] Bootstrap tree #88, logLikelihood: -282721.402942
[00:46:37] Bootstrap tree #89, logLikelihood: -279696.916286
[00:47:11] Bootstrap tree #90, logLikelihood: -278174.762239
[00:47:35] Bootstrap tree #91, logLikelihood: -282843.910747
[00:47:57] Bootstrap tree #92, logLikelihood: -280413.866263
[00:48:21] Bootstrap tree #93, logLikelihood: -279690.212765
[00:48:45] Bootstrap tree #94, logLikelihood: -283028.633110
[00:49:09] Bootstrap tree #95, logLikelihood: -279287.943982
[00:49:37] Bootstrap tree #96, logLikelihood: -281168.381629
[00:49:55] Bootstrap tree #97, logLikelihood: -281548.044699
[00:50:19] Bootstrap tree #98, logLikelihood: -278571.979722
[00:50:41] Bootstrap tree #99, logLikelihood: -286478.517255
[00:51:03] Bootstrap tree #100, logLikelihood: -280518.494799
[00:51:27] Bootstrap tree #101, logLikelihood: -283668.318871
[00:51:51] Bootstrap tree #102, logLikelihood: -280590.465320
[00:52:13] Bootstrap tree #103, logLikelihood: -283036.090793
[00:52:36] Bootstrap tree #104, logLikelihood: -279420.977279
[00:52:55] Bootstrap tree #105, logLikelihood: -278996.829163
[00:53:16] Bootstrap tree #106, logLikelihood: -280040.365529
[00:53:41] Bootstrap tree #107, logLikelihood: -283855.533265
[00:54:05] Bootstrap tree #108, logLikelihood: -281052.080100
[00:54:29] Bootstrap tree #109, logLikelihood: -279927.542097
[00:54:53] Bootstrap tree #110, logLikelihood: -284803.986464
[00:55:17] Bootstrap tree #111, logLikelihood: -284055.006162
[00:55:40] Bootstrap tree #112, logLikelihood: -285067.758082
[00:56:00] Bootstrap tree #113, logLikelihood: -279955.247034
[00:56:22] Bootstrap tree #114, logLikelihood: -282207.624152
[00:56:41] Bootstrap tree #115, logLikelihood: -283192.889113
[00:57:05] Bootstrap tree #116, logLikelihood: -279648.140665
[00:57:35] Bootstrap tree #117, logLikelihood: -282879.556963
[00:58:01] Bootstrap tree #118, logLikelihood: -280637.673149
[00:58:22] Bootstrap tree #119, logLikelihood: -282323.038250
[00:58:46] Bootstrap tree #120, logLikelihood: -281232.532269
[00:59:04] Bootstrap tree #121, logLikelihood: -281547.405089
[00:59:28] Bootstrap tree #122, logLikelihood: -284436.863287
[00:59:49] Bootstrap tree #123, logLikelihood: -280078.346769
[01:00:13] Bootstrap tree #124, logLikelihood: -280899.148651
[01:00:40] Bootstrap tree #125, logLikelihood: -282288.787047
[01:01:08] Bootstrap tree #126, logLikelihood: -278665.318013
[01:01:33] Bootstrap tree #127, logLikelihood: -283946.724381
[01:01:57] Bootstrap tree #128, logLikelihood: -282111.840828
[01:02:18] Bootstrap tree #129, logLikelihood: -282557.215319
[01:02:45] Bootstrap tree #130, logLikelihood: -281707.083831
[01:03:13] Bootstrap tree #131, logLikelihood: -283197.287585
[01:03:35] Bootstrap tree #132, logLikelihood: -281689.109225
[01:03:58] Bootstrap tree #133, logLikelihood: -281026.271655
[01:04:19] Bootstrap tree #134, logLikelihood: -283104.052626
[01:04:39] Bootstrap tree #135, logLikelihood: -283068.436643
[01:05:03] Bootstrap tree #136, logLikelihood: -282000.667312
[01:05:30] Bootstrap tree #137, logLikelihood: -277956.179537
[01:05:52] Bootstrap tree #138, logLikelihood: -278254.876666
[01:06:18] Bootstrap tree #139, logLikelihood: -279085.926574
[01:06:36] Bootstrap tree #140, logLikelihood: -279097.539539
[01:06:58] Bootstrap tree #141, logLikelihood: -280597.870558
[01:07:21] Bootstrap tree #142, logLikelihood: -281971.395639
[01:07:53] Bootstrap tree #143, logLikelihood: -281638.927066
[01:08:16] Bootstrap tree #144, logLikelihood: -280469.957316
[01:08:40] Bootstrap tree #145, logLikelihood: -280746.704903
[01:09:03] Bootstrap tree #146, logLikelihood: -281266.170045
[01:09:27] Bootstrap tree #147, logLikelihood: -282497.130612
[01:09:50] Bootstrap tree #148, logLikelihood: -281903.812802
[01:10:13] Bootstrap tree #149, logLikelihood: -281687.767743
[01:10:33] Bootstrap tree #150, logLikelihood: -281878.718647
[01:10:59] Bootstrap tree #151, logLikelihood: -282066.253252
[01:11:36] Bootstrap tree #152, logLikelihood: -278921.395937
[01:12:01] Bootstrap tree #153, logLikelihood: -282754.362822
[01:12:27] Bootstrap tree #154, logLikelihood: -282558.016365
[01:12:47] Bootstrap tree #155, logLikelihood: -282655.794717
[01:13:09] Bootstrap tree #156, logLikelihood: -279898.085884
[01:13:40] Bootstrap tree #157, logLikelihood: -283448.195636
[01:14:03] Bootstrap tree #158, logLikelihood: -282473.975688
[01:14:25] Bootstrap tree #159, logLikelihood: -280703.499433
[01:14:46] Bootstrap tree #160, logLikelihood: -280317.322001
[01:15:08] Bootstrap tree #161, logLikelihood: -282504.937909
[01:15:34] Bootstrap tree #162, logLikelihood: -282306.956518
[01:16:01] Bootstrap tree #163, logLikelihood: -280043.624692
[01:16:26] Bootstrap tree #164, logLikelihood: -279163.549828
[01:16:50] Bootstrap tree #165, logLikelihood: -280544.226973
[01:17:14] Bootstrap tree #166, logLikelihood: -285662.610764
[01:17:32] Bootstrap tree #167, logLikelihood: -280715.348288
[01:17:49] Bootstrap tree #168, logLikelihood: -278859.976013
[01:18:06] Bootstrap tree #169, logLikelihood: -278280.383479
[01:18:28] Bootstrap tree #170, logLikelihood: -280606.095641
[01:18:48] Bootstrap tree #171, logLikelihood: -276875.365926
[01:19:10] Bootstrap tree #172, logLikelihood: -284629.026437
[01:19:39] Bootstrap tree #173, logLikelihood: -285170.247128
[01:20:04] Bootstrap tree #174, logLikelihood: -278096.257892
[01:20:25] Bootstrap tree #175, logLikelihood: -281140.136770
[01:20:49] Bootstrap tree #176, logLikelihood: -284109.594257
[01:21:09] Bootstrap tree #177, logLikelihood: -281516.873612
[01:21:36] Bootstrap tree #178, logLikelihood: -278344.318242
[01:21:58] Bootstrap tree #179, logLikelihood: -282704.537350
[01:22:24] Bootstrap tree #180, logLikelihood: -277711.269431
[01:22:47] Bootstrap tree #181, logLikelihood: -281298.173365
[01:23:11] Bootstrap tree #182, logLikelihood: -284901.160642
[01:23:45] Bootstrap tree #183, logLikelihood: -279909.959016
[01:24:11] Bootstrap tree #184, logLikelihood: -281486.315509
[01:24:35] Bootstrap tree #185, logLikelihood: -282359.226632
[01:24:54] Bootstrap tree #186, logLikelihood: -279933.417309
[01:25:17] Bootstrap tree #187, logLikelihood: -280200.318816
[01:25:42] Bootstrap tree #188, logLikelihood: -281230.837624
[01:26:03] Bootstrap tree #189, logLikelihood: -278964.869750
[01:26:29] Bootstrap tree #190, logLikelihood: -280906.162200
[01:26:55] Bootstrap tree #191, logLikelihood: -280224.764100
[01:27:17] Bootstrap tree #192, logLikelihood: -281956.902966
[01:27:43] Bootstrap tree #193, logLikelihood: -282879.143250
[01:28:04] Bootstrap tree #194, logLikelihood: -278533.792125
[01:28:24] Bootstrap tree #195, logLikelihood: -278487.333549
[01:28:47] Bootstrap tree #196, logLikelihood: -282993.882925
[01:29:09] Bootstrap tree #197, logLikelihood: -279015.728886
[01:29:29] Bootstrap tree #198, logLikelihood: -278718.028493
[01:29:53] Bootstrap tree #199, logLikelihood: -278849.136732
[01:30:17] Bootstrap tree #200, logLikelihood: -280957.452669
[01:30:41] Bootstrap tree #201, logLikelihood: -283544.073361
[01:31:10] Bootstrap tree #202, logLikelihood: -279577.413672
[01:31:33] Bootstrap tree #203, logLikelihood: -279110.833916
[01:32:03] Bootstrap tree #204, logLikelihood: -280828.036747
[01:32:21] Bootstrap tree #205, logLikelihood: -281620.199913
[01:32:44] Bootstrap tree #206, logLikelihood: -280176.523874
[01:33:05] Bootstrap tree #207, logLikelihood: -283673.719852
[01:33:26] Bootstrap tree #208, logLikelihood: -281941.289942
[01:33:50] Bootstrap tree #209, logLikelihood: -283963.840754
[01:34:14] Bootstrap tree #210, logLikelihood: -285935.440282
[01:34:37] Bootstrap tree #211, logLikelihood: -281330.481467
[01:35:02] Bootstrap tree #212, logLikelihood: -283157.815077
[01:35:25] Bootstrap tree #213, logLikelihood: -279392.380162
[01:35:47] Bootstrap tree #214, logLikelihood: -279811.485090
[01:36:15] Bootstrap tree #215, logLikelihood: -279091.175159
[01:36:36] Bootstrap tree #216, logLikelihood: -284011.217023
[01:36:56] Bootstrap tree #217, logLikelihood: -280149.916684
[01:37:18] Bootstrap tree #218, logLikelihood: -283892.488230
[01:37:41] Bootstrap tree #219, logLikelihood: -283346.111208
[01:38:05] Bootstrap tree #220, logLikelihood: -282944.203590
[01:38:27] Bootstrap tree #221, logLikelihood: -283890.880406
[01:38:52] Bootstrap tree #222, logLikelihood: -284041.964378
[01:39:17] Bootstrap tree #223, logLikelihood: -279434.510616
[01:39:40] Bootstrap tree #224, logLikelihood: -282209.153140
[01:40:02] Bootstrap tree #225, logLikelihood: -278608.229232
[01:40:31] Bootstrap tree #226, logLikelihood: -281062.897900
[01:40:54] Bootstrap tree #227, logLikelihood: -279645.110745
[01:41:16] Bootstrap tree #228, logLikelihood: -284186.410324
[01:41:42] Bootstrap tree #229, logLikelihood: -283197.358366
[01:42:06] Bootstrap tree #230, logLikelihood: -278190.028945
[01:42:28] Bootstrap tree #231, logLikelihood: -281345.267691
[01:42:54] Bootstrap tree #232, logLikelihood: -281845.634653
[01:43:17] Bootstrap tree #233, logLikelihood: -278832.127228
[01:43:51] Bootstrap tree #234, logLikelihood: -280572.893767
[01:44:14] Bootstrap tree #235, logLikelihood: -283474.060400
[01:44:34] Bootstrap tree #236, logLikelihood: -281785.408021
[01:44:58] Bootstrap tree #237, logLikelihood: -279261.627736
[01:45:18] Bootstrap tree #238, logLikelihood: -281659.598228
[01:45:48] Bootstrap tree #239, logLikelihood: -282163.393850
[01:46:06] Bootstrap tree #240, logLikelihood: -276741.269838
[01:46:30] Bootstrap tree #241, logLikelihood: -281669.089457
[01:46:54] Bootstrap tree #242, logLikelihood: -277683.902831
[01:47:17] Bootstrap tree #243, logLikelihood: -280514.011153
[01:47:44] Bootstrap tree #244, logLikelihood: -281922.892149
[01:48:08] Bootstrap tree #245, logLikelihood: -283355.056627
[01:48:32] Bootstrap tree #246, logLikelihood: -282638.906202
[01:48:58] Bootstrap tree #247, logLikelihood: -279319.190132
[01:49:25] Bootstrap tree #248, logLikelihood: -284255.625906
[01:49:50] Bootstrap tree #249, logLikelihood: -280801.822787
[01:50:10] Bootstrap tree #250, logLikelihood: -283052.842380
[01:50:33] Bootstrap tree #251, logLikelihood: -283800.483841
[01:50:56] Bootstrap tree #252, logLikelihood: -281342.227416
[01:51:21] Bootstrap tree #253, logLikelihood: -282062.436746
[01:51:39] Bootstrap tree #254, logLikelihood: -280992.566244
[01:52:02] Bootstrap tree #255, logLikelihood: -282588.958180
[01:52:26] Bootstrap tree #256, logLikelihood: -280337.208926
[01:52:53] Bootstrap tree #257, logLikelihood: -281954.993962
[01:53:13] Bootstrap tree #258, logLikelihood: -283118.624764
[01:53:43] Bootstrap tree #259, logLikelihood: -282795.063980
[01:54:03] Bootstrap tree #260, logLikelihood: -283416.120029
[01:54:30] Bootstrap tree #261, logLikelihood: -280888.773871
[01:54:54] Bootstrap tree #262, logLikelihood: -276827.543095
[01:55:16] Bootstrap tree #263, logLikelihood: -279941.254031
[01:55:39] Bootstrap tree #264, logLikelihood: -280457.426429
[01:56:03] Bootstrap tree #265, logLikelihood: -282274.180828
[01:56:27] Bootstrap tree #266, logLikelihood: -284874.705964
[01:56:59] Bootstrap tree #267, logLikelihood: -283109.081662
[01:57:29] Bootstrap tree #268, logLikelihood: -285298.445882
[01:57:52] Bootstrap tree #269, logLikelihood: -280024.019126
[01:58:20] Bootstrap tree #270, logLikelihood: -285351.863232
[01:58:43] Bootstrap tree #271, logLikelihood: -279183.409410
[01:59:08] Bootstrap tree #272, logLikelihood: -283208.044088
[01:59:33] Bootstrap tree #273, logLikelihood: -278356.239609
[01:59:56] Bootstrap tree #274, logLikelihood: -285281.225230
[02:00:21] Bootstrap tree #275, logLikelihood: -281382.455922
[02:00:46] Bootstrap tree #276, logLikelihood: -280855.237083
[02:01:12] Bootstrap tree #277, logLikelihood: -278693.997854
[02:01:31] Bootstrap tree #278, logLikelihood: -278294.355027
[02:01:57] Bootstrap tree #279, logLikelihood: -282773.160207
[02:02:23] Bootstrap tree #280, logLikelihood: -283867.105316
[02:02:45] Bootstrap tree #281, logLikelihood: -281627.140604
[02:03:08] Bootstrap tree #282, logLikelihood: -281039.097971
[02:03:34] Bootstrap tree #283, logLikelihood: -280179.567705
[02:04:02] Bootstrap tree #284, logLikelihood: -281824.582674
[02:04:30] Bootstrap tree #285, logLikelihood: -277430.635263
[02:04:51] Bootstrap tree #286, logLikelihood: -283777.836258
[02:05:17] Bootstrap tree #287, logLikelihood: -282818.250989
[02:05:38] Bootstrap tree #288, logLikelihood: -285127.183812
[02:06:03] Bootstrap tree #289, logLikelihood: -281210.229716
[02:06:20] Bootstrap tree #290, logLikelihood: -280058.770030
[02:06:42] Bootstrap tree #291, logLikelihood: -277712.116693
[02:07:05] Bootstrap tree #292, logLikelihood: -278220.574803
[02:07:28] Bootstrap tree #293, logLikelihood: -281060.363673
[02:07:47] Bootstrap tree #294, logLikelihood: -281225.124709
[02:08:10] Bootstrap tree #295, logLikelihood: -280641.804070
[02:08:28] Bootstrap tree #296, logLikelihood: -278157.889940
[02:08:50] Bootstrap tree #297, logLikelihood: -282195.487071
[02:09:12] Bootstrap tree #298, logLikelihood: -282278.739178
[02:09:36] Bootstrap tree #299, logLikelihood: -277795.099979
[02:09:57] Bootstrap tree #300, logLikelihood: -278835.654689
[02:10:18] Bootstrap tree #301, logLikelihood: -279574.912765
[02:10:37] Bootstrap tree #302, logLikelihood: -285063.761685
[02:11:01] Bootstrap tree #303, logLikelihood: -282866.797680
[02:11:22] Bootstrap tree #304, logLikelihood: -284349.872657
[02:11:41] Bootstrap tree #305, logLikelihood: -283418.780603
[02:12:06] Bootstrap tree #306, logLikelihood: -282120.146765
[02:12:27] Bootstrap tree #307, logLikelihood: -283830.977890
[02:12:54] Bootstrap tree #308, logLikelihood: -283284.669604
[02:13:17] Bootstrap tree #309, logLikelihood: -280801.903347
[02:13:41] Bootstrap tree #310, logLikelihood: -282544.690797
[02:14:01] Bootstrap tree #311, logLikelihood: -285145.726943
[02:14:23] Bootstrap tree #312, logLikelihood: -283716.546348
[02:14:47] Bootstrap tree #313, logLikelihood: -280699.398315
[02:15:08] Bootstrap tree #314, logLikelihood: -283541.499679
[02:15:32] Bootstrap tree #315, logLikelihood: -286287.525424
[02:16:01] Bootstrap tree #316, logLikelihood: -281389.554386
[02:16:25] Bootstrap tree #317, logLikelihood: -284002.736330
[02:16:50] Bootstrap tree #318, logLikelihood: -283267.931791
[02:17:16] Bootstrap tree #319, logLikelihood: -279097.256129
[02:17:39] Bootstrap tree #320, logLikelihood: -278571.919232
[02:18:02] Bootstrap tree #321, logLikelihood: -279190.814298
[02:18:26] Bootstrap tree #322, logLikelihood: -282184.162134
[02:18:44] Bootstrap tree #323, logLikelihood: -280923.055033
[02:19:11] Bootstrap tree #324, logLikelihood: -282635.998883
[02:19:40] Bootstrap tree #325, logLikelihood: -284600.977231
[02:20:05] Bootstrap tree #326, logLikelihood: -280633.332526
[02:20:32] Bootstrap tree #327, logLikelihood: -281640.431564
[02:21:01] Bootstrap tree #328, logLikelihood: -284653.649405
[02:21:25] Bootstrap tree #329, logLikelihood: -281363.155585
[02:21:48] Bootstrap tree #330, logLikelihood: -282936.059530
[02:22:12] Bootstrap tree #331, logLikelihood: -284627.499730
[02:22:34] Bootstrap tree #332, logLikelihood: -280049.026612
[02:22:58] Bootstrap tree #333, logLikelihood: -279772.440398
[02:23:21] Bootstrap tree #334, logLikelihood: -278817.635828
[02:23:52] Bootstrap tree #335, logLikelihood: -278358.710192
[02:24:15] Bootstrap tree #336, logLikelihood: -281638.428177
[02:24:40] Bootstrap tree #337, logLikelihood: -279279.180071
[02:25:07] Bootstrap tree #338, logLikelihood: -281289.967998
[02:25:29] Bootstrap tree #339, logLikelihood: -284511.959498
[02:25:50] Bootstrap tree #340, logLikelihood: -281512.512086
[02:26:10] Bootstrap tree #341, logLikelihood: -280072.788594
[02:26:32] Bootstrap tree #342, logLikelihood: -282546.490406
[02:27:00] Bootstrap tree #343, logLikelihood: -285030.620592
[02:27:24] Bootstrap tree #344, logLikelihood: -279707.007972
[02:27:44] Bootstrap tree #345, logLikelihood: -282992.977605
[02:28:08] Bootstrap tree #346, logLikelihood: -282192.418126
[02:28:34] Bootstrap tree #347, logLikelihood: -280558.273113
[02:29:03] Bootstrap tree #348, logLikelihood: -284671.857549
[02:29:28] Bootstrap tree #349, logLikelihood: -282716.349881
[02:29:52] Bootstrap tree #350, logLikelihood: -280614.504438
[02:30:12] Bootstrap tree #351, logLikelihood: -278781.758488
[02:30:49] Bootstrap tree #352, logLikelihood: -282167.825245
[02:31:12] Bootstrap tree #353, logLikelihood: -280663.516388
[02:31:36] Bootstrap tree #354, logLikelihood: -279879.882714
[02:32:00] Bootstrap tree #355, logLikelihood: -283644.453730
[02:32:27] Bootstrap tree #356, logLikelihood: -280755.607367
[02:32:51] Bootstrap tree #357, logLikelihood: -282418.284257
[02:33:20] Bootstrap tree #358, logLikelihood: -282048.722914
[02:33:41] Bootstrap tree #359, logLikelihood: -280185.980293
[02:34:01] Bootstrap tree #360, logLikelihood: -280158.318942
[02:34:22] Bootstrap tree #361, logLikelihood: -281980.790364
[02:34:47] Bootstrap tree #362, logLikelihood: -280156.830192
[02:35:12] Bootstrap tree #363, logLikelihood: -280371.655906
[02:35:33] Bootstrap tree #364, logLikelihood: -279703.994013
[02:35:58] Bootstrap tree #365, logLikelihood: -282273.984744
[02:36:19] Bootstrap tree #366, logLikelihood: -281862.581297
[02:36:47] Bootstrap tree #367, logLikelihood: -282657.933748
[02:37:13] Bootstrap tree #368, logLikelihood: -281903.764859
[02:37:33] Bootstrap tree #369, logLikelihood: -278803.874743
[02:38:03] Bootstrap tree #370, logLikelihood: -280453.772346
[02:38:28] Bootstrap tree #371, logLikelihood: -278887.370520
[02:38:47] Bootstrap tree #372, logLikelihood: -282720.013202
[02:39:07] Bootstrap tree #373, logLikelihood: -286099.774544
[02:39:27] Bootstrap tree #374, logLikelihood: -281058.008867
[02:39:49] Bootstrap tree #375, logLikelihood: -282018.193065
[02:40:10] Bootstrap tree #376, logLikelihood: -279816.639651
[02:40:30] Bootstrap tree #377, logLikelihood: -276429.370706
[02:40:51] Bootstrap tree #378, logLikelihood: -279811.359186
[02:41:18] Bootstrap tree #379, logLikelihood: -279613.266831
[02:41:45] Bootstrap tree #380, logLikelihood: -280017.770838
[02:42:10] Bootstrap tree #381, logLikelihood: -278991.108134
[02:42:33] Bootstrap tree #382, logLikelihood: -283651.497501
[02:42:58] Bootstrap tree #383, logLikelihood: -283234.941795
[02:43:18] Bootstrap tree #384, logLikelihood: -282718.981096
[02:43:44] Bootstrap tree #385, logLikelihood: -280289.653740
[02:44:08] Bootstrap tree #386, logLikelihood: -281857.438088
[02:44:27] Bootstrap tree #387, logLikelihood: -281681.095858
[02:44:51] Bootstrap tree #388, logLikelihood: -279153.061571
[02:45:15] Bootstrap tree #389, logLikelihood: -282534.450504
[02:45:34] Bootstrap tree #390, logLikelihood: -281378.023806
[02:45:59] Bootstrap tree #391, logLikelihood: -281472.165339
[02:46:24] Bootstrap tree #392, logLikelihood: -282739.426161
[02:46:49] Bootstrap tree #393, logLikelihood: -280676.754667
[02:47:12] Bootstrap tree #394, logLikelihood: -281483.044989
[02:47:32] Bootstrap tree #395, logLikelihood: -281446.853429
[02:47:55] Bootstrap tree #396, logLikelihood: -282776.133169
[02:48:20] Bootstrap tree #397, logLikelihood: -283108.734635
[02:48:39] Bootstrap tree #398, logLikelihood: -279386.754973
[02:49:06] Bootstrap tree #399, logLikelihood: -283692.170990
[02:49:26] Bootstrap tree #400, logLikelihood: -278128.373492
[02:49:50] Bootstrap tree #401, logLikelihood: -279657.894439
[02:50:17] Bootstrap tree #402, logLikelihood: -280971.467881
[02:50:43] Bootstrap tree #403, logLikelihood: -282929.471008
[02:51:02] Bootstrap tree #404, logLikelihood: -280119.198436
[02:51:24] Bootstrap tree #405, logLikelihood: -282104.208687
[02:51:48] Bootstrap tree #406, logLikelihood: -282057.177320
[02:52:10] Bootstrap tree #407, logLikelihood: -282582.927592
[02:52:34] Bootstrap tree #408, logLikelihood: -282440.401440
[02:52:58] Bootstrap tree #409, logLikelihood: -280044.782200
[02:53:23] Bootstrap tree #410, logLikelihood: -281232.232104
[02:53:41] Bootstrap tree #411, logLikelihood: -280619.360948
[02:54:05] Bootstrap tree #412, logLikelihood: -279335.964323
[02:54:35] Bootstrap tree #413, logLikelihood: -283703.272864
[02:54:57] Bootstrap tree #414, logLikelihood: -280072.846563
[02:55:21] Bootstrap tree #415, logLikelihood: -283229.164421
[02:55:52] Bootstrap tree #416, logLikelihood: -280042.429395
[02:56:19] Bootstrap tree #417, logLikelihood: -281105.278430
[02:56:38] Bootstrap tree #418, logLikelihood: -279546.082445
[02:56:57] Bootstrap tree #419, logLikelihood: -282899.063377
[02:57:20] Bootstrap tree #420, logLikelihood: -279893.512368
[02:57:42] Bootstrap tree #421, logLikelihood: -286173.089229
[02:58:03] Bootstrap tree #422, logLikelihood: -281936.037899
[02:58:28] Bootstrap tree #423, logLikelihood: -281613.132236
[02:58:58] Bootstrap tree #424, logLikelihood: -282429.843094
[02:59:19] Bootstrap tree #425, logLikelihood: -280696.190264
[02:59:39] Bootstrap tree #426, logLikelihood: -282771.547604
[03:00:03] Bootstrap tree #427, logLikelihood: -280003.223697
[03:00:26] Bootstrap tree #428, logLikelihood: -281475.494925
[03:00:52] Bootstrap tree #429, logLikelihood: -282699.071796
[03:01:16] Bootstrap tree #430, logLikelihood: -281996.323014
[03:01:43] Bootstrap tree #431, logLikelihood: -286025.563970
[03:02:01] Bootstrap tree #432, logLikelihood: -282148.285220
[03:02:22] Bootstrap tree #433, logLikelihood: -282795.291346
[03:02:47] Bootstrap tree #434, logLikelihood: -285165.832924
[03:03:11] Bootstrap tree #435, logLikelihood: -281139.250538
[03:03:34] Bootstrap tree #436, logLikelihood: -280114.124703
[03:03:57] Bootstrap tree #437, logLikelihood: -279168.605746
[03:04:23] Bootstrap tree #438, logLikelihood: -281826.300613
[03:04:49] Bootstrap tree #439, logLikelihood: -277994.913813
[03:05:13] Bootstrap tree #440, logLikelihood: -283780.724525
[03:05:36] Bootstrap tree #441, logLikelihood: -281637.209036
[03:05:57] Bootstrap tree #442, logLikelihood: -280695.353709
[03:06:21] Bootstrap tree #443, logLikelihood: -284842.205110
[03:06:46] Bootstrap tree #444, logLikelihood: -280152.444582
[03:07:09] Bootstrap tree #445, logLikelihood: -283160.128179
[03:07:40] Bootstrap tree #446, logLikelihood: -279941.915962
[03:08:03] Bootstrap tree #447, logLikelihood: -280323.894512
[03:08:23] Bootstrap tree #448, logLikelihood: -282841.369272
[03:08:45] Bootstrap tree #449, logLikelihood: -279039.290496
[03:09:10] Bootstrap tree #450, logLikelihood: -281447.285979
[03:09:31] Bootstrap tree #451, logLikelihood: -279808.067359
[03:10:02] Bootstrap tree #452, logLikelihood: -279346.327092
[03:10:29] Bootstrap tree #453, logLikelihood: -279654.495945
[03:10:59] Bootstrap tree #454, logLikelihood: -281635.701173
[03:11:19] Bootstrap tree #455, logLikelihood: -283094.950393
[03:11:43] Bootstrap tree #456, logLikelihood: -279937.284351
[03:12:08] Bootstrap tree #457, logLikelihood: -281133.421128
[03:12:33] Bootstrap tree #458, logLikelihood: -279296.266193
[03:12:58] Bootstrap tree #459, logLikelihood: -278888.873857
[03:13:19] Bootstrap tree #460, logLikelihood: -284483.044002
[03:13:42] Bootstrap tree #461, logLikelihood: -279418.505688
[03:14:12] Bootstrap tree #462, logLikelihood: -281719.987092
[03:14:54] Bootstrap tree #463, logLikelihood: -282960.537280
[03:15:17] Bootstrap tree #464, logLikelihood: -280800.041431
[03:15:36] Bootstrap tree #465, logLikelihood: -282725.425699
[03:15:59] Bootstrap tree #466, logLikelihood: -279933.443072
[03:16:30] Bootstrap tree #467, logLikelihood: -283025.087605
[03:16:51] Bootstrap tree #468, logLikelihood: -279759.557241
[03:17:14] Bootstrap tree #469, logLikelihood: -282486.535262
[03:17:42] Bootstrap tree #470, logLikelihood: -283472.434347
[03:18:04] Bootstrap tree #471, logLikelihood: -279881.377820
[03:18:24] Bootstrap tree #472, logLikelihood: -279838.829620
[03:18:45] Bootstrap tree #473, logLikelihood: -278995.585817
[03:19:07] Bootstrap tree #474, logLikelihood: -279835.207796
[03:19:28] Bootstrap tree #475, logLikelihood: -281444.697158
[03:19:55] Bootstrap tree #476, logLikelihood: -281634.935693
[03:20:18] Bootstrap tree #477, logLikelihood: -282535.463565
[03:20:49] Bootstrap tree #478, logLikelihood: -282117.560102
[03:21:15] Bootstrap tree #479, logLikelihood: -281034.913792
[03:21:39] Bootstrap tree #480, logLikelihood: -280816.475487
[03:22:06] Bootstrap tree #481, logLikelihood: -277770.058439
[03:22:26] Bootstrap tree #482, logLikelihood: -280975.848269
[03:22:45] Bootstrap tree #483, logLikelihood: -280678.881721
[03:23:10] Bootstrap tree #484, logLikelihood: -281469.401176
[03:23:38] Bootstrap tree #485, logLikelihood: -279164.939072
[03:24:01] Bootstrap tree #486, logLikelihood: -279896.149331
[03:24:24] Bootstrap tree #487, logLikelihood: -279899.425770
[03:24:50] Bootstrap tree #488, logLikelihood: -279406.403736
[03:25:20] Bootstrap tree #489, logLikelihood: -279629.394240
[03:25:47] Bootstrap tree #490, logLikelihood: -281880.443042
[03:26:12] Bootstrap tree #491, logLikelihood: -281290.641764
[03:26:33] Bootstrap tree #492, logLikelihood: -278809.871265
[03:26:55] Bootstrap tree #493, logLikelihood: -280164.066676
[03:27:15] Bootstrap tree #494, logLikelihood: -282914.124999
[03:27:40] Bootstrap tree #495, logLikelihood: -284261.574471
[03:27:58] Bootstrap tree #496, logLikelihood: -284287.775225
[03:28:35] Bootstrap tree #497, logLikelihood: -280398.151046
[03:28:59] Bootstrap tree #498, logLikelihood: -284109.574021
[03:29:27] Bootstrap tree #499, logLikelihood: -282796.614071
[03:29:55] Bootstrap tree #500, logLikelihood: -281237.585460
[03:30:20] Bootstrap tree #501, logLikelihood: -281856.585108
[03:30:44] Bootstrap tree #502, logLikelihood: -285818.310596
[03:31:06] Bootstrap tree #503, logLikelihood: -280226.614995
[03:31:31] Bootstrap tree #504, logLikelihood: -278049.627133
[03:31:55] Bootstrap tree #505, logLikelihood: -280158.903158
[03:32:21] Bootstrap tree #506, logLikelihood: -281543.593807
[03:32:47] Bootstrap tree #507, logLikelihood: -279339.351245
[03:33:08] Bootstrap tree #508, logLikelihood: -282923.433078
[03:33:33] Bootstrap tree #509, logLikelihood: -282581.119756
[03:33:56] Bootstrap tree #510, logLikelihood: -282889.463011
[03:34:23] Bootstrap tree #511, logLikelihood: -282753.639139
[03:34:46] Bootstrap tree #512, logLikelihood: -280709.696961
[03:35:08] Bootstrap tree #513, logLikelihood: -279601.863176
[03:35:29] Bootstrap tree #514, logLikelihood: -285369.984218
[03:35:55] Bootstrap tree #515, logLikelihood: -282978.086772
[03:36:20] Bootstrap tree #516, logLikelihood: -277959.976700
[03:36:44] Bootstrap tree #517, logLikelihood: -283051.051464
[03:37:07] Bootstrap tree #518, logLikelihood: -275075.232919
[03:37:31] Bootstrap tree #519, logLikelihood: -282997.024557
[03:37:56] Bootstrap tree #520, logLikelihood: -279978.942514
[03:38:21] Bootstrap tree #521, logLikelihood: -284234.960488
[03:38:40] Bootstrap tree #522, logLikelihood: -279397.848236
[03:39:05] Bootstrap tree #523, logLikelihood: -279193.462910
[03:39:27] Bootstrap tree #524, logLikelihood: -279985.632469
[03:40:00] Bootstrap tree #525, logLikelihood: -283173.749585
[03:40:31] Bootstrap tree #526, logLikelihood: -282888.255355
[03:40:52] Bootstrap tree #527, logLikelihood: -282333.334778
[03:41:19] Bootstrap tree #528, logLikelihood: -279098.322332
[03:41:38] Bootstrap tree #529, logLikelihood: -278659.273210
[03:42:03] Bootstrap tree #530, logLikelihood: -287820.977751
[03:42:26] Bootstrap tree #531, logLikelihood: -281331.844727
[03:42:48] Bootstrap tree #532, logLikelihood: -280862.766371
[03:43:09] Bootstrap tree #533, logLikelihood: -278607.195696
[03:43:35] Bootstrap tree #534, logLikelihood: -283871.653674
[03:43:55] Bootstrap tree #535, logLikelihood: -280506.077991
[03:44:14] Bootstrap tree #536, logLikelihood: -281826.892816
[03:44:40] Bootstrap tree #537, logLikelihood: -281325.462578
[03:45:06] Bootstrap tree #538, logLikelihood: -279778.844916
[03:45:26] Bootstrap tree #539, logLikelihood: -280281.645599
[03:45:48] Bootstrap tree #540, logLikelihood: -280531.255342
[03:46:13] Bootstrap tree #541, logLikelihood: -285821.440402
[03:46:39] Bootstrap tree #542, logLikelihood: -282792.154036
[03:47:05] Bootstrap tree #543, logLikelihood: -283114.489702
[03:47:34] Bootstrap tree #544, logLikelihood: -280628.305765
[03:48:04] Bootstrap tree #545, logLikelihood: -277895.894970
[03:48:33] Bootstrap tree #546, logLikelihood: -280981.546525
[03:49:02] Bootstrap tree #547, logLikelihood: -281554.388978
[03:49:27] Bootstrap tree #548, logLikelihood: -281797.368551
[03:49:52] Bootstrap tree #549, logLikelihood: -279681.691969
[03:50:17] Bootstrap tree #550, logLikelihood: -283342.191284
[03:50:39] Bootstrap tree #551, logLikelihood: -282750.236143
[03:51:02] Bootstrap tree #552, logLikelihood: -287379.767991
[03:51:26] Bootstrap tree #553, logLikelihood: -280831.048579
[03:51:51] Bootstrap tree #554, logLikelihood: -281818.717089
[03:52:21] Bootstrap tree #555, logLikelihood: -280631.942863
[03:52:43] Bootstrap tree #556, logLikelihood: -280911.949036
[03:53:06] Bootstrap tree #557, logLikelihood: -281437.481449
[03:53:32] Bootstrap tree #558, logLikelihood: -280600.826695
[03:53:58] Bootstrap tree #559, logLikelihood: -284493.486125
[03:54:23] Bootstrap tree #560, logLikelihood: -279540.665865
[03:54:47] Bootstrap tree #561, logLikelihood: -281405.000083
[03:55:11] Bootstrap tree #562, logLikelihood: -281673.318436
[03:55:31] Bootstrap tree #563, logLikelihood: -280235.520185
[03:55:51] Bootstrap tree #564, logLikelihood: -285513.161454
[03:56:17] Bootstrap tree #565, logLikelihood: -278790.742995
[03:56:41] Bootstrap tree #566, logLikelihood: -279965.862468
[03:57:10] Bootstrap tree #567, logLikelihood: -280129.140069
[03:57:32] Bootstrap tree #568, logLikelihood: -283292.758340
[03:57:57] Bootstrap tree #569, logLikelihood: -281835.171578
[03:58:17] Bootstrap tree #570, logLikelihood: -282891.909429
[03:58:42] Bootstrap tree #571, logLikelihood: -280009.056102
[03:59:01] Bootstrap tree #572, logLikelihood: -279965.785945
[03:59:24] Bootstrap tree #573, logLikelihood: -281622.244060
[03:59:49] Bootstrap tree #574, logLikelihood: -279528.620273
[04:00:13] Bootstrap tree #575, logLikelihood: -279066.738047
[04:00:32] Bootstrap tree #576, logLikelihood: -284826.109514
[04:00:56] Bootstrap tree #577, logLikelihood: -281701.614479
[04:01:22] Bootstrap tree #578, logLikelihood: -280627.393129
[04:01:48] Bootstrap tree #579, logLikelihood: -282477.804841
[04:02:12] Bootstrap tree #580, logLikelihood: -280310.055592
[04:02:33] Bootstrap tree #581, logLikelihood: -282363.332395
[04:02:58] Bootstrap tree #582, logLikelihood: -282341.427183
[04:03:22] Bootstrap tree #583, logLikelihood: -280705.768623
[04:03:46] Bootstrap tree #584, logLikelihood: -279329.021366
[04:04:08] Bootstrap tree #585, logLikelihood: -282447.115517
[04:04:35] Bootstrap tree #586, logLikelihood: -285065.377798
[04:05:00] Bootstrap tree #587, logLikelihood: -284668.338580
[04:05:23] Bootstrap tree #588, logLikelihood: -280626.030303
[04:05:48] Bootstrap tree #589, logLikelihood: -278403.781170
[04:06:13] Bootstrap tree #590, logLikelihood: -280448.997748
[04:06:36] Bootstrap tree #591, logLikelihood: -284501.332169
[04:07:04] Bootstrap tree #592, logLikelihood: -280807.609312
[04:07:31] Bootstrap tree #593, logLikelihood: -282155.511696
[04:07:50] Bootstrap tree #594, logLikelihood: -278252.346162
[04:08:13] Bootstrap tree #595, logLikelihood: -277817.405073
[04:08:37] Bootstrap tree #596, logLikelihood: -280708.310928
[04:09:05] Bootstrap tree #597, logLikelihood: -282712.140335
[04:09:36] Bootstrap tree #598, logLikelihood: -283308.021957
[04:10:01] Bootstrap tree #599, logLikelihood: -281885.566734
[04:10:27] Bootstrap tree #600, logLikelihood: -280417.213060
[04:10:53] Bootstrap tree #601, logLikelihood: -279298.360868
[04:11:20] Bootstrap tree #602, logLikelihood: -284356.255966
[04:11:41] Bootstrap tree #603, logLikelihood: -276860.312758
[04:12:04] Bootstrap tree #604, logLikelihood: -282148.512011
[04:12:31] Bootstrap tree #605, logLikelihood: -281478.306084
[04:12:55] Bootstrap tree #606, logLikelihood: -283610.286942
[04:13:18] Bootstrap tree #607, logLikelihood: -281269.083075
[04:13:40] Bootstrap tree #608, logLikelihood: -278940.375490
[04:14:10] Bootstrap tree #609, logLikelihood: -281630.700398
[04:14:34] Bootstrap tree #610, logLikelihood: -286300.744805
[04:14:58] Bootstrap tree #611, logLikelihood: -279135.246554
[04:15:21] Bootstrap tree #612, logLikelihood: -280210.466084
[04:15:42] Bootstrap tree #613, logLikelihood: -282785.599453
[04:16:02] Bootstrap tree #614, logLikelihood: -281473.284968
[04:16:26] Bootstrap tree #615, logLikelihood: -284451.375516
[04:17:00] Bootstrap tree #616, logLikelihood: -281785.898059
[04:17:24] Bootstrap tree #617, logLikelihood: -278308.125000
[04:17:52] Bootstrap tree #618, logLikelihood: -279209.201017
[04:18:16] Bootstrap tree #619, logLikelihood: -282252.722951
[04:18:42] Bootstrap tree #620, logLikelihood: -281994.860286
[04:19:06] Bootstrap tree #621, logLikelihood: -282704.739958
[04:19:29] Bootstrap tree #622, logLikelihood: -280839.505281
[04:19:53] Bootstrap tree #623, logLikelihood: -277998.286808
[04:20:21] Bootstrap tree #624, logLikelihood: -278536.339720
[04:20:44] Bootstrap tree #625, logLikelihood: -281410.023015
[04:21:07] Bootstrap tree #626, logLikelihood: -285330.803478
[04:21:27] Bootstrap tree #627, logLikelihood: -281696.494956
[04:21:50] Bootstrap tree #628, logLikelihood: -280709.858156
[04:22:18] Bootstrap tree #629, logLikelihood: -278935.932918
[04:22:43] Bootstrap tree #630, logLikelihood: -280914.906315
[04:23:15] Bootstrap tree #631, logLikelihood: -278145.673931
[04:23:40] Bootstrap tree #632, logLikelihood: -281192.740582
[04:24:04] Bootstrap tree #633, logLikelihood: -285158.083984
[04:24:30] Bootstrap tree #634, logLikelihood: -281238.014492
[04:25:00] Bootstrap tree #635, logLikelihood: -282996.015890
[04:25:25] Bootstrap tree #636, logLikelihood: -282604.668266
[04:25:57] Bootstrap tree #637, logLikelihood: -279471.699023
[04:26:17] Bootstrap tree #638, logLikelihood: -279699.209191
[04:26:48] Bootstrap tree #639, logLikelihood: -281817.748458
[04:27:19] Bootstrap tree #640, logLikelihood: -280917.943268
[04:27:43] Bootstrap tree #641, logLikelihood: -284575.631644
[04:28:09] Bootstrap tree #642, logLikelihood: -281317.206869
[04:28:39] Bootstrap tree #643, logLikelihood: -283099.094203
[04:29:12] Bootstrap tree #644, logLikelihood: -280569.533232
[04:29:40] Bootstrap tree #645, logLikelihood: -279931.675371
[04:30:06] Bootstrap tree #646, logLikelihood: -281937.174633
[04:30:29] Bootstrap tree #647, logLikelihood: -280082.913527
[04:30:52] Bootstrap tree #648, logLikelihood: -283542.314159
[04:31:16] Bootstrap tree #649, logLikelihood: -279401.437541
[04:31:42] Bootstrap tree #650, logLikelihood: -280085.760091
[04:32:06] Bootstrap tree #651, logLikelihood: -281786.066609
[04:32:31] Bootstrap tree #652, logLikelihood: -282475.534009
[04:32:59] Bootstrap tree #653, logLikelihood: -281088.232099
[04:33:29] Bootstrap tree #654, logLikelihood: -280052.971696
[04:34:00] Bootstrap tree #655, logLikelihood: -278798.563638
[04:34:22] Bootstrap tree #656, logLikelihood: -285375.463111
[04:34:48] Bootstrap tree #657, logLikelihood: -279049.218223
[04:35:12] Bootstrap tree #658, logLikelihood: -283363.572999
[04:35:36] Bootstrap tree #659, logLikelihood: -279056.806468
[04:36:00] Bootstrap tree #660, logLikelihood: -283411.520302
[04:36:25] Bootstrap tree #661, logLikelihood: -279636.934162
[04:36:51] Bootstrap tree #662, logLikelihood: -282319.499919
[04:37:17] Bootstrap tree #663, logLikelihood: -279700.787822
[04:37:42] Bootstrap tree #664, logLikelihood: -285872.833463
[04:38:12] Bootstrap tree #665, logLikelihood: -280632.649989
[04:38:31] Bootstrap tree #666, logLikelihood: -279465.743673
[04:38:55] Bootstrap tree #667, logLikelihood: -281487.994940
[04:39:19] Bootstrap tree #668, logLikelihood: -281115.480945
[04:39:46] Bootstrap tree #669, logLikelihood: -280136.701683
[04:40:13] Bootstrap tree #670, logLikelihood: -280229.577245
[04:40:42] Bootstrap tree #671, logLikelihood: -281563.354348
[04:41:04] Bootstrap tree #672, logLikelihood: -280300.176078
[04:41:31] Bootstrap tree #673, logLikelihood: -284163.387939
[04:41:54] Bootstrap tree #674, logLikelihood: -281974.339757
[04:42:18] Bootstrap tree #675, logLikelihood: -284645.169657
[04:42:45] Bootstrap tree #676, logLikelihood: -282660.607074
[04:43:07] Bootstrap tree #677, logLikelihood: -278135.485957
[04:43:29] Bootstrap tree #678, logLikelihood: -281074.224410
[04:43:51] Bootstrap tree #679, logLikelihood: -285543.487005
[04:44:15] Bootstrap tree #680, logLikelihood: -282760.707050
[04:44:41] Bootstrap tree #681, logLikelihood: -282708.947437
[04:45:07] Bootstrap tree #682, logLikelihood: -284471.484114
[04:45:38] Bootstrap tree #683, logLikelihood: -279503.612566
[04:46:07] Bootstrap tree #684, logLikelihood: -279693.129288
[04:46:31] Bootstrap tree #685, logLikelihood: -280018.054019
[04:46:56] Bootstrap tree #686, logLikelihood: -281484.854133
[04:47:21] Bootstrap tree #687, logLikelihood: -281596.916054
[04:47:53] Bootstrap tree #688, logLikelihood: -281219.320427
[04:48:18] Bootstrap tree #689, logLikelihood: -280960.726236
[04:48:46] Bootstrap tree #690, logLikelihood: -281834.182840
[04:49:12] Bootstrap tree #691, logLikelihood: -281680.747676
[04:49:33] Bootstrap tree #692, logLikelihood: -279950.660165
[04:49:54] Bootstrap tree #693, logLikelihood: -281619.658673
[04:50:21] Bootstrap tree #694, logLikelihood: -282896.181571
[04:50:47] Bootstrap tree #695, logLikelihood: -280731.067968
[04:51:16] Bootstrap tree #696, logLikelihood: -277321.226813
[04:51:43] Bootstrap tree #697, logLikelihood: -284187.506524
[04:52:08] Bootstrap tree #698, logLikelihood: -284103.799932
[04:52:34] Bootstrap tree #699, logLikelihood: -280674.552936
[04:53:02] Bootstrap tree #700, logLikelihood: -280394.712690
[04:53:32] Bootstrap tree #701, logLikelihood: -278497.633033
[04:53:59] Bootstrap tree #702, logLikelihood: -282232.537615
[04:54:29] Bootstrap tree #703, logLikelihood: -279445.480271
[04:54:51] Bootstrap tree #704, logLikelihood: -279766.825040
[04:55:18] Bootstrap tree #705, logLikelihood: -280686.242311
[04:55:48] Bootstrap tree #706, logLikelihood: -282680.879119
[04:56:15] Bootstrap tree #707, logLikelihood: -281528.213693
[04:56:40] Bootstrap tree #708, logLikelihood: -283636.130828
[04:57:08] Bootstrap tree #709, logLikelihood: -283364.210733
[04:57:36] Bootstrap tree #710, logLikelihood: -281598.332076
[04:58:05] Bootstrap tree #711, logLikelihood: -279604.652757
[04:58:31] Bootstrap tree #712, logLikelihood: -284691.658115
[04:58:54] Bootstrap tree #713, logLikelihood: -281863.828734
[04:59:23] Bootstrap tree #714, logLikelihood: -281977.173119
[04:59:48] Bootstrap tree #715, logLikelihood: -281676.489352
[05:00:20] Bootstrap tree #716, logLikelihood: -280060.899873
[05:00:56] Bootstrap tree #717, logLikelihood: -281105.376947
[05:01:20] Bootstrap tree #718, logLikelihood: -280415.785555
[05:01:48] Bootstrap tree #719, logLikelihood: -281080.166509
[05:02:18] Bootstrap tree #720, logLikelihood: -283190.632580
[05:02:48] Bootstrap tree #721, logLikelihood: -280995.480733
[05:03:17] Bootstrap tree #722, logLikelihood: -280371.140743
[05:03:43] Bootstrap tree #723, logLikelihood: -284778.056024
[05:04:05] Bootstrap tree #724, logLikelihood: -282577.380875
[05:04:31] Bootstrap tree #725, logLikelihood: -283739.919780
[05:05:06] Bootstrap tree #726, logLikelihood: -279263.696841
[05:05:32] Bootstrap tree #727, logLikelihood: -280525.532502
[05:06:00] Bootstrap tree #728, logLikelihood: -279222.163122
[05:06:21] Bootstrap tree #729, logLikelihood: -280841.269765
[05:06:47] Bootstrap tree #730, logLikelihood: -281890.100274
[05:07:14] Bootstrap tree #731, logLikelihood: -281360.412150
[05:07:41] Bootstrap tree #732, logLikelihood: -281254.689685
[05:08:11] Bootstrap tree #733, logLikelihood: -279455.119771
[05:08:35] Bootstrap tree #734, logLikelihood: -280618.759007
[05:09:02] Bootstrap tree #735, logLikelihood: -285544.458484
[05:09:25] Bootstrap tree #736, logLikelihood: -281223.167443
[05:09:48] Bootstrap tree #737, logLikelihood: -279574.085339
[05:10:13] Bootstrap tree #738, logLikelihood: -284014.359417
[05:10:38] Bootstrap tree #739, logLikelihood: -280409.195085
[05:11:02] Bootstrap tree #740, logLikelihood: -284792.963738
[05:11:33] Bootstrap tree #741, logLikelihood: -283109.273504
[05:12:02] Bootstrap tree #742, logLikelihood: -279953.753291
[05:12:29] Bootstrap tree #743, logLikelihood: -280782.812822
[05:12:57] Bootstrap tree #744, logLikelihood: -280409.076028
[05:13:20] Bootstrap tree #745, logLikelihood: -278385.700447
[05:13:41] Bootstrap tree #746, logLikelihood: -278272.996324
[05:14:07] Bootstrap tree #747, logLikelihood: -283844.570691
[05:14:30] Bootstrap tree #748, logLikelihood: -281242.348891
[05:14:51] Bootstrap tree #749, logLikelihood: -282617.069799
[05:15:14] Bootstrap tree #750, logLikelihood: -277239.847774
[05:15:38] Bootstrap tree #751, logLikelihood: -280167.203427
[05:16:03] Bootstrap tree #752, logLikelihood: -281392.896433
[05:16:26] Bootstrap tree #753, logLikelihood: -281380.244997
[05:16:51] Bootstrap tree #754, logLikelihood: -284891.222974
[05:17:23] Bootstrap tree #755, logLikelihood: -278726.346655
[05:17:47] Bootstrap tree #756, logLikelihood: -282129.630351
[05:18:13] Bootstrap tree #757, logLikelihood: -280392.834890
[05:18:35] Bootstrap tree #758, logLikelihood: -283574.096890
[05:18:59] Bootstrap tree #759, logLikelihood: -281984.967176
[05:19:22] Bootstrap tree #760, logLikelihood: -282250.113199
[05:19:47] Bootstrap tree #761, logLikelihood: -281342.359077
[05:20:16] Bootstrap tree #762, logLikelihood: -278586.909723
[05:20:42] Bootstrap tree #763, logLikelihood: -278539.582448
[05:21:10] Bootstrap tree #764, logLikelihood: -284252.140809
[05:21:33] Bootstrap tree #765, logLikelihood: -284700.313465
[05:22:00] Bootstrap tree #766, logLikelihood: -280613.907085
[05:22:28] Bootstrap tree #767, logLikelihood: -282867.828942
[05:22:57] Bootstrap tree #768, logLikelihood: -280320.853290
[05:23:22] Bootstrap tree #769, logLikelihood: -278236.604557
[05:23:50] Bootstrap tree #770, logLikelihood: -285131.403558
[05:24:15] Bootstrap tree #771, logLikelihood: -281686.826873
[05:24:46] Bootstrap tree #772, logLikelihood: -280829.017024
[05:25:15] Bootstrap tree #773, logLikelihood: -282093.723859
[05:25:40] Bootstrap tree #774, logLikelihood: -281084.469928
[05:26:04] Bootstrap tree #775, logLikelihood: -282540.960559
[05:26:31] Bootstrap tree #776, logLikelihood: -282031.950111
[05:27:02] Bootstrap tree #777, logLikelihood: -284576.361570
[05:27:31] Bootstrap tree #778, logLikelihood: -278529.279902
[05:27:53] Bootstrap tree #779, logLikelihood: -281972.632704
[05:28:18] Bootstrap tree #780, logLikelihood: -281444.931108
[05:28:47] Bootstrap tree #781, logLikelihood: -283748.531849
[05:29:08] Bootstrap tree #782, logLikelihood: -278656.110475
[05:29:32] Bootstrap tree #783, logLikelihood: -279931.381724
[05:29:54] Bootstrap tree #784, logLikelihood: -279260.137030
[05:30:22] Bootstrap tree #785, logLikelihood: -281800.589488
[05:30:45] Bootstrap tree #786, logLikelihood: -280654.192498
[05:31:11] Bootstrap tree #787, logLikelihood: -277748.051849
[05:31:38] Bootstrap tree #788, logLikelihood: -282472.675512
[05:32:05] Bootstrap tree #789, logLikelihood: -284381.479504
[05:32:33] Bootstrap tree #790, logLikelihood: -284295.326601
[05:33:00] Bootstrap tree #791, logLikelihood: -280666.883105
[05:33:22] Bootstrap tree #792, logLikelihood: -278668.659944
[05:33:46] Bootstrap tree #793, logLikelihood: -282188.980413
[05:34:10] Bootstrap tree #794, logLikelihood: -281338.993333
[05:34:35] Bootstrap tree #795, logLikelihood: -283937.144622
[05:34:56] Bootstrap tree #796, logLikelihood: -280446.540112
[05:35:24] Bootstrap tree #797, logLikelihood: -282147.523470
[05:35:50] Bootstrap tree #798, logLikelihood: -282397.756815
[05:36:15] Bootstrap tree #799, logLikelihood: -279790.417338
[05:36:43] Bootstrap tree #800, logLikelihood: -280933.092611
[05:37:13] Bootstrap tree #801, logLikelihood: -281944.315794
[05:37:43] Bootstrap tree #802, logLikelihood: -282909.649501
[05:38:12] Bootstrap tree #803, logLikelihood: -278172.415434
[05:38:49] Bootstrap tree #804, logLikelihood: -282245.497486
[05:39:24] Bootstrap tree #805, logLikelihood: -284359.124014
[05:39:48] Bootstrap tree #806, logLikelihood: -277833.798665
[05:40:16] Bootstrap tree #807, logLikelihood: -278393.216240
[05:40:45] Bootstrap tree #808, logLikelihood: -285598.398415
[05:41:08] Bootstrap tree #809, logLikelihood: -283567.075798
[05:41:37] Bootstrap tree #810, logLikelihood: -279666.322828
[05:42:01] Bootstrap tree #811, logLikelihood: -280850.497270
[05:42:27] Bootstrap tree #812, logLikelihood: -281643.900616
[05:42:55] Bootstrap tree #813, logLikelihood: -280499.653728
[05:43:19] Bootstrap tree #814, logLikelihood: -283096.047386
[05:43:44] Bootstrap tree #815, logLikelihood: -282350.812164
[05:44:09] Bootstrap tree #816, logLikelihood: -280533.615812
[05:44:31] Bootstrap tree #817, logLikelihood: -283088.208309
[05:44:58] Bootstrap tree #818, logLikelihood: -285015.095226
[05:45:21] Bootstrap tree #819, logLikelihood: -282733.049549
[05:45:46] Bootstrap tree #820, logLikelihood: -281636.335643
[05:46:09] Bootstrap tree #821, logLikelihood: -283246.969068
[05:46:39] Bootstrap tree #822, logLikelihood: -282271.011777
[05:47:00] Bootstrap tree #823, logLikelihood: -281614.379795
[05:47:26] Bootstrap tree #824, logLikelihood: -279254.503791
[05:47:52] Bootstrap tree #825, logLikelihood: -284471.865501
[05:48:17] Bootstrap tree #826, logLikelihood: -283835.042736
[05:48:45] Bootstrap tree #827, logLikelihood: -280628.223965
[05:49:09] Bootstrap tree #828, logLikelihood: -278914.032775
[05:49:31] Bootstrap tree #829, logLikelihood: -282460.859279
[05:49:57] Bootstrap tree #830, logLikelihood: -279400.025924
[05:50:26] Bootstrap tree #831, logLikelihood: -281658.386384
[05:50:50] Bootstrap tree #832, logLikelihood: -280266.444933
[05:51:17] Bootstrap tree #833, logLikelihood: -283966.864046
[05:51:39] Bootstrap tree #834, logLikelihood: -280296.803260
[05:52:03] Bootstrap tree #835, logLikelihood: -281548.053310
[05:52:32] Bootstrap tree #836, logLikelihood: -280870.808263
[05:52:57] Bootstrap tree #837, logLikelihood: -282040.790024
[05:53:23] Bootstrap tree #838, logLikelihood: -282380.979694
[05:53:42] Bootstrap tree #839, logLikelihood: -281454.966262
[05:54:07] Bootstrap tree #840, logLikelihood: -282258.375603
[05:54:35] Bootstrap tree #841, logLikelihood: -278718.403376
[05:55:03] Bootstrap tree #842, logLikelihood: -282457.551284
[05:55:32] Bootstrap tree #843, logLikelihood: -281334.757939
[05:55:51] Bootstrap tree #844, logLikelihood: -280591.191118
[05:56:12] Bootstrap tree #845, logLikelihood: -283450.331882
[05:56:41] Bootstrap tree #846, logLikelihood: -286065.076355
[05:57:05] Bootstrap tree #847, logLikelihood: -280350.937167
[05:57:35] Bootstrap tree #848, logLikelihood: -280436.955964
[05:58:02] Bootstrap tree #849, logLikelihood: -285007.404581
[05:58:31] Bootstrap tree #850, logLikelihood: -278613.276697
[05:59:00] Bootstrap tree #851, logLikelihood: -283855.083589
[05:59:29] Bootstrap tree #852, logLikelihood: -279547.079773
[06:00:01] Bootstrap tree #853, logLikelihood: -282764.641571
[06:00:23] Bootstrap tree #854, logLikelihood: -280677.285395
[06:00:50] Bootstrap tree #855, logLikelihood: -283053.290772
[06:01:15] Bootstrap tree #856, logLikelihood: -284850.648469
[06:01:45] Bootstrap tree #857, logLikelihood: -281409.739821
[06:02:11] Bootstrap tree #858, logLikelihood: -283960.027965
[06:02:32] Bootstrap tree #859, logLikelihood: -282114.462468
[06:02:58] Bootstrap tree #860, logLikelihood: -283590.660245
[06:03:23] Bootstrap tree #861, logLikelihood: -278372.699707
[06:03:49] Bootstrap tree #862, logLikelihood: -277777.670554
[06:04:14] Bootstrap tree #863, logLikelihood: -284500.958919
[06:04:40] Bootstrap tree #864, logLikelihood: -280843.315139
[06:05:06] Bootstrap tree #865, logLikelihood: -283408.785510
[06:05:29] Bootstrap tree #866, logLikelihood: -281654.230829
[06:05:52] Bootstrap tree #867, logLikelihood: -279832.264125
[06:06:26] Bootstrap tree #868, logLikelihood: -279854.901621
[06:06:50] Bootstrap tree #869, logLikelihood: -282500.993986
[06:07:14] Bootstrap tree #870, logLikelihood: -281242.904623
[06:07:41] Bootstrap tree #871, logLikelihood: -282094.710731
[06:07:59] Bootstrap tree #872, logLikelihood: -279821.359888
[06:08:28] Bootstrap tree #873, logLikelihood: -280948.999360
[06:08:52] Bootstrap tree #874, logLikelihood: -280872.713203
[06:09:14] Bootstrap tree #875, logLikelihood: -279217.087629
[06:09:34] Bootstrap tree #876, logLikelihood: -283920.145996
[06:10:05] Bootstrap tree #877, logLikelihood: -284501.175908
[06:10:30] Bootstrap tree #878, logLikelihood: -280397.193483
[06:10:56] Bootstrap tree #879, logLikelihood: -283090.229818
[06:11:20] Bootstrap tree #880, logLikelihood: -278195.684531
[06:11:41] Bootstrap tree #881, logLikelihood: -280384.643232
[06:12:06] Bootstrap tree #882, logLikelihood: -280513.539807
[06:12:36] Bootstrap tree #883, logLikelihood: -279299.192117
[06:13:08] Bootstrap tree #884, logLikelihood: -281948.995367
[06:13:31] Bootstrap tree #885, logLikelihood: -282749.160614
[06:13:58] Bootstrap tree #886, logLikelihood: -280636.172216
[06:14:18] Bootstrap tree #887, logLikelihood: -283711.385065
[06:14:42] Bootstrap tree #888, logLikelihood: -284058.023151
[06:15:05] Bootstrap tree #889, logLikelihood: -282839.844686
[06:15:32] Bootstrap tree #890, logLikelihood: -281928.459831
[06:15:58] Bootstrap tree #891, logLikelihood: -279566.650098
[06:16:25] Bootstrap tree #892, logLikelihood: -282978.499473
[06:16:49] Bootstrap tree #893, logLikelihood: -279016.093993
[06:17:13] Bootstrap tree #894, logLikelihood: -282168.963477
[06:17:43] Bootstrap tree #895, logLikelihood: -281714.959007
[06:18:19] Bootstrap tree #896, logLikelihood: -283385.756849
[06:18:45] Bootstrap tree #897, logLikelihood: -280567.195444
[06:19:21] Bootstrap tree #898, logLikelihood: -277698.514091
[06:19:54] Bootstrap tree #899, logLikelihood: -282004.226881
[06:20:13] Bootstrap tree #900, logLikelihood: -278504.286442
[06:20:38] Bootstrap tree #901, logLikelihood: -281467.943669
[06:20:58] Bootstrap tree #902, logLikelihood: -280116.696287
[06:21:27] Bootstrap tree #903, logLikelihood: -283366.691712
[06:21:48] Bootstrap tree #904, logLikelihood: -280491.594306
[06:22:17] Bootstrap tree #905, logLikelihood: -279657.782129
[06:22:42] Bootstrap tree #906, logLikelihood: -282717.119266
[06:23:11] Bootstrap tree #907, logLikelihood: -280496.718999
[06:23:36] Bootstrap tree #908, logLikelihood: -282117.754356
[06:23:56] Bootstrap tree #909, logLikelihood: -279446.660763
[06:24:22] Bootstrap tree #910, logLikelihood: -282079.268811
[06:24:49] Bootstrap tree #911, logLikelihood: -281918.663171
[06:25:14] Bootstrap tree #912, logLikelihood: -277398.633288
[06:25:37] Bootstrap tree #913, logLikelihood: -281874.260147
[06:25:59] Bootstrap tree #914, logLikelihood: -282550.065473
[06:26:18] Bootstrap tree #915, logLikelihood: -282497.578012
[06:26:41] Bootstrap tree #916, logLikelihood: -279792.225193
[06:27:08] Bootstrap tree #917, logLikelihood: -280999.853817
[06:27:33] Bootstrap tree #918, logLikelihood: -283325.598892
[06:27:52] Bootstrap tree #919, logLikelihood: -279413.738393
[06:28:17] Bootstrap tree #920, logLikelihood: -279161.924121
[06:28:40] Bootstrap tree #921, logLikelihood: -284266.628910
[06:29:05] Bootstrap tree #922, logLikelihood: -280070.520659
[06:29:30] Bootstrap tree #923, logLikelihood: -277883.454081
[06:29:56] Bootstrap tree #924, logLikelihood: -282621.757396
[06:30:22] Bootstrap tree #925, logLikelihood: -282770.987012
[06:30:52] Bootstrap tree #926, logLikelihood: -279237.675612
[06:31:17] Bootstrap tree #927, logLikelihood: -279008.801856
[06:31:38] Bootstrap tree #928, logLikelihood: -280842.137187
[06:32:00] Bootstrap tree #929, logLikelihood: -283344.193733
[06:32:26] Bootstrap tree #930, logLikelihood: -279193.370237
[06:32:48] Bootstrap tree #931, logLikelihood: -281125.132961
[06:33:18] Bootstrap tree #932, logLikelihood: -280802.099197
[06:33:45] Bootstrap tree #933, logLikelihood: -282550.169299
[06:34:10] Bootstrap tree #934, logLikelihood: -281433.925576
[06:34:34] Bootstrap tree #935, logLikelihood: -280949.911980
[06:34:58] Bootstrap tree #936, logLikelihood: -283415.621255
[06:35:24] Bootstrap tree #937, logLikelihood: -281698.243136
[06:35:50] Bootstrap tree #938, logLikelihood: -279875.835197
[06:36:14] Bootstrap tree #939, logLikelihood: -278664.020337
[06:36:39] Bootstrap tree #940, logLikelihood: -280131.111741
[06:37:05] Bootstrap tree #941, logLikelihood: -281660.661562
[06:37:30] Bootstrap tree #942, logLikelihood: -278965.926094
[06:37:55] Bootstrap tree #943, logLikelihood: -282217.852829
[06:38:17] Bootstrap tree #944, logLikelihood: -276436.327918
[06:38:45] Bootstrap tree #945, logLikelihood: -282292.080780
[06:39:13] Bootstrap tree #946, logLikelihood: -277764.187202
[06:39:33] Bootstrap tree #947, logLikelihood: -280581.878504
[06:39:55] Bootstrap tree #948, logLikelihood: -283201.789012
[06:40:17] Bootstrap tree #949, logLikelihood: -276103.109770
[06:40:43] Bootstrap tree #950, logLikelihood: -277932.345429
[06:41:04] Bootstrap tree #951, logLikelihood: -277424.926026
[06:41:30] Bootstrap tree #952, logLikelihood: -280609.397784
[06:41:51] Bootstrap tree #953, logLikelihood: -283221.514530
[06:42:22] Bootstrap tree #954, logLikelihood: -279785.968091
[06:42:47] Bootstrap tree #955, logLikelihood: -281992.849979
[06:43:08] Bootstrap tree #956, logLikelihood: -283803.575608
[06:43:34] Bootstrap tree #957, logLikelihood: -278286.512999
[06:44:03] Bootstrap tree #958, logLikelihood: -282255.906165
[06:44:26] Bootstrap tree #959, logLikelihood: -280552.180818
[06:44:56] Bootstrap tree #960, logLikelihood: -279316.469039
[06:45:14] Bootstrap tree #961, logLikelihood: -278047.641245
[06:45:36] Bootstrap tree #962, logLikelihood: -281836.286992
[06:46:00] Bootstrap tree #963, logLikelihood: -278324.399852
[06:46:24] Bootstrap tree #964, logLikelihood: -278618.348666
[06:46:47] Bootstrap tree #965, logLikelihood: -281187.650310
[06:47:11] Bootstrap tree #966, logLikelihood: -279934.868620
[06:47:31] Bootstrap tree #967, logLikelihood: -284257.415794
[06:47:50] Bootstrap tree #968, logLikelihood: -283925.272892
[06:48:20] Bootstrap tree #969, logLikelihood: -281333.135614
[06:48:48] Bootstrap tree #970, logLikelihood: -281693.100946
[06:49:14] Bootstrap tree #971, logLikelihood: -282802.722628
[06:49:38] Bootstrap tree #972, logLikelihood: -280745.076800
[06:50:02] Bootstrap tree #973, logLikelihood: -284207.962310
[06:50:30] Bootstrap tree #974, logLikelihood: -280594.412737
[06:50:55] Bootstrap tree #975, logLikelihood: -279746.845299
[06:51:19] Bootstrap tree #976, logLikelihood: -282179.106036
[06:51:40] Bootstrap tree #977, logLikelihood: -280916.533803
[06:52:03] Bootstrap tree #978, logLikelihood: -279844.934323
[06:52:34] Bootstrap tree #979, logLikelihood: -286570.865670
[06:52:54] Bootstrap tree #980, logLikelihood: -281022.991970
[06:53:20] Bootstrap tree #981, logLikelihood: -280844.321003
[06:53:44] Bootstrap tree #982, logLikelihood: -286013.148809
[06:54:12] Bootstrap tree #983, logLikelihood: -280268.211317
[06:54:35] Bootstrap tree #984, logLikelihood: -281065.441067
[06:54:58] Bootstrap tree #985, logLikelihood: -279084.826053
[06:55:22] Bootstrap tree #986, logLikelihood: -284460.888468
[06:55:42] Bootstrap tree #987, logLikelihood: -280735.636705
[06:56:05] Bootstrap tree #988, logLikelihood: -282555.726616
[06:56:29] Bootstrap tree #989, logLikelihood: -281025.829795
[06:56:51] Bootstrap tree #990, logLikelihood: -279892.927344
[06:57:19] Bootstrap tree #991, logLikelihood: -282902.752398
[06:57:48] Bootstrap tree #992, logLikelihood: -278312.673057
[06:58:12] Bootstrap tree #993, logLikelihood: -281817.124827
[06:58:36] Bootstrap tree #994, logLikelihood: -280898.084738
[06:59:03] Bootstrap tree #995, logLikelihood: -281770.781206
[06:59:26] Bootstrap tree #996, logLikelihood: -279322.192737
[06:59:55] Bootstrap tree #997, logLikelihood: -283011.682356
slurmstepd-midway2-0013: error: *** JOB 22265937 ON midway2-0013 CANCELLED AT 2022-08-30T23:11:34 DUE TO TIME LIMIT ***
