
RAxML-NG v. 1.1.0-master released on 22.06.2022 by The Exelixis Lab.
Developed by: Alexey M. Kozlov and Alexandros Stamatakis.
Contributors: Diego Darriba, Tomas Flouri, Benoit Morel, Sarah Lutteropp, Ben Bettisworth.
Latest version: https://github.com/amkozlov/raxml-ng
Questions/problems/suggestions? Please visit: https://groups.google.com/forum/#!forum/raxml

System: Intel(R) Xeon(R) CPU E5-2680 v4 @ 2.40GHz, 28 cores, 251 GB RAM

RAxML-NG was called at 31-Aug-2022 10:35:51 as follows:

raxml-ng-mpi --bsconverge --bs-trees T3.raxml.bootstraps.TMP --prefix T6 --seed 2 --threads 7

Analysis options:
  run mode: A posteriori bootstrap convergence test
  start tree(s): 
  random seed: 2
  SIMD kernels: AVX2
  parallelization: coarse-grained (auto), PTHREADS (7 threads), thread pinning: ON

Reading bootstrap trees from file: T3.raxml.bootstraps.TMP
Loaded 997 trees with 46 taxa.

Performing bootstrap convergence assessment using autoMRE criterion

 # trees        avg WRF       avg WRF in %       # perms: wrf <= 3.00 %     converged?  
      50         60.812              2.828                          598        NO
     100         84.149              1.957                          933        NO
     150         81.937              1.270                          985        NO
     200        109.815              1.277                          994        YES
Bootstopping test converged after 200 trees


Execution log saved to: /home/shorigan/raxml-ng-ML-full/T6.raxml.log

Analysis started: 31-Aug-2022 10:35:51 / finished: 31-Aug-2022 10:35:52

Elapsed time: 0.814 seconds

