
RAxML-NG v. 1.1.0-master released on 22.06.2022 by The Exelixis Lab.
Developed by: Alexey M. Kozlov and Alexandros Stamatakis.
Contributors: Diego Darriba, Tomas Flouri, Benoit Morel, Sarah Lutteropp, Ben Bettisworth.
Latest version: https://github.com/amkozlov/raxml-ng
Questions/problems/suggestions? Please visit: https://groups.google.com/forum/#!forum/raxml

System: Intel(R) Xeon(R) CPU E5-2680 v4 @ 2.40GHz, 28 cores, 251 GB RAM

RAxML-NG was called at 31-Aug-2022 10:37:13 as follows:

raxml-ng-mpi --support --tree T5.raxml.bestTree --bs-trees T3.raxml.bootstraps.TMP --prefix T7 --threads 7

Analysis options:
  run mode: Compute bipartition support (Felsenstein Bootstrap)
  start tree(s): user
  random seed: 1661960233
  SIMD kernels: AVX2
  parallelization: coarse-grained (auto), PTHREADS (7 threads), thread pinning: ON

Reading reference tree from file: T5.raxml.bestTree
Reference tree size: 46

Reading bootstrap trees from file: T3.raxml.bootstraps.TMP
Loaded 997 trees with 46 taxa.

Best ML tree with Felsenstein bootstrap (FBP) support values saved to: /home/shorigan/raxml-ng-ML-full/T7.raxml.support

Execution log saved to: /home/shorigan/raxml-ng-ML-full/T7.raxml.log

Analysis started: 31-Aug-2022 10:37:13 / finished: 31-Aug-2022 10:37:13

Elapsed time: 0.441 seconds

