
RAxML-NG v. 1.1.0-master released on 22.06.2022 by The Exelixis Lab.
Developed by: Alexey M. Kozlov and Alexandros Stamatakis.
Contributors: Diego Darriba, Tomas Flouri, Benoit Morel, Sarah Lutteropp, Ben Bettisworth.
Latest version: https://github.com/amkozlov/raxml-ng
Questions/problems/suggestions? Please visit: https://groups.google.com/forum/#!forum/raxml

System: Intel(R) Xeon(R) CPU E5-2680 v4 @ 2.40GHz, 28 cores, 62 GB RAM

RAxML-NG was called at 25-Aug-2022 09:37:03 as follows:

raxml-ng-mpi --bootstrap --msa alignment.phy --model TPM2uf+I+G4 --prefix T11 --seed 77 --threads 1 --bs-trees 100 --bs-metric fbp,tbe

Analysis options:
  run mode: Bootstrapping
  start tree(s): 
  bootstrap replicates: 100
  random seed: 77
  tip-inner: OFF
  pattern compression: ON
  per-rate scalers: OFF
  site repeats: ON
  branch lengths: proportional (ML estimate, algorithm: NR-FAST)
  SIMD kernels: AVX2
  parallelization: coarse-grained (auto), NONE/sequential

[00:00:00] Reading alignment from file: alignment.phy
[00:00:00] Loaded alignment with 67 taxa and 433 sites

WARNING: Sequences KY575646 and KY575674 are exactly identical!
WARNING: Sequences KY575647 and KY575651 are exactly identical!
WARNING: Duplicate sequences found: 2

NOTE: Reduced alignment (with duplicates and gap-only sites/taxa removed) 
NOTE: was saved to: /home/shorigan/raxml-ng/T11.raxml.reduced.phy

Alignment comprises 1 partitions and 326 patterns

Partition 0: noname
Model: TPM2uf+FO+I+G4m
Alignment sites / patterns: 433 / 326
Gaps: 7.79 %
Invariant sites: 27.94 %


NOTE: Binary MSA file created: T11.raxml.rba

Parallelization scheme autoconfig: 1 worker(s) x 1 thread(s)

Parallel reduction/worker buffer size: 1 KB  / 0 KB

[00:00:00] Data distribution: max. partitions/sites/weight per thread: 1 / 326 / 5216
[00:00:00] Data distribution: max. searches per worker: 100
[00:00:00] Starting bootstrapping analysis with 100 replicates.

[00:00:11] Bootstrap tree #1, logLikelihood: -13301.628822
[00:00:18] Bootstrap tree #2, logLikelihood: -13024.192125
[00:00:27] Bootstrap tree #3, logLikelihood: -13092.574004
[00:00:35] Bootstrap tree #4, logLikelihood: -13797.104921
[00:00:45] Bootstrap tree #5, logLikelihood: -14454.801483
[00:00:58] Bootstrap tree #6, logLikelihood: -14771.949074
[00:01:05] Bootstrap tree #7, logLikelihood: -13768.723384
[00:01:14] Bootstrap tree #8, logLikelihood: -13465.285583
[00:01:24] Bootstrap tree #9, logLikelihood: -12875.839594
[00:01:34] Bootstrap tree #10, logLikelihood: -13120.094797
[00:01:40] Bootstrap tree #11, logLikelihood: -14022.843743
[00:01:48] Bootstrap tree #12, logLikelihood: -12928.551569
[00:01:55] Bootstrap tree #13, logLikelihood: -13347.876533
[00:02:05] Bootstrap tree #14, logLikelihood: -12923.751826
[00:02:13] Bootstrap tree #15, logLikelihood: -13796.541005
[00:02:20] Bootstrap tree #16, logLikelihood: -13631.974864
[00:02:28] Bootstrap tree #17, logLikelihood: -12096.542612
[00:02:35] Bootstrap tree #18, logLikelihood: -13953.077457
[00:02:43] Bootstrap tree #19, logLikelihood: -13166.599132
[00:02:51] Bootstrap tree #20, logLikelihood: -13341.090313
[00:02:58] Bootstrap tree #21, logLikelihood: -12988.332173
[00:03:06] Bootstrap tree #22, logLikelihood: -12971.583559
[00:03:14] Bootstrap tree #23, logLikelihood: -14468.214006
[00:03:22] Bootstrap tree #24, logLikelihood: -12703.108212
[00:03:31] Bootstrap tree #25, logLikelihood: -15025.757460
[00:03:41] Bootstrap tree #26, logLikelihood: -13204.334059
[00:03:49] Bootstrap tree #27, logLikelihood: -13920.033393
[00:03:58] Bootstrap tree #28, logLikelihood: -14021.961648
[00:04:13] Bootstrap tree #29, logLikelihood: -12822.073717
[00:04:23] Bootstrap tree #30, logLikelihood: -13541.190162
[00:04:29] Bootstrap tree #31, logLikelihood: -12630.731641
[00:04:39] Bootstrap tree #32, logLikelihood: -14170.724305
[00:04:46] Bootstrap tree #33, logLikelihood: -13175.490941
[00:04:55] Bootstrap tree #34, logLikelihood: -13216.385650
[00:05:02] Bootstrap tree #35, logLikelihood: -13694.572417
[00:05:10] Bootstrap tree #36, logLikelihood: -12961.643425
[00:05:21] Bootstrap tree #37, logLikelihood: -13512.619240
[00:05:31] Bootstrap tree #38, logLikelihood: -13823.837926
[00:05:45] Bootstrap tree #39, logLikelihood: -13033.124639
[00:05:53] Bootstrap tree #40, logLikelihood: -14102.554900
[00:06:03] Bootstrap tree #41, logLikelihood: -13145.552349
[00:06:14] Bootstrap tree #42, logLikelihood: -13055.852015
[00:06:21] Bootstrap tree #43, logLikelihood: -14117.228776
[00:06:28] Bootstrap tree #44, logLikelihood: -12620.620289
[00:06:38] Bootstrap tree #45, logLikelihood: -13781.849235
[00:06:46] Bootstrap tree #46, logLikelihood: -12994.293716
[00:06:54] Bootstrap tree #47, logLikelihood: -13601.471438
[00:07:11] Bootstrap tree #48, logLikelihood: -13476.014562
[00:07:24] Bootstrap tree #49, logLikelihood: -14710.664213
[00:07:31] Bootstrap tree #50, logLikelihood: -13704.185765
[00:07:41] Bootstrap tree #51, logLikelihood: -13954.053071
[00:07:50] Bootstrap tree #52, logLikelihood: -13800.733381
[00:07:58] Bootstrap tree #53, logLikelihood: -13820.178467
[00:08:06] Bootstrap tree #54, logLikelihood: -14851.664890
[00:08:16] Bootstrap tree #55, logLikelihood: -12503.911332
[00:08:26] Bootstrap tree #56, logLikelihood: -13996.739080
[00:08:35] Bootstrap tree #57, logLikelihood: -12646.191559
[00:08:44] Bootstrap tree #58, logLikelihood: -11918.613161
[00:08:51] Bootstrap tree #59, logLikelihood: -13655.794277
[00:09:00] Bootstrap tree #60, logLikelihood: -13494.166957
[00:09:12] Bootstrap tree #61, logLikelihood: -14150.055409
[00:09:22] Bootstrap tree #62, logLikelihood: -13875.643238
[00:09:30] Bootstrap tree #63, logLikelihood: -13598.815532
[00:09:37] Bootstrap tree #64, logLikelihood: -13325.827783
[00:09:45] Bootstrap tree #65, logLikelihood: -13103.395495
[00:09:54] Bootstrap tree #66, logLikelihood: -13038.697265
[00:10:01] Bootstrap tree #67, logLikelihood: -13005.504261
[00:10:14] Bootstrap tree #68, logLikelihood: -13910.309180
[00:10:26] Bootstrap tree #69, logLikelihood: -13076.261661
[00:10:35] Bootstrap tree #70, logLikelihood: -12976.071213
[00:10:42] Bootstrap tree #71, logLikelihood: -12879.589770
[00:10:51] Bootstrap tree #72, logLikelihood: -13173.742482
[00:10:58] Bootstrap tree #73, logLikelihood: -14018.074143
[00:11:07] Bootstrap tree #74, logLikelihood: -12527.600828
[00:11:15] Bootstrap tree #75, logLikelihood: -13645.128328
[00:11:24] Bootstrap tree #76, logLikelihood: -12945.289385
[00:11:31] Bootstrap tree #77, logLikelihood: -12488.138460
[00:11:39] Bootstrap tree #78, logLikelihood: -13323.407772
[00:11:59] Bootstrap tree #79, logLikelihood: -13877.098726
[00:12:07] Bootstrap tree #80, logLikelihood: -13604.525495
[00:12:20] Bootstrap tree #81, logLikelihood: -12769.657980
[00:12:31] Bootstrap tree #82, logLikelihood: -12946.842628
[00:12:40] Bootstrap tree #83, logLikelihood: -12938.178927
[00:12:49] Bootstrap tree #84, logLikelihood: -13810.533784
[00:13:00] Bootstrap tree #85, logLikelihood: -12836.204745
[00:13:20] Bootstrap tree #86, logLikelihood: -13481.281646
[00:13:36] Bootstrap tree #87, logLikelihood: -14437.887468
[00:13:45] Bootstrap tree #88, logLikelihood: -12957.182195
[00:13:54] Bootstrap tree #89, logLikelihood: -13056.107534
[00:14:06] Bootstrap tree #90, logLikelihood: -13480.738925
[00:14:14] Bootstrap tree #91, logLikelihood: -12979.807582
[00:14:21] Bootstrap tree #92, logLikelihood: -13547.348682
[00:14:28] Bootstrap tree #93, logLikelihood: -12881.076196
[00:14:37] Bootstrap tree #94, logLikelihood: -13905.054487
[00:14:47] Bootstrap tree #95, logLikelihood: -13227.952649
[00:14:57] Bootstrap tree #96, logLikelihood: -13577.746640
[00:15:06] Bootstrap tree #97, logLikelihood: -13721.815303
[00:15:14] Bootstrap tree #98, logLikelihood: -12854.212710
[00:15:24] Bootstrap tree #99, logLikelihood: -13797.032703
[00:15:34] Bootstrap tree #100, logLikelihood: -13677.252600

Bootstrap trees saved to: /home/shorigan/raxml-ng/T11.raxml.bootstraps

Execution log saved to: /home/shorigan/raxml-ng/T11.raxml.log

Analysis started: 25-Aug-2022 09:37:03 / finished: 25-Aug-2022 09:52:38

Elapsed time: 934.988 seconds

Consumed energy: 38.485 Wh

