
RAxML-NG v. 1.1.0-master released on 22.06.2022 by The Exelixis Lab.
Developed by: Alexey M. Kozlov and Alexandros Stamatakis.
Contributors: Diego Darriba, Tomas Flouri, Benoit Morel, Sarah Lutteropp, Ben Bettisworth.
Latest version: https://github.com/amkozlov/raxml-ng
Questions/problems/suggestions? Please visit: https://groups.google.com/forum/#!forum/raxml

System: Intel(R) Xeon(R) CPU E5-2680 v4 @ 2.40GHz, 28 cores, 251 GB RAM

RAxML-NG was called at 25-Aug-2022 10:01:27 as follows:

raxml-ng-mpi --bsconverge --bs-trees allbootstraps --prefix T6 --seed 2 --threads 1 --bs-cutoff 0.03

Analysis options:
  run mode: A posteriori bootstrap convergence test
  start tree(s): 
  random seed: 2
  SIMD kernels: AVX2
  parallelization: coarse-grained (auto), NONE/sequential

Reading bootstrap trees from file: allbootstraps
Loaded 1800 trees with 67 taxa.

Performing bootstrap convergence assessment using autoMRE criterion

 # trees        avg WRF       avg WRF in %       # perms: wrf <= 3.00 %     converged?  
      50        274.140              8.808                            0        NO
     100        433.112              6.891                            0        NO
     150        494.692              5.208                            4        NO
     200        533.305              4.221                           75        NO
     250        519.871              3.301                          391        NO
     300        653.110              3.441                          322        NO
     350        795.135              3.582                          269        NO
     400        942.879              3.714                          248        NO
     450       1124.105              3.925                          149        NO
     500       1210.351              3.791                          243        NO
     550       1179.297              3.358                          361        NO
     600       1156.518              3.022                          536        NO
     650       1155.341              2.784                          635        NO
     700       1181.445              2.645                          704        NO
     750       1167.573              2.442                          794        NO
     800       1235.846              2.423                          790        NO
     850       1273.925              2.352                          807        NO
     900       1313.523              2.289                          822        NO
     950       1303.516              2.154                          894        NO
    1000       1446.581              2.271                          816        NO
    1050       1393.339              2.083                          879        NO
    1100       1401.018              1.995                          916        NO
    1150       1476.482              2.011                          905        NO
    1200       1406.603              1.837                          939        NO
    1250       1583.310              1.986                          900        NO
    1300       1543.353              1.861                          934        NO
    1350       1615.433              1.875                          935        NO
    1400       1648.189              1.845                          946        NO
    1450       1525.299              1.649                          980        NO
    1500       1589.676              1.660                          973        NO
    1550       1628.918              1.646                          980        NO
    1600       1586.433              1.552                          987        NO
    1650       1547.220              1.468                          994        YES
Bootstopping test converged after 1650 trees


Execution log saved to: /home/shorigan/raxml-ng/T6.raxml.log

Analysis started: 25-Aug-2022 10:01:27 / finished: 25-Aug-2022 10:07:01

Elapsed time: 334.801 seconds

Consumed energy: 10.181 Wh

