
RAxML-NG v. 1.1.0-master released on 22.06.2022 by The Exelixis Lab.
Developed by: Alexey M. Kozlov and Alexandros Stamatakis.
Contributors: Diego Darriba, Tomas Flouri, Benoit Morel, Sarah Lutteropp, Ben Bettisworth.
Latest version: https://github.com/amkozlov/raxml-ng
Questions/problems/suggestions? Please visit: https://groups.google.com/forum/#!forum/raxml

System: Intel(R) Xeon(R) CPU E5-2680 v4 @ 2.40GHz, 28 cores, 62 GB RAM

RAxML-NG was called at 25-Aug-2022 09:35:21 as follows:

raxml-ng-mpi --bootstrap --msa alignment.phy --model TPM2uf+I+G4 --prefix T7 --seed 666 --threads 1 --bs-trees 100 --bs-metric fbp,tbe

Analysis options:
  run mode: Bootstrapping
  start tree(s): 
  bootstrap replicates: 100
  random seed: 666
  tip-inner: OFF
  pattern compression: ON
  per-rate scalers: OFF
  site repeats: ON
  branch lengths: proportional (ML estimate, algorithm: NR-FAST)
  SIMD kernels: AVX2
  parallelization: coarse-grained (auto), NONE/sequential

[00:00:00] Reading alignment from file: alignment.phy
[00:00:00] Loaded alignment with 67 taxa and 433 sites

WARNING: Sequences KY575646 and KY575674 are exactly identical!
WARNING: Sequences KY575647 and KY575651 are exactly identical!
WARNING: Duplicate sequences found: 2

NOTE: Reduced alignment (with duplicates and gap-only sites/taxa removed) 
NOTE: was saved to: /home/shorigan/raxml-ng/T7.raxml.reduced.phy

Alignment comprises 1 partitions and 326 patterns

Partition 0: noname
Model: TPM2uf+FO+I+G4m
Alignment sites / patterns: 433 / 326
Gaps: 7.79 %
Invariant sites: 27.94 %


NOTE: Binary MSA file created: T7.raxml.rba

Parallelization scheme autoconfig: 1 worker(s) x 1 thread(s)

Parallel reduction/worker buffer size: 1 KB  / 0 KB

[00:00:00] Data distribution: max. partitions/sites/weight per thread: 1 / 326 / 5216
[00:00:00] Data distribution: max. searches per worker: 100
[00:00:00] Starting bootstrapping analysis with 100 replicates.

[00:00:14] Bootstrap tree #1, logLikelihood: -13095.458640
[00:00:25] Bootstrap tree #2, logLikelihood: -14170.227229
[00:00:37] Bootstrap tree #3, logLikelihood: -13505.371247
[00:00:49] Bootstrap tree #4, logLikelihood: -12575.275873
[00:00:59] Bootstrap tree #5, logLikelihood: -13999.410524
[00:01:07] Bootstrap tree #6, logLikelihood: -13441.694206
[00:01:16] Bootstrap tree #7, logLikelihood: -13726.812822
[00:01:25] Bootstrap tree #8, logLikelihood: -14303.406229
[00:01:31] Bootstrap tree #9, logLikelihood: -12980.913286
[00:01:39] Bootstrap tree #10, logLikelihood: -13704.515179
[00:01:48] Bootstrap tree #11, logLikelihood: -13191.806769
[00:01:56] Bootstrap tree #12, logLikelihood: -13781.553831
[00:02:03] Bootstrap tree #13, logLikelihood: -13164.442891
[00:02:12] Bootstrap tree #14, logLikelihood: -14428.147634
[00:02:25] Bootstrap tree #15, logLikelihood: -13305.908495
[00:02:35] Bootstrap tree #16, logLikelihood: -12822.654632
[00:02:44] Bootstrap tree #17, logLikelihood: -13132.131207
[00:02:51] Bootstrap tree #18, logLikelihood: -13659.031318
[00:03:01] Bootstrap tree #19, logLikelihood: -13562.892836
[00:03:09] Bootstrap tree #20, logLikelihood: -14132.037119
[00:03:15] Bootstrap tree #21, logLikelihood: -13279.417653
[00:03:28] Bootstrap tree #22, logLikelihood: -13987.878439
[00:03:40] Bootstrap tree #23, logLikelihood: -13443.310313
[00:03:49] Bootstrap tree #24, logLikelihood: -13868.526629
[00:03:58] Bootstrap tree #25, logLikelihood: -13311.159397
[00:04:06] Bootstrap tree #26, logLikelihood: -12720.040886
[00:04:22] Bootstrap tree #27, logLikelihood: -12468.394663
[00:04:30] Bootstrap tree #28, logLikelihood: -13405.246330
[00:04:41] Bootstrap tree #29, logLikelihood: -12795.750273
[00:04:49] Bootstrap tree #30, logLikelihood: -12280.181518
[00:04:57] Bootstrap tree #31, logLikelihood: -12940.334586
[00:05:04] Bootstrap tree #32, logLikelihood: -12874.463993
[00:05:14] Bootstrap tree #33, logLikelihood: -13786.474022
[00:05:23] Bootstrap tree #34, logLikelihood: -14302.493837
[00:05:34] Bootstrap tree #35, logLikelihood: -14060.436598
[00:05:43] Bootstrap tree #36, logLikelihood: -13782.130606
[00:05:52] Bootstrap tree #37, logLikelihood: -13051.716023
[00:05:59] Bootstrap tree #38, logLikelihood: -12845.245233
[00:06:18] Bootstrap tree #39, logLikelihood: -13310.812575
[00:06:29] Bootstrap tree #40, logLikelihood: -13503.603933
[00:06:37] Bootstrap tree #41, logLikelihood: -13199.998751
[00:06:47] Bootstrap tree #42, logLikelihood: -12893.791718
[00:06:58] Bootstrap tree #43, logLikelihood: -13242.838303
[00:07:07] Bootstrap tree #44, logLikelihood: -14198.468739
[00:07:18] Bootstrap tree #45, logLikelihood: -12814.502702
[00:07:24] Bootstrap tree #46, logLikelihood: -12955.071458
[00:07:33] Bootstrap tree #47, logLikelihood: -13392.686987
[00:07:41] Bootstrap tree #48, logLikelihood: -13335.106956
[00:07:48] Bootstrap tree #49, logLikelihood: -12687.530106
[00:08:00] Bootstrap tree #50, logLikelihood: -13016.891423
[00:08:08] Bootstrap tree #51, logLikelihood: -13007.095057
[00:08:19] Bootstrap tree #52, logLikelihood: -14030.331535
[00:08:30] Bootstrap tree #53, logLikelihood: -13012.216919
[00:08:38] Bootstrap tree #54, logLikelihood: -13699.642655
[00:08:45] Bootstrap tree #55, logLikelihood: -13535.671127
[00:08:55] Bootstrap tree #56, logLikelihood: -12998.644806
[00:09:05] Bootstrap tree #57, logLikelihood: -13571.985934
[00:09:14] Bootstrap tree #58, logLikelihood: -13316.909703
[00:09:22] Bootstrap tree #59, logLikelihood: -12537.095357
[00:09:30] Bootstrap tree #60, logLikelihood: -14153.693787
[00:09:37] Bootstrap tree #61, logLikelihood: -13671.084438
[00:09:47] Bootstrap tree #62, logLikelihood: -12477.811244
[00:09:55] Bootstrap tree #63, logLikelihood: -12986.446391
[00:10:03] Bootstrap tree #64, logLikelihood: -13096.929800
[00:10:12] Bootstrap tree #65, logLikelihood: -12801.204155
[00:10:30] Bootstrap tree #66, logLikelihood: -12606.245539
[00:10:41] Bootstrap tree #67, logLikelihood: -13640.864144
[00:10:49] Bootstrap tree #68, logLikelihood: -12948.781066
[00:10:56] Bootstrap tree #69, logLikelihood: -14085.670511
[00:11:04] Bootstrap tree #70, logLikelihood: -12447.613160
[00:11:15] Bootstrap tree #71, logLikelihood: -13150.444790
[00:11:34] Bootstrap tree #72, logLikelihood: -13946.009130
[00:11:41] Bootstrap tree #73, logLikelihood: -13485.451489
[00:11:52] Bootstrap tree #74, logLikelihood: -13840.535677
[00:12:00] Bootstrap tree #75, logLikelihood: -13115.815489
[00:12:14] Bootstrap tree #76, logLikelihood: -13211.129777
[00:12:29] Bootstrap tree #77, logLikelihood: -14067.057451
[00:12:38] Bootstrap tree #78, logLikelihood: -12929.337661
[00:12:57] Bootstrap tree #79, logLikelihood: -14591.105393
[00:13:05] Bootstrap tree #80, logLikelihood: -13456.968756
[00:13:12] Bootstrap tree #81, logLikelihood: -12311.078206
[00:13:22] Bootstrap tree #82, logLikelihood: -13354.199534
[00:13:31] Bootstrap tree #83, logLikelihood: -12970.552334
[00:13:43] Bootstrap tree #84, logLikelihood: -14047.721791
[00:13:51] Bootstrap tree #85, logLikelihood: -13937.476580
[00:13:59] Bootstrap tree #86, logLikelihood: -14167.138357
[00:14:08] Bootstrap tree #87, logLikelihood: -13446.712908
[00:14:17] Bootstrap tree #88, logLikelihood: -12856.764338
[00:14:25] Bootstrap tree #89, logLikelihood: -13655.540000
[00:14:38] Bootstrap tree #90, logLikelihood: -13114.044955
[00:14:47] Bootstrap tree #91, logLikelihood: -13361.626387
[00:15:01] Bootstrap tree #92, logLikelihood: -12899.562212
[00:15:10] Bootstrap tree #93, logLikelihood: -14091.624030
[00:15:17] Bootstrap tree #94, logLikelihood: -13001.371138
[00:15:35] Bootstrap tree #95, logLikelihood: -13638.534855
[00:15:47] Bootstrap tree #96, logLikelihood: -13792.819756
[00:16:01] Bootstrap tree #97, logLikelihood: -13598.753845
[00:16:08] Bootstrap tree #98, logLikelihood: -13491.940021
[00:16:17] Bootstrap tree #99, logLikelihood: -14006.623000
[00:16:26] Bootstrap tree #100, logLikelihood: -13388.023894

Bootstrap trees saved to: /home/shorigan/raxml-ng/T7.raxml.bootstraps

Execution log saved to: /home/shorigan/raxml-ng/T7.raxml.log

Analysis started: 25-Aug-2022 09:35:21 / finished: 25-Aug-2022 09:51:47

Elapsed time: 986.028 seconds

Consumed energy: 40.038 Wh

